[ 50%] Built target chrono
[ 75%] [32mBuilding CXX object CMakeFiles/seg_sub_node.dir/src/seg_sub.cpp.o[0m
[01m[K/home/david/yolocpp_ws/src/seg_sub/src/seg_sub.cpp:[m[K In constructor â€˜[01m[KFrequencySubscriber::FrequencySubscriber()[m[Kâ€™:
[01m[K/home/david/yolocpp_ws/src/seg_sub/src/seg_sub.cpp:77:64:[m[K [01;31m[Kerror: [m[Kâ€˜[01m[Kcsv_writer_loop[m[Kâ€™ is not a member of â€˜[01m[KFrequencySubscriber[m[Kâ€™
   77 |         csv_writer_thread_ = std::thread(&FrequencySubscriber::[01;31m[Kcsv_writer_loop[m[K, this);
      |                                                                [01;31m[K^~~~~~~~~~~~~~~[m[K
[01m[K/home/david/yolocpp_ws/src/seg_sub/src/seg_sub.cpp:[m[K In member function â€˜[01m[Kvoid FrequencySubscriber::csvWriterLoop()[m[Kâ€™:
[01m[K/home/david/yolocpp_ws/src/seg_sub/src/seg_sub.cpp:286:17:[m[K [01;31m[Kerror: [m[Kâ€˜[01m[Klatency_log_file[m[Kâ€™ was not declared in this scope; did you mean â€˜[01m[Klatency_log_file_[m[Kâ€™?
  286 |                 [01;31m[Klatency_log_file[m[K << line_to_write << "\n";
      |                 [01;31m[K^~~~~~~~~~~~~~~~[m[K
      |                 [32m[Klatency_log_file_[m[K
[01m[K/home/david/yolocpp_ws/src/seg_sub/src/seg_sub.cpp:290:13:[m[K [01;31m[Kerror: [m[Kâ€˜[01m[Klatency_log_file[m[Kâ€™ was not declared in this scope; did you mean â€˜[01m[Klatency_log_file_[m[Kâ€™?
  290 |         if ([01;31m[Klatency_log_file[m[K.is_open())
      |             [01;31m[K^~~~~~~~~~~~~~~~[m[K
      |             [32m[Klatency_log_file_[m[K
gmake[2]: *** [CMakeFiles/seg_sub_node.dir/build.make:76: CMakeFiles/seg_sub_node.dir/src/seg_sub.cpp.o] Error 1
gmake[1]: *** [CMakeFiles/Makefile2:165: CMakeFiles/seg_sub_node.dir/all] Error 2
gmake: *** [Makefile:146: all] Error 2
