[0.007s] Invoking command in '/home/david/yolocpp_ws/build/seg_sub': CMAKE_PREFIX_PATH=/home/david/yolocpp_ws/install/yolo_custom_interfaces:/home/david/yolocpp_ws/install/zoe_bringup:/home/david/yolocpp_ws/install/yolocpp:/home/david/yolocpp_ws/install/tensorrt_yolo:/home/david/yolocpp_ws/install/seg_sub:/home/david/yolocpp_ws/install/pylon_instant_camera:/home/david/yolocpp_ws/install/image_directory_publisher:/home/david/yolocpp_ws/install/bboxes_ex_msgs:/opt/ros/humble LD_LIBRARY_PATH=/home/david/yolocpp_ws/install/yolo_custom_interfaces/lib:/home/david/yolocpp_ws/install/pylon_instant_camera/lib:/home/david/yolocpp_ws/install/image_directory_publisher/lib:/home/david/yolocpp_ws/install/bboxes_ex_msgs/lib:/opt/pylon/lib:/opt/ros/humble/opt/rviz_ogre_vendor/lib:/opt/ros/humble/lib/x86_64-linux-gnu:/opt/ros/humble/lib:/usr/local/cuda/lib64:/usr/local/cuda-11.2/lib64:/usr/local/cuda-11.2/lib64:/home/david/onnxruntime-linux-x64-gpu-1.22.0/lib PROMPT_COMMAND=echo -n \[$(date +%H:%M:%S)\]\ /home/david/.local/bin/cmake --build /home/david/yolocpp_ws/build/seg_sub -- -j32 -l32
[0.039s] [ 50%] Built target chrono
[0.053s] [ 75%] [32mBuilding CXX object CMakeFiles/seg_sub_node.dir/src/seg_sub.cpp.o[0m
[1.312s] [01m[K/home/david/yolocpp_ws/src/seg_sub/src/seg_sub.cpp:[m[K In constructor â€˜[01m[KFrequencySubscriber::FrequencySubscriber()[m[Kâ€™:
[1.312s] [01m[K/home/david/yolocpp_ws/src/seg_sub/src/seg_sub.cpp:77:64:[m[K [01;31m[Kerror: [m[Kâ€˜[01m[Kcsv_writer_loop[m[Kâ€™ is not a member of â€˜[01m[KFrequencySubscriber[m[Kâ€™
[1.312s]    77 |         csv_writer_thread_ = std::thread(&FrequencySubscriber::[01;31m[Kcsv_writer_loop[m[K, this);
[1.312s]       |                                                                [01;31m[K^~~~~~~~~~~~~~~[m[K
[1.330s] [01m[K/home/david/yolocpp_ws/src/seg_sub/src/seg_sub.cpp:[m[K In member function â€˜[01m[Kvoid FrequencySubscriber::csvWriterLoop()[m[Kâ€™:
[1.330s] [01m[K/home/david/yolocpp_ws/src/seg_sub/src/seg_sub.cpp:286:17:[m[K [01;31m[Kerror: [m[Kâ€˜[01m[Klatency_log_file[m[Kâ€™ was not declared in this scope; did you mean â€˜[01m[Klatency_log_file_[m[Kâ€™?
[1.330s]   286 |                 [01;31m[Klatency_log_file[m[K << line_to_write << "\n";
[1.330s]       |                 [01;31m[K^~~~~~~~~~~~~~~~[m[K
[1.330s]       |                 [32m[Klatency_log_file_[m[K
[1.334s] [01m[K/home/david/yolocpp_ws/src/seg_sub/src/seg_sub.cpp:290:13:[m[K [01;31m[Kerror: [m[Kâ€˜[01m[Klatency_log_file[m[Kâ€™ was not declared in this scope; did you mean â€˜[01m[Klatency_log_file_[m[Kâ€™?
[1.334s]   290 |         if ([01;31m[Klatency_log_file[m[K.is_open())
[1.334s]       |             [01;31m[K^~~~~~~~~~~~~~~~[m[K
[1.334s]       |             [32m[Klatency_log_file_[m[K
[2.531s] gmake[2]: *** [CMakeFiles/seg_sub_node.dir/build.make:76: CMakeFiles/seg_sub_node.dir/src/seg_sub.cpp.o] Error 1
[2.532s] gmake[1]: *** [CMakeFiles/Makefile2:165: CMakeFiles/seg_sub_node.dir/all] Error 2
[2.532s] gmake: *** [Makefile:146: all] Error 2
[2.535s] Invoked command in '/home/david/yolocpp_ws/build/seg_sub' returned '2': CMAKE_PREFIX_PATH=/home/david/yolocpp_ws/install/yolo_custom_interfaces:/home/david/yolocpp_ws/install/zoe_bringup:/home/david/yolocpp_ws/install/yolocpp:/home/david/yolocpp_ws/install/tensorrt_yolo:/home/david/yolocpp_ws/install/seg_sub:/home/david/yolocpp_ws/install/pylon_instant_camera:/home/david/yolocpp_ws/install/image_directory_publisher:/home/david/yolocpp_ws/install/bboxes_ex_msgs:/opt/ros/humble LD_LIBRARY_PATH=/home/david/yolocpp_ws/install/yolo_custom_interfaces/lib:/home/david/yolocpp_ws/install/pylon_instant_camera/lib:/home/david/yolocpp_ws/install/image_directory_publisher/lib:/home/david/yolocpp_ws/install/bboxes_ex_msgs/lib:/opt/pylon/lib:/opt/ros/humble/opt/rviz_ogre_vendor/lib:/opt/ros/humble/lib/x86_64-linux-gnu:/opt/ros/humble/lib:/usr/local/cuda/lib64:/usr/local/cuda-11.2/lib64:/usr/local/cuda-11.2/lib64:/home/david/onnxruntime-linux-x64-gpu-1.22.0/lib PROMPT_COMMAND=echo -n \[$(date +%H:%M:%S)\]\ /home/david/.local/bin/cmake --build /home/david/yolocpp_ws/build/seg_sub -- -j32 -l32
