[0.015s] Invoking command in '/home/david/yolocpp_ws/build/seg_sub': CMAKE_PREFIX_PATH=/home/david/yolocpp_ws/install/yolo_custom_interfaces:/home/david/yolocpp_ws/install/zoe_bringup:/home/david/yolocpp_ws/install/yolocpp:/home/david/yolocpp_ws/install/tensorrt_yolo:/home/david/yolocpp_ws/install/seg_sub:/home/david/yolocpp_ws/install/pylon_instant_camera:/home/david/yolocpp_ws/install/image_directory_publisher:/home/david/yolocpp_ws/install/bboxes_ex_msgs:/opt/ros/humble LD_LIBRARY_PATH=/home/david/yolocpp_ws/install/yolo_custom_interfaces/lib:/home/david/yolocpp_ws/install/pylon_instant_camera/lib:/home/david/yolocpp_ws/install/image_directory_publisher/lib:/home/david/yolocpp_ws/install/bboxes_ex_msgs/lib:/opt/pylon/lib:/opt/ros/humble/opt/rviz_ogre_vendor/lib:/opt/ros/humble/lib/x86_64-linux-gnu:/opt/ros/humble/lib:/usr/local/cuda/lib64:/usr/local/cuda-11.2/lib64:/usr/local/cuda-11.2/lib64:/home/david/onnxruntime-linux-x64-gpu-1.22.0/lib PROMPT_COMMAND=echo -n \[$(date +%H:%M:%S)\]\ /home/david/.local/bin/cmake --build /home/david/yolocpp_ws/build/seg_sub -- -j32 -l32
[0.052s] [ 50%] Built target chrono
[0.064s] [ 75%] [32mBuilding CXX object CMakeFiles/seg_sub_node.dir/src/seg_sub.cpp.o[0m
[1.362s] [01m[K/home/david/yolocpp_ws/src/seg_sub/src/seg_sub.cpp:[m[K In constructor â€˜[01m[KFrequencySubscriber::FrequencySubscriber()[m[Kâ€™:
[1.362s] [01m[K/home/david/yolocpp_ws/src/seg_sub/src/seg_sub.cpp:76:9:[m[K [01;31m[Kerror: [m[Kâ€˜[01m[Klatency_log_file_[m[Kâ€™ was not declared in this scope
[1.362s]    76 |         [01;31m[Klatency_log_file_[m[K.open("latency_log.csv", std::ios_base::out | std::ios_base::trunc);
[1.362s]       |         [01;31m[K^~~~~~~~~~~~~~~~~[m[K
[1.364s] [01m[K/home/david/yolocpp_ws/src/seg_sub/src/seg_sub.cpp:[m[K In lambda function:
[1.364s] [01m[K/home/david/yolocpp_ws/src/seg_sub/src/seg_sub.cpp:150:17:[m[K [01;31m[Kerror: [m[Kâ€˜[01m[Klatency_log_file_[m[Kâ€™ is not captured
[1.364s]   150 |             if ([01;31m[Klatency_log_file_[m[K.is_open())
[1.364s]       |                 [01;31m[K^~~~~~~~~~~~~~~~~[m[K
[1.364s] [01m[K/home/david/yolocpp_ws/src/seg_sub/src/seg_sub.cpp:91:18:[m[K [01;36m[Knote: [m[Kthe lambda has no capture-default
[1.364s]    91 |             [this[01;36m[K][m[K(const yolo_custom_interfaces::msg::InstanceSegmentationInfo::SharedPtr msg, const std::string &camera_id)
[1.364s]       |                  [01;36m[K^[m[K
[1.364s] [01m[K/home/david/yolocpp_ws/src/seg_sub/src/seg_sub.cpp:76:9:[m[K [01;36m[Knote: [m[Kâ€˜[01m[K<typeprefixerror>latency_log_file_[m[Kâ€™ declared here
[1.364s]    76 |         [01;36m[Klatency_log_file_[m[K.open("latency_log.csv", std::ios_base::out | std::ios_base::trunc);
[1.364s]       |         [01;36m[K^~~~~~~~~~~~~~~~~[m[K
[1.369s] [01m[K/home/david/yolocpp_ws/src/seg_sub/src/seg_sub.cpp:152:54:[m[K [01;31m[Kerror: [m[Kâ€˜[01m[Kcsv_mutex_[m[Kâ€™ was not declared in this scope
[1.369s]   152 | d<std::mutex> csv_lock([01;31m[Kcsv_mutex_[m[K); // Proteger escritura al archivo
[1.369s]       |                        [01;31m[K^~~~~~~~~~[m[K
[1.369s] 
[1.369s] [01m[K/home/david/yolocpp_ws/src/seg_sub/src/seg_sub.cpp:153:17:[m[K [01;31m[Kerror: [m[Kâ€˜[01m[Klatency_log_file_[m[Kâ€™ is not captured
[1.369s]   153 |                 [01;31m[Klatency_log_file_[m[K << std::fixed << std::setprecision(3)
[1.369s]       |                 [01;31m[K^~~~~~~~~~~~~~~~~[m[K
[1.370s] [01m[K/home/david/yolocpp_ws/src/seg_sub/src/seg_sub.cpp:91:18:[m[K [01;36m[Knote: [m[Kthe lambda has no capture-default
[1.370s]    91 |             [this[01;36m[K][m[K(const yolo_custom_interfaces::msg::InstanceSegmentationInfo::SharedPtr msg, const std::string &camera_id)
[1.370s]       |                  [01;36m[K^[m[K
[1.370s] [01m[K/home/david/yolocpp_ws/src/seg_sub/src/seg_sub.cpp:76:9:[m[K [01;36m[Knote: [m[Kâ€˜[01m[K<typeprefixerror>latency_log_file_[m[Kâ€™ declared here
[1.370s]    76 |         [01;36m[Klatency_log_file_[m[K.open("latency_log.csv", std::ios_base::out | std::ios_base::trunc);
[1.370s]       |         [01;36m[K^~~~~~~~~~~~~~~~~[m[K
[1.385s] [01m[K/home/david/yolocpp_ws/src/seg_sub/src/seg_sub.cpp:[m[K In member function â€˜[01m[Kvoid FrequencySubscriber::csvWriterLoop()[m[Kâ€™:
[1.385s] [01m[K/home/david/yolocpp_ws/src/seg_sub/src/seg_sub.cpp:291:17:[m[K [01;31m[Kerror: [m[Kâ€˜[01m[Klatency_log_file[m[Kâ€™ was not declared in this scope; did you mean â€˜[01m[Klatency_log_file_[m[Kâ€™?
[1.385s]   291 |                 [01;31m[Klatency_log_file[m[K << line_to_write << "\n";
[1.385s]       |                 [01;31m[K^~~~~~~~~~~~~~~~[m[K
[1.385s]       |                 [32m[Klatency_log_file_[m[K
[1.390s] [01m[K/home/david/yolocpp_ws/src/seg_sub/src/seg_sub.cpp:295:13:[m[K [01;31m[Kerror: [m[Kâ€˜[01m[Klatency_log_file[m[Kâ€™ was not declared in this scope; did you mean â€˜[01m[Klatency_log_file_[m[Kâ€™?
[1.390s]   295 |         if ([01;31m[Klatency_log_file[m[K.is_open())
[1.390s]       |             [01;31m[K^~~~~~~~~~~~~~~~[m[K
[1.390s]       |             [32m[Klatency_log_file_[m[K
[2.600s] gmake[2]: *** [CMakeFiles/seg_sub_node.dir/build.make:76: CMakeFiles/seg_sub_node.dir/src/seg_sub.cpp.o] Error 1
[2.600s] gmake[1]: *** [CMakeFiles/Makefile2:165: CMakeFiles/seg_sub_node.dir/all] Error 2
[2.600s] gmake: *** [Makefile:146: all] Error 2
[2.604s] Invoked command in '/home/david/yolocpp_ws/build/seg_sub' returned '2': CMAKE_PREFIX_PATH=/home/david/yolocpp_ws/install/yolo_custom_interfaces:/home/david/yolocpp_ws/install/zoe_bringup:/home/david/yolocpp_ws/install/yolocpp:/home/david/yolocpp_ws/install/tensorrt_yolo:/home/david/yolocpp_ws/install/seg_sub:/home/david/yolocpp_ws/install/pylon_instant_camera:/home/david/yolocpp_ws/install/image_directory_publisher:/home/david/yolocpp_ws/install/bboxes_ex_msgs:/opt/ros/humble LD_LIBRARY_PATH=/home/david/yolocpp_ws/install/yolo_custom_interfaces/lib:/home/david/yolocpp_ws/install/pylon_instant_camera/lib:/home/david/yolocpp_ws/install/image_directory_publisher/lib:/home/david/yolocpp_ws/install/bboxes_ex_msgs/lib:/opt/pylon/lib:/opt/ros/humble/opt/rviz_ogre_vendor/lib:/opt/ros/humble/lib/x86_64-linux-gnu:/opt/ros/humble/lib:/usr/local/cuda/lib64:/usr/local/cuda-11.2/lib64:/usr/local/cuda-11.2/lib64:/home/david/onnxruntime-linux-x64-gpu-1.22.0/lib PROMPT_COMMAND=echo -n \[$(date +%H:%M:%S)\]\ /home/david/.local/bin/cmake --build /home/david/yolocpp_ws/build/seg_sub -- -j32 -l32
