[0.016s] Invoking command in '/home/david/yolocpp_ws/build/seg_sub': CMAKE_PREFIX_PATH=/home/david/yolocpp_ws/install/yolo_custom_interfaces:/home/david/yolocpp_ws/install/zoe_bringup:/home/david/yolocpp_ws/install/yolocpp:/home/david/yolocpp_ws/install/tensorrt_yolo:/home/david/yolocpp_ws/install/seg_sub:/home/david/yolocpp_ws/install/pylon_instant_camera:/home/david/yolocpp_ws/install/image_directory_publisher:/home/david/yolocpp_ws/install/bboxes_ex_msgs:/opt/ros/humble LD_LIBRARY_PATH=/home/david/yolocpp_ws/install/yolo_custom_interfaces/lib:/home/david/yolocpp_ws/install/pylon_instant_camera/lib:/home/david/yolocpp_ws/install/image_directory_publisher/lib:/home/david/yolocpp_ws/install/bboxes_ex_msgs/lib:/opt/pylon/lib:/opt/ros/humble/opt/rviz_ogre_vendor/lib:/opt/ros/humble/lib/x86_64-linux-gnu:/opt/ros/humble/lib:/usr/local/cuda/lib64:/usr/local/cuda-11.2/lib64:/usr/local/cuda-11.2/lib64:/home/david/onnxruntime-linux-x64-gpu-1.22.0/lib PROMPT_COMMAND=echo -n \[$(date +%H:%M:%S)\]\ /home/david/.local/bin/cmake --build /home/david/yolocpp_ws/build/seg_sub -- -j32 -l32
[0.048s] [ 50%] Built target chrono
[0.066s] [ 75%] [32mBuilding CXX object CMakeFiles/seg_sub_node.dir/src/seg_sub.cpp.o[0m
[1.284s] [01m[K/home/david/yolocpp_ws/src/seg_sub/src/seg_sub.cpp:310:5:[m[K [01;31m[Kerror: [m[Kâ€˜[01m[KVoid[m[Kâ€™ does not name a type; did you mean â€˜[01m[Kvoid[m[Kâ€™?
[1.284s]   310 |     [01;31m[KVoid[m[K csvWriterLoop()
[1.284s]       |     [01;31m[K^~~~[m[K
[1.284s]       |     [32m[Kvoid[m[K
[1.308s] [01m[K/home/david/yolocpp_ws/src/seg_sub/src/seg_sub.cpp:[m[K In constructor â€˜[01m[KFrequencySubscriber::FrequencySubscriber()[m[Kâ€™:
[1.308s] [01m[K/home/david/yolocpp_ws/src/seg_sub/src/seg_sub.cpp:78:64:[m[K [01;31m[Kerror: [m[Kâ€˜[01m[KcsvWriterLoop[m[Kâ€™ is not a member of â€˜[01m[KFrequencySubscriber[m[Kâ€™
[1.308s]    78 |         csv_writer_thread_ = std::thread(&FrequencySubscriber::[01;31m[KcsvWriterLoop[m[K, this);
[1.308s]       |                                                                [01;31m[K^~~~~~~~~~~~~[m[K
[1.319s] [01m[K/home/david/yolocpp_ws/src/seg_sub/src/seg_sub.cpp:[m[K In lambda function:
[1.319s] [01m[K/home/david/yolocpp_ws/src/seg_sub/src/seg_sub.cpp:129:17:[m[K [01;31m[Kerror: [m[Kâ€˜[01m[Kpending_batch_t0_timestamps_[m[Kâ€™ was not declared in this scope
[1.319s]   129 |                 [01;31m[Kpending_batch_t0_timestamps_[m[K[t2_batch_key][camera_id] = ts_t0_img_pub;
[1.319s]       |                 [01;31m[K^~~~~~~~~~~~~~~~~~~~~~~~~~~~[m[K
[1.322s] In file included from [01m[K/opt/ros/humble/include/rclcpp/rclcpp/logging.hpp:24[m[K,
[1.322s]                  from [01m[K/opt/ros/humble/include/rclcpp/rclcpp/client.hpp:40[m[K,
[1.322s]                  from [01m[K/opt/ros/humble/include/rclcpp/rclcpp/callback_group.hpp:24[m[K,
[1.322s]                  from [01m[K/opt/ros/humble/include/rclcpp/rclcpp/any_executable.hpp:20[m[K,
[1.322s]                  from [01m[K/opt/ros/humble/include/rclcpp/rclcpp/memory_strategy.hpp:25[m[K,
[1.322s]                  from [01m[K/opt/ros/humble/include/rclcpp/rclcpp/memory_strategies.hpp:18[m[K,
[1.322s]                  from [01m[K/opt/ros/humble/include/rclcpp/rclcpp/executor_options.hpp:20[m[K,
[1.322s]                  from [01m[K/opt/ros/humble/include/rclcpp/rclcpp/executor.hpp:37[m[K,
[1.322s]                  from [01m[K/opt/ros/humble/include/rclcpp/rclcpp/executors/multi_threaded_executor.hpp:25[m[K,
[1.322s]                  from [01m[K/opt/ros/humble/include/rclcpp/rclcpp/executors.hpp:21[m[K,
[1.322s]                  from [01m[K/opt/ros/humble/include/rclcpp/rclcpp/rclcpp.hpp:155[m[K,
[1.322s]                  from [01m[K/home/david/yolocpp_ws/src/seg_sub/src/seg_sub.cpp:1[m[K:
[1.322s] [01m[K/home/david/yolocpp_ws/src/seg_sub/src/seg_sub.cpp:167:25:[m[K [01;35m[Kwarning: [m[Kformat â€˜[01m[K%ld[m[Kâ€™ expects argument of type â€˜[01m[Klong int[m[Kâ€™, but argument 6 has type â€˜[01m[Kbuiltin_interfaces::msg::Time_<std::allocator<void> >::_sec_type[m[Kâ€™ {aka â€˜[01m[Kint[m[Kâ€™} [[01;35m[K]8;;https://gcc.gnu.org/onlinedocs/gcc/Warning-Options.html#index-Wformat=-Wformat=]8;;[m[K]
[1.322s]   167 |                         [01;35m[K"[%s] Latency Breakdown (ms) ImgPub OriginalTS: %ld.%09ld\n"[m[K
[1.322s]       |                         [01;35m[K^~~~~~~~~~~~~~~~~~~~~~~~~~~~~~~~~~~~~~~~~~~~~~~~~~~~~~~~~~~~[m[K
[1.322s]   168 | [01;35m[K                        "  T0_ImgPubTime ....................: %ld.%09ld\n"[m[K
[1.322s]       |                         [01;35m[K~~~~~~~~~~~~~~~~~~~~~~~~~~~~~~~~~~~~~~~~~~~~~~~~~~~[m[K
[1.322s]   169 | [01;35m[K                        "  T1_SegNode_CBCallTime ............: %ld.%09ld  |  T0->T1 (ImgPub to CB): %.3f ms\n"[m[K
[1.322s]       |                         [01;35m[K~~~~~~~~~~~~~~~~~~~~~~~~~~~~~~~~~~~~~~~~~~~~~~~~~~~~~~~~~~~~~~~~~~~~~~~~~~~~~~~~~~~~~~[m[K
[1.322s]   170 | [01;35m[K                        "  T2_SegNode_BatchProcStartTime ....: %ld.%09ld  |  T1->T2 (CB to BatchStart): %.3f ms\n"[m[K
[1.322s]       |                         [01;35m[K~~~~~~~~~~~~~~~~~~~~~~~~~~~~~~~~~~~~~~~~~~~~~~~~~~~~~~~~~~~~~~~~~~~~~~~~~~~~~~~~~~~~~~~~~~[m[K
[1.322s]   171 | [01;35m[K                        "  T3_SegNode_ResultPubTime .........: %ld.%09ld  |  T2->T3 (BatchStart to ResPub): %.3f ms\n"[m[K
[1.322s]       |                         [01;35m[K~~~~~~~~~~~~~~~~~~~~~~~~~~~~~~~~~~~~~~~~~~~~~~~~~~~~~~~~~~~~~~~~~~~~~~~~~~~~~~~~~~~~~~~~~~~~~~[m[K
[1.322s]   172 | [01;35m[K                        "  T4_SegSub_ResultRecvTime .........: %ld.%09ld  |  T3->T4 (ResPub to SegSubRecv): %.3f ms\n"[m[K
[1.322s]       |                         [01;35m[K~~~~~~~~~~~~~~~~~~~~~~~~~~~~~~~~~~~~~~~~~~~~~~~~~~~~~~~~~~~~~~~~~~~~~~~~~~~~~~~~~~~~~~~~~~~~~~[m[K
[1.322s]   173 | [01;35m[K                        "  --------------------------------------------------------------------------------------\n"[m[K
[1.322s]       |                         [01;35m[K~~~~~~~~~~~~~~~~~~~~~~~~~~~~~~~~~~~~~~~~~~~~~~~~~~~~~~~~~~~~~~~~~~~~~~~~~~~~~~~~~~~~~~~~~~~~[m[K
[1.322s]   174 | [01;35m[K                        "  Cumulative T1->T4 (SegNodeCB to SegSubRecv): %.3f ms\n"[m[K
[1.322s]       |                         [01;35m[K~~~~~~~~~~~~~~~~~~~~~~~~~~~~~~~~~~~~~~~~~~~~~~~~~~~~~~~~~~[m[K
[1.322s]   175 | [01;35m[K                        "  TOTAL E2E  T0->T4 (ImgPub to SegSubRecv)   : %.3f ms%s"[m[K,
[1.322s]       |                         [01;35m[K~~~~~~~~~~~~~~~~~~~~~~~~~~~~~~~~~~~~~~~~~~~~~~~~~~~~~~~~~~[m[K
[1.322s]   176 |                         camera_id.c_str(), [32m[Kmsg->header.stamp.sec[m[K, msg->header.stamp.nanosec,
[1.322s]       |                                            [32m[K~~~~~~~~~~~~~~~~~~~~~[m[K
[1.322s]       |                                                              [32m[K|[m[K
[1.322s]       |                                                              [32m[Kbuiltin_interfaces::msg::Time_<std::allocator<void> >::_sec_type {aka int}[m[K
[1.322s] [01m[K/home/david/yolocpp_ws/src/seg_sub/src/seg_sub.cpp:167:75:[m[K [01;36m[Knote: [m[Kformat string is defined here
[1.322s]   167 |                         "[%s] Latency Breakdown (ms) ImgPub OriginalTS: [01;36m[K%ld[m[K.%09ld\n"
[1.322s]       |                                                                         [01;36m[K~~^[m[K
[1.323s]       |                                                                           [01;36m[K|[m[K
[1.323s]       |                                                                           [01;36m[Klong int[m[K
[1.323s]       |                                                                         [32m[K%d[m[K
[1.323s] In file included from [01m[K/opt/ros/humble/include/rclcpp/rclcpp/logging.hpp:24[m[K,
[1.323s]                  from [01m[K/opt/ros/humble/include/rclcpp/rclcpp/client.hpp:40[m[K,
[1.323s]                  from [01m[K/opt/ros/humble/include/rclcpp/rclcpp/callback_group.hpp:24[m[K,
[1.323s]                  from [01m[K/opt/ros/humble/include/rclcpp/rclcpp/any_executable.hpp:20[m[K,
[1.323s]                  from [01m[K/opt/ros/humble/include/rclcpp/rclcpp/memory_strategy.hpp:25[m[K,
[1.323s]                  from [01m[K/opt/ros/humble/include/rclcpp/rclcpp/memory_strategies.hpp:18[m[K,
[1.323s]                  from [01m[K/opt/ros/humble/include/rclcpp/rclcpp/executor_options.hpp:20[m[K,
[1.323s]                  from [01m[K/opt/ros/humble/include/rclcpp/rclcpp/executor.hpp:37[m[K,
[1.323s]                  from [01m[K/opt/ros/humble/include/rclcpp/rclcpp/executors/multi_threaded_executor.hpp:25[m[K,
[1.323s]                  from [01m[K/opt/ros/humble/include/rclcpp/rclcpp/executors.hpp:21[m[K,
[1.323s]                  from [01m[K/opt/ros/humble/include/rclcpp/rclcpp/rclcpp.hpp:155[m[K,
[1.323s]                  from [01m[K/home/david/yolocpp_ws/src/seg_sub/src/seg_sub.cpp:1[m[K:
[1.323s] [01m[K/home/david/yolocpp_ws/src/seg_sub/src/seg_sub.cpp:167:25:[m[K [01;35m[Kwarning: [m[Kformat â€˜[01m[K%ld[m[Kâ€™ expects argument of type â€˜[01m[Klong int[m[Kâ€™, but argument 7 has type â€˜[01m[Kbuiltin_interfaces::msg::Time_<std::allocator<void> >::_nanosec_type[m[Kâ€™ {aka â€˜[01m[Kunsigned int[m[Kâ€™} [[01;35m[K]8;;https://gcc.gnu.org/onlinedocs/gcc/Warning-Options.html#index-Wformat=-Wformat=]8;;[m[K]
[1.323s]   167 |                         [01;35m[K"[%s] Latency Breakdown (ms) ImgPub OriginalTS: %ld.%09ld\n"[m[K
[1.323s]       |                         [01;35m[K^~~~~~~~~~~~~~~~~~~~~~~~~~~~~~~~~~~~~~~~~~~~~~~~~~~~~~~~~~~~[m[K
[1.323s]   168 | [01;35m[K                        "  T0_ImgPubTime ....................: %ld.%09ld\n"[m[K
[1.323s]       |                         [01;35m[K~~~~~~~~~~~~~~~~~~~~~~~~~~~~~~~~~~~~~~~~~~~~~~~~~~~[m[K
[1.323s]   169 | [01;35m[K                        "  T1_SegNode_CBCallTime ............: %ld.%09ld  |  T0->T1 (ImgPub to CB): %.3f ms\n"[m[K
[1.323s]       |                         [01;35m[K~~~~~~~~~~~~~~~~~~~~~~~~~~~~~~~~~~~~~~~~~~~~~~~~~~~~~~~~~~~~~~~~~~~~~~~~~~~~~~~~~~~~~~[m[K
[1.323s]   170 | [01;35m[K                        "  T2_SegNode_BatchProcStartTime ....: %ld.%09ld  |  T1->T2 (CB to BatchStart): %.3f ms\n"[m[K
[1.323s]       |                         [01;35m[K~~~~~~~~~~~~~~~~~~~~~~~~~~~~~~~~~~~~~~~~~~~~~~~~~~~~~~~~~~~~~~~~~~~~~~~~~~~~~~~~~~~~~~~~~~[m[K
[1.323s]   171 | [01;35m[K                        "  T3_SegNode_ResultPubTime .........: %ld.%09ld  |  T2->T3 (BatchStart to ResPub): %.3f ms\n"[m[K
[1.323s]       |                         [01;35m[K~~~~~~~~~~~~~~~~~~~~~~~~~~~~~~~~~~~~~~~~~~~~~~~~~~~~~~~~~~~~~~~~~~~~~~~~~~~~~~~~~~~~~~~~~~~~~~[m[K
[1.323s]   172 | [01;35m[K                        "  T4_SegSub_ResultRecvTime .........: %ld.%09ld  |  T3->T4 (ResPub to SegSubRecv): %.3f ms\n"[m[K
[1.323s]       |                         [01;35m[K~~~~~~~~~~~~~~~~~~~~~~~~~~~~~~~~~~~~~~~~~~~~~~~~~~~~~~~~~~~~~~~~~~~~~~~~~~~~~~~~~~~~~~~~~~~~~~[m[K
[1.323s]   173 | [01;35m[K                        "  --------------------------------------------------------------------------------------\n"[m[K
[1.323s]       |                         [01;35m[K~~~~~~~~~~~~~~~~~~~~~~~~~~~~~~~~~~~~~~~~~~~~~~~~~~~~~~~~~~~~~~~~~~~~~~~~~~~~~~~~~~~~~~~~~~~~[m[K
[1.323s]   174 | [01;35m[K                        "  Cumulative T1->T4 (SegNodeCB to SegSubRecv): %.3f ms\n"[m[K
[1.323s]       |                         [01;35m[K~~~~~~~~~~~~~~~~~~~~~~~~~~~~~~~~~~~~~~~~~~~~~~~~~~~~~~~~~~[m[K
[1.323s]   175 | [01;35m[K                        "  TOTAL E2E  T0->T4 (ImgPub to SegSubRecv)   : %.3f ms%s"[m[K,
[1.323s]       |                         [01;35m[K~~~~~~~~~~~~~~~~~~~~~~~~~~~~~~~~~~~~~~~~~~~~~~~~~~~~~~~~~~[m[K
[1.323s]   176 |                         camera_id.c_str(), msg->header.stamp.sec, [32m[Kmsg->header.stamp.nanosec[m[K,
[1.323s]       |                                                                   [32m[K~~~~~~~~~~~~~~~~~~~~~~~~~[m[K
[1.323s]       |                                                                                     [32m[K|[m[K
[1.323s]       |                                                                                     [32m[Kbuiltin_interfaces::msg::Time_<std::allocator<void> >::_nanosec_type {aka unsigned int}[m[K
[1.323s] [01m[K/home/david/yolocpp_ws/src/seg_sub/src/seg_sub.cpp:167:81:[m[K [01;36m[Knote: [m[Kformat string is defined here
[1.323s]   167 |                         "[%s] Latency Breakdown (ms) ImgPub OriginalTS: %ld.[01;36m[K%09ld[m[K\n"
[1.323s]       |                                                                             [01;36m[K~~~~^[m[K
[1.323s]       |                                                                                 [01;36m[K|[m[K
[1.323s]       |                                                                                 [01;36m[Klong int[m[K
[1.323s]       |                                                                             [32m[K%09d[m[K
[2.496s] gmake[2]: *** [CMakeFiles/seg_sub_node.dir/build.make:76: CMakeFiles/seg_sub_node.dir/src/seg_sub.cpp.o] Error 1
[2.496s] gmake[1]: *** [CMakeFiles/Makefile2:165: CMakeFiles/seg_sub_node.dir/all] Error 2
[2.496s] gmake: *** [Makefile:146: all] Error 2
[2.500s] Invoked command in '/home/david/yolocpp_ws/build/seg_sub' returned '2': CMAKE_PREFIX_PATH=/home/david/yolocpp_ws/install/yolo_custom_interfaces:/home/david/yolocpp_ws/install/zoe_bringup:/home/david/yolocpp_ws/install/yolocpp:/home/david/yolocpp_ws/install/tensorrt_yolo:/home/david/yolocpp_ws/install/seg_sub:/home/david/yolocpp_ws/install/pylon_instant_camera:/home/david/yolocpp_ws/install/image_directory_publisher:/home/david/yolocpp_ws/install/bboxes_ex_msgs:/opt/ros/humble LD_LIBRARY_PATH=/home/david/yolocpp_ws/install/yolo_custom_interfaces/lib:/home/david/yolocpp_ws/install/pylon_instant_camera/lib:/home/david/yolocpp_ws/install/image_directory_publisher/lib:/home/david/yolocpp_ws/install/bboxes_ex_msgs/lib:/opt/pylon/lib:/opt/ros/humble/opt/rviz_ogre_vendor/lib:/opt/ros/humble/lib/x86_64-linux-gnu:/opt/ros/humble/lib:/usr/local/cuda/lib64:/usr/local/cuda-11.2/lib64:/usr/local/cuda-11.2/lib64:/home/david/onnxruntime-linux-x64-gpu-1.22.0/lib PROMPT_COMMAND=echo -n \[$(date +%H:%M:%S)\]\ /home/david/.local/bin/cmake --build /home/david/yolocpp_ws/build/seg_sub -- -j32 -l32
