[ 50%] Built target chrono
[ 75%] [32mBuilding CXX object CMakeFiles/seg_sub_node.dir/src/seg_sub.cpp.o[0m
[01m[K/home/david/yolocpp_ws/src/seg_sub/src/seg_sub.cpp:457:50:[m[K [01;31m[Kerror: [m[Kexpected â€˜[01m[K)[m[Kâ€™ before numeric constant
  457 |        rclcpp::QoS qos_profile(rclcpp::KeepLast[34m[K([m[K[01;31m[K5[m[K));
      |                                                [34m[K~[m[K[01;31m[K^[m[K
      |                                                 [32m[K)[m[K
[01m[K/home/david/yolocpp_ws/src/seg_sub/src/seg_sub.cpp:457:50:[m[K [01;31m[Kerror: [m[Kexpected â€˜[01m[K)[m[Kâ€™ before numeric constant
  457 |        rclcpp::QoS qos_profile[34m[K([m[Krclcpp::KeepLast([01;31m[K5[m[K));
      |                               [34m[K~[m[K                 [01;31m[K^[m[K
      |                                                 [32m[K)[m[K
[01m[K/home/david/yolocpp_ws/src/seg_sub/src/seg_sub.cpp:457:49:[m[K [01;31m[Kerror: [m[Kexpected â€˜[01m[K;[m[Kâ€™ at end of member declaration
  457 |        rclcpp::QoS qos_profile(rclcpp::KeepLast[01;31m[K([m[K5));
      |                                                [01;31m[K^[m[K
      |                                                 [32m[K;[m[K
[01m[K/home/david/yolocpp_ws/src/seg_sub/src/seg_sub.cpp:457:50:[m[K [01;31m[Kerror: [m[Kexpected unqualified-id before numeric constant
  457 |        rclcpp::QoS qos_profile(rclcpp::KeepLast([01;31m[K5[m[K));
      |                                                 [01;31m[K^[m[K

[01m[K/home/david/yolocpp_ws/src/seg_sub/src/seg_sub.cpp:458:9:[m[K [01;31m[Kerror: [m[Kâ€˜[01m[Kqos_profile[m[Kâ€™ does not name a type; did you mean â€˜[01m[Krmw_qos_profile_t[m[Kâ€™?
  458 |         [01;31m[Kqos_profile[m[K.reliable();
      |         [01;31m[K^~~~~~~~~~~[m[K
      |         [32m[Krmw_qos_profile_t[m[K
[01m[K/home/david/yolocpp_ws/src/seg_sub/src/seg_sub.cpp:459:9:[m[K [01;31m[Kerror: [m[Kâ€˜[01m[Kqos_profile[m[Kâ€™ does not name a type; did you mean â€˜[01m[Krmw_qos_profile_t[m[Kâ€™?
  459 |         [01;31m[Kqos_profile[m[K.durability_volatile();
      |         [01;31m[K^~~~~~~~~~~[m[K
      |         [32m[Krmw_qos_profile_t[m[K
[01m[K/home/david/yolocpp_ws/src/seg_sub/src/seg_sub.cpp:462:9:[m[K [01;31m[Kerror: [m[Kâ€˜[01m[Ksub_left_[m[Kâ€™ does not name a type
  462 |         [01;31m[Ksub_left_[m[K = this->create_subscription<yolo_custom_interfaces::msg::InstanceSegmentationInfo>(
      |         [01;31m[K^~~~~~~~~[m[K
[01m[K/home/david/yolocpp_ws/src/seg_sub/src/seg_sub.cpp:467:14:[m[K [01;31m[Kerror: [m[Kexpected unqualified-id before â€˜[01m[K)[m[Kâ€™ token
  467 |             }[01;31m[K)[m[K;
      |              [01;31m[K^[m[K
[01m[K/home/david/yolocpp_ws/src/seg_sub/src/seg_sub.cpp:469:9:[m[K [01;31m[Kerror: [m[Kâ€˜[01m[Ksub_front_[m[Kâ€™ does not name a type
  469 |         [01;31m[Ksub_front_[m[K = this->create_subscription<yolo_custom_interfaces::msg::InstanceSegmentationInfo>(
      |         [01;31m[K^~~~~~~~~~[m[K
[01m[K/home/david/yolocpp_ws/src/seg_sub/src/seg_sub.cpp:474:14:[m[K [01;31m[Kerror: [m[Kexpected unqualified-id before â€˜[01m[K)[m[Kâ€™ token
  474 |             }[01;31m[K)[m[K;
      |              [01;31m[K^[m[K
[01m[K/home/david/yolocpp_ws/src/seg_sub/src/seg_sub.cpp:476:9:[m[K [01;31m[Kerror: [m[Kâ€˜[01m[Ksub_right_[m[Kâ€™ does not name a type
  476 |         [01;31m[Ksub_right_[m[K = this->create_subscription<yolo_custom_interfaces::msg::InstanceSegmentationInfo>(
      |         [01;31m[K^~~~~~~~~~[m[K
[01m[K/home/david/yolocpp_ws/src/seg_sub/src/seg_sub.cpp:481:14:[m[K [01;31m[Kerror: [m[Kexpected unqualified-id before â€˜[01m[K)[m[Kâ€™ token
  481 |             }[01;31m[K)[m[K;
      |              [01;31m[K^[m[K
[01m[K/home/david/yolocpp_ws/src/seg_sub/src/seg_sub.cpp:483:9:[m[K [01;31m[Kerror: [m[Kâ€˜[01m[Kreport_timer_[m[Kâ€™ does not name a type
  483 |         [01;31m[Kreport_timer_[m[K = this->create_wall_timer(
      |         [01;31m[K^~~~~~~~~~~~~[m[K
[01m[K/home/david/yolocpp_ws/src/seg_sub/src/seg_sub.cpp:486:9:[m[K [01;31m[Kerror: [m[Kâ€˜[01m[Klast_report_time_[m[Kâ€™ does not name a type
  486 |         [01;31m[Klast_report_time_[m[K = this->now();
      |         [01;31m[K^~~~~~~~~~~~~~~~~[m[K
[01m[K/home/david/yolocpp_ws/src/seg_sub/src/seg_sub.cpp:487:6:[m[K [01;31m[Kerror: [m[Kexpected â€˜[01m[K;[m[Kâ€™ after class definition
  487 |     }
      |      [01;31m[K^[m[K
      |      [32m[K;[m[K
[01m[K/home/david/yolocpp_ws/src/seg_sub/src/seg_sub.cpp:[m[K In constructor â€˜[01m[KFrequencySubscriber::FrequencySubscriber()[m[Kâ€™:
[01m[K/home/david/yolocpp_ws/src/seg_sub/src/seg_sub.cpp:80:48:[m[K [01;31m[Kerror: [m[Kclass â€˜[01m[KFrequencySubscriber[m[Kâ€™ does not have any field named â€˜[01m[Kstop_csv_writer_thread_[m[Kâ€™
   80 |   : Node("result_frequency_subscriber"), [01;31m[Kstop_csv_writer_thread_[m[K(false)
      |                                          [01;31m[K^~~~~~~~~~~~~~~~~~~~~~~[m[K

[01m[K/home/david/yolocpp_ws/src/seg_sub/src/seg_sub.cpp:84:9:[m[K [01;31m[Kerror: [m[Kâ€˜[01m[Kcsv_writer_thread_[m[Kâ€™ was not declared in this scope
   84 |         [01;31m[Kcsv_writer_thread_[m[K = std::thread(&FrequencySubscriber::csvWriterLoop, this);
      |         [01;31m[K^~~~~~~~~~~~~~~~~~[m[K
[01m[K/home/david/yolocpp_ws/src/seg_sub/src/seg_sub.cpp:84:64:[m[K [01;31m[Kerror: [m[Kâ€˜[01m[KcsvWriterLoop[m[Kâ€™ is not a member of â€˜[01m[KFrequencySubscriber[m[Kâ€™
   84 | ead_ = std::thread(&FrequencySubscriber::[01;31m[KcsvWriterLoop[m[K, this);
      |                                          [01;31m[K^~~~~~~~~~~~~[m[K

[01m[K/home/david/yolocpp_ws/src/seg_sub/src/seg_sub.cpp:87:9:[m[K [01;31m[Kerror: [m[Kâ€˜[01m[Kinitialize_colors[m[Kâ€™ was not declared in this scope
   87 |         [01;31m[Kinitialize_colors[m[K();
      |         [01;31m[K^~~~~~~~~~~~~~~~~[m[K
[01m[K/home/david/yolocpp_ws/src/seg_sub/src/seg_sub.cpp:[m[K In lambda function:
[01m[K/home/david/yolocpp_ws/src/seg_sub/src/seg_sub.cpp:93:13:[m[K [01;31m[Kerror: [m[Kâ€˜[01m[Kinitialize_camera_loss_tracking[m[Kâ€™ was not declared in this scope
   93 |             [01;31m[Kinitialize_camera_loss_tracking[m[K(camera_id);
      |             [01;31m[K^~~~~~~~~~~~~~~~~~~~~~~~~~~~~~~[m[K
[01m[K/home/david/yolocpp_ws/src/seg_sub/src/seg_sub.cpp:177:50:[m[K [01;31m[Kerror: [m[Kâ€˜[01m[Kbatch_spread_data_mutex_[m[Kâ€™ was not declared in this scope
  177 |         std::lock_guard<std::mutex> lock([01;31m[Kbatch_spread_data_mutex_[m[K);
      |                                          [01;31m[K^~~~~~~~~~~~~~~~~~~~~~~~[m[K

[01m[K/home/david/yolocpp_ws/src/seg_sub/src/seg_sub.cpp:180:17:[m[K [01;31m[Kerror: [m[Kâ€˜[01m[Kreceived_batch_t0_timestamps_[m[Kâ€™ was not declared in this scope
  180 |                 [01;31m[Kreceived_batch_t0_timestamps_[m[K[packet_seq_num][camera_id] = ts_t0_img_pub;
      |                 [01;31m[K^~~~~~~~~~~~~~~~~~~~~~~~~~~~~[m[K
[01m[K/home/david/yolocpp_ws/src/seg_sub/src/seg_sub.cpp:181:17:[m[K [01;31m[Kerror: [m[Kâ€˜[01m[Kreceived_batch_t1_timestamps_[m[Kâ€™ was not declared in this scope
  181 |                 [01;31m[Kreceived_batch_t1_timestamps_[m[K[packet_seq_num][camera_id] = ts_t1_segnode_cb_entry;
      |                 [01;31m[K^~~~~~~~~~~~~~~~~~~~~~~~~~~~~[m[K
[01m[K/home/david/yolocpp_ws/src/seg_sub/src/seg_sub.cpp:182:17:[m[K [01;31m[Kerror: [m[Kâ€˜[01m[Kreceived_batch_t2_timestamps_[m[Kâ€™ was not declared in this scope
  182 |                 [01;31m[Kreceived_batch_t2_timestamps_[m[K[packet_seq_num][camera_id] = ts_t2_segnode_batch_start;
      |                 [01;31m[K^~~~~~~~~~~~~~~~~~~~~~~~~~~~~[m[K
[01m[K/home/david/yolocpp_ws/src/seg_sub/src/seg_sub.cpp:183:17:[m[K [01;31m[Kerror: [m[Kâ€˜[01m[Kreceived_batch_t2a_timestamps_[m[Kâ€™ was not declared in this scope
  183 |                 [01;31m[Kreceived_batch_t2a_timestamps_[m[K[packet_seq_num][camera_id] = ts_t2a_inference_start;
      |                 [01;31m[K^~~~~~~~~~~~~~~~~~~~~~~~~~~~~~[m[K
[01m[K/home/david/yolocpp_ws/src/seg_sub/src/seg_sub.cpp:184:17:[m[K [01;31m[Kerror: [m[Kâ€˜[01m[Kreceived_batch_t2b_timestamps_[m[Kâ€™ was not declared in this scope
  184 |                 [01;31m[Kreceived_batch_t2b_timestamps_[m[K[packet_seq_num][camera_id] = ts_t2b_inference_end;
      |                 [01;31m[K^~~~~~~~~~~~~~~~~~~~~~~~~~~~~~[m[K
[01m[K/home/david/yolocpp_ws/src/seg_sub/src/seg_sub.cpp:185:17:[m[K [01;31m[Kerror: [m[Kâ€˜[01m[Kreceived_batch_t3_timestamps_[m[Kâ€™ was not declared in this scope
  185 |                 [01;31m[Kreceived_batch_t3_timestamps_[m[K[packet_seq_num][camera_id] = ts_t3_segnode_res_pub;
      |                 [01;31m[K^~~~~~~~~~~~~~~~~~~~~~~~~~~~~[m[K
[01m[K/home/david/yolocpp_ws/src/seg_sub/src/seg_sub.cpp:186:17:[m[K [01;31m[Kerror: [m[Kâ€˜[01m[Kreceived_batch_t4_timestamps_[m[Kâ€™ was not declared in this scope
  186 |                 [01;31m[Kreceived_batch_t4_timestamps_[m[K[packet_seq_num][camera_id] = ts_t4_segsub_res_recv;
      |                 [01;31m[K^~~~~~~~~~~~~~~~~~~~~~~~~~~~~[m[K
[01m[K/home/david/yolocpp_ws/src/seg_sub/src/seg_sub.cpp:216:87:[m[K [01;31m[Kerror: [m[Kâ€˜[01m[Kbatch_t0_spread_ms_[m[Kâ€™ was not declared in this scope; did you mean â€˜[01m[Kt0_spread_ms[m[Kâ€™?
  216 | _seq_num, received_batch_t0_timestamps_, [01;31m[Kbatch_t0_spread_ms_[m[K, t0_spread_ms, t0_spread_calculated_this_call);
      |                                          [01;31m[K^~~~~~~~~~~~~~~~~~~[m[K
      |                                          [32m[Kt0_spread_ms[m[K
[01m[K/home/david/yolocpp_ws/src/seg_sub/src/seg_sub.cpp:217:87:[m[K [01;31m[Kerror: [m[Kâ€˜[01m[Kbatch_t1_spread_ms_[m[Kâ€™ was not declared in this scope; did you mean â€˜[01m[Kt1_spread_ms[m[Kâ€™?
  217 | _seq_num, received_batch_t1_timestamps_, [01;31m[Kbatch_t1_spread_ms_[m[K, t1_spread_ms, t1_spread_calculated_this_call);
      |                                          [01;31m[K^~~~~~~~~~~~~~~~~~~[m[K
      |                                          [32m[Kt1_spread_ms[m[K
[01m[K/home/david/yolocpp_ws/src/seg_sub/src/seg_sub.cpp:218:87:[m[K [01;31m[Kerror: [m[Kâ€˜[01m[Kbatch_t2_spread_ms_[m[Kâ€™ was not declared in this scope; did you mean â€˜[01m[Kt2_spread_ms[m[Kâ€™?
  218 | _seq_num, received_batch_t2_timestamps_, [01;31m[Kbatch_t2_spread_ms_[m[K, t2_spread_ms, t2_spread_calculated_this_call);
      |                                          [01;31m[K^~~~~~~~~~~~~~~~~~~[m[K
      |                                          [32m[Kt2_spread_ms[m[K
[01m[K/home/david/yolocpp_ws/src/seg_sub/src/seg_sub.cpp:219:88:[m[K [01;31m[Kerror: [m[Kâ€˜[01m[Kbatch_t2a_spread_ms_[m[Kâ€™ was not declared in this scope; did you mean â€˜[01m[Kt2a_spread_ms[m[Kâ€™?
  219 | seq_num, received_batch_t2a_timestamps_, [01;31m[Kbatch_t2a_spread_ms_[m[K, t2a_spread_ms, t2a_spread_calculated_this_call);
      |                                          [01;31m[K^~~~~~~~~~~~~~~~~~~~[m[K
      |                                          [32m[Kt2a_spread_ms[m[K
[01m[K/home/david/yolocpp_ws/src/seg_sub/src/seg_sub.cpp:220:88:[m[K [01;31m[Kerror: [m[Kâ€˜[01m[Kbatch_t2b_spread_ms_[m[Kâ€™ was not declared in this scope; did you mean â€˜[01m[Kt2b_spread_ms[m[Kâ€™?
  220 | seq_num, received_batch_t2b_timestamps_, [01;31m[Kbatch_t2b_spread_ms_[m[K, t2b_spread_ms, t2b_spread_calculated_this_call);
      |                                          [01;31m[K^~~~~~~~~~~~~~~~~~~~[m[K
      |                                          [32m[Kt2b_spread_ms[m[K
[01m[K/home/david/yolocpp_ws/src/seg_sub/src/seg_sub.cpp:221:87:[m[K [01;31m[Kerror: [m[Kâ€˜[01m[Kbatch_t3_spread_ms_[m[Kâ€™ was not declared in this scope; did you mean â€˜[01m[Kt3_spread_ms[m[Kâ€™?
  221 | _seq_num, received_batch_t3_timestamps_, [01;31m[Kbatch_t3_spread_ms_[m[K, t3_spread_ms, t3_spread_calculated_this_call);
      |                                          [01;31m[K^~~~~~~~~~~~~~~~~~~[m[K
      |                                          [32m[Kt3_spread_ms[m[K
[01m[K/home/david/yolocpp_ws/src/seg_sub/src/seg_sub.cpp:222:87:[m[K [01;31m[Kerror: [m[Kâ€˜[01m[Kbatch_t4_spread_ms_[m[Kâ€™ was not declared in this scope; did you mean â€˜[01m[Kt4_spread_ms[m[Kâ€™?
  222 | _seq_num, received_batch_t4_timestamps_, [01;31m[Kbatch_t4_spread_ms_[m[K, t4_spread_ms, t4_spread_calculated_this_call);
      |                                          [01;31m[K^~~~~~~~~~~~~~~~~~~[m[K
      |                                          [32m[Kt4_spread_ms[m[K
[01m[K/home/david/yolocpp_ws/src/seg_sub/src/seg_sub.cpp:226:21:[m[K [01;31m[Kerror: [m[Kâ€˜[01m[Kbatch_parallelism_metrics_calculated_[m[Kâ€™ was not declared in this scope
  226 |                 if ([01;31m[Kbatch_parallelism_metrics_calculated_[m[K.find(packet_seq_num) == batch_parallelism_metrics_calculated_.end()) {
      |                     [01;31m[K^~~~~~~~~~~~~~~~~~~~~~~~~~~~~~~~~~~~~[m[K
[01m[K/home/david/yolocpp_ws/src/seg_sub/src/seg_sub.cpp:227:25:[m[K [01;31m[Kerror: [m[Kâ€˜[01m[Kreceived_batch_t2a_timestamps_[m[Kâ€™ was not declared in this scope
  227 |                     if ([01;31m[Kreceived_batch_t2a_timestamps_[m[K[packet_seq_num].count("left") && received_batch_t2a_timestamps_[packet_seq_num].count("front") && received_batch_t2a_timestamps_[packet_seq_num].count("right") &&
      |                         [01;31m[K^~~~~~~~~~~~~~~~~~~~~~~~~~~~~~[m[K
[01m[K/home/david/yolocpp_ws/src/seg_sub/src/seg_sub.cpp:228:25:[m[K [01;31m[Kerror: [m[Kâ€˜[01m[Kreceived_batch_t2b_timestamps_[m[Kâ€™ was not declared in this scope
  228 |                         [01;31m[Kreceived_batch_t2b_timestamps_[m[K[packet_seq_num].count("left") && received_batch_t2b_timestamps_[packet_seq_num].count("front") && received_batch_t2b_timestamps_[packet_seq_num].count("right")) {
      |                         [01;31m[K^~~~~~~~~~~~~~~~~~~~~~~~~~~~~~[m[K
[01m[K/home/david/yolocpp_ws/src/seg_sub/src/seg_sub.cpp:268:25:[m[K [01;31m[Kerror: [m[Kâ€˜[01m[Kbatch_sum_individual_inf_dur_ms_[m[Kâ€™ was not declared in this scope; did you mean â€˜[01m[Ksum_individual_inf_dur_ms[m[Kâ€™?
  268 |                         [01;31m[Kbatch_sum_individual_inf_dur_ms_[m[K[packet_seq_num] = sum_individual_inf_dur_ms;
      |                         [01;31m[K^~~~~~~~~~~~~~~~~~~~~~~~~~~~~~~~[m[K
      |                         [32m[Ksum_individual_inf_dur_ms[m[K
[01m[K/home/david/yolocpp_ws/src/seg_sub/src/seg_sub.cpp:269:25:[m[K [01;31m[Kerror: [m[Kâ€˜[01m[Kbatch_total_inf_span_ms_[m[Kâ€™ was not declared in this scope
  269 |                         [01;31m[Kbatch_total_inf_span_ms_[m[K[packet_seq_num] = total_batch_inf_span_ms;
      |                         [01;31m[K^~~~~~~~~~~~~~~~~~~~~~~~[m[K
[01m[K/home/david/yolocpp_ws/src/seg_sub/src/seg_sub.cpp:270:25:[m[K [01;31m[Kerror: [m[Kâ€˜[01m[Kbatch_inf_overlap_time_ms_[m[Kâ€™ was not declared in this scope; did you mean â€˜[01m[Kinf_overlap_time_ms[m[Kâ€™?
  270 |                         [01;31m[Kbatch_inf_overlap_time_ms_[m[K[packet_seq_num] = inf_overlap_time_ms;
      |                         [01;31m[K^~~~~~~~~~~~~~~~~~~~~~~~~~[m[K
      |                         [32m[Kinf_overlap_time_ms[m[K
[01m[K/home/david/yolocpp_ws/src/seg_sub/src/seg_sub.cpp:271:25:[m[K [01;31m[Kerror: [m[Kâ€˜[01m[Kbatch_parallel_overlap_pct_[m[Kâ€™ was not declared in this scope; did you mean â€˜[01m[Kparallel_overlap_pct[m[Kâ€™?
  271 |                         [01;31m[Kbatch_parallel_overlap_pct_[m[K[packet_seq_num] = parallel_overlap_pct;
      |                         [01;31m[K^~~~~~~~~~~~~~~~~~~~~~~~~~~[m[K
      |                         [32m[Kparallel_overlap_pct[m[K
[01m[K/home/david/yolocpp_ws/src/seg_sub/src/seg_sub.cpp:272:25:[m[K [01;31m[Kerror: [m[Kâ€˜[01m[Kbatch_inf_concurrency_factor_[m[Kâ€™ was not declared in this scope; did you mean â€˜[01m[Kinf_concurrency_factor[m[Kâ€™?
  272 |                         [01;31m[Kbatch_inf_concurrency_factor_[m[K[packet_seq_num] = inf_concurrency_factor;
      |                         [01;31m[K^~~~~~~~~~~~~~~~~~~~~~~~~~~~~[m[K
      |                         [32m[Kinf_concurrency_factor[m[K
[01m[K/home/david/yolocpp_ws/src/seg_sub/src/seg_sub.cpp:277:49:[m[K [01;31m[Kerror: [m[Kâ€˜[01m[Kbatch_sum_individual_inf_dur_ms_[m[Kâ€™ was not declared in this scope; did you mean â€˜[01m[Ksum_individual_inf_dur_ms[m[Kâ€™?
  277 |              sum_individual_inf_dur_ms = [01;31m[Kbatch_sum_individual_inf_dur_ms_[m[K[packet_seq_num];
      |                                          [01;31m[K^~~~~~~~~~~~~~~~~~~~~~~~~~~~~~~~[m[K
      |                                          [32m[Ksum_individual_inf_dur_ms[m[K
[01m[K/home/david/yolocpp_ws/src/seg_sub/src/seg_sub.cpp:278:47:[m[K [01;31m[Kerror: [m[Kâ€˜[01m[Kbatch_total_inf_span_ms_[m[Kâ€™ was not declared in this scope
  278 |                total_batch_inf_span_ms = [01;31m[Kbatch_total_inf_span_ms_[m[K[packet_seq_num];
      |                                          [01;31m[K^~~~~~~~~~~~~~~~~~~~~~~~[m[K

[01m[K/home/david/yolocpp_ws/src/seg_sub/src/seg_sub.cpp:279:43:[m[K [01;31m[Kerror: [m[Kâ€˜[01m[Kbatch_inf_overlap_time_ms_[m[Kâ€™ was not declared in this scope; did you mean â€˜[01m[Kinf_overlap_time_ms[m[Kâ€™?
  279 |                    inf_overlap_time_ms = [01;31m[Kbatch_inf_overlap_time_ms_[m[K[packet_seq_num];
      |                                          [01;31m[K^~~~~~~~~~~~~~~~~~~~~~~~~~[m[K
      |                                          [32m[Kinf_overlap_time_ms[m[K
[01m[K/home/david/yolocpp_ws/src/seg_sub/src/seg_sub.cpp:280:44:[m[K [01;31m[Kerror: [m[Kâ€˜[01m[Kbatch_parallel_overlap_pct_[m[Kâ€™ was not declared in this scope; did you mean â€˜[01m[Kparallel_overlap_pct[m[Kâ€™?
  280 |                   parallel_overlap_pct = [01;31m[Kbatch_parallel_overlap_pct_[m[K[packet_seq_num];
      |                                          [01;31m[K^~~~~~~~~~~~~~~~~~~~~~~~~~~[m[K
      |                                          [32m[Kparallel_overlap_pct[m[K
[01m[K/home/david/yolocpp_ws/src/seg_sub/src/seg_sub.cpp:281:46:[m[K [01;31m[Kerror: [m[Kâ€˜[01m[Kbatch_inf_concurrency_factor_[m[Kâ€™ was not declared in this scope; did you mean â€˜[01m[Kinf_concurrency_factor[m[Kâ€™?
  281 |                 inf_concurrency_factor = [01;31m[Kbatch_inf_concurrency_factor_[m[K[packet_seq_num];
      |                                          [01;31m[K^~~~~~~~~~~~~~~~~~~~~~~~~~~~~[m[K
      |                                          [32m[Kinf_concurrency_factor[m[K
[01m[K/home/david/yolocpp_ws/src/seg_sub/src/seg_sub.cpp:140:20:[m[K [01;35m[Kwarning: [m[Kunused variable â€˜[01m[Klat_t0_t1_ms[m[Kâ€™ [[01;35m[K]8;;https://gcc.gnu.org/onlinedocs/gcc/Warning-Options.html#index-Wunused-variable-Wunused-variable]8;;[m[K]
  140 |             double [01;35m[Klat_t0_t1_ms[m[K = calculate_latency_ms_local(ts_t1_segnode_cb_entry, ts_t0_img_pub);
      |                    [01;35m[K^~~~~~~~~~~~[m[K
[01m[K/home/david/yolocpp_ws/src/seg_sub/src/seg_sub.cpp:141:20:[m[K [01;35m[Kwarning: [m[Kunused variable â€˜[01m[Klat_t1_t2_ms[m[Kâ€™ [[01;35m[K]8;;https://gcc.gnu.org/onlinedocs/gcc/Warning-Options.html#index-Wunused-variable-Wunused-variable]8;;[m[K]
  141 |             double [01;35m[Klat_t1_t2_ms[m[K = calculate_latency_ms_local(ts_t2_segnode_batch_start, ts_t1_segnode_cb_entry);
      |                    [01;35m[K^~~~~~~~~~~~[m[K
[01m[K/home/david/yolocpp_ws/src/seg_sub/src/seg_sub.cpp:142:20:[m[K [01;35m[Kwarning: [m[Kunused variable â€˜[01m[Klat_t2_t2a_ms[m[Kâ€™ [[01;35m[K]8;;https://gcc.gnu.org/onlinedocs/gcc/Warning-Options.html#index-Wunused-variable-Wunused-variable]8;;[m[K]
  142 |             double [01;35m[Klat_t2_t2a_ms[m[K = calculate_latency_ms_local(ts_t2a_inference_start, ts_t2_segnode_batch_start);
      |                    [01;35m[K^~~~~~~~~~~~~[m[K
[01m[K/home/david/yolocpp_ws/src/seg_sub/src/seg_sub.cpp:143:20:[m[K [01;35m[Kwarning: [m[Kunused variable â€˜[01m[Klat_t2a_t2b_ms[m[Kâ€™ [[01;35m[K]8;;https://gcc.gnu.org/onlinedocs/gcc/Warning-Options.html#index-Wunused-variable-Wunused-variable]8;;[m[K]
  143 |             double [01;35m[Klat_t2a_t2b_ms[m[K = calculate_latency_ms_local(ts_t2b_inference_end, ts_t2a_inference_start); // Inference Duration
      |                    [01;35m[K^~~~~~~~~~~~~~[m[K
[01m[K/home/david/yolocpp_ws/src/seg_sub/src/seg_sub.cpp:144:20:[m[K [01;35m[Kwarning: [m[Kunused variable â€˜[01m[Klat_t2b_t3_ms[m[Kâ€™ [[01;35m[K]8;;https://gcc.gnu.org/onlinedocs/gcc/Warning-Options.html#index-Wunused-variable-Wunused-variable]8;;[m[K]
  144 |             double [01;35m[Klat_t2b_t3_ms[m[K = calculate_latency_ms_local(ts_t3_segnode_res_pub, ts_t2b_inference_end);
      |                    [01;35m[K^~~~~~~~~~~~~[m[K
[01m[K/home/david/yolocpp_ws/src/seg_sub/src/seg_sub.cpp:145:20:[m[K [01;35m[Kwarning: [m[Kunused variable â€˜[01m[Klat_t3_t4_ms[m[Kâ€™ [[01;35m[K]8;;https://gcc.gnu.org/onlinedocs/gcc/Warning-Options.html#index-Wunused-variable-Wunused-variable]8;;[m[K]
  145 |             double [01;35m[Klat_t3_t4_ms[m[K = calculate_latency_ms_local(ts_t4_segsub_res_recv, ts_t3_segnode_res_pub);
      |                    [01;35m[K^~~~~~~~~~~~[m[K
[01m[K/home/david/yolocpp_ws/src/seg_sub/src/seg_sub.cpp:147:20:[m[K [01;35m[Kwarning: [m[Kunused variable â€˜[01m[Klat_total_e2e_ms[m[Kâ€™ [[01;35m[K]8;;https://gcc.gnu.org/onlinedocs/gcc/Warning-Options.html#index-Wunused-variable-Wunused-variable]8;;[m[K]
  147 |             double [01;35m[Klat_total_e2e_ms[m[K = calculate_latency_ms_local(ts_t4_segsub_res_recv, ts_t0_img_pub);
      |                    [01;35m[K^~~~~~~~~~~~~~~~[m[K
[01m[K/home/david/yolocpp_ws/src/seg_sub/src/seg_sub.cpp:148:20:[m[K [01;35m[Kwarning: [m[Kunused variable â€˜[01m[Klat_segnode_cb_to_segsub_recv_ms[m[Kâ€™ [[01;35m[K]8;;https://gcc.gnu.org/onlinedocs/gcc/Warning-Options.html#index-Wunused-variable-Wunused-variable]8;;[m[K]
  148 |             double [01;35m[Klat_segnode_cb_to_segsub_recv_ms[m[K = calculate_latency_ms_local(ts_t4_segsub_res_recv, ts_t1_segnode_cb_entry);
      |                    [01;35m[K^~~~~~~~~~~~~~~~~~~~~~~~~~~~~~~~[m[K
[01m[K/home/david/yolocpp_ws/src/seg_sub/src/seg_sub.cpp:[m[K In constructor â€˜[01m[KFrequencySubscriber::FrequencySubscriber()[m[Kâ€™:
[01m[K/home/david/yolocpp_ws/src/seg_sub/src/seg_sub.cpp:286:13:[m[K [01;31m[Kerror: [m[Kexpected â€˜[01m[K,[m[Kâ€™ or â€˜[01m[K;[m[Kâ€™ before â€˜[01m[Kdouble[m[Kâ€™
  286 |             [01;31m[Kdouble[m[K offset_T0_front_vs_left_ms = std::numeric_limits<double>::quiet_NaN();
      |             [01;31m[K^~~~~~[m[K
[01m[K/home/david/yolocpp_ws/src/seg_sub/src/seg_sub.cpp:291:40:[m[K [01;31m[Kerror: [m[Kâ€˜[01m[Kmsg[m[Kâ€™ was not declared in this scope
  291 |             uint64_t current_seq_num = [01;31m[Kmsg[m[K->packet_sequence_number;
      |                                        [01;31m[K^~~[m[K
[01m[K/home/david/yolocpp_ws/src/seg_sub/src/seg_sub.cpp:291:40:[m[K [01;36m[Knote: [m[Ksuggested alternatives:
In file included from [01m[K/opt/ros/humble/include/builtin_interfaces/builtin_interfaces/msg/duration.hpp:7[m[K,
                 from [01m[K/opt/ros/humble/include/rclcpp/rclcpp/duration.hpp:20[m[K,
                 from [01m[K/opt/ros/humble/include/rclcpp/rclcpp/qos.hpp:20[m[K,
                 from [01m[K/opt/ros/humble/include/rclcpp/rclcpp/node_interfaces/node_graph_interface.hpp:32[m[K,
                 from [01m[K/opt/ros/humble/include/rclcpp/rclcpp/client.hpp:42[m[K,
                 from [01m[K/opt/ros/humble/include/rclcpp/rclcpp/callback_group.hpp:24[m[K,
                 from [01m[K/opt/ros/humble/include/rclcpp/rclcpp/any_executable.hpp:20[m[K,
                 from [01m[K/opt/ros/humble/include/rclcpp/rclcpp/memory_strategy.hpp:25[m[K,
                 from [01m[K/opt/ros/humble/include/rclcpp/rclcpp/memory_strategies.hpp:18[m[K,
                 from [01m[K/opt/ros/humble/include/rclcpp/rclcpp/executor_options.hpp:20[m[K,
                 from [01m[K/opt/ros/humble/include/rclcpp/rclcpp/executor.hpp:37[m[K,
                 from [01m[K/opt/ros/humble/include/rclcpp/rclcpp/executors/multi_threaded_executor.hpp:25[m[K,
                 from [01m[K/opt/ros/humble/include/rclcpp/rclcpp/executors.hpp:21[m[K,
                 from [01m[K/opt/ros/humble/include/rclcpp/rclcpp/rclcpp.hpp:155[m[K,
                 from [01m[K/home/david/yolocpp_ws/src/seg_sub/src/seg_sub.cpp:1[m[K:
[01m[K/opt/ros/humble/include/builtin_interfaces/builtin_interfaces/msg/detail/duration__struct.hpp:27:11:[m[K [01;36m[Knote: [m[K  â€˜[01m[Kbuiltin_interfaces::msg[m[Kâ€™
   27 | namespace [01;36m[Kmsg[m[K
      |           [01;36m[K^~~[m[K
In file included from [01m[K/opt/ros/humble/include/rcl_interfaces/rcl_interfaces/msg/set_parameters_result.hpp:7[m[K,
                 from [01m[K/opt/ros/humble/include/rclcpp/rclcpp/qos_overriding_options.hpp:28[m[K,
                 from [01m[K/opt/ros/humble/include/rclcpp/rclcpp/subscription_options.hpp:30[m[K,
                 from [01m[K/opt/ros/humble/include/rclcpp/rclcpp/subscription.hpp:45[m[K,
                 from [01m[K/opt/ros/humble/include/rclcpp/rclcpp/any_executable.hpp:25[m[K,
                 from [01m[K/opt/ros/humble/include/rclcpp/rclcpp/memory_strategy.hpp:25[m[K,
                 from [01m[K/opt/ros/humble/include/rclcpp/rclcpp/memory_strategies.hpp:18[m[K,
                 from [01m[K/opt/ros/humble/include/rclcpp/rclcpp/executor_options.hpp:20[m[K,
                 from [01m[K/opt/ros/humble/include/rclcpp/rclcpp/executor.hpp:37[m[K,
                 from [01m[K/opt/ros/humble/include/rclcpp/rclcpp/executors/multi_threaded_executor.hpp:25[m[K,
                 from [01m[K/opt/ros/humble/include/rclcpp/rclcpp/executors.hpp:21[m[K,
                 from [01m[K/opt/ros/humble/include/rclcpp/rclcpp/rclcpp.hpp:155[m[K,
                 from [01m[K/home/david/yolocpp_ws/src/seg_sub/src/seg_sub.cpp:1[m[K:
[01m[K/opt/ros/humble/include/rcl_interfaces/rcl_interfaces/msg/detail/set_parameters_result__struct.hpp:27:11:[m[K [01;36m[Knote: [m[K  â€˜[01m[Krcl_interfaces::msg[m[Kâ€™
   27 | namespace [01;36m[Kmsg[m[K
      |           [01;36m[K^~~[m[K
In file included from [01m[K/opt/ros/humble/include/statistics_msgs/statistics_msgs/msg/detail/metrics_message__struct.hpp:23[m[K,
                 from [01m[K/opt/ros/humble/include/statistics_msgs/statistics_msgs/msg/metrics_message.hpp:7[m[K,
                 from [01m[K/opt/ros/humble/include/libstatistics_collector/libstatistics_collector/collector/generate_statistics_message.hpp:21[m[K,
                 from [01m[K/opt/ros/humble/include/rclcpp/rclcpp/topic_statistics/subscription_topic_statistics.hpp:23[m[K,
                 from [01m[K/opt/ros/humble/include/rclcpp/rclcpp/subscription.hpp:50[m[K,
                 from [01m[K/opt/ros/humble/include/rclcpp/rclcpp/any_executable.hpp:25[m[K,
                 from [01m[K/opt/ros/humble/include/rclcpp/rclcpp/memory_strategy.hpp:25[m[K,
                 from [01m[K/opt/ros/humble/include/rclcpp/rclcpp/memory_strategies.hpp:18[m[K,
                 from [01m[K/opt/ros/humble/include/rclcpp/rclcpp/executor_options.hpp:20[m[K,
                 from [01m[K/opt/ros/humble/include/rclcpp/rclcpp/executor.hpp:37[m[K,
                 from [01m[K/opt/ros/humble/include/rclcpp/rclcpp/executors/multi_threaded_executor.hpp:25[m[K,
                 from [01m[K/opt/ros/humble/include/rclcpp/rclcpp/executors.hpp:21[m[K,
                 from [01m[K/opt/ros/humble/include/rclcpp/rclcpp/rclcpp.hpp:155[m[K,
                 from [01m[K/home/david/yolocpp_ws/src/seg_sub/src/seg_sub.cpp:1[m[K:
[01m[K/opt/ros/humble/include/statistics_msgs/statistics_msgs/msg/detail/statistic_data_point__struct.hpp:27:11:[m[K [01;36m[Knote: [m[K  â€˜[01m[Kstatistics_msgs::msg[m[Kâ€™
   27 | namespace [01;36m[Kmsg[m[K
      |           [01;36m[K^~~[m[K
In file included from [01m[K/home/david/yolocpp_ws/install/yolo_custom_interfaces/include/yolo_custom_interfaces/yolo_custom_interfaces/msg/detail/instance_segmentation_info__struct.hpp:20[m[K,
                 from [01m[K/home/david/yolocpp_ws/install/yolo_custom_interfaces/include/yolo_custom_interfaces/yolo_custom_interfaces/msg/instance_segmentation_info.hpp:7[m[K,
                 from [01m[K/home/david/yolocpp_ws/src/seg_sub/src/seg_sub.cpp:2[m[K:
[01m[K/opt/ros/humble/include/std_msgs/std_msgs/msg/detail/header__struct.hpp:31:11:[m[K [01;36m[Knote: [m[K  â€˜[01m[Kstd_msgs::msg[m[Kâ€™
   31 | namespace [01;36m[Kmsg[m[K
      |           [01;36m[K^~~[m[K
In file included from [01m[K/home/david/yolocpp_ws/install/yolo_custom_interfaces/include/yolo_custom_interfaces/yolo_custom_interfaces/msg/detail/instance_segmentation_info__struct.hpp:22[m[K,
                 from [01m[K/home/david/yolocpp_ws/install/yolo_custom_interfaces/include/yolo_custom_interfaces/yolo_custom_interfaces/msg/instance_segmentation_info.hpp:7[m[K,
                 from [01m[K/home/david/yolocpp_ws/src/seg_sub/src/seg_sub.cpp:2[m[K:
[01m[K/opt/ros/humble/include/sensor_msgs/sensor_msgs/msg/detail/image__struct.hpp:31:11:[m[K [01;36m[Knote: [m[K  â€˜[01m[Ksensor_msgs::msg[m[Kâ€™
   31 | namespace [01;36m[Kmsg[m[K
      |           [01;36m[K^~~[m[K
In file included from [01m[K/home/david/yolocpp_ws/install/yolo_custom_interfaces/include/yolo_custom_interfaces/yolo_custom_interfaces/msg/instance_segmentation_info.hpp:7[m[K,
                 from [01m[K/home/david/yolocpp_ws/src/seg_sub/src/seg_sub.cpp:2[m[K:
[01m[K/home/david/yolocpp_ws/install/yolo_custom_interfaces/include/yolo_custom_interfaces/yolo_custom_interfaces/msg/detail/instance_segmentation_info__struct.hpp:39:11:[m[K [01;36m[Knote: [m[K  â€˜[01m[Kyolo_custom_interfaces::msg[m[Kâ€™
   39 | namespace [01;36m[Kmsg[m[K
      |           [01;36m[K^~~[m[K
[01m[K/home/david/yolocpp_ws/src/seg_sub/src/seg_sub.cpp:294:50:[m[K [01;31m[Kerror: [m[Kâ€˜[01m[Kloss_tracking_mutex_[m[Kâ€™ was not declared in this scope
  294 |         std::lock_guard<std::mutex> lock([01;31m[Kloss_tracking_mutex_[m[K);
      |                                          [01;31m[K^~~~~~~~~~~~~~~~~~~~[m[K

[01m[K/home/david/yolocpp_ws/src/seg_sub/src/seg_sub.cpp:296:22:[m[K [01;31m[Kerror: [m[Kâ€˜[01m[Kfirst_packet_received_flag_[m[Kâ€™ was not declared in this scope
  296 |                 if (![01;31m[Kfirst_packet_received_flag_[m[K[camera_id]) {
      |                      [01;31m[K^~~~~~~~~~~~~~~~~~~~~~~~~~~[m[K
[01m[K/home/david/yolocpp_ws/src/seg_sub/src/seg_sub.cpp:296:50:[m[K [01;31m[Kerror: [m[Kâ€˜[01m[Kcamera_id[m[Kâ€™ was not declared in this scope
  296 |         if (!first_packet_received_flag_[[01;31m[Kcamera_id[m[K]) {
      |                                          [01;31m[K^~~~~~~~~[m[K

[01m[K/home/david/yolocpp_ws/src/seg_sub/src/seg_sub.cpp:297:21:[m[K [01;31m[Kerror: [m[Kâ€˜[01m[Klast_received_seq_num_[m[Kâ€™ was not declared in this scope
  297 |                     [01;31m[Klast_received_seq_num_[m[K[camera_id] = current_seq_num;
      |                     [01;31m[K^~~~~~~~~~~~~~~~~~~~~~[m[K
[01m[K/home/david/yolocpp_ws/src/seg_sub/src/seg_sub.cpp:300:44:[m[K [01;31m[Kerror: [m[Kâ€˜[01m[Klast_received_seq_num_[m[Kâ€™ was not declared in this scope
  300 |                   if (current_seq_num == [01;31m[Klast_received_seq_num_[m[K[camera_id] + 1) {
      |                                          [01;31m[K^~~~~~~~~~~~~~~~~~~~~~[m[K

[01m[K/home/david/yolocpp_ws/src/seg_sub/src/seg_sub.cpp:305:25:[m[K [01;31m[Kerror: [m[Kâ€˜[01m[Klost_packets_total_count_[m[Kâ€™ was not declared in this scope
  305 |                         [01;31m[Klost_packets_total_count_[m[K[camera_id] += lost_count_since_last;
      |                         [01;31m[K^~~~~~~~~~~~~~~~~~~~~~~~~[m[K
[01m[K/home/david/yolocpp_ws/src/seg_sub/src/seg_sub.cpp:313:21:[m[K [01;31m[Kerror: [m[Kâ€˜[01m[Klast_received_seq_num_[m[Kâ€™ was not declared in this scope
  313 |                     [01;31m[Klast_received_seq_num_[m[K[camera_id] = current_seq_num;
      |                     [01;31m[K^~~~~~~~~~~~~~~~~~~~~~[m[K
[01m[K/home/david/yolocpp_ws/src/seg_sub/src/seg_sub.cpp:321:34:[m[K [01;31m[Kerror: [m[Kâ€˜[01m[Kcamera_id[m[Kâ€™ was not declared in this scope
  321 |             log_stream << "[" << [01;31m[Kcamera_id[m[K << " Pkt#" << packet_seq_num << "] Latency Breakdown. ImgPub OriginalTS: "
      |                                  [01;31m[K^~~~~~~~~[m[K
[01m[K/home/david/yolocpp_ws/src/seg_sub/src/seg_sub.cpp:321:58:[m[K [01;31m[Kerror: [m[Kâ€˜[01m[Kpacket_seq_num[m[Kâ€™ was not declared in this scope; did you mean â€˜[01m[Kcurrent_seq_num[m[Kâ€™?
  321 | stream << "[" << camera_id << " Pkt#" << [01;31m[Kpacket_seq_num[m[K << "] Latency Breakdown. ImgPub OriginalTS: "
      |                                          [01;31m[K^~~~~~~~~~~~~~[m[K
      |                                          [32m[Kcurrent_seq_num[m[K
[01m[K/home/david/yolocpp_ws/src/seg_sub/src/seg_sub.cpp:324:71:[m[K [01;31m[Kerror: [m[Kâ€˜[01m[Kts_t0_img_pub[m[Kâ€™ was not declared in this scope
  324 | T0_ImgPubTime ....................: " << [01;31m[Kts_t0_img_pub[m[K.tv_sec << "." << std::setfill('0') << std::setw(9) << ts_t0_img_pub.tv_nsec << "\n";
      |                                          [01;31m[K^~~~~~~~~~~~~[m[K

[01m[K/home/david/yolocpp_ws/src/seg_sub/src/seg_sub.cpp:325:71:[m[K [01;31m[Kerror: [m[Kâ€˜[01m[Kts_t1_segnode_cb_entry[m[Kâ€™ was not declared in this scope
  325 | T1_SegNode_CBCallTime ............: " << [01;31m[Kts_t1_segnode_cb_entry[m[K.tv_sec << "." << std::setfill('0') << std::setw(9) << ts_t1_segnode_cb_entry.tv_nsec << "\n";
      |                                          [01;31m[K^~~~~~~~~~~~~~~~~~~~~~[m[K

[01m[K/home/david/yolocpp_ws/src/seg_sub/src/seg_sub.cpp:326:71:[m[K [01;31m[Kerror: [m[Kâ€˜[01m[Kts_t2_segnode_batch_start[m[Kâ€™ was not declared in this scope
  326 | T2_SegNode_BatchProcStartTime ....: " << [01;31m[Kts_t2_segnode_batch_start[m[K.tv_sec << "." << std::setfill('0') << std::setw(9) << ts_t2_segnode_batch_start.tv_nsec << "\n";
      |                                          [01;31m[K^~~~~~~~~~~~~~~~~~~~~~~~~[m[K

[01m[K/home/david/yolocpp_ws/src/seg_sub/src/seg_sub.cpp:327:71:[m[K [01;31m[Kerror: [m[Kâ€˜[01m[Kts_t2a_inference_start[m[Kâ€™ was not declared in this scope
  327 | T2a_SegNode_InferenceStartTime ...: " << [01;31m[Kts_t2a_inference_start[m[K.tv_sec << "." << std::setfill('0') << std::setw(9) << ts_t2a_inference_start.tv_nsec << "\n";
      |                                          [01;31m[K^~~~~~~~~~~~~~~~~~~~~~[m[K

[01m[K/home/david/yolocpp_ws/src/seg_sub/src/seg_sub.cpp:328:71:[m[K [01;31m[Kerror: [m[Kâ€˜[01m[Kts_t2b_inference_end[m[Kâ€™ was not declared in this scope
  328 | T2b_SegNode_InferenceEndTime .....: " << [01;31m[Kts_t2b_inference_end[m[K.tv_sec << "." << std::setfill('0') << std::setw(9) << ts_t2b_inference_end.tv_nsec << "\n";
      |                                          [01;31m[K^~~~~~~~~~~~~~~~~~~~[m[K

[01m[K/home/david/yolocpp_ws/src/seg_sub/src/seg_sub.cpp:329:71:[m[K [01;31m[Kerror: [m[Kâ€˜[01m[Kts_t3_segnode_res_pub[m[Kâ€™ was not declared in this scope
  329 | T3_SegNode_ResultPubTime .........: " << [01;31m[Kts_t3_segnode_res_pub[m[K.tv_sec << "." << std::setfill('0') << std::setw(9) << ts_t3_segnode_res_pub.tv_nsec << "\n";
      |                                          [01;31m[K^~~~~~~~~~~~~~~~~~~~~[m[K

[01m[K/home/david/yolocpp_ws/src/seg_sub/src/seg_sub.cpp:330:71:[m[K [01;31m[Kerror: [m[Kâ€˜[01m[Kts_t4_segsub_res_recv[m[Kâ€™ was not declared in this scope
  330 | T4_SegSub_ResultRecvTime .........: " << [01;31m[Kts_t4_segsub_res_recv[m[K.tv_sec << "." << std::setfill('0') << std::setw(9) << ts_t4_segsub_res_recv.tv_nsec << "\n";
      |                                          [01;31m[K^~~~~~~~~~~~~~~~~~~~~[m[K

[01m[K/home/david/yolocpp_ws/src/seg_sub/src/seg_sub.cpp:332:83:[m[K [01;31m[Kerror: [m[Kâ€˜[01m[Klat_t0_t1_ms[m[Kâ€™ was not declared in this scope
  332 | ub to CB).............: " << (std::isnan([01;31m[Klat_t0_t1_ms[m[K) ? "NaN" : std::to_string(lat_t0_t1_ms)) << "\n";
      |                                          [01;31m[K^~~~~~~~~~~~[m[K

[01m[K/home/david/yolocpp_ws/src/seg_sub/src/seg_sub.cpp:333:83:[m[K [01;31m[Kerror: [m[Kâ€˜[01m[Klat_t1_t2_ms[m[Kâ€™ was not declared in this scope
  333 | o BatchStart).........: " << (std::isnan([01;31m[Klat_t1_t2_ms[m[K) ? "NaN" : std::to_string(lat_t1_t2_ms)) << "\n";
      |                                          [01;31m[K^~~~~~~~~~~~[m[K

[01m[K/home/david/yolocpp_ws/src/seg_sub/src/seg_sub.cpp:334:83:[m[K [01;31m[Kerror: [m[Kâ€˜[01m[Klat_t2_t2a_ms[m[Kâ€™ was not declared in this scope
  334 | chStart to InfStart)..: " << (std::isnan([01;31m[Klat_t2_t2a_ms[m[K) ? "NaN" : std::to_string(lat_t2_t2a_ms)) << "\n";
      |                                          [01;31m[K^~~~~~~~~~~~~[m[K

[01m[K/home/david/yolocpp_ws/src/seg_sub/src/seg_sub.cpp:335:83:[m[K [01;31m[Kerror: [m[Kâ€˜[01m[Klat_t2a_t2b_ms[m[Kâ€™ was not declared in this scope
  335 | ference Duration).....: " << (std::isnan([01;31m[Klat_t2a_t2b_ms[m[K) ? "NaN" : std::to_string(lat_t2a_t2b_ms)) << "\n";
      |                                          [01;31m[K^~~~~~~~~~~~~~[m[K

[01m[K/home/david/yolocpp_ws/src/seg_sub/src/seg_sub.cpp:336:83:[m[K [01;31m[Kerror: [m[Kâ€˜[01m[Klat_t2b_t3_ms[m[Kâ€™ was not declared in this scope
  336 | End to ResPub)........: " << (std::isnan([01;31m[Klat_t2b_t3_ms[m[K) ? "NaN" : std::to_string(lat_t2b_t3_ms)) << "\n";
      |                                          [01;31m[K^~~~~~~~~~~~~[m[K

[01m[K/home/david/yolocpp_ws/src/seg_sub/src/seg_sub.cpp:337:83:[m[K [01;31m[Kerror: [m[Kâ€˜[01m[Klat_t3_t4_ms[m[Kâ€™ was not declared in this scope
  337 | ub to SegSubRecv).....: " << (std::isnan([01;31m[Klat_t3_t4_ms[m[K) ? "NaN" : std::to_string(lat_t3_t4_ms)) << "\n";
      |                                          [01;31m[K^~~~~~~~~~~~[m[K

[01m[K/home/david/yolocpp_ws/src/seg_sub/src/seg_sub.cpp:339:83:[m[K [01;31m[Kerror: [m[Kâ€˜[01m[Klat_segnode_cb_to_segsub_recv_ms[m[Kâ€™ was not declared in this scope
  339 |  SegSubRecv (T1->T4)..: " << (std::isnan([01;31m[Klat_segnode_cb_to_segsub_recv_ms[m[K) ? "NaN" : std::to_string(lat_segnode_cb_to_segsub_recv_ms)) << "\n";
      |                                          [01;31m[K^~~~~~~~~~~~~~~~~~~~~~~~~~~~~~~~[m[K

[01m[K/home/david/yolocpp_ws/src/seg_sub/src/seg_sub.cpp:340:83:[m[K [01;31m[Kerror: [m[Kâ€˜[01m[Klat_total_e2e_ms[m[Kâ€™ was not declared in this scope
  340 | mgPub to SegSubRecv) .: " << (std::isnan([01;31m[Klat_total_e2e_ms[m[K) ? "NaN" : std::to_string(lat_total_e2e_ms)) << "\n";
      |                                          [01;31m[K^~~~~~~~~~~~~~~~[m[K

[01m[K/home/david/yolocpp_ws/src/seg_sub/src/seg_sub.cpp:342:83:[m[K [01;31m[Kerror: [m[Kâ€˜[01m[Kt0_spread_ms[m[Kâ€™ was not declared in this scope
  342 | ublisher).............: " << (std::isnan([01;31m[Kt0_spread_ms[m[K) ? "N/A" : std::to_string(t0_spread_ms)) << "\n";
      |                                          [01;31m[K^~~~~~~~~~~~[m[K

[01m[K/home/david/yolocpp_ws/src/seg_sub/src/seg_sub.cpp:343:83:[m[K [01;31m[Kerror: [m[Kâ€˜[01m[Kt1_spread_ms[m[Kâ€™ was not declared in this scope
  343 | egNode CB Entry)......: " << (std::isnan([01;31m[Kt1_spread_ms[m[K) ? "N/A" : std::to_string(t1_spread_ms)) << "\n";
      |                                          [01;31m[K^~~~~~~~~~~~[m[K

[01m[K/home/david/yolocpp_ws/src/seg_sub/src/seg_sub.cpp:344:83:[m[K [01;31m[Kerror: [m[Kâ€˜[01m[Kt2_spread_ms[m[Kâ€™ was not declared in this scope
  344 | egNode BatchStart)....: " << (std::isnan([01;31m[Kt2_spread_ms[m[K) ? "N/A" : std::to_string(t2_spread_ms)) << "\n";
      |                                          [01;31m[K^~~~~~~~~~~~[m[K

[01m[K/home/david/yolocpp_ws/src/seg_sub/src/seg_sub.cpp:345:82:[m[K [01;31m[Kerror: [m[Kâ€˜[01m[Kt2a_spread_ms[m[Kâ€™ was not declared in this scope
  345 | (SegNode InfStart)....: " << (std::isnan([01;31m[Kt2a_spread_ms[m[K) ? "N/A" : std::to_string(t2a_spread_ms)) << "\n";
      |                                          [01;31m[K^~~~~~~~~~~~~[m[K

[01m[K/home/david/yolocpp_ws/src/seg_sub/src/seg_sub.cpp:346:83:[m[K [01;31m[Kerror: [m[Kâ€˜[01m[Kt2b_spread_ms[m[Kâ€™ was not declared in this scope
  346 | SegNode InfEnd).......: " << (std::isnan([01;31m[Kt2b_spread_ms[m[K) ? "N/A" : std::to_string(t2b_spread_ms)) << "\n";
      |                                          [01;31m[K^~~~~~~~~~~~~[m[K

[01m[K/home/david/yolocpp_ws/src/seg_sub/src/seg_sub.cpp:347:83:[m[K [01;31m[Kerror: [m[Kâ€˜[01m[Kt3_spread_ms[m[Kâ€™ was not declared in this scope
  347 | egNode ResPub)........: " << (std::isnan([01;31m[Kt3_spread_ms[m[K) ? "N/A" : std::to_string(t3_spread_ms)) << "\n";
      |                                          [01;31m[K^~~~~~~~~~~~[m[K

[01m[K/home/david/yolocpp_ws/src/seg_sub/src/seg_sub.cpp:348:83:[m[K [01;31m[Kerror: [m[Kâ€˜[01m[Kt4_spread_ms[m[Kâ€™ was not declared in this scope
  348 | egSub Recv)...........: " << (std::isnan([01;31m[Kt4_spread_ms[m[K) ? "N/A" : std::to_string(t4_spread_ms)) << "\n";
      |                                          [01;31m[K^~~~~~~~~~~~[m[K

[01m[K/home/david/yolocpp_ws/src/seg_sub/src/seg_sub.cpp:350:83:[m[K [01;31m[Kerror: [m[Kâ€˜[01m[Ksum_individual_inf_dur_ms[m[Kâ€™ was not declared in this scope
  350 | al Inf Durations (S)..: " << (std::isnan([01;31m[Ksum_individual_inf_dur_ms[m[K) ? "N/A" : std::to_string(sum_individual_inf_dur_ms)) << "\n";
      |                                          [01;31m[K^~~~~~~~~~~~~~~~~~~~~~~~~[m[K

[01m[K/home/david/yolocpp_ws/src/seg_sub/src/seg_sub.cpp:351:83:[m[K [01;31m[Kerror: [m[Kâ€˜[01m[Ktotal_batch_inf_span_ms[m[Kâ€™ was not declared in this scope
  351 | Inf Span (P)..........: " << (std::isnan([01;31m[Ktotal_batch_inf_span_ms[m[K) ? "N/A" : std::to_string(total_batch_inf_span_ms)) << "\n";
      |                                          [01;31m[K^~~~~~~~~~~~~~~~~~~~~~~[m[K

[01m[K/home/david/yolocpp_ws/src/seg_sub/src/seg_sub.cpp:352:83:[m[K [01;31m[Kerror: [m[Kâ€˜[01m[Kinf_overlap_time_ms[m[Kâ€™ was not declared in this scope
  352 | erlap Time (S-P)......: " << (std::isnan([01;31m[Kinf_overlap_time_ms[m[K) ? "N/A" : std::to_string(inf_overlap_time_ms)) << "\n";
      |                                          [01;31m[K^~~~~~~~~~~~~~~~~~~[m[K

[01m[K/home/david/yolocpp_ws/src/seg_sub/src/seg_sub.cpp:353:82:[m[K [01;31m[Kerror: [m[Kâ€˜[01m[Kparallel_overlap_pct[m[Kâ€™ was not declared in this scope
  353 | erlap Pct ((S-P)/S)...: " << (std::isnan([01;31m[Kparallel_overlap_pct[m[K) ? "N/A" : std::to_string(parallel_overlap_pct)) << " %\n";
      |                                          [01;31m[K^~~~~~~~~~~~~~~~~~~~[m[K

[01m[K/home/david/yolocpp_ws/src/seg_sub/src/seg_sub.cpp:354:83:[m[K [01;31m[Kerror: [m[Kâ€˜[01m[Kinf_concurrency_factor[m[Kâ€™ was not declared in this scope
  354 | ncurrency (S/P).......: " << (std::isnan([01;31m[Kinf_concurrency_factor[m[K) ? "N/A" : std::to_string(inf_concurrency_factor)) << "\n";
      |                                          [01;31m[K^~~~~~~~~~~~~~~~~~~~~~[m[K

[01m[K/home/david/yolocpp_ws/src/seg_sub/src/seg_sub.cpp:390:29:[m[K [01;31m[Kerror: [m[Kâ€˜[01m[Koffset_T0_front_vs_left_ms[m[Kâ€™ was not declared in this scope; did you mean â€˜[01m[Koffset_T0_right_vs_left_ms[m[Kâ€™?
  390 |             if (!std::isnan([01;31m[Koffset_T0_front_vs_left_ms[m[K)) csv_line_stream << offset_T0_front_vs_left_ms;
      |                             [01;31m[K^~~~~~~~~~~~~~~~~~~~~~~~~~[m[K
      |                             [32m[Koffset_T0_right_vs_left_ms[m[K
[01m[K/home/david/yolocpp_ws/src/seg_sub/src/seg_sub.cpp:396:50:[m[K [01;31m[Kerror: [m[Kâ€˜[01m[Kloss_tracking_mutex_[m[Kâ€™ was not declared in this scope
  396 |         std::lock_guard<std::mutex> lock([01;31m[Kloss_tracking_mutex_[m[K);
      |                                          [01;31m[K^~~~~~~~~~~~~~~~~~~~[m[K

[01m[K/home/david/yolocpp_ws/src/seg_sub/src/seg_sub.cpp:397:20:[m[K [01;31m[Kerror: [m[Kâ€˜[01m[Klost_packets_total_count_[m[Kâ€™ was not declared in this scope
  397 |                 if([01;31m[Klost_packets_total_count_[m[K.count(camera_id)) {
      |                    [01;31m[K^~~~~~~~~~~~~~~~~~~~~~~~~[m[K
[01m[K/home/david/yolocpp_ws/src/seg_sub/src/seg_sub.cpp:403:50:[m[K [01;31m[Kerror: [m[Kâ€˜[01m[Kcsv_queue_mutex_[m[Kâ€™ was not declared in this scope
  403 |     std::lock_guard<std::mutex> csv_lock([01;31m[Kcsv_queue_mutex_[m[K);
      |                                          [01;31m[K^~~~~~~~~~~~~~~~[m[K

[01m[K/home/david/yolocpp_ws/src/seg_sub/src/seg_sub.cpp:404:13:[m[K [01;31m[Kerror: [m[Kâ€˜[01m[Kcsv_data_queue_[m[Kâ€™ was not declared in this scope
  404 |             [01;31m[Kcsv_data_queue_[m[K.push(csv_line_stream.str());
      |             [01;31m[K^~~~~~~~~~~~~~~[m[K
[01m[K/home/david/yolocpp_ws/src/seg_sub/src/seg_sub.cpp:405:13:[m[K [01;31m[Kerror: [m[Kâ€˜[01m[Kcsv_queue_cv_[m[Kâ€™ was not declared in this scope
  405 |             [01;31m[Kcsv_queue_cv_[m[K.notify_one();
      |             [01;31m[K^~~~~~~~~~~~~[m[K
[01m[K/home/david/yolocpp_ws/src/seg_sub/src/seg_sub.cpp:409:56:[m[K [01;31m[Kerror: [m[Kâ€˜[01m[Kmetrics_mutex_[m[Kâ€™ was not declared in this scope
  409 |   std::lock_guard<std::mutex> stats_lock([01;31m[Kmetrics_mutex_[m[K);
      |                                          [01;31m[K^~~~~~~~~~~~~~[m[K

[01m[K/home/david/yolocpp_ws/src/seg_sub/src/seg_sub.cpp:410:48:[m[K [01;31m[Kerror: [m[Kâ€˜[01m[Kall_metrics_[m[Kâ€™ was not declared in this scope
  410 |           if (!std::isnan(lat_t0_t1_ms)) [01;31m[Kall_metrics_[m[K[camera_id]["T0_T1_ImgPubToCB_ms"].update(lat_t0_t1_ms);
      |                                          [01;31m[K^~~~~~~~~~~~[m[K

[01m[K/home/david/yolocpp_ws/src/seg_sub/src/seg_sub.cpp:411:48:[m[K [01;31m[Kerror: [m[Kâ€˜[01m[Kall_metrics_[m[Kâ€™ was not declared in this scope
  411 |           if (!std::isnan(lat_t1_t2_ms)) [01;31m[Kall_metrics_[m[K[camera_id]["T1_T2_CBToBatchStart_ms"].update(lat_t1_t2_ms);
      |                                          [01;31m[K^~~~~~~~~~~~[m[K

[01m[K/home/david/yolocpp_ws/src/seg_sub/src/seg_sub.cpp:412:49:[m[K [01;31m[Kerror: [m[Kâ€˜[01m[Kall_metrics_[m[Kâ€™ was not declared in this scope
  412 |          if (!std::isnan(lat_t2_t2a_ms)) [01;31m[Kall_metrics_[m[K[camera_id]["T2_T2a_BatchStartToInfStart_ms"].update(lat_t2_t2a_ms);
      |                                          [01;31m[K^~~~~~~~~~~~[m[K

[01m[K/home/david/yolocpp_ws/src/seg_sub/src/seg_sub.cpp:413:50:[m[K [01;31m[Kerror: [m[Kâ€˜[01m[Kall_metrics_[m[Kâ€™ was not declared in this scope
  413 |         if (!std::isnan(lat_t2a_t2b_ms)) [01;31m[Kall_metrics_[m[K[camera_id]["T2a_T2b_InferenceDuration_ms"].update(lat_t2a_t2b_ms);
      |                                          [01;31m[K^~~~~~~~~~~~[m[K

[01m[K/home/david/yolocpp_ws/src/seg_sub/src/seg_sub.cpp:414:49:[m[K [01;31m[Kerror: [m[Kâ€˜[01m[Kall_metrics_[m[Kâ€™ was not declared in this scope
  414 |          if (!std::isnan(lat_t2b_t3_ms)) [01;31m[Kall_metrics_[m[K[camera_id]["T2b_T3_InfEndToResPub_ms"].update(lat_t2b_t3_ms);
      |                                          [01;31m[K^~~~~~~~~~~~[m[K

[01m[K/home/david/yolocpp_ws/src/seg_sub/src/seg_sub.cpp:415:48:[m[K [01;31m[Kerror: [m[Kâ€˜[01m[Kall_metrics_[m[Kâ€™ was not declared in this scope
  415 |           if (!std::isnan(lat_t3_t4_ms)) [01;31m[Kall_metrics_[m[K[camera_id]["T3_T4_ResPubToRecv_ms"].update(lat_t3_t4_ms);
      |                                          [01;31m[K^~~~~~~~~~~~[m[K

[01m[K/home/david/yolocpp_ws/src/seg_sub/src/seg_sub.cpp:416:68:[m[K [01;31m[Kerror: [m[Kâ€˜[01m[Kall_metrics_[m[Kâ€™ was not declared in this scope
  416 | isnan(lat_segnode_cb_to_segsub_recv_ms)) [01;31m[Kall_metrics_[m[K[camera_id]["Cumulative_T1_T4_ms"].update(lat_segnode_cb_to_segsub_recv_ms);
      |                                          [01;31m[K^~~~~~~~~~~~[m[K

[01m[K/home/david/yolocpp_ws/src/seg_sub/src/seg_sub.cpp:417:52:[m[K [01;31m[Kerror: [m[Kâ€˜[01m[Kall_metrics_[m[Kâ€™ was not declared in this scope
  417 |       if (!std::isnan(lat_total_e2e_ms)) [01;31m[Kall_metrics_[m[K[camera_id]["Cumulative_T0_T4_E2E_ms"].update(lat_total_e2e_ms);
      |                                          [01;31m[K^~~~~~~~~~~~[m[K

[01m[K/home/david/yolocpp_ws/src/seg_sub/src/seg_sub.cpp:419:21:[m[K [01;31m[Kerror: [m[Kâ€˜[01m[Kt0_spread_calculated_this_call[m[Kâ€™ was not declared in this scope; did you mean â€˜[01m[Kbatch_offsets_calculated_this_call[m[Kâ€™?
  419 |                 if ([01;31m[Kt0_spread_calculated_this_call[m[K && !std::isnan(t0_spread_ms)) all_metrics_["batch_global"]["T0_Spread_ms"].update(t0_spread_ms);
      |                     [01;31m[K^~~~~~~~~~~~~~~~~~~~~~~~~~~~~~[m[K
      |                     [32m[Kbatch_offsets_calculated_this_call[m[K
[01m[K/home/david/yolocpp_ws/src/seg_sub/src/seg_sub.cpp:419:82:[m[K [01;31m[Kerror: [m[Kâ€˜[01m[Kall_metrics_[m[Kâ€™ was not declared in this scope
  419 | _this_call && !std::isnan(t0_spread_ms)) [01;31m[Kall_metrics_[m[K["batch_global"]["T0_Spread_ms"].update(t0_spread_ms);
      |                                          [01;31m[K^~~~~~~~~~~~[m[K

[01m[K/home/david/yolocpp_ws/src/seg_sub/src/seg_sub.cpp:420:21:[m[K [01;31m[Kerror: [m[Kâ€˜[01m[Kt1_spread_calculated_this_call[m[Kâ€™ was not declared in this scope; did you mean â€˜[01m[Kbatch_offsets_calculated_this_call[m[Kâ€™?
  420 |                 if ([01;31m[Kt1_spread_calculated_this_call[m[K && !std::isnan(t1_spread_ms)) all_metrics_["batch_global"]["T1_Spread_ms"].update(t1_spread_ms);
      |                     [01;31m[K^~~~~~~~~~~~~~~~~~~~~~~~~~~~~~[m[K
      |                     [32m[Kbatch_offsets_calculated_this_call[m[K
[01m[K/home/david/yolocpp_ws/src/seg_sub/src/seg_sub.cpp:420:82:[m[K [01;31m[Kerror: [m[Kâ€˜[01m[Kall_metrics_[m[Kâ€™ was not declared in this scope
  420 | _this_call && !std::isnan(t1_spread_ms)) [01;31m[Kall_metrics_[m[K["batch_global"]["T1_Spread_ms"].update(t1_spread_ms);
      |                                          [01;31m[K^~~~~~~~~~~~[m[K

[01m[K/home/david/yolocpp_ws/src/seg_sub/src/seg_sub.cpp:421:21:[m[K [01;31m[Kerror: [m[Kâ€˜[01m[Kt2_spread_calculated_this_call[m[Kâ€™ was not declared in this scope; did you mean â€˜[01m[Kbatch_offsets_calculated_this_call[m[Kâ€™?
  421 |                 if ([01;31m[Kt2_spread_calculated_this_call[m[K && !std::isnan(t2_spread_ms)) all_metrics_["batch_global"]["T2_Spread_ms"].update(t2_spread_ms);
      |                     [01;31m[K^~~~~~~~~~~~~~~~~~~~~~~~~~~~~~[m[K
      |                     [32m[Kbatch_offsets_calculated_this_call[m[K
[01m[K/home/david/yolocpp_ws/src/seg_sub/src/seg_sub.cpp:421:82:[m[K [01;31m[Kerror: [m[Kâ€˜[01m[Kall_metrics_[m[Kâ€™ was not declared in this scope
  421 | _this_call && !std::isnan(t2_spread_ms)) [01;31m[Kall_metrics_[m[K["batch_global"]["T2_Spread_ms"].update(t2_spread_ms);
      |                                          [01;31m[K^~~~~~~~~~~~[m[K

[01m[K/home/david/yolocpp_ws/src/seg_sub/src/seg_sub.cpp:422:21:[m[K [01;31m[Kerror: [m[Kâ€˜[01m[Kt2a_spread_calculated_this_call[m[Kâ€™ was not declared in this scope; did you mean â€˜[01m[Kbatch_offsets_calculated_this_call[m[Kâ€™?
  422 |                 if ([01;31m[Kt2a_spread_calculated_this_call[m[K && !std::isnan(t2a_spread_ms)) all_metrics_["batch_global"]["T2a_Spread_ms"].update(t2a_spread_ms);
      |                     [01;31m[K^~~~~~~~~~~~~~~~~~~~~~~~~~~~~~~[m[K
      |                     [32m[Kbatch_offsets_calculated_this_call[m[K
[01m[K/home/david/yolocpp_ws/src/seg_sub/src/seg_sub.cpp:422:84:[m[K [01;31m[Kerror: [m[Kâ€˜[01m[Kall_metrics_[m[Kâ€™ was not declared in this scope
  422 | this_call && !std::isnan(t2a_spread_ms)) [01;31m[Kall_metrics_[m[K["batch_global"]["T2a_Spread_ms"].update(t2a_spread_ms);
      |                                          [01;31m[K^~~~~~~~~~~~[m[K

[01m[K/home/david/yolocpp_ws/src/seg_sub/src/seg_sub.cpp:423:21:[m[K [01;31m[Kerror: [m[Kâ€˜[01m[Kt2b_spread_calculated_this_call[m[Kâ€™ was not declared in this scope; did you mean â€˜[01m[Kbatch_offsets_calculated_this_call[m[Kâ€™?
  423 |                 if ([01;31m[Kt2b_spread_calculated_this_call[m[K && !std::isnan(t2b_spread_ms)) all_metrics_["batch_global"]["T2b_Spread_ms"].update(t2b_spread_ms);
      |                     [01;31m[K^~~~~~~~~~~~~~~~~~~~~~~~~~~~~~~[m[K
      |                     [32m[Kbatch_offsets_calculated_this_call[m[K
[01m[K/home/david/yolocpp_ws/src/seg_sub/src/seg_sub.cpp:423:84:[m[K [01;31m[Kerror: [m[Kâ€˜[01m[Kall_metrics_[m[Kâ€™ was not declared in this scope
  423 | this_call && !std::isnan(t2b_spread_ms)) [01;31m[Kall_metrics_[m[K["batch_global"]["T2b_Spread_ms"].update(t2b_spread_ms);
      |                                          [01;31m[K^~~~~~~~~~~~[m[K

[01m[K/home/david/yolocpp_ws/src/seg_sub/src/seg_sub.cpp:424:21:[m[K [01;31m[Kerror: [m[Kâ€˜[01m[Kt3_spread_calculated_this_call[m[Kâ€™ was not declared in this scope; did you mean â€˜[01m[Kbatch_offsets_calculated_this_call[m[Kâ€™?
  424 |                 if ([01;31m[Kt3_spread_calculated_this_call[m[K && !std::isnan(t3_spread_ms)) all_metrics_["batch_global"]["T3_Spread_ms"].update(t3_spread_ms);
      |                     [01;31m[K^~~~~~~~~~~~~~~~~~~~~~~~~~~~~~[m[K
      |                     [32m[Kbatch_offsets_calculated_this_call[m[K
[01m[K/home/david/yolocpp_ws/src/seg_sub/src/seg_sub.cpp:424:82:[m[K [01;31m[Kerror: [m[Kâ€˜[01m[Kall_metrics_[m[Kâ€™ was not declared in this scope
  424 | _this_call && !std::isnan(t3_spread_ms)) [01;31m[Kall_metrics_[m[K["batch_global"]["T3_Spread_ms"].update(t3_spread_ms);
      |                                          [01;31m[K^~~~~~~~~~~~[m[K

[01m[K/home/david/yolocpp_ws/src/seg_sub/src/seg_sub.cpp:425:21:[m[K [01;31m[Kerror: [m[Kâ€˜[01m[Kt4_spread_calculated_this_call[m[Kâ€™ was not declared in this scope; did you mean â€˜[01m[Kbatch_offsets_calculated_this_call[m[Kâ€™?
  425 |                 if ([01;31m[Kt4_spread_calculated_this_call[m[K && !std::isnan(t4_spread_ms)) all_metrics_["batch_global"]["T4_Spread_ms"].update(t4_spread_ms);
      |                     [01;31m[K^~~~~~~~~~~~~~~~~~~~~~~~~~~~~~[m[K
      |                     [32m[Kbatch_offsets_calculated_this_call[m[K
[01m[K/home/david/yolocpp_ws/src/seg_sub/src/seg_sub.cpp:425:82:[m[K [01;31m[Kerror: [m[Kâ€˜[01m[Kall_metrics_[m[Kâ€™ was not declared in this scope
  425 | _this_call && !std::isnan(t4_spread_ms)) [01;31m[Kall_metrics_[m[K["batch_global"]["T4_Spread_ms"].update(t4_spread_ms);
      |                                          [01;31m[K^~~~~~~~~~~~[m[K

[01m[K/home/david/yolocpp_ws/src/seg_sub/src/seg_sub.cpp:429:37:[m[K [01;31m[Kerror: [m[Kâ€˜[01m[Koffset_T0_front_vs_left_ms[m[Kâ€™ was not declared in this scope; did you mean â€˜[01m[Koffset_T0_right_vs_left_ms[m[Kâ€™?
  429 |                     if (!std::isnan([01;31m[Koffset_T0_front_vs_left_ms[m[K)) {
      |                                     [01;31m[K^~~~~~~~~~~~~~~~~~~~~~~~~~[m[K
      |                                     [32m[Koffset_T0_right_vs_left_ms[m[K
[01m[K/home/david/yolocpp_ws/src/seg_sub/src/seg_sub.cpp:430:25:[m[K [01;31m[Kerror: [m[Kâ€˜[01m[Kall_metrics_[m[Kâ€™ was not declared in this scope
  430 |                         [01;31m[Kall_metrics_[m[K["batch_global"]["OffsetT0_FrontVsLeft_ms"].update(offset_T0_front_vs_left_ms);
      |                         [01;31m[K^~~~~~~~~~~~[m[K
[01m[K/home/david/yolocpp_ws/src/seg_sub/src/seg_sub.cpp:433:25:[m[K [01;31m[Kerror: [m[Kâ€˜[01m[Kall_metrics_[m[Kâ€™ was not declared in this scope
  433 |                         [01;31m[Kall_metrics_[m[K["batch_global"]["OffsetT0_RightVsLeft_ms"].update(offset_T0_right_vs_left_ms);
      |                         [01;31m[K^~~~~~~~~~~~[m[K
[01m[K/home/david/yolocpp_ws/src/seg_sub/src/seg_sub.cpp:441:50:[m[K [01;31m[Kerror: [m[Kâ€˜[01m[Kmsg_count_mutex_left_[m[Kâ€™ was not declared in this scope
  441 |         std::lock_guard<std::mutex> lock([01;31m[Kmsg_count_mutex_left_[m[K);
      |                                          [01;31m[K^~~~~~~~~~~~~~~~~~~~~[m[K

[01m[K/home/david/yolocpp_ws/src/seg_sub/src/seg_sub.cpp:442:17:[m[K [01;31m[Kerror: [m[Kâ€˜[01m[Kcount_left_[m[Kâ€™ was not declared in this scope
  442 |                 [01;31m[Kcount_left_[m[K++;
      |                 [01;31m[K^~~~~~~~~~~[m[K
[01m[K/home/david/yolocpp_ws/src/seg_sub/src/seg_sub.cpp:446:50:[m[K [01;31m[Kerror: [m[Kâ€˜[01m[Kmsg_count_mutex_front_[m[Kâ€™ was not declared in this scope
  446 |         std::lock_guard<std::mutex> lock([01;31m[Kmsg_count_mutex_front_[m[K);
      |                                          [01;31m[K^~~~~~~~~~~~~~~~~~~~~~[m[K

[01m[K/home/david/yolocpp_ws/src/seg_sub/src/seg_sub.cpp:447:17:[m[K [01;31m[Kerror: [m[Kâ€˜[01m[Kcount_front_[m[Kâ€™ was not declared in this scope
  447 |                 [01;31m[Kcount_front_[m[K++;
      |                 [01;31m[K^~~~~~~~~~~~[m[K
[01m[K/home/david/yolocpp_ws/src/seg_sub/src/seg_sub.cpp:451:50:[m[K [01;31m[Kerror: [m[Kâ€˜[01m[Kmsg_count_mutex_right_[m[Kâ€™ was not declared in this scope
  451 |         std::lock_guard<std::mutex> lock([01;31m[Kmsg_count_mutex_right_[m[K);
      |                                          [01;31m[K^~~~~~~~~~~~~~~~~~~~~~[m[K

[01m[K/home/david/yolocpp_ws/src/seg_sub/src/seg_sub.cpp:452:17:[m[K [01;31m[Kerror: [m[Kâ€˜[01m[Kcount_right_[m[Kâ€™ was not declared in this scope
  452 |                 [01;31m[Kcount_right_[m[K++;
      |                 [01;31m[K^~~~~~~~~~~~[m[K
[01m[K/home/david/yolocpp_ws/src/seg_sub/src/seg_sub.cpp:[m[K At global scope:
[01m[K/home/david/yolocpp_ws/src/seg_sub/src/seg_sub.cpp:489:5:[m[K [01;31m[Kerror: [m[Kdeclaration of â€˜[01m[K~ FrequencySubscriber[m[Kâ€™ as non-member
  489 |     [01;31m[K~FrequencySubscriber[m[K()
      |     [01;31m[K^~~~~~~~~~~~~~~~~~~~[m[K
[01m[K/home/david/yolocpp_ws/src/seg_sub/src/seg_sub.cpp:503:1:[m[K [01;31m[Kerror: [m[Kexpected unqualified-id before â€˜[01m[Kprivate[m[Kâ€™
  503 | [01;31m[Kprivate[m[K:
      | [01;31m[K^~~~~~~[m[K
In file included from [01m[K/opt/ros/humble/include/rclcpp/rclcpp/client.hpp:40[m[K,
                 from [01m[K/opt/ros/humble/include/rclcpp/rclcpp/callback_group.hpp:24[m[K,
                 from [01m[K/opt/ros/humble/include/rclcpp/rclcpp/any_executable.hpp:20[m[K,
                 from [01m[K/opt/ros/humble/include/rclcpp/rclcpp/memory_strategy.hpp:25[m[K,
                 from [01m[K/opt/ros/humble/include/rclcpp/rclcpp/memory_strategies.hpp:18[m[K,
                 from [01m[K/opt/ros/humble/include/rclcpp/rclcpp/executor_options.hpp:20[m[K,
                 from [01m[K/opt/ros/humble/include/rclcpp/rclcpp/executor.hpp:37[m[K,
                 from [01m[K/opt/ros/humble/include/rclcpp/rclcpp/executors/multi_threaded_executor.hpp:25[m[K,
                 from [01m[K/opt/ros/humble/include/rclcpp/rclcpp/executors.hpp:21[m[K,
                 from [01m[K/opt/ros/humble/include/rclcpp/rclcpp/rclcpp.hpp:155[m[K,
                 from [01m[K/home/david/yolocpp_ws/src/seg_sub/src/seg_sub.cpp:1[m[K:
[01m[K/home/david/yolocpp_ws/src/seg_sub/src/seg_sub.cpp:[m[K In function â€˜[01m[Kvoid csvWriterLoop()[m[Kâ€™:
[01m[K/home/david/yolocpp_ws/src/seg_sub/src/seg_sub.cpp:546:25:[m[K [01;31m[Kerror: [m[Kinvalid use of â€˜[01m[Kthis[m[Kâ€™ in non-member function
  546 |             RCLCPP_INFO([01;31m[Kthis[m[K->get_logger(), "Logging latency data to latency_log.csv");
      |                         [01;31m[K^~~~[m[K
[01m[K/home/david/yolocpp_ws/src/seg_sub/src/seg_sub.cpp:546:25:[m[K [01;31m[Kerror: [m[Kinvalid use of â€˜[01m[Kthis[m[Kâ€™ in non-member function
[01m[K/home/david/yolocpp_ws/src/seg_sub/src/seg_sub.cpp:546:13:[m[K [01;31m[Kerror: [m[Ktemplate argument 1 is invalid
  546 |             [01;31m[KRCLCPP_INFO[m[K(this->get_logger(), "Logging latency data to latency_log.csv");
      |             [01;31m[K^~~~~~~~~~~[m[K
[01m[K/home/david/yolocpp_ws/src/seg_sub/src/seg_sub.cpp:546:13:[m[K [01;31m[Kerror: [m[Ktemplate argument 1 is invalid
  546 |             [01;31m[KRCLCPP_INFO[m[K(this->get_logger(), "Logging latency data to latency_log.csv");
      |             [01;31m[K^~~~~~~~~~~[m[K
[01m[K/home/david/yolocpp_ws/src/seg_sub/src/seg_sub.cpp:546:13:[m[K [01;31m[Kerror: [m[Ktemplate argument 1 is invalid
  546 |             [01;31m[KRCLCPP_INFO[m[K(this->get_logger(), "Logging latency data to latency_log.csv");
      |             [01;31m[K^~~~~~~~~~~[m[K
In file included from [01m[K/opt/ros/humble/include/rclcpp/rclcpp/logging.hpp:24[m[K,
                 from [01m[K/opt/ros/humble/include/rclcpp/rclcpp/client.hpp:40[m[K,
                 from [01m[K/opt/ros/humble/include/rclcpp/rclcpp/callback_group.hpp:24[m[K,
                 from [01m[K/opt/ros/humble/include/rclcpp/rclcpp/any_executable.hpp:20[m[K,
                 from [01m[K/opt/ros/humble/include/rclcpp/rclcpp/memory_strategy.hpp:25[m[K,
                 from [01m[K/opt/ros/humble/include/rclcpp/rclcpp/memory_strategies.hpp:18[m[K,
                 from [01m[K/opt/ros/humble/include/rclcpp/rclcpp/executor_options.hpp:20[m[K,
                 from [01m[K/opt/ros/humble/include/rclcpp/rclcpp/executor.hpp:37[m[K,
                 from [01m[K/opt/ros/humble/include/rclcpp/rclcpp/executors/multi_threaded_executor.hpp:25[m[K,
                 from [01m[K/opt/ros/humble/include/rclcpp/rclcpp/executors.hpp:21[m[K,
                 from [01m[K/opt/ros/humble/include/rclcpp/rclcpp/rclcpp.hpp:155[m[K,
                 from [01m[K/home/david/yolocpp_ws/src/seg_sub/src/seg_sub.cpp:1[m[K:
[01m[K/home/david/yolocpp_ws/src/seg_sub/src/seg_sub.cpp:546:25:[m[K [01;31m[Kerror: [m[Kinvalid use of â€˜[01m[Kthis[m[Kâ€™ in non-member function
  546 |             RCLCPP_INFO([01;31m[Kthis[m[K->get_logger(), "Logging latency data to latency_log.csv");
      |                         [01;31m[K^~~~[m[K
[01m[K/home/david/yolocpp_ws/src/seg_sub/src/seg_sub.cpp:546:25:[m[K [01;31m[Kerror: [m[Kinvalid use of â€˜[01m[Kthis[m[Kâ€™ in non-member function
  546 |             RCLCPP_INFO([01;31m[Kthis[m[K->get_logger(), "Logging latency data to latency_log.csv");
      |                         [01;31m[K^~~~[m[K
[01m[K/home/david/yolocpp_ws/src/seg_sub/src/seg_sub.cpp:553:51:[m[K [01;31m[Kerror: [m[Kâ€˜[01m[Kcsv_queue_mutex_[m[Kâ€™ was not declared in this scope
  553 |        std::unique_lock<std::mutex> lock([01;31m[Kcsv_queue_mutex_[m[K);
      |                                          [01;31m[K^~~~~~~~~~~~~~~~[m[K

[01m[K/home/david/yolocpp_ws/src/seg_sub/src/seg_sub.cpp:554:17:[m[K [01;31m[Kerror: [m[Kâ€˜[01m[Kcsv_queue_cv_[m[Kâ€™ was not declared in this scope
  554 |                 [01;31m[Kcsv_queue_cv_[m[K.wait(lock, [this] {
      |                 [01;31m[K^~~~~~~~~~~~~[m[K
[01m[K/home/david/yolocpp_ws/src/seg_sub/src/seg_sub.cpp:554:43:[m[K [01;31m[Kerror: [m[Kinvalid use of â€˜[01m[Kthis[m[Kâ€™ in non-member function
  554 |                 csv_queue_cv_.wait(lock, [[01;31m[Kthis[m[K] {
      |                                           [01;31m[K^~~~[m[K
[01m[K/home/david/yolocpp_ws/src/seg_sub/src/seg_sub.cpp:[m[K In lambda function:
[01m[K/home/david/yolocpp_ws/src/seg_sub/src/seg_sub.cpp:555:28:[m[K [01;31m[Kerror: [m[Kâ€˜[01m[Kstop_csv_writer_thread_[m[Kâ€™ was not declared in this scope
  555 |                     return [01;31m[Kstop_csv_writer_thread_[m[K || !csv_data_queue_.empty();
      |                            [01;31m[K^~~~~~~~~~~~~~~~~~~~~~~[m[K
[01m[K/home/david/yolocpp_ws/src/seg_sub/src/seg_sub.cpp:555:56:[m[K [01;31m[Kerror: [m[Kâ€˜[01m[Kcsv_data_queue_[m[Kâ€™ was not declared in this scope
  555 |       return stop_csv_writer_thread_ || ![01;31m[Kcsv_data_queue_[m[K.empty();
      |                                          [01;31m[K^~~~~~~~~~~~~~~[m[K

[01m[K/home/david/yolocpp_ws/src/seg_sub/src/seg_sub.cpp:[m[K In function â€˜[01m[Kvoid csvWriterLoop()[m[Kâ€™:
[01m[K/home/david/yolocpp_ws/src/seg_sub/src/seg_sub.cpp:558:21:[m[K [01;31m[Kerror: [m[Kâ€˜[01m[Kstop_csv_writer_thread_[m[Kâ€™ was not declared in this scope
  558 |                 if ([01;31m[Kstop_csv_writer_thread_[m[K && csv_data_queue_.empty())
      |                     [01;31m[K^~~~~~~~~~~~~~~~~~~~~~~[m[K
[01m[K/home/david/yolocpp_ws/src/seg_sub/src/seg_sub.cpp:558:48:[m[K [01;31m[Kerror: [m[Kâ€˜[01m[Kcsv_data_queue_[m[Kâ€™ was not declared in this scope
  558 |           if (stop_csv_writer_thread_ && [01;31m[Kcsv_data_queue_[m[K.empty())
      |                                          [01;31m[K^~~~~~~~~~~~~~~[m[K

[01m[K/home/david/yolocpp_ws/src/seg_sub/src/seg_sub.cpp:563:22:[m[K [01;31m[Kerror: [m[Kâ€˜[01m[Kcsv_data_queue_[m[Kâ€™ was not declared in this scope
  563 |                 if (![01;31m[Kcsv_data_queue_[m[K.empty())
      |                      [01;31m[K^~~~~~~~~~~~~~~[m[K
In file included from [01m[K/opt/ros/humble/include/rclcpp/rclcpp/client.hpp:40[m[K,
                 from [01m[K/opt/ros/humble/include/rclcpp/rclcpp/callback_group.hpp:24[m[K,
                 from [01m[K/opt/ros/humble/include/rclcpp/rclcpp/any_executable.hpp:20[m[K,
                 from [01m[K/opt/ros/humble/include/rclcpp/rclcpp/memory_strategy.hpp:25[m[K,
                 from [01m[K/opt/ros/humble/include/rclcpp/rclcpp/memory_strategies.hpp:18[m[K,
                 from [01m[K/opt/ros/humble/include/rclcpp/rclcpp/executor_options.hpp:20[m[K,
                 from [01m[K/opt/ros/humble/include/rclcpp/rclcpp/executor.hpp:37[m[K,
                 from [01m[K/opt/ros/humble/include/rclcpp/rclcpp/executors/multi_threaded_executor.hpp:25[m[K,
                 from [01m[K/opt/ros/humble/include/rclcpp/rclcpp/executors.hpp:21[m[K,
                 from [01m[K/opt/ros/humble/include/rclcpp/rclcpp/rclcpp.hpp:155[m[K,
                 from [01m[K/home/david/yolocpp_ws/src/seg_sub/src/seg_sub.cpp:1[m[K:
[01m[K/home/david/yolocpp_ws/src/seg_sub/src/seg_sub.cpp:579:25:[m[K [01;31m[Kerror: [m[Kinvalid use of â€˜[01m[Kthis[m[Kâ€™ in non-member function
  579 |             RCLCPP_INFO([01;31m[Kthis[m[K->get_logger(), "CSV writer thread: Closed latency_log.csv");
      |                         [01;31m[K^~~~[m[K
[01m[K/home/david/yolocpp_ws/src/seg_sub/src/seg_sub.cpp:579:25:[m[K [01;31m[Kerror: [m[Kinvalid use of â€˜[01m[Kthis[m[Kâ€™ in non-member function
[01m[K/home/david/yolocpp_ws/src/seg_sub/src/seg_sub.cpp:579:13:[m[K [01;31m[Kerror: [m[Ktemplate argument 1 is invalid
  579 |             [01;31m[KRCLCPP_INFO[m[K(this->get_logger(), "CSV writer thread: Closed latency_log.csv");
      |             [01;31m[K^~~~~~~~~~~[m[K
[01m[K/home/david/yolocpp_ws/src/seg_sub/src/seg_sub.cpp:579:13:[m[K [01;31m[Kerror: [m[Ktemplate argument 1 is invalid
  579 |             [01;31m[KRCLCPP_INFO[m[K(this->get_logger(), "CSV writer thread: Closed latency_log.csv");
      |             [01;31m[K^~~~~~~~~~~[m[K
[01m[K/home/david/yolocpp_ws/src/seg_sub/src/seg_sub.cpp:579:13:[m[K [01;31m[Kerror: [m[Ktemplate argument 1 is invalid
  579 |             [01;31m[KRCLCPP_INFO[m[K(this->get_logger(), "CSV writer thread: Closed latency_log.csv");
      |             [01;31m[K^~~~~~~~~~~[m[K
In file included from [01m[K/opt/ros/humble/include/rclcpp/rclcpp/logging.hpp:24[m[K,
                 from [01m[K/opt/ros/humble/include/rclcpp/rclcpp/client.hpp:40[m[K,
                 from [01m[K/opt/ros/humble/include/rclcpp/rclcpp/callback_group.hpp:24[m[K,
                 from [01m[K/opt/ros/humble/include/rclcpp/rclcpp/any_executable.hpp:20[m[K,
                 from [01m[K/opt/ros/humble/include/rclcpp/rclcpp/memory_strategy.hpp:25[m[K,
                 from [01m[K/opt/ros/humble/include/rclcpp/rclcpp/memory_strategies.hpp:18[m[K,
                 from [01m[K/opt/ros/humble/include/rclcpp/rclcpp/executor_options.hpp:20[m[K,
                 from [01m[K/opt/ros/humble/include/rclcpp/rclcpp/executor.hpp:37[m[K,
                 from [01m[K/opt/ros/humble/include/rclcpp/rclcpp/executors/multi_threaded_executor.hpp:25[m[K,
                 from [01m[K/opt/ros/humble/include/rclcpp/rclcpp/executors.hpp:21[m[K,
                 from [01m[K/opt/ros/humble/include/rclcpp/rclcpp/rclcpp.hpp:155[m[K,
                 from [01m[K/home/david/yolocpp_ws/src/seg_sub/src/seg_sub.cpp:1[m[K:
[01m[K/home/david/yolocpp_ws/src/seg_sub/src/seg_sub.cpp:579:25:[m[K [01;31m[Kerror: [m[Kinvalid use of â€˜[01m[Kthis[m[Kâ€™ in non-member function
  579 |             RCLCPP_INFO([01;31m[Kthis[m[K->get_logger(), "CSV writer thread: Closed latency_log.csv");
      |                         [01;31m[K^~~~[m[K
[01m[K/home/david/yolocpp_ws/src/seg_sub/src/seg_sub.cpp:579:25:[m[K [01;31m[Kerror: [m[Kinvalid use of â€˜[01m[Kthis[m[Kâ€™ in non-member function
  579 |             RCLCPP_INFO([01;31m[Kthis[m[K->get_logger(), "CSV writer thread: Closed latency_log.csv");
      |                         [01;31m[K^~~~[m[K
[01m[K/home/david/yolocpp_ws/src/seg_sub/src/seg_sub.cpp:[m[K In function â€˜[01m[Kvoid initialize_colors()[m[Kâ€™:
[01m[K/home/david/yolocpp_ws/src/seg_sub/src/seg_sub.cpp:584:13:[m[K [01;31m[Kerror: [m[Kâ€˜[01m[Kclass_colors_[m[Kâ€™ was not declared in this scope
  584 |             [01;31m[Kclass_colors_[m[K.push_back(cv::Scalar(255, 0, 0));     // Blue
      |             [01;31m[K^~~~~~~~~~~~~[m[K
In file included from [01m[K/opt/ros/humble/include/rclcpp/rclcpp/client.hpp:40[m[K,
                 from [01m[K/opt/ros/humble/include/rclcpp/rclcpp/callback_group.hpp:24[m[K,
                 from [01m[K/opt/ros/humble/include/rclcpp/rclcpp/any_executable.hpp:20[m[K,
                 from [01m[K/opt/ros/humble/include/rclcpp/rclcpp/memory_strategy.hpp:25[m[K,
                 from [01m[K/opt/ros/humble/include/rclcpp/rclcpp/memory_strategies.hpp:18[m[K,
                 from [01m[K/opt/ros/humble/include/rclcpp/rclcpp/executor_options.hpp:20[m[K,
                 from [01m[K/opt/ros/humble/include/rclcpp/rclcpp/executor.hpp:37[m[K,
                 from [01m[K/opt/ros/humble/include/rclcpp/rclcpp/executors/multi_threaded_executor.hpp:25[m[K,
                 from [01m[K/opt/ros/humble/include/rclcpp/rclcpp/executors.hpp:21[m[K,
                 from [01m[K/opt/ros/humble/include/rclcpp/rclcpp/rclcpp.hpp:155[m[K,
                 from [01m[K/home/david/yolocpp_ws/src/seg_sub/src/seg_sub.cpp:1[m[K:
[01m[K/home/david/yolocpp_ws/src/seg_sub/src/seg_sub.cpp:[m[K In function â€˜[01m[Kvoid save_anomalous_frame_and_log(const SharedPtr&, const string&, const timespec&, const timespec&, double)[m[Kâ€™:
[01m[K/home/david/yolocpp_ws/src/seg_sub/src/seg_sub.cpp:629:26:[m[K [01;31m[Kerror: [m[Kinvalid use of â€˜[01m[Kthis[m[Kâ€™ in non-member function
  629 |             RCLCPP_ERROR([01;31m[Kthis[m[K->get_logger(), "[%s] cv_bridge exception for mask (MsgT1: %u.%09u): %s",
      |                          [01;31m[K^~~~[m[K
[01m[K/home/david/yolocpp_ws/src/seg_sub/src/seg_sub.cpp:629:26:[m[K [01;31m[Kerror: [m[Kinvalid use of â€˜[01m[Kthis[m[Kâ€™ in non-member function
[01m[K/home/david/yolocpp_ws/src/seg_sub/src/seg_sub.cpp:629:13:[m[K [01;31m[Kerror: [m[Ktemplate argument 1 is invalid
  629 |             [01;31m[KRCLCPP_ERROR[m[K(this->get_logger(), "[%s] cv_bridge exception for mask (MsgT1: %u.%09u): %s",
      |             [01;31m[K^~~~~~~~~~~~[m[K
[01m[K/home/david/yolocpp_ws/src/seg_sub/src/seg_sub.cpp:629:13:[m[K [01;31m[Kerror: [m[Ktemplate argument 1 is invalid
  629 |             [01;31m[KRCLCPP_ERROR[m[K(this->get_logger(), "[%s] cv_bridge exception for mask (MsgT1: %u.%09u): %s",
      |             [01;31m[K^~~~~~~~~~~~[m[K
[01m[K/home/david/yolocpp_ws/src/seg_sub/src/seg_sub.cpp:629:13:[m[K [01;31m[Kerror: [m[Ktemplate argument 1 is invalid
  629 |             [01;31m[KRCLCPP_ERROR[m[K(this->get_logger(), "[%s] cv_bridge exception for mask (MsgT1: %u.%09u): %s",
      |             [01;31m[K^~~~~~~~~~~~[m[K
In file included from [01m[K/opt/ros/humble/include/rclcpp/rclcpp/logging.hpp:24[m[K,
                 from [01m[K/opt/ros/humble/include/rclcpp/rclcpp/client.hpp:40[m[K,
                 from [01m[K/opt/ros/humble/include/rclcpp/rclcpp/callback_group.hpp:24[m[K,
                 from [01m[K/opt/ros/humble/include/rclcpp/rclcpp/any_executable.hpp:20[m[K,
                 from [01m[K/opt/ros/humble/include/rclcpp/rclcpp/memory_strategy.hpp:25[m[K,
                 from [01m[K/opt/ros/humble/include/rclcpp/rclcpp/memory_strategies.hpp:18[m[K,
                 from [01m[K/opt/ros/humble/include/rclcpp/rclcpp/executor_options.hpp:20[m[K,
                 from [01m[K/opt/ros/humble/include/rclcpp/rclcpp/executor.hpp:37[m[K,
                 from [01m[K/opt/ros/humble/include/rclcpp/rclcpp/executors/multi_threaded_executor.hpp:25[m[K,
                 from [01m[K/opt/ros/humble/include/rclcpp/rclcpp/executors.hpp:21[m[K,
                 from [01m[K/opt/ros/humble/include/rclcpp/rclcpp/rclcpp.hpp:155[m[K,
                 from [01m[K/home/david/yolocpp_ws/src/seg_sub/src/seg_sub.cpp:1[m[K:
[01m[K/home/david/yolocpp_ws/src/seg_sub/src/seg_sub.cpp:629:26:[m[K [01;31m[Kerror: [m[Kinvalid use of â€˜[01m[Kthis[m[Kâ€™ in non-member function
  629 |             RCLCPP_ERROR([01;31m[Kthis[m[K->get_logger(), "[%s] cv_bridge exception for mask (MsgT1: %u.%09u): %s",
      |                          [01;31m[K^~~~[m[K
[01m[K/home/david/yolocpp_ws/src/seg_sub/src/seg_sub.cpp:629:26:[m[K [01;31m[Kerror: [m[Kinvalid use of â€˜[01m[Kthis[m[Kâ€™ in non-member function
  629 |             RCLCPP_ERROR([01;31m[Kthis[m[K->get_logger(), "[%s] cv_bridge exception for mask (MsgT1: %u.%09u): %s",
      |                          [01;31m[K^~~~[m[K
In file included from [01m[K/opt/ros/humble/include/rclcpp/rclcpp/client.hpp:40[m[K,
                 from [01m[K/opt/ros/humble/include/rclcpp/rclcpp/callback_group.hpp:24[m[K,
                 from [01m[K/opt/ros/humble/include/rclcpp/rclcpp/any_executable.hpp:20[m[K,
                 from [01m[K/opt/ros/humble/include/rclcpp/rclcpp/memory_strategy.hpp:25[m[K,
                 from [01m[K/opt/ros/humble/include/rclcpp/rclcpp/memory_strategies.hpp:18[m[K,
                 from [01m[K/opt/ros/humble/include/rclcpp/rclcpp/executor_options.hpp:20[m[K,
                 from [01m[K/opt/ros/humble/include/rclcpp/rclcpp/executor.hpp:37[m[K,
                 from [01m[K/opt/ros/humble/include/rclcpp/rclcpp/executors/multi_threaded_executor.hpp:25[m[K,
                 from [01m[K/opt/ros/humble/include/rclcpp/rclcpp/executors.hpp:21[m[K,
                 from [01m[K/opt/ros/humble/include/rclcpp/rclcpp/rclcpp.hpp:155[m[K,
                 from [01m[K/home/david/yolocpp_ws/src/seg_sub/src/seg_sub.cpp:1[m[K:
[01m[K/home/david/yolocpp_ws/src/seg_sub/src/seg_sub.cpp:635:26:[m[K [01;31m[Kerror: [m[Kinvalid use of â€˜[01m[Kthis[m[Kâ€™ in non-member function
  635 |             RCLCPP_ERROR([01;31m[Kthis[m[K->get_logger(), "[%s] Failed to convert mask to CvImage or mask is empty (MsgT1: %u.%09u).",
      |                          [01;31m[K^~~~[m[K
[01m[K/home/david/yolocpp_ws/src/seg_sub/src/seg_sub.cpp:635:26:[m[K [01;31m[Kerror: [m[Kinvalid use of â€˜[01m[Kthis[m[Kâ€™ in non-member function
[01m[K/home/david/yolocpp_ws/src/seg_sub/src/seg_sub.cpp:635:13:[m[K [01;31m[Kerror: [m[Ktemplate argument 1 is invalid
  635 |             [01;31m[KRCLCPP_ERROR[m[K(this->get_logger(), "[%s] Failed to convert mask to CvImage or mask is empty (MsgT1: %u.%09u).",
      |             [01;31m[K^~~~~~~~~~~~[m[K
[01m[K/home/david/yolocpp_ws/src/seg_sub/src/seg_sub.cpp:635:13:[m[K [01;31m[Kerror: [m[Ktemplate argument 1 is invalid
  635 |             [01;31m[KRCLCPP_ERROR[m[K(this->get_logger(), "[%s] Failed to convert mask to CvImage or mask is empty (MsgT1: %u.%09u).",
      |             [01;31m[K^~~~~~~~~~~~[m[K
[01m[K/home/david/yolocpp_ws/src/seg_sub/src/seg_sub.cpp:635:13:[m[K [01;31m[Kerror: [m[Ktemplate argument 1 is invalid
  635 |             [01;31m[KRCLCPP_ERROR[m[K(this->get_logger(), "[%s] Failed to convert mask to CvImage or mask is empty (MsgT1: %u.%09u).",
      |             [01;31m[K^~~~~~~~~~~~[m[K
In file included from [01m[K/opt/ros/humble/include/rclcpp/rclcpp/logging.hpp:24[m[K,
                 from [01m[K/opt/ros/humble/include/rclcpp/rclcpp/client.hpp:40[m[K,
                 from [01m[K/opt/ros/humble/include/rclcpp/rclcpp/callback_group.hpp:24[m[K,
                 from [01m[K/opt/ros/humble/include/rclcpp/rclcpp/any_executable.hpp:20[m[K,
                 from [01m[K/opt/ros/humble/include/rclcpp/rclcpp/memory_strategy.hpp:25[m[K,
                 from [01m[K/opt/ros/humble/include/rclcpp/rclcpp/memory_strategies.hpp:18[m[K,
                 from [01m[K/opt/ros/humble/include/rclcpp/rclcpp/executor_options.hpp:20[m[K,
                 from [01m[K/opt/ros/humble/include/rclcpp/rclcpp/executor.hpp:37[m[K,
                 from [01m[K/opt/ros/humble/include/rclcpp/rclcpp/executors/multi_threaded_executor.hpp:25[m[K,
                 from [01m[K/opt/ros/humble/include/rclcpp/rclcpp/executors.hpp:21[m[K,
                 from [01m[K/opt/ros/humble/include/rclcpp/rclcpp/rclcpp.hpp:155[m[K,
                 from [01m[K/home/david/yolocpp_ws/src/seg_sub/src/seg_sub.cpp:1[m[K:
[01m[K/home/david/yolocpp_ws/src/seg_sub/src/seg_sub.cpp:635:26:[m[K [01;31m[Kerror: [m[Kinvalid use of â€˜[01m[Kthis[m[Kâ€™ in non-member function
  635 |             RCLCPP_ERROR([01;31m[Kthis[m[K->get_logger(), "[%s] Failed to convert mask to CvImage or mask is empty (MsgT1: %u.%09u).",
      |                          [01;31m[K^~~~[m[K
[01m[K/home/david/yolocpp_ws/src/seg_sub/src/seg_sub.cpp:635:26:[m[K [01;31m[Kerror: [m[Kinvalid use of â€˜[01m[Kthis[m[Kâ€™ in non-member function
  635 |             RCLCPP_ERROR([01;31m[Kthis[m[K->get_logger(), "[%s] Failed to convert mask to CvImage or mask is empty (MsgT1: %u.%09u).",
      |                          [01;31m[K^~~~[m[K
[01m[K/home/david/yolocpp_ws/src/seg_sub/src/seg_sub.cpp:645:13:[m[K [01;31m[Kerror: [m[Kâ€˜[01m[Kclass_colors_[m[Kâ€™ was not declared in this scope
  645 |         if ([01;31m[Kclass_colors_[m[K.empty()) {
      |             [01;31m[K^~~~~~~~~~~~~[m[K
In file included from [01m[K/opt/ros/humble/include/rclcpp/rclcpp/client.hpp:40[m[K,
                 from [01m[K/opt/ros/humble/include/rclcpp/rclcpp/callback_group.hpp:24[m[K,
                 from [01m[K/opt/ros/humble/include/rclcpp/rclcpp/any_executable.hpp:20[m[K,
                 from [01m[K/opt/ros/humble/include/rclcpp/rclcpp/memory_strategy.hpp:25[m[K,
                 from [01m[K/opt/ros/humble/include/rclcpp/rclcpp/memory_strategies.hpp:18[m[K,
                 from [01m[K/opt/ros/humble/include/rclcpp/rclcpp/executor_options.hpp:20[m[K,
                 from [01m[K/opt/ros/humble/include/rclcpp/rclcpp/executor.hpp:37[m[K,
                 from [01m[K/opt/ros/humble/include/rclcpp/rclcpp/executors/multi_threaded_executor.hpp:25[m[K,
                 from [01m[K/opt/ros/humble/include/rclcpp/rclcpp/executors.hpp:21[m[K,
                 from [01m[K/opt/ros/humble/include/rclcpp/rclcpp/rclcpp.hpp:155[m[K,
                 from [01m[K/home/david/yolocpp_ws/src/seg_sub/src/seg_sub.cpp:1[m[K:
[01m[K/home/david/yolocpp_ws/src/seg_sub/src/seg_sub.cpp:646:25:[m[K [01;31m[Kerror: [m[Kinvalid use of â€˜[01m[Kthis[m[Kâ€™ in non-member function
  646 |             RCLCPP_INFO([01;31m[Kthis[m[K->get_logger(), "[%s] Color palette is empty. Cannot color anomalous frame.", camera_id.c_str());
      |                         [01;31m[K^~~~[m[K
[01m[K/home/david/yolocpp_ws/src/seg_sub/src/seg_sub.cpp:646:25:[m[K [01;31m[Kerror: [m[Kinvalid use of â€˜[01m[Kthis[m[Kâ€™ in non-member function
[01m[K/home/david/yolocpp_ws/src/seg_sub/src/seg_sub.cpp:646:13:[m[K [01;31m[Kerror: [m[Ktemplate argument 1 is invalid
  646 |             [01;31m[KRCLCPP_INFO[m[K(this->get_logger(), "[%s] Color palette is empty. Cannot color anomalous frame.", camera_id.c_str());
      |             [01;31m[K^~~~~~~~~~~[m[K
[01m[K/home/david/yolocpp_ws/src/seg_sub/src/seg_sub.cpp:646:13:[m[K [01;31m[Kerror: [m[Ktemplate argument 1 is invalid
  646 |             [01;31m[KRCLCPP_INFO[m[K(this->get_logger(), "[%s] Color palette is empty. Cannot color anomalous frame.", camera_id.c_str());
      |             [01;31m[K^~~~~~~~~~~[m[K
[01m[K/home/david/yolocpp_ws/src/seg_sub/src/seg_sub.cpp:646:13:[m[K [01;31m[Kerror: [m[Ktemplate argument 1 is invalid
  646 |             [01;31m[KRCLCPP_INFO[m[K(this->get_logger(), "[%s] Color palette is empty. Cannot color anomalous frame.", camera_id.c_str());
      |             [01;31m[K^~~~~~~~~~~[m[K
In file included from [01m[K/opt/ros/humble/include/rclcpp/rclcpp/logging.hpp:24[m[K,
                 from [01m[K/opt/ros/humble/include/rclcpp/rclcpp/client.hpp:40[m[K,
                 from [01m[K/opt/ros/humble/include/rclcpp/rclcpp/callback_group.hpp:24[m[K,
                 from [01m[K/opt/ros/humble/include/rclcpp/rclcpp/any_executable.hpp:20[m[K,
                 from [01m[K/opt/ros/humble/include/rclcpp/rclcpp/memory_strategy.hpp:25[m[K,
                 from [01m[K/opt/ros/humble/include/rclcpp/rclcpp/memory_strategies.hpp:18[m[K,
                 from [01m[K/opt/ros/humble/include/rclcpp/rclcpp/executor_options.hpp:20[m[K,
                 from [01m[K/opt/ros/humble/include/rclcpp/rclcpp/executor.hpp:37[m[K,
                 from [01m[K/opt/ros/humble/include/rclcpp/rclcpp/executors/multi_threaded_executor.hpp:25[m[K,
                 from [01m[K/opt/ros/humble/include/rclcpp/rclcpp/executors.hpp:21[m[K,
                 from [01m[K/opt/ros/humble/include/rclcpp/rclcpp/rclcpp.hpp:155[m[K,
                 from [01m[K/home/david/yolocpp_ws/src/seg_sub/src/seg_sub.cpp:1[m[K:
[01m[K/home/david/yolocpp_ws/src/seg_sub/src/seg_sub.cpp:646:25:[m[K [01;31m[Kerror: [m[Kinvalid use of â€˜[01m[Kthis[m[Kâ€™ in non-member function
  646 |             RCLCPP_INFO([01;31m[Kthis[m[K->get_logger(), "[%s] Color palette is empty. Cannot color anomalous frame.", camera_id.c_str());
      |                         [01;31m[K^~~~[m[K
[01m[K/home/david/yolocpp_ws/src/seg_sub/src/seg_sub.cpp:646:25:[m[K [01;31m[Kerror: [m[Kinvalid use of â€˜[01m[Kthis[m[Kâ€™ in non-member function
  646 |             RCLCPP_INFO([01;31m[Kthis[m[K->get_logger(), "[%s] Color palette is empty. Cannot color anomalous frame.", camera_id.c_str());
      |                         [01;31m[K^~~~[m[K
In file included from [01m[K/opt/ros/humble/include/rclcpp/rclcpp/client.hpp:40[m[K,
                 from [01m[K/opt/ros/humble/include/rclcpp/rclcpp/callback_group.hpp:24[m[K,
                 from [01m[K/opt/ros/humble/include/rclcpp/rclcpp/any_executable.hpp:20[m[K,
                 from [01m[K/opt/ros/humble/include/rclcpp/rclcpp/memory_strategy.hpp:25[m[K,
                 from [01m[K/opt/ros/humble/include/rclcpp/rclcpp/memory_strategies.hpp:18[m[K,
                 from [01m[K/opt/ros/humble/include/rclcpp/rclcpp/executor_options.hpp:20[m[K,
                 from [01m[K/opt/ros/humble/include/rclcpp/rclcpp/executor.hpp:37[m[K,
                 from [01m[K/opt/ros/humble/include/rclcpp/rclcpp/executors/multi_threaded_executor.hpp:25[m[K,
                 from [01m[K/opt/ros/humble/include/rclcpp/rclcpp/executors.hpp:21[m[K,
                 from [01m[K/opt/ros/humble/include/rclcpp/rclcpp/rclcpp.hpp:155[m[K,
                 from [01m[K/home/david/yolocpp_ws/src/seg_sub/src/seg_sub.cpp:1[m[K:
[01m[K/home/david/yolocpp_ws/src/seg_sub/src/seg_sub.cpp:659:44:[m[K [01;31m[Kerror: [m[Kinvalid use of â€˜[01m[Kthis[m[Kâ€™ in non-member function
  659 |                        RCLCPP_ERROR_ONCE([01;31m[Kthis[m[K->get_logger(), "[%s] Unexpected mask type: %d for MsgT1: %u.%09u. Cannot color.",
      |                                          [01;31m[K^~~~[m[K

[01m[K/home/david/yolocpp_ws/src/seg_sub/src/seg_sub.cpp:659:44:[m[K [01;31m[Kerror: [m[Kinvalid use of â€˜[01m[Kthis[m[Kâ€™ in non-member function
[01m[K/home/david/yolocpp_ws/src/seg_sub/src/seg_sub.cpp:659:26:[m[K [01;31m[Kerror: [m[Ktemplate argument 1 is invalid
  659 |                          [01;31m[KRCLCPP_ERROR_ONCE[m[K(this->get_logger(), "[%s] Unexpected mask type: %d for MsgT1: %u.%09u. Cannot color.",
      |                          [01;31m[K^~~~~~~~~~~~~~~~~[m[K
[01m[K/home/david/yolocpp_ws/src/seg_sub/src/seg_sub.cpp:659:26:[m[K [01;31m[Kerror: [m[Ktemplate argument 1 is invalid
  659 |                          [01;31m[KRCLCPP_ERROR_ONCE[m[K(this->get_logger(), "[%s] Unexpected mask type: %d for MsgT1: %u.%09u. Cannot color.",
      |                          [01;31m[K^~~~~~~~~~~~~~~~~[m[K
[01m[K/home/david/yolocpp_ws/src/seg_sub/src/seg_sub.cpp:659:26:[m[K [01;31m[Kerror: [m[Ktemplate argument 1 is invalid
  659 |                          [01;31m[KRCLCPP_ERROR_ONCE[m[K(this->get_logger(), "[%s] Unexpected mask type: %d for MsgT1: %u.%09u. Cannot color.",
      |                          [01;31m[K^~~~~~~~~~~~~~~~~[m[K
In file included from [01m[K/opt/ros/humble/include/rclcpp/rclcpp/logging.hpp:24[m[K,
                 from [01m[K/opt/ros/humble/include/rclcpp/rclcpp/client.hpp:40[m[K,
                 from [01m[K/opt/ros/humble/include/rclcpp/rclcpp/callback_group.hpp:24[m[K,
                 from [01m[K/opt/ros/humble/include/rclcpp/rclcpp/any_executable.hpp:20[m[K,
                 from [01m[K/opt/ros/humble/include/rclcpp/rclcpp/memory_strategy.hpp:25[m[K,
                 from [01m[K/opt/ros/humble/include/rclcpp/rclcpp/memory_strategies.hpp:18[m[K,
                 from [01m[K/opt/ros/humble/include/rclcpp/rclcpp/executor_options.hpp:20[m[K,
                 from [01m[K/opt/ros/humble/include/rclcpp/rclcpp/executor.hpp:37[m[K,
                 from [01m[K/opt/ros/humble/include/rclcpp/rclcpp/executors/multi_threaded_executor.hpp:25[m[K,
                 from [01m[K/opt/ros/humble/include/rclcpp/rclcpp/executors.hpp:21[m[K,
                 from [01m[K/opt/ros/humble/include/rclcpp/rclcpp/rclcpp.hpp:155[m[K,
                 from [01m[K/home/david/yolocpp_ws/src/seg_sub/src/seg_sub.cpp:1[m[K:
[01m[K/home/david/yolocpp_ws/src/seg_sub/src/seg_sub.cpp:659:44:[m[K [01;31m[Kerror: [m[Kinvalid use of â€˜[01m[Kthis[m[Kâ€™ in non-member function
  659 |                        RCLCPP_ERROR_ONCE([01;31m[Kthis[m[K->get_logger(), "[%s] Unexpected mask type: %d for MsgT1: %u.%09u. Cannot color.",
      |                                          [01;31m[K^~~~[m[K

[01m[K/home/david/yolocpp_ws/src/seg_sub/src/seg_sub.cpp:659:44:[m[K [01;31m[Kerror: [m[Kinvalid use of â€˜[01m[Kthis[m[Kâ€™ in non-member function
  659 |                        RCLCPP_ERROR_ONCE([01;31m[Kthis[m[K->get_logger(), "[%s] Unexpected mask type: %d for MsgT1: %u.%09u. Cannot color.",
      |                                          [01;31m[K^~~~[m[K

[01m[K/home/david/yolocpp_ws/src/seg_sub/src/seg_sub.cpp:670:49:[m[K [01;31m[Kerror: [m[Kâ€˜[01m[Kclass_colors_[m[Kâ€™ was not declared in this scope; did you mean â€˜[01m[Kbase_color[m[Kâ€™?
  670 |                  cv::Scalar base_color = [01;31m[Kclass_colors_[m[K[class_id % class_colors_.size()];
      |                                          [01;31m[K^~~~~~~~~~~~~[m[K
      |                                          [32m[Kbase_color[m[K
[01m[K/home/david/yolocpp_ws/src/seg_sub/src/seg_sub.cpp:687:9:[m[K [01;31m[Kerror: [m[Kâ€˜[01m[Kanomalous_images_path_[m[Kâ€™ was not declared in this scope
  687 |         [01;31m[Kanomalous_images_path_[m[K = "/home/david/yolocpp_ws/anomalous_frames/";
      |         [01;31m[K^~~~~~~~~~~~~~~~~~~~~~[m[K
In file included from [01m[K/opt/ros/humble/include/rclcpp/rclcpp/client.hpp:40[m[K,
                 from [01m[K/opt/ros/humble/include/rclcpp/rclcpp/callback_group.hpp:24[m[K,
                 from [01m[K/opt/ros/humble/include/rclcpp/rclcpp/any_executable.hpp:20[m[K,
                 from [01m[K/opt/ros/humble/include/rclcpp/rclcpp/memory_strategy.hpp:25[m[K,
                 from [01m[K/opt/ros/humble/include/rclcpp/rclcpp/memory_strategies.hpp:18[m[K,
                 from [01m[K/opt/ros/humble/include/rclcpp/rclcpp/executor_options.hpp:20[m[K,
                 from [01m[K/opt/ros/humble/include/rclcpp/rclcpp/executor.hpp:37[m[K,
                 from [01m[K/opt/ros/humble/include/rclcpp/rclcpp/executors/multi_threaded_executor.hpp:25[m[K,
                 from [01m[K/opt/ros/humble/include/rclcpp/rclcpp/executors.hpp:21[m[K,
                 from [01m[K/opt/ros/humble/include/rclcpp/rclcpp/rclcpp.hpp:155[m[K,
                 from [01m[K/home/david/yolocpp_ws/src/seg_sub/src/seg_sub.cpp:1[m[K:
[01m[K/home/david/yolocpp_ws/src/seg_sub/src/seg_sub.cpp:693:21:[m[K [01;31m[Kerror: [m[Kinvalid use of â€˜[01m[Kthis[m[Kâ€™ in non-member function
  693 |         RCLCPP_INFO([01;31m[Kthis[m[K->get_logger(), "[%s] Saving anomalous frame image to %s (MsgT1: %u.%09u)",
      |                     [01;31m[K^~~~[m[K
[01m[K/home/david/yolocpp_ws/src/seg_sub/src/seg_sub.cpp:693:21:[m[K [01;31m[Kerror: [m[Kinvalid use of â€˜[01m[Kthis[m[Kâ€™ in non-member function
[01m[K/home/david/yolocpp_ws/src/seg_sub/src/seg_sub.cpp:693:9:[m[K [01;31m[Kerror: [m[Ktemplate argument 1 is invalid
  693 |         [01;31m[KRCLCPP_INFO[m[K(this->get_logger(), "[%s] Saving anomalous frame image to %s (MsgT1: %u.%09u)",
      |         [01;31m[K^~~~~~~~~~~[m[K
[01m[K/home/david/yolocpp_ws/src/seg_sub/src/seg_sub.cpp:693:9:[m[K [01;31m[Kerror: [m[Ktemplate argument 1 is invalid
  693 |         [01;31m[KRCLCPP_INFO[m[K(this->get_logger(), "[%s] Saving anomalous frame image to %s (MsgT1: %u.%09u)",
      |         [01;31m[K^~~~~~~~~~~[m[K
[01m[K/home/david/yolocpp_ws/src/seg_sub/src/seg_sub.cpp:693:9:[m[K [01;31m[Kerror: [m[Ktemplate argument 1 is invalid
  693 |         [01;31m[KRCLCPP_INFO[m[K(this->get_logger(), "[%s] Saving anomalous frame image to %s (MsgT1: %u.%09u)",
      |         [01;31m[K^~~~~~~~~~~[m[K
In file included from [01m[K/opt/ros/humble/include/rclcpp/rclcpp/logging.hpp:24[m[K,
                 from [01m[K/opt/ros/humble/include/rclcpp/rclcpp/client.hpp:40[m[K,
                 from [01m[K/opt/ros/humble/include/rclcpp/rclcpp/callback_group.hpp:24[m[K,
                 from [01m[K/opt/ros/humble/include/rclcpp/rclcpp/any_executable.hpp:20[m[K,
                 from [01m[K/opt/ros/humble/include/rclcpp/rclcpp/memory_strategy.hpp:25[m[K,
                 from [01m[K/opt/ros/humble/include/rclcpp/rclcpp/memory_strategies.hpp:18[m[K,
                 from [01m[K/opt/ros/humble/include/rclcpp/rclcpp/executor_options.hpp:20[m[K,
                 from [01m[K/opt/ros/humble/include/rclcpp/rclcpp/executor.hpp:37[m[K,
                 from [01m[K/opt/ros/humble/include/rclcpp/rclcpp/executors/multi_threaded_executor.hpp:25[m[K,
                 from [01m[K/opt/ros/humble/include/rclcpp/rclcpp/executors.hpp:21[m[K,
                 from [01m[K/opt/ros/humble/include/rclcpp/rclcpp/rclcpp.hpp:155[m[K,
                 from [01m[K/home/david/yolocpp_ws/src/seg_sub/src/seg_sub.cpp:1[m[K:
[01m[K/home/david/yolocpp_ws/src/seg_sub/src/seg_sub.cpp:693:21:[m[K [01;31m[Kerror: [m[Kinvalid use of â€˜[01m[Kthis[m[Kâ€™ in non-member function
  693 |         RCLCPP_INFO([01;31m[Kthis[m[K->get_logger(), "[%s] Saving anomalous frame image to %s (MsgT1: %u.%09u)",
      |                     [01;31m[K^~~~[m[K
[01m[K/home/david/yolocpp_ws/src/seg_sub/src/seg_sub.cpp:693:21:[m[K [01;31m[Kerror: [m[Kinvalid use of â€˜[01m[Kthis[m[Kâ€™ in non-member function
  693 |         RCLCPP_INFO([01;31m[Kthis[m[K->get_logger(), "[%s] Saving anomalous frame image to %s (MsgT1: %u.%09u)",
      |                     [01;31m[K^~~~[m[K
In file included from [01m[K/opt/ros/humble/include/rclcpp/rclcpp/client.hpp:40[m[K,
                 from [01m[K/opt/ros/humble/include/rclcpp/rclcpp/callback_group.hpp:24[m[K,
                 from [01m[K/opt/ros/humble/include/rclcpp/rclcpp/any_executable.hpp:20[m[K,
                 from [01m[K/opt/ros/humble/include/rclcpp/rclcpp/memory_strategy.hpp:25[m[K,
                 from [01m[K/opt/ros/humble/include/rclcpp/rclcpp/memory_strategies.hpp:18[m[K,
                 from [01m[K/opt/ros/humble/include/rclcpp/rclcpp/executor_options.hpp:20[m[K,
                 from [01m[K/opt/ros/humble/include/rclcpp/rclcpp/executor.hpp:37[m[K,
                 from [01m[K/opt/ros/humble/include/rclcpp/rclcpp/executors/multi_threaded_executor.hpp:25[m[K,
                 from [01m[K/opt/ros/humble/include/rclcpp/rclcpp/executors.hpp:21[m[K,
                 from [01m[K/opt/ros/humble/include/rclcpp/rclcpp/rclcpp.hpp:155[m[K,
                 from [01m[K/home/david/yolocpp_ws/src/seg_sub/src/seg_sub.cpp:1[m[K:
[01m[K/home/david/yolocpp_ws/src/seg_sub/src/seg_sub.cpp:700:29:[m[K [01;31m[Kerror: [m[Kinvalid use of â€˜[01m[Kthis[m[Kâ€™ in non-member function
  700 |                 RCLCPP_WARN([01;31m[Kthis[m[K->get_logger(), "[%s] Colored mask display is empty for MsgT1: %u.%09u. Not saving image.",
      |                             [01;31m[K^~~~[m[K
[01m[K/home/david/yolocpp_ws/src/seg_sub/src/seg_sub.cpp:700:29:[m[K [01;31m[Kerror: [m[Kinvalid use of â€˜[01m[Kthis[m[Kâ€™ in non-member function
[01m[K/home/david/yolocpp_ws/src/seg_sub/src/seg_sub.cpp:700:17:[m[K [01;31m[Kerror: [m[Ktemplate argument 1 is invalid
  700 |                 [01;31m[KRCLCPP_WARN[m[K(this->get_logger(), "[%s] Colored mask display is empty for MsgT1: %u.%09u. Not saving image.",
      |                 [01;31m[K^~~~~~~~~~~[m[K
[01m[K/home/david/yolocpp_ws/src/seg_sub/src/seg_sub.cpp:700:17:[m[K [01;31m[Kerror: [m[Ktemplate argument 1 is invalid
  700 |                 [01;31m[KRCLCPP_WARN[m[K(this->get_logger(), "[%s] Colored mask display is empty for MsgT1: %u.%09u. Not saving image.",
      |                 [01;31m[K^~~~~~~~~~~[m[K
[01m[K/home/david/yolocpp_ws/src/seg_sub/src/seg_sub.cpp:700:17:[m[K [01;31m[Kerror: [m[Ktemplate argument 1 is invalid
  700 |                 [01;31m[KRCLCPP_WARN[m[K(this->get_logger(), "[%s] Colored mask display is empty for MsgT1: %u.%09u. Not saving image.",
      |                 [01;31m[K^~~~~~~~~~~[m[K
In file included from [01m[K/opt/ros/humble/include/rclcpp/rclcpp/logging.hpp:24[m[K,
                 from [01m[K/opt/ros/humble/include/rclcpp/rclcpp/client.hpp:40[m[K,
                 from [01m[K/opt/ros/humble/include/rclcpp/rclcpp/callback_group.hpp:24[m[K,
                 from [01m[K/opt/ros/humble/include/rclcpp/rclcpp/any_executable.hpp:20[m[K,
                 from [01m[K/opt/ros/humble/include/rclcpp/rclcpp/memory_strategy.hpp:25[m[K,
                 from [01m[K/opt/ros/humble/include/rclcpp/rclcpp/memory_strategies.hpp:18[m[K,
                 from [01m[K/opt/ros/humble/include/rclcpp/rclcpp/executor_options.hpp:20[m[K,
                 from [01m[K/opt/ros/humble/include/rclcpp/rclcpp/executor.hpp:37[m[K,
                 from [01m[K/opt/ros/humble/include/rclcpp/rclcpp/executors/multi_threaded_executor.hpp:25[m[K,
                 from [01m[K/opt/ros/humble/include/rclcpp/rclcpp/executors.hpp:21[m[K,
                 from [01m[K/opt/ros/humble/include/rclcpp/rclcpp/rclcpp.hpp:155[m[K,
                 from [01m[K/home/david/yolocpp_ws/src/seg_sub/src/seg_sub.cpp:1[m[K:
[01m[K/home/david/yolocpp_ws/src/seg_sub/src/seg_sub.cpp:700:29:[m[K [01;31m[Kerror: [m[Kinvalid use of â€˜[01m[Kthis[m[Kâ€™ in non-member function
  700 |                 RCLCPP_WARN([01;31m[Kthis[m[K->get_logger(), "[%s] Colored mask display is empty for MsgT1: %u.%09u. Not saving image.",
      |                             [01;31m[K^~~~[m[K
[01m[K/home/david/yolocpp_ws/src/seg_sub/src/seg_sub.cpp:700:29:[m[K [01;31m[Kerror: [m[Kinvalid use of â€˜[01m[Kthis[m[Kâ€™ in non-member function
  700 |                 RCLCPP_WARN([01;31m[Kthis[m[K->get_logger(), "[%s] Colored mask display is empty for MsgT1: %u.%09u. Not saving image.",
      |                             [01;31m[K^~~~[m[K
In file included from [01m[K/opt/ros/humble/include/rclcpp/rclcpp/client.hpp:40[m[K,
                 from [01m[K/opt/ros/humble/include/rclcpp/rclcpp/callback_group.hpp:24[m[K,
                 from [01m[K/opt/ros/humble/include/rclcpp/rclcpp/any_executable.hpp:20[m[K,
                 from [01m[K/opt/ros/humble/include/rclcpp/rclcpp/memory_strategy.hpp:25[m[K,
                 from [01m[K/opt/ros/humble/include/rclcpp/rclcpp/memory_strategies.hpp:18[m[K,
                 from [01m[K/opt/ros/humble/include/rclcpp/rclcpp/executor_options.hpp:20[m[K,
                 from [01m[K/opt/ros/humble/include/rclcpp/rclcpp/executor.hpp:37[m[K,
                 from [01m[K/opt/ros/humble/include/rclcpp/rclcpp/executors/multi_threaded_executor.hpp:25[m[K,
                 from [01m[K/opt/ros/humble/include/rclcpp/rclcpp/executors.hpp:21[m[K,
                 from [01m[K/opt/ros/humble/include/rclcpp/rclcpp/rclcpp.hpp:155[m[K,
                 from [01m[K/home/david/yolocpp_ws/src/seg_sub/src/seg_sub.cpp:1[m[K:
[01m[K/home/david/yolocpp_ws/src/seg_sub/src/seg_sub.cpp:704:26:[m[K [01;31m[Kerror: [m[Kinvalid use of â€˜[01m[Kthis[m[Kâ€™ in non-member function
  704 |             RCLCPP_ERROR([01;31m[Kthis[m[K->get_logger(), "[%s] OpenCV Exception saving image %s (MsgT1: %u.%09u): %s",
      |                          [01;31m[K^~~~[m[K
[01m[K/home/david/yolocpp_ws/src/seg_sub/src/seg_sub.cpp:704:26:[m[K [01;31m[Kerror: [m[Kinvalid use of â€˜[01m[Kthis[m[Kâ€™ in non-member function
[01m[K/home/david/yolocpp_ws/src/seg_sub/src/seg_sub.cpp:704:13:[m[K [01;31m[Kerror: [m[Ktemplate argument 1 is invalid
  704 |             [01;31m[KRCLCPP_ERROR[m[K(this->get_logger(), "[%s] OpenCV Exception saving image %s (MsgT1: %u.%09u): %s",
      |             [01;31m[K^~~~~~~~~~~~[m[K
[01m[K/home/david/yolocpp_ws/src/seg_sub/src/seg_sub.cpp:704:13:[m[K [01;31m[Kerror: [m[Ktemplate argument 1 is invalid
  704 |             [01;31m[KRCLCPP_ERROR[m[K(this->get_logger(), "[%s] OpenCV Exception saving image %s (MsgT1: %u.%09u): %s",
      |             [01;31m[K^~~~~~~~~~~~[m[K
[01m[K/home/david/yolocpp_ws/src/seg_sub/src/seg_sub.cpp:704:13:[m[K [01;31m[Kerror: [m[Ktemplate argument 1 is invalid
  704 |             [01;31m[KRCLCPP_ERROR[m[K(this->get_logger(), "[%s] OpenCV Exception saving image %s (MsgT1: %u.%09u): %s",
      |             [01;31m[K^~~~~~~~~~~~[m[K
In file included from [01m[K/opt/ros/humble/include/rclcpp/rclcpp/logging.hpp:24[m[K,
                 from [01m[K/opt/ros/humble/include/rclcpp/rclcpp/client.hpp:40[m[K,
                 from [01m[K/opt/ros/humble/include/rclcpp/rclcpp/callback_group.hpp:24[m[K,
                 from [01m[K/opt/ros/humble/include/rclcpp/rclcpp/any_executable.hpp:20[m[K,
                 from [01m[K/opt/ros/humble/include/rclcpp/rclcpp/memory_strategy.hpp:25[m[K,
                 from [01m[K/opt/ros/humble/include/rclcpp/rclcpp/memory_strategies.hpp:18[m[K,
                 from [01m[K/opt/ros/humble/include/rclcpp/rclcpp/executor_options.hpp:20[m[K,
                 from [01m[K/opt/ros/humble/include/rclcpp/rclcpp/executor.hpp:37[m[K,
                 from [01m[K/opt/ros/humble/include/rclcpp/rclcpp/executors/multi_threaded_executor.hpp:25[m[K,
                 from [01m[K/opt/ros/humble/include/rclcpp/rclcpp/executors.hpp:21[m[K,
                 from [01m[K/opt/ros/humble/include/rclcpp/rclcpp/rclcpp.hpp:155[m[K,
                 from [01m[K/home/david/yolocpp_ws/src/seg_sub/src/seg_sub.cpp:1[m[K:
[01m[K/home/david/yolocpp_ws/src/seg_sub/src/seg_sub.cpp:704:26:[m[K [01;31m[Kerror: [m[Kinvalid use of â€˜[01m[Kthis[m[Kâ€™ in non-member function
  704 |             RCLCPP_ERROR([01;31m[Kthis[m[K->get_logger(), "[%s] OpenCV Exception saving image %s (MsgT1: %u.%09u): %s",
      |                          [01;31m[K^~~~[m[K
[01m[K/home/david/yolocpp_ws/src/seg_sub/src/seg_sub.cpp:704:26:[m[K [01;31m[Kerror: [m[Kinvalid use of â€˜[01m[Kthis[m[Kâ€™ in non-member function
  704 |             RCLCPP_ERROR([01;31m[Kthis[m[K->get_logger(), "[%s] OpenCV Exception saving image %s (MsgT1: %u.%09u): %s",
      |                          [01;31m[K^~~~[m[K
[01m[K/home/david/yolocpp_ws/src/seg_sub/src/seg_sub.cpp:709:13:[m[K [01;31m[Kerror: [m[Kâ€˜[01m[Kanomalous_t3_t4_log_file_[m[Kâ€™ was not declared in this scope
  709 |         if ([01;31m[Kanomalous_t3_t4_log_file_[m[K.is_open()) {
      |             [01;31m[K^~~~~~~~~~~~~~~~~~~~~~~~~[m[K
[01m[K/home/david/yolocpp_ws/src/seg_sub/src/seg_sub.cpp:710:56:[m[K [01;31m[Kerror: [m[Kâ€˜[01m[Kanomalous_log_mutex_[m[Kâ€™ was not declared in this scope
  710 | d::lock_guard<std::mutex> anomalous_lock([01;31m[Kanomalous_log_mutex_[m[K);
      |                                          [01;31m[K^~~~~~~~~~~~~~~~~~~~[m[K

[01m[K/home/david/yolocpp_ws/src/seg_sub/src/seg_sub.cpp:[m[K In function â€˜[01m[Kvoid report_metrics()[m[Kâ€™:
[01m[K/home/david/yolocpp_ws/src/seg_sub/src/seg_sub.cpp:735:20:[m[K [01;31m[Kerror: [m[Kinvalid use of â€˜[01m[Kthis[m[Kâ€™ in non-member function
  735 |         auto now = [01;31m[Kthis[m[K->now();
      |                    [01;31m[K^~~~[m[K
[01m[K/home/david/yolocpp_ws/src/seg_sub/src/seg_sub.cpp:736:37:[m[K [01;31m[Kerror: [m[Kâ€˜[01m[Klast_report_time_[m[Kâ€™ was not declared in this scope
  736 |         double elapsed_sec = (now - [01;31m[Klast_report_time_[m[K).seconds();
      |                                     [01;31m[K^~~~~~~~~~~~~~~~~[m[K
[01m[K/home/david/yolocpp_ws/src/seg_sub/src/seg_sub.cpp:742:46:[m[K [01;31m[Kerror: [m[Kâ€˜[01m[Kmsg_count_mutex_left_[m[Kâ€™ was not declared in this scope
  742 |         std::lock_guard<std::mutex> lock([01;31m[Kmsg_count_mutex_left_[m[K);
      |                                          [01;31m[K^~~~~~~~~~~~~~~~~~~~~[m[K

[01m[K/home/david/yolocpp_ws/src/seg_sub/src/seg_sub.cpp:743:28:[m[K [01;31m[Kerror: [m[Kâ€˜[01m[Kcount_left_[m[Kâ€™ was not declared in this scope
  743 |             current_left = [01;31m[Kcount_left_[m[K;
      |                            [01;31m[K^~~~~~~~~~~[m[K
[01m[K/home/david/yolocpp_ws/src/seg_sub/src/seg_sub.cpp:747:46:[m[K [01;31m[Kerror: [m[Kâ€˜[01m[Kmsg_count_mutex_front_[m[Kâ€™ was not declared in this scope
  747 |         std::lock_guard<std::mutex> lock([01;31m[Kmsg_count_mutex_front_[m[K);
      |                                          [01;31m[K^~~~~~~~~~~~~~~~~~~~~~[m[K

[01m[K/home/david/yolocpp_ws/src/seg_sub/src/seg_sub.cpp:748:29:[m[K [01;31m[Kerror: [m[Kâ€˜[01m[Kcount_front_[m[Kâ€™ was not declared in this scope
  748 |             current_front = [01;31m[Kcount_front_[m[K;
      |                             [01;31m[K^~~~~~~~~~~~[m[K
[01m[K/home/david/yolocpp_ws/src/seg_sub/src/seg_sub.cpp:752:46:[m[K [01;31m[Kerror: [m[Kâ€˜[01m[Kmsg_count_mutex_right_[m[Kâ€™ was not declared in this scope
  752 |         std::lock_guard<std::mutex> lock([01;31m[Kmsg_count_mutex_right_[m[K);
      |                                          [01;31m[K^~~~~~~~~~~~~~~~~~~~~~[m[K

[01m[K/home/david/yolocpp_ws/src/seg_sub/src/seg_sub.cpp:753:29:[m[K [01;31m[Kerror: [m[Kâ€˜[01m[Kcount_right_[m[Kâ€™ was not declared in this scope
  753 |             current_right = [01;31m[Kcount_right_[m[K;
      |                             [01;31m[K^~~~~~~~~~~~[m[K
In file included from [01m[K/opt/ros/humble/include/rclcpp/rclcpp/client.hpp:40[m[K,
                 from [01m[K/opt/ros/humble/include/rclcpp/rclcpp/callback_group.hpp:24[m[K,
                 from [01m[K/opt/ros/humble/include/rclcpp/rclcpp/any_executable.hpp:20[m[K,
                 from [01m[K/opt/ros/humble/include/rclcpp/rclcpp/memory_strategy.hpp:25[m[K,
                 from [01m[K/opt/ros/humble/include/rclcpp/rclcpp/memory_strategies.hpp:18[m[K,
                 from [01m[K/opt/ros/humble/include/rclcpp/rclcpp/executor_options.hpp:20[m[K,
                 from [01m[K/opt/ros/humble/include/rclcpp/rclcpp/executor.hpp:37[m[K,
                 from [01m[K/opt/ros/humble/include/rclcpp/rclcpp/executors/multi_threaded_executor.hpp:25[m[K,
                 from [01m[K/opt/ros/humble/include/rclcpp/rclcpp/executors.hpp:21[m[K,
                 from [01m[K/opt/ros/humble/include/rclcpp/rclcpp/rclcpp.hpp:155[m[K,
                 from [01m[K/home/david/yolocpp_ws/src/seg_sub/src/seg_sub.cpp:1[m[K:
[01m[K/home/david/yolocpp_ws/src/seg_sub/src/seg_sub.cpp:761:21:[m[K [01;31m[Kerror: [m[Kinvalid use of â€˜[01m[Kthis[m[Kâ€™ in non-member function
  761 |         RCLCPP_INFO([01;31m[Kthis[m[K->get_logger(),
      |                     [01;31m[K^~~~[m[K
[01m[K/home/david/yolocpp_ws/src/seg_sub/src/seg_sub.cpp:761:21:[m[K [01;31m[Kerror: [m[Kinvalid use of â€˜[01m[Kthis[m[Kâ€™ in non-member function
[01m[K/home/david/yolocpp_ws/src/seg_sub/src/seg_sub.cpp:761:9:[m[K [01;31m[Kerror: [m[Ktemplate argument 1 is invalid
  761 |         [01;31m[KRCLCPP_INFO[m[K(this->get_logger(),
      |         [01;31m[K^~~~~~~~~~~[m[K
[01m[K/home/david/yolocpp_ws/src/seg_sub/src/seg_sub.cpp:761:9:[m[K [01;31m[Kerror: [m[Ktemplate argument 1 is invalid
  761 |         [01;31m[KRCLCPP_INFO[m[K(this->get_logger(),
      |         [01;31m[K^~~~~~~~~~~[m[K
[01m[K/home/david/yolocpp_ws/src/seg_sub/src/seg_sub.cpp:761:9:[m[K [01;31m[Kerror: [m[Ktemplate argument 1 is invalid
  761 |         [01;31m[KRCLCPP_INFO[m[K(this->get_logger(),
      |         [01;31m[K^~~~~~~~~~~[m[K
In file included from [01m[K/opt/ros/humble/include/rclcpp/rclcpp/logging.hpp:24[m[K,
                 from [01m[K/opt/ros/humble/include/rclcpp/rclcpp/client.hpp:40[m[K,
                 from [01m[K/opt/ros/humble/include/rclcpp/rclcpp/callback_group.hpp:24[m[K,
                 from [01m[K/opt/ros/humble/include/rclcpp/rclcpp/any_executable.hpp:20[m[K,
                 from [01m[K/opt/ros/humble/include/rclcpp/rclcpp/memory_strategy.hpp:25[m[K,
                 from [01m[K/opt/ros/humble/include/rclcpp/rclcpp/memory_strategies.hpp:18[m[K,
                 from [01m[K/opt/ros/humble/include/rclcpp/rclcpp/executor_options.hpp:20[m[K,
                 from [01m[K/opt/ros/humble/include/rclcpp/rclcpp/executor.hpp:37[m[K,
                 from [01m[K/opt/ros/humble/include/rclcpp/rclcpp/executors/multi_threaded_executor.hpp:25[m[K,
                 from [01m[K/opt/ros/humble/include/rclcpp/rclcpp/executors.hpp:21[m[K,
                 from [01m[K/opt/ros/humble/include/rclcpp/rclcpp/rclcpp.hpp:155[m[K,
                 from [01m[K/home/david/yolocpp_ws/src/seg_sub/src/seg_sub.cpp:1[m[K:
[01m[K/home/david/yolocpp_ws/src/seg_sub/src/seg_sub.cpp:761:21:[m[K [01;31m[Kerror: [m[Kinvalid use of â€˜[01m[Kthis[m[Kâ€™ in non-member function
  761 |         RCLCPP_INFO([01;31m[Kthis[m[K->get_logger(),
      |                     [01;31m[K^~~~[m[K
[01m[K/home/david/yolocpp_ws/src/seg_sub/src/seg_sub.cpp:761:21:[m[K [01;31m[Kerror: [m[Kinvalid use of â€˜[01m[Kthis[m[Kâ€™ in non-member function
  761 |         RCLCPP_INFO([01;31m[Kthis[m[K->get_logger(),
      |                     [01;31m[K^~~~[m[K
In file included from [01m[K/opt/ros/humble/include/rclcpp/rclcpp/client.hpp:40[m[K,
                 from [01m[K/opt/ros/humble/include/rclcpp/rclcpp/callback_group.hpp:24[m[K,
                 from [01m[K/opt/ros/humble/include/rclcpp/rclcpp/any_executable.hpp:20[m[K,
                 from [01m[K/opt/ros/humble/include/rclcpp/rclcpp/memory_strategy.hpp:25[m[K,
                 from [01m[K/opt/ros/humble/include/rclcpp/rclcpp/memory_strategies.hpp:18[m[K,
                 from [01m[K/opt/ros/humble/include/rclcpp/rclcpp/executor_options.hpp:20[m[K,
                 from [01m[K/opt/ros/humble/include/rclcpp/rclcpp/executor.hpp:37[m[K,
                 from [01m[K/opt/ros/humble/include/rclcpp/rclcpp/executors/multi_threaded_executor.hpp:25[m[K,
                 from [01m[K/opt/ros/humble/include/rclcpp/rclcpp/executors.hpp:21[m[K,
                 from [01m[K/opt/ros/humble/include/rclcpp/rclcpp/rclcpp.hpp:155[m[K,
                 from [01m[K/home/david/yolocpp_ws/src/seg_sub/src/seg_sub.cpp:1[m[K:
[01m[K/home/david/yolocpp_ws/src/seg_sub/src/seg_sub.cpp:763:21:[m[K [01;31m[Kerror: [m[Kinvalid use of â€˜[01m[Kthis[m[Kâ€™ in non-member function
  763 |         RCLCPP_INFO([01;31m[Kthis[m[K->get_logger(),
      |                     [01;31m[K^~~~[m[K
[01m[K/home/david/yolocpp_ws/src/seg_sub/src/seg_sub.cpp:763:21:[m[K [01;31m[Kerror: [m[Kinvalid use of â€˜[01m[Kthis[m[Kâ€™ in non-member function
[01m[K/home/david/yolocpp_ws/src/seg_sub/src/seg_sub.cpp:763:9:[m[K [01;31m[Kerror: [m[Ktemplate argument 1 is invalid
  763 |         [01;31m[KRCLCPP_INFO[m[K(this->get_logger(),
      |         [01;31m[K^~~~~~~~~~~[m[K
[01m[K/home/david/yolocpp_ws/src/seg_sub/src/seg_sub.cpp:763:9:[m[K [01;31m[Kerror: [m[Ktemplate argument 1 is invalid
  763 |         [01;31m[KRCLCPP_INFO[m[K(this->get_logger(),
      |         [01;31m[K^~~~~~~~~~~[m[K
[01m[K/home/david/yolocpp_ws/src/seg_sub/src/seg_sub.cpp:763:9:[m[K [01;31m[Kerror: [m[Ktemplate argument 1 is invalid
  763 |         [01;31m[KRCLCPP_INFO[m[K(this->get_logger(),
      |         [01;31m[K^~~~~~~~~~~[m[K
In file included from [01m[K/opt/ros/humble/include/rclcpp/rclcpp/logging.hpp:24[m[K,
                 from [01m[K/opt/ros/humble/include/rclcpp/rclcpp/client.hpp:40[m[K,
                 from [01m[K/opt/ros/humble/include/rclcpp/rclcpp/callback_group.hpp:24[m[K,
                 from [01m[K/opt/ros/humble/include/rclcpp/rclcpp/any_executable.hpp:20[m[K,
                 from [01m[K/opt/ros/humble/include/rclcpp/rclcpp/memory_strategy.hpp:25[m[K,
                 from [01m[K/opt/ros/humble/include/rclcpp/rclcpp/memory_strategies.hpp:18[m[K,
                 from [01m[K/opt/ros/humble/include/rclcpp/rclcpp/executor_options.hpp:20[m[K,
                 from [01m[K/opt/ros/humble/include/rclcpp/rclcpp/executor.hpp:37[m[K,
                 from [01m[K/opt/ros/humble/include/rclcpp/rclcpp/executors/multi_threaded_executor.hpp:25[m[K,
                 from [01m[K/opt/ros/humble/include/rclcpp/rclcpp/executors.hpp:21[m[K,
                 from [01m[K/opt/ros/humble/include/rclcpp/rclcpp/rclcpp.hpp:155[m[K,
                 from [01m[K/home/david/yolocpp_ws/src/seg_sub/src/seg_sub.cpp:1[m[K:
[01m[K/home/david/yolocpp_ws/src/seg_sub/src/seg_sub.cpp:763:21:[m[K [01;31m[Kerror: [m[Kinvalid use of â€˜[01m[Kthis[m[Kâ€™ in non-member function
  763 |         RCLCPP_INFO([01;31m[Kthis[m[K->get_logger(),
      |                     [01;31m[K^~~~[m[K
[01m[K/home/david/yolocpp_ws/src/seg_sub/src/seg_sub.cpp:763:21:[m[K [01;31m[Kerror: [m[Kinvalid use of â€˜[01m[Kthis[m[Kâ€™ in non-member function
  763 |         RCLCPP_INFO([01;31m[Kthis[m[K->get_logger(),
      |                     [01;31m[K^~~~[m[K
In file included from [01m[K/opt/ros/humble/include/rclcpp/rclcpp/client.hpp:40[m[K,
                 from [01m[K/opt/ros/humble/include/rclcpp/rclcpp/callback_group.hpp:24[m[K,
                 from [01m[K/opt/ros/humble/include/rclcpp/rclcpp/any_executable.hpp:20[m[K,
                 from [01m[K/opt/ros/humble/include/rclcpp/rclcpp/memory_strategy.hpp:25[m[K,
                 from [01m[K/opt/ros/humble/include/rclcpp/rclcpp/memory_strategies.hpp:18[m[K,
                 from [01m[K/opt/ros/humble/include/rclcpp/rclcpp/executor_options.hpp:20[m[K,
                 from [01m[K/opt/ros/humble/include/rclcpp/rclcpp/executor.hpp:37[m[K,
                 from [01m[K/opt/ros/humble/include/rclcpp/rclcpp/executors/multi_threaded_executor.hpp:25[m[K,
                 from [01m[K/opt/ros/humble/include/rclcpp/rclcpp/executors.hpp:21[m[K,
                 from [01m[K/opt/ros/humble/include/rclcpp/rclcpp/rclcpp.hpp:155[m[K,
                 from [01m[K/home/david/yolocpp_ws/src/seg_sub/src/seg_sub.cpp:1[m[K:
[01m[K/home/david/yolocpp_ws/src/seg_sub/src/seg_sub.cpp:766:21:[m[K [01;31m[Kerror: [m[Kinvalid use of â€˜[01m[Kthis[m[Kâ€™ in non-member function
  766 |         RCLCPP_INFO([01;31m[Kthis[m[K->get_logger(),
      |                     [01;31m[K^~~~[m[K
[01m[K/home/david/yolocpp_ws/src/seg_sub/src/seg_sub.cpp:766:21:[m[K [01;31m[Kerror: [m[Kinvalid use of â€˜[01m[Kthis[m[Kâ€™ in non-member function
[01m[K/home/david/yolocpp_ws/src/seg_sub/src/seg_sub.cpp:766:9:[m[K [01;31m[Kerror: [m[Ktemplate argument 1 is invalid
  766 |         [01;31m[KRCLCPP_INFO[m[K(this->get_logger(),
      |         [01;31m[K^~~~~~~~~~~[m[K
[01m[K/home/david/yolocpp_ws/src/seg_sub/src/seg_sub.cpp:766:9:[m[K [01;31m[Kerror: [m[Ktemplate argument 1 is invalid
  766 |         [01;31m[KRCLCPP_INFO[m[K(this->get_logger(),
      |         [01;31m[K^~~~~~~~~~~[m[K
[01m[K/home/david/yolocpp_ws/src/seg_sub/src/seg_sub.cpp:766:9:[m[K [01;31m[Kerror: [m[Ktemplate argument 1 is invalid
  766 |         [01;31m[KRCLCPP_INFO[m[K(this->get_logger(),
      |         [01;31m[K^~~~~~~~~~~[m[K
In file included from [01m[K/opt/ros/humble/include/rclcpp/rclcpp/logging.hpp:24[m[K,
                 from [01m[K/opt/ros/humble/include/rclcpp/rclcpp/client.hpp:40[m[K,
                 from [01m[K/opt/ros/humble/include/rclcpp/rclcpp/callback_group.hpp:24[m[K,
                 from [01m[K/opt/ros/humble/include/rclcpp/rclcpp/any_executable.hpp:20[m[K,
                 from [01m[K/opt/ros/humble/include/rclcpp/rclcpp/memory_strategy.hpp:25[m[K,
                 from [01m[K/opt/ros/humble/include/rclcpp/rclcpp/memory_strategies.hpp:18[m[K,
                 from [01m[K/opt/ros/humble/include/rclcpp/rclcpp/executor_options.hpp:20[m[K,
                 from [01m[K/opt/ros/humble/include/rclcpp/rclcpp/executor.hpp:37[m[K,
                 from [01m[K/opt/ros/humble/include/rclcpp/rclcpp/executors/multi_threaded_executor.hpp:25[m[K,
                 from [01m[K/opt/ros/humble/include/rclcpp/rclcpp/executors.hpp:21[m[K,
                 from [01m[K/opt/ros/humble/include/rclcpp/rclcpp/rclcpp.hpp:155[m[K,
                 from [01m[K/home/david/yolocpp_ws/src/seg_sub/src/seg_sub.cpp:1[m[K:
[01m[K/home/david/yolocpp_ws/src/seg_sub/src/seg_sub.cpp:766:21:[m[K [01;31m[Kerror: [m[Kinvalid use of â€˜[01m[Kthis[m[Kâ€™ in non-member function
  766 |         RCLCPP_INFO([01;31m[Kthis[m[K->get_logger(),
      |                     [01;31m[K^~~~[m[K
[01m[K/home/david/yolocpp_ws/src/seg_sub/src/seg_sub.cpp:766:21:[m[K [01;31m[Kerror: [m[Kinvalid use of â€˜[01m[Kthis[m[Kâ€™ in non-member function
  766 |         RCLCPP_INFO([01;31m[Kthis[m[K->get_logger(),
      |                     [01;31m[K^~~~[m[K
[01m[K/home/david/yolocpp_ws/src/seg_sub/src/seg_sub.cpp:769:48:[m[K [01;31m[Kerror: [m[Kâ€˜[01m[Kmetrics_mutex_[m[Kâ€™ was not declared in this scope
  769 |   std::lock_guard<std::mutex> stats_lock([01;31m[Kmetrics_mutex_[m[K);
      |                                          [01;31m[K^~~~~~~~~~~~~~[m[K

[01m[K/home/david/yolocpp_ws/src/seg_sub/src/seg_sub.cpp:770:37:[m[K [01;31m[Kerror: [m[Kâ€˜[01m[Kall_metrics_[m[Kâ€™ was not declared in this scope
  770 |         for (const auto &cam_pair : [01;31m[Kall_metrics_[m[K)
      |                                     [01;31m[K^~~~~~~~~~~~[m[K
In file included from [01m[K/opt/ros/humble/include/rclcpp/rclcpp/client.hpp:40[m[K,
                 from [01m[K/opt/ros/humble/include/rclcpp/rclcpp/callback_group.hpp:24[m[K,
                 from [01m[K/opt/ros/humble/include/rclcpp/rclcpp/any_executable.hpp:20[m[K,
                 from [01m[K/opt/ros/humble/include/rclcpp/rclcpp/memory_strategy.hpp:25[m[K,
                 from [01m[K/opt/ros/humble/include/rclcpp/rclcpp/memory_strategies.hpp:18[m[K,
                 from [01m[K/opt/ros/humble/include/rclcpp/rclcpp/executor_options.hpp:20[m[K,
                 from [01m[K/opt/ros/humble/include/rclcpp/rclcpp/executor.hpp:37[m[K,
                 from [01m[K/opt/ros/humble/include/rclcpp/rclcpp/executors/multi_threaded_executor.hpp:25[m[K,
                 from [01m[K/opt/ros/humble/include/rclcpp/rclcpp/executors.hpp:21[m[K,
                 from [01m[K/opt/ros/humble/include/rclcpp/rclcpp/rclcpp.hpp:155[m[K,
                 from [01m[K/home/david/yolocpp_ws/src/seg_sub/src/seg_sub.cpp:1[m[K:
[01m[K/home/david/yolocpp_ws/src/seg_sub/src/seg_sub.cpp:773:25:[m[K [01;31m[Kerror: [m[Kinvalid use of â€˜[01m[Kthis[m[Kâ€™ in non-member function
  773 |             RCLCPP_INFO([01;31m[Kthis[m[K->get_logger(), "Stats for ID: [%s] (Cumulative)", id_key.c_str());
      |                         [01;31m[K^~~~[m[K
[01m[K/home/david/yolocpp_ws/src/seg_sub/src/seg_sub.cpp:773:25:[m[K [01;31m[Kerror: [m[Kinvalid use of â€˜[01m[Kthis[m[Kâ€™ in non-member function
[01m[K/home/david/yolocpp_ws/src/seg_sub/src/seg_sub.cpp:773:13:[m[K [01;31m[Kerror: [m[Ktemplate argument 1 is invalid
  773 |             [01;31m[KRCLCPP_INFO[m[K(this->get_logger(), "Stats for ID: [%s] (Cumulative)", id_key.c_str());
      |             [01;31m[K^~~~~~~~~~~[m[K
[01m[K/home/david/yolocpp_ws/src/seg_sub/src/seg_sub.cpp:773:13:[m[K [01;31m[Kerror: [m[Ktemplate argument 1 is invalid
  773 |             [01;31m[KRCLCPP_INFO[m[K(this->get_logger(), "Stats for ID: [%s] (Cumulative)", id_key.c_str());
      |             [01;31m[K^~~~~~~~~~~[m[K
[01m[K/home/david/yolocpp_ws/src/seg_sub/src/seg_sub.cpp:773:13:[m[K [01;31m[Kerror: [m[Ktemplate argument 1 is invalid
  773 |             [01;31m[KRCLCPP_INFO[m[K(this->get_logger(), "Stats for ID: [%s] (Cumulative)", id_key.c_str());
      |             [01;31m[K^~~~~~~~~~~[m[K
In file included from [01m[K/opt/ros/humble/include/rclcpp/rclcpp/logging.hpp:24[m[K,
                 from [01m[K/opt/ros/humble/include/rclcpp/rclcpp/client.hpp:40[m[K,
                 from [01m[K/opt/ros/humble/include/rclcpp/rclcpp/callback_group.hpp:24[m[K,
                 from [01m[K/opt/ros/humble/include/rclcpp/rclcpp/any_executable.hpp:20[m[K,
                 from [01m[K/opt/ros/humble/include/rclcpp/rclcpp/memory_strategy.hpp:25[m[K,
                 from [01m[K/opt/ros/humble/include/rclcpp/rclcpp/memory_strategies.hpp:18[m[K,
                 from [01m[K/opt/ros/humble/include/rclcpp/rclcpp/executor_options.hpp:20[m[K,
                 from [01m[K/opt/ros/humble/include/rclcpp/rclcpp/executor.hpp:37[m[K,
                 from [01m[K/opt/ros/humble/include/rclcpp/rclcpp/executors/multi_threaded_executor.hpp:25[m[K,
                 from [01m[K/opt/ros/humble/include/rclcpp/rclcpp/executors.hpp:21[m[K,
                 from [01m[K/opt/ros/humble/include/rclcpp/rclcpp/rclcpp.hpp:155[m[K,
                 from [01m[K/home/david/yolocpp_ws/src/seg_sub/src/seg_sub.cpp:1[m[K:
[01m[K/home/david/yolocpp_ws/src/seg_sub/src/seg_sub.cpp:773:25:[m[K [01;31m[Kerror: [m[Kinvalid use of â€˜[01m[Kthis[m[Kâ€™ in non-member function
  773 |             RCLCPP_INFO([01;31m[Kthis[m[K->get_logger(), "Stats for ID: [%s] (Cumulative)", id_key.c_str());
      |                         [01;31m[K^~~~[m[K
[01m[K/home/david/yolocpp_ws/src/seg_sub/src/seg_sub.cpp:773:25:[m[K [01;31m[Kerror: [m[Kinvalid use of â€˜[01m[Kthis[m[Kâ€™ in non-member function
  773 |             RCLCPP_INFO([01;31m[Kthis[m[K->get_logger(), "Stats for ID: [%s] (Cumulative)", id_key.c_str());
      |                         [01;31m[K^~~~[m[K
In file included from [01m[K/opt/ros/humble/include/rclcpp/rclcpp/client.hpp:40[m[K,
                 from [01m[K/opt/ros/humble/include/rclcpp/rclcpp/callback_group.hpp:24[m[K,
                 from [01m[K/opt/ros/humble/include/rclcpp/rclcpp/any_executable.hpp:20[m[K,
                 from [01m[K/opt/ros/humble/include/rclcpp/rclcpp/memory_strategy.hpp:25[m[K,
                 from [01m[K/opt/ros/humble/include/rclcpp/rclcpp/memory_strategies.hpp:18[m[K,
                 from [01m[K/opt/ros/humble/include/rclcpp/rclcpp/executor_options.hpp:20[m[K,
                 from [01m[K/opt/ros/humble/include/rclcpp/rclcpp/executor.hpp:37[m[K,
                 from [01m[K/opt/ros/humble/include/rclcpp/rclcpp/executors/multi_threaded_executor.hpp:25[m[K,
                 from [01m[K/opt/ros/humble/include/rclcpp/rclcpp/executors.hpp:21[m[K,
                 from [01m[K/opt/ros/humble/include/rclcpp/rclcpp/rclcpp.hpp:155[m[K,
                 from [01m[K/home/david/yolocpp_ws/src/seg_sub/src/seg_sub.cpp:1[m[K:
[01m[K/home/david/yolocpp_ws/src/seg_sub/src/seg_sub.cpp:796:37:[m[K [01;31m[Kerror: [m[Kinvalid use of â€˜[01m[Kthis[m[Kâ€™ in non-member function
  796 |                         RCLCPP_INFO([01;31m[Kthis[m[K->get_logger(),
      |                                     [01;31m[K^~~~[m[K
[01m[K/home/david/yolocpp_ws/src/seg_sub/src/seg_sub.cpp:796:37:[m[K [01;31m[Kerror: [m[Kinvalid use of â€˜[01m[Kthis[m[Kâ€™ in non-member function
[01m[K/home/david/yolocpp_ws/src/seg_sub/src/seg_sub.cpp:796:25:[m[K [01;31m[Kerror: [m[Ktemplate argument 1 is invalid
  796 |                         [01;31m[KRCLCPP_INFO[m[K(this->get_logger(),
      |                         [01;31m[K^~~~~~~~~~~[m[K
[01m[K/home/david/yolocpp_ws/src/seg_sub/src/seg_sub.cpp:796:25:[m[K [01;31m[Kerror: [m[Ktemplate argument 1 is invalid
  796 |                         [01;31m[KRCLCPP_INFO[m[K(this->get_logger(),
      |                         [01;31m[K^~~~~~~~~~~[m[K
[01m[K/home/david/yolocpp_ws/src/seg_sub/src/seg_sub.cpp:796:25:[m[K [01;31m[Kerror: [m[Ktemplate argument 1 is invalid
  796 |                         [01;31m[KRCLCPP_INFO[m[K(this->get_logger(),
      |                         [01;31m[K^~~~~~~~~~~[m[K
In file included from [01m[K/opt/ros/humble/include/rclcpp/rclcpp/logging.hpp:24[m[K,
                 from [01m[K/opt/ros/humble/include/rclcpp/rclcpp/client.hpp:40[m[K,
                 from [01m[K/opt/ros/humble/include/rclcpp/rclcpp/callback_group.hpp:24[m[K,
                 from [01m[K/opt/ros/humble/include/rclcpp/rclcpp/any_executable.hpp:20[m[K,
                 from [01m[K/opt/ros/humble/include/rclcpp/rclcpp/memory_strategy.hpp:25[m[K,
                 from [01m[K/opt/ros/humble/include/rclcpp/rclcpp/memory_strategies.hpp:18[m[K,
                 from [01m[K/opt/ros/humble/include/rclcpp/rclcpp/executor_options.hpp:20[m[K,
                 from [01m[K/opt/ros/humble/include/rclcpp/rclcpp/executor.hpp:37[m[K,
                 from [01m[K/opt/ros/humble/include/rclcpp/rclcpp/executors/multi_threaded_executor.hpp:25[m[K,
                 from [01m[K/opt/ros/humble/include/rclcpp/rclcpp/executors.hpp:21[m[K,
                 from [01m[K/opt/ros/humble/include/rclcpp/rclcpp/rclcpp.hpp:155[m[K,
                 from [01m[K/home/david/yolocpp_ws/src/seg_sub/src/seg_sub.cpp:1[m[K:
[01m[K/home/david/yolocpp_ws/src/seg_sub/src/seg_sub.cpp:796:37:[m[K [01;31m[Kerror: [m[Kinvalid use of â€˜[01m[Kthis[m[Kâ€™ in non-member function
  796 |                         RCLCPP_INFO([01;31m[Kthis[m[K->get_logger(),
      |                                     [01;31m[K^~~~[m[K
[01m[K/home/david/yolocpp_ws/src/seg_sub/src/seg_sub.cpp:796:37:[m[K [01;31m[Kerror: [m[Kinvalid use of â€˜[01m[Kthis[m[Kâ€™ in non-member function
  796 |                         RCLCPP_INFO([01;31m[Kthis[m[K->get_logger(),
      |                                     [01;31m[K^~~~[m[K
In file included from [01m[K/opt/ros/humble/include/rclcpp/rclcpp/client.hpp:40[m[K,
                 from [01m[K/opt/ros/humble/include/rclcpp/rclcpp/callback_group.hpp:24[m[K,
                 from [01m[K/opt/ros/humble/include/rclcpp/rclcpp/any_executable.hpp:20[m[K,
                 from [01m[K/opt/ros/humble/include/rclcpp/rclcpp/memory_strategy.hpp:25[m[K,
                 from [01m[K/opt/ros/humble/include/rclcpp/rclcpp/memory_strategies.hpp:18[m[K,
                 from [01m[K/opt/ros/humble/include/rclcpp/rclcpp/executor_options.hpp:20[m[K,
                 from [01m[K/opt/ros/humble/include/rclcpp/rclcpp/executor.hpp:37[m[K,
                 from [01m[K/opt/ros/humble/include/rclcpp/rclcpp/executors/multi_threaded_executor.hpp:25[m[K,
                 from [01m[K/opt/ros/humble/include/rclcpp/rclcpp/executors.hpp:21[m[K,
                 from [01m[K/opt/ros/humble/include/rclcpp/rclcpp/rclcpp.hpp:155[m[K,
                 from [01m[K/home/david/yolocpp_ws/src/seg_sub/src/seg_sub.cpp:1[m[K:
[01m[K/home/david/yolocpp_ws/src/seg_sub/src/seg_sub.cpp:801:37:[m[K [01;31m[Kerror: [m[Kinvalid use of â€˜[01m[Kthis[m[Kâ€™ in non-member function
  801 |                         RCLCPP_INFO([01;31m[Kthis[m[K->get_logger(), "  %-35s: No data yet.", metric_name.c_str());
      |                                     [01;31m[K^~~~[m[K
[01m[K/home/david/yolocpp_ws/src/seg_sub/src/seg_sub.cpp:801:37:[m[K [01;31m[Kerror: [m[Kinvalid use of â€˜[01m[Kthis[m[Kâ€™ in non-member function
[01m[K/home/david/yolocpp_ws/src/seg_sub/src/seg_sub.cpp:801:25:[m[K [01;31m[Kerror: [m[Ktemplate argument 1 is invalid
  801 |                         [01;31m[KRCLCPP_INFO[m[K(this->get_logger(), "  %-35s: No data yet.", metric_name.c_str());
      |                         [01;31m[K^~~~~~~~~~~[m[K
[01m[K/home/david/yolocpp_ws/src/seg_sub/src/seg_sub.cpp:801:25:[m[K [01;31m[Kerror: [m[Ktemplate argument 1 is invalid
  801 |                         [01;31m[KRCLCPP_INFO[m[K(this->get_logger(), "  %-35s: No data yet.", metric_name.c_str());
      |                         [01;31m[K^~~~~~~~~~~[m[K
[01m[K/home/david/yolocpp_ws/src/seg_sub/src/seg_sub.cpp:801:25:[m[K [01;31m[Kerror: [m[Ktemplate argument 1 is invalid
  801 |                         [01;31m[KRCLCPP_INFO[m[K(this->get_logger(), "  %-35s: No data yet.", metric_name.c_str());
      |                         [01;31m[K^~~~~~~~~~~[m[K
In file included from [01m[K/opt/ros/humble/include/rclcpp/rclcpp/logging.hpp:24[m[K,
                 from [01m[K/opt/ros/humble/include/rclcpp/rclcpp/client.hpp:40[m[K,
                 from [01m[K/opt/ros/humble/include/rclcpp/rclcpp/callback_group.hpp:24[m[K,
                 from [01m[K/opt/ros/humble/include/rclcpp/rclcpp/any_executable.hpp:20[m[K,
                 from [01m[K/opt/ros/humble/include/rclcpp/rclcpp/memory_strategy.hpp:25[m[K,
                 from [01m[K/opt/ros/humble/include/rclcpp/rclcpp/memory_strategies.hpp:18[m[K,
                 from [01m[K/opt/ros/humble/include/rclcpp/rclcpp/executor_options.hpp:20[m[K,
                 from [01m[K/opt/ros/humble/include/rclcpp/rclcpp/executor.hpp:37[m[K,
                 from [01m[K/opt/ros/humble/include/rclcpp/rclcpp/executors/multi_threaded_executor.hpp:25[m[K,
                 from [01m[K/opt/ros/humble/include/rclcpp/rclcpp/executors.hpp:21[m[K,
                 from [01m[K/opt/ros/humble/include/rclcpp/rclcpp/rclcpp.hpp:155[m[K,
                 from [01m[K/home/david/yolocpp_ws/src/seg_sub/src/seg_sub.cpp:1[m[K:
[01m[K/home/david/yolocpp_ws/src/seg_sub/src/seg_sub.cpp:801:37:[m[K [01;31m[Kerror: [m[Kinvalid use of â€˜[01m[Kthis[m[Kâ€™ in non-member function
  801 |                         RCLCPP_INFO([01;31m[Kthis[m[K->get_logger(), "  %-35s: No data yet.", metric_name.c_str());
      |                                     [01;31m[K^~~~[m[K
[01m[K/home/david/yolocpp_ws/src/seg_sub/src/seg_sub.cpp:801:37:[m[K [01;31m[Kerror: [m[Kinvalid use of â€˜[01m[Kthis[m[Kâ€™ in non-member function
  801 |                         RCLCPP_INFO([01;31m[Kthis[m[K->get_logger(), "  %-35s: No data yet.", metric_name.c_str());
      |                                     [01;31m[K^~~~[m[K
In file included from [01m[K/opt/ros/humble/include/rclcpp/rclcpp/client.hpp:40[m[K,
                 from [01m[K/opt/ros/humble/include/rclcpp/rclcpp/callback_group.hpp:24[m[K,
                 from [01m[K/opt/ros/humble/include/rclcpp/rclcpp/any_executable.hpp:20[m[K,
                 from [01m[K/opt/ros/humble/include/rclcpp/rclcpp/memory_strategy.hpp:25[m[K,
                 from [01m[K/opt/ros/humble/include/rclcpp/rclcpp/memory_strategies.hpp:18[m[K,
                 from [01m[K/opt/ros/humble/include/rclcpp/rclcpp/executor_options.hpp:20[m[K,
                 from [01m[K/opt/ros/humble/include/rclcpp/rclcpp/executor.hpp:37[m[K,
                 from [01m[K/opt/ros/humble/include/rclcpp/rclcpp/executors/multi_threaded_executor.hpp:25[m[K,
                 from [01m[K/opt/ros/humble/include/rclcpp/rclcpp/executors.hpp:21[m[K,
                 from [01m[K/opt/ros/humble/include/rclcpp/rclcpp/rclcpp.hpp:155[m[K,
                 from [01m[K/home/david/yolocpp_ws/src/seg_sub/src/seg_sub.cpp:1[m[K:
[01m[K/home/david/yolocpp_ws/src/seg_sub/src/seg_sub.cpp:805:25:[m[K [01;31m[Kerror: [m[Kinvalid use of â€˜[01m[Kthis[m[Kâ€™ in non-member function
  805 |             RCLCPP_INFO([01;31m[Kthis[m[K->get_logger(),
      |                         [01;31m[K^~~~[m[K
[01m[K/home/david/yolocpp_ws/src/seg_sub/src/seg_sub.cpp:805:25:[m[K [01;31m[Kerror: [m[Kinvalid use of â€˜[01m[Kthis[m[Kâ€™ in non-member function
[01m[K/home/david/yolocpp_ws/src/seg_sub/src/seg_sub.cpp:805:13:[m[K [01;31m[Kerror: [m[Ktemplate argument 1 is invalid
  805 |             [01;31m[KRCLCPP_INFO[m[K(this->get_logger(),
      |             [01;31m[K^~~~~~~~~~~[m[K
[01m[K/home/david/yolocpp_ws/src/seg_sub/src/seg_sub.cpp:805:13:[m[K [01;31m[Kerror: [m[Ktemplate argument 1 is invalid
  805 |             [01;31m[KRCLCPP_INFO[m[K(this->get_logger(),
      |             [01;31m[K^~~~~~~~~~~[m[K
[01m[K/home/david/yolocpp_ws/src/seg_sub/src/seg_sub.cpp:805:13:[m[K [01;31m[Kerror: [m[Ktemplate argument 1 is invalid
  805 |             [01;31m[KRCLCPP_INFO[m[K(this->get_logger(),
      |             [01;31m[K^~~~~~~~~~~[m[K
In file included from [01m[K/opt/ros/humble/include/rclcpp/rclcpp/logging.hpp:24[m[K,
                 from [01m[K/opt/ros/humble/include/rclcpp/rclcpp/client.hpp:40[m[K,
                 from [01m[K/opt/ros/humble/include/rclcpp/rclcpp/callback_group.hpp:24[m[K,
                 from [01m[K/opt/ros/humble/include/rclcpp/rclcpp/any_executable.hpp:20[m[K,
                 from [01m[K/opt/ros/humble/include/rclcpp/rclcpp/memory_strategy.hpp:25[m[K,
                 from [01m[K/opt/ros/humble/include/rclcpp/rclcpp/memory_strategies.hpp:18[m[K,
                 from [01m[K/opt/ros/humble/include/rclcpp/rclcpp/executor_options.hpp:20[m[K,
                 from [01m[K/opt/ros/humble/include/rclcpp/rclcpp/executor.hpp:37[m[K,
                 from [01m[K/opt/ros/humble/include/rclcpp/rclcpp/executors/multi_threaded_executor.hpp:25[m[K,
                 from [01m[K/opt/ros/humble/include/rclcpp/rclcpp/executors.hpp:21[m[K,
                 from [01m[K/opt/ros/humble/include/rclcpp/rclcpp/rclcpp.hpp:155[m[K,
                 from [01m[K/home/david/yolocpp_ws/src/seg_sub/src/seg_sub.cpp:1[m[K:
[01m[K/home/david/yolocpp_ws/src/seg_sub/src/seg_sub.cpp:805:25:[m[K [01;31m[Kerror: [m[Kinvalid use of â€˜[01m[Kthis[m[Kâ€™ in non-member function
  805 |             RCLCPP_INFO([01;31m[Kthis[m[K->get_logger(),
      |                         [01;31m[K^~~~[m[K
[01m[K/home/david/yolocpp_ws/src/seg_sub/src/seg_sub.cpp:805:25:[m[K [01;31m[Kerror: [m[Kinvalid use of â€˜[01m[Kthis[m[Kâ€™ in non-member function
  805 |             RCLCPP_INFO([01;31m[Kthis[m[K->get_logger(),
      |                         [01;31m[K^~~~[m[K
In file included from [01m[K/opt/ros/humble/include/rclcpp/rclcpp/client.hpp:40[m[K,
                 from [01m[K/opt/ros/humble/include/rclcpp/rclcpp/callback_group.hpp:24[m[K,
                 from [01m[K/opt/ros/humble/include/rclcpp/rclcpp/any_executable.hpp:20[m[K,
                 from [01m[K/opt/ros/humble/include/rclcpp/rclcpp/memory_strategy.hpp:25[m[K,
                 from [01m[K/opt/ros/humble/include/rclcpp/rclcpp/memory_strategies.hpp:18[m[K,
                 from [01m[K/opt/ros/humble/include/rclcpp/rclcpp/executor_options.hpp:20[m[K,
                 from [01m[K/opt/ros/humble/include/rclcpp/rclcpp/executor.hpp:37[m[K,
                 from [01m[K/opt/ros/humble/include/rclcpp/rclcpp/executors/multi_threaded_executor.hpp:25[m[K,
                 from [01m[K/opt/ros/humble/include/rclcpp/rclcpp/executors.hpp:21[m[K,
                 from [01m[K/opt/ros/humble/include/rclcpp/rclcpp/rclcpp.hpp:155[m[K,
                 from [01m[K/home/david/yolocpp_ws/src/seg_sub/src/seg_sub.cpp:1[m[K:
[01m[K/home/david/yolocpp_ws/src/seg_sub/src/seg_sub.cpp:808:21:[m[K [01;31m[Kerror: [m[Kinvalid use of â€˜[01m[Kthis[m[Kâ€™ in non-member function
  808 |         RCLCPP_INFO([01;31m[Kthis[m[K->get_logger(),
      |                     [01;31m[K^~~~[m[K
[01m[K/home/david/yolocpp_ws/src/seg_sub/src/seg_sub.cpp:808:21:[m[K [01;31m[Kerror: [m[Kinvalid use of â€˜[01m[Kthis[m[Kâ€™ in non-member function
[01m[K/home/david/yolocpp_ws/src/seg_sub/src/seg_sub.cpp:808:9:[m[K [01;31m[Kerror: [m[Ktemplate argument 1 is invalid
  808 |         [01;31m[KRCLCPP_INFO[m[K(this->get_logger(),
      |         [01;31m[K^~~~~~~~~~~[m[K
[01m[K/home/david/yolocpp_ws/src/seg_sub/src/seg_sub.cpp:808:9:[m[K [01;31m[Kerror: [m[Ktemplate argument 1 is invalid
  808 |         [01;31m[KRCLCPP_INFO[m[K(this->get_logger(),
      |         [01;31m[K^~~~~~~~~~~[m[K
[01m[K/home/david/yolocpp_ws/src/seg_sub/src/seg_sub.cpp:808:9:[m[K [01;31m[Kerror: [m[Ktemplate argument 1 is invalid
  808 |         [01;31m[KRCLCPP_INFO[m[K(this->get_logger(),
      |         [01;31m[K^~~~~~~~~~~[m[K
In file included from [01m[K/opt/ros/humble/include/rclcpp/rclcpp/logging.hpp:24[m[K,
                 from [01m[K/opt/ros/humble/include/rclcpp/rclcpp/client.hpp:40[m[K,
                 from [01m[K/opt/ros/humble/include/rclcpp/rclcpp/callback_group.hpp:24[m[K,
                 from [01m[K/opt/ros/humble/include/rclcpp/rclcpp/any_executable.hpp:20[m[K,
                 from [01m[K/opt/ros/humble/include/rclcpp/rclcpp/memory_strategy.hpp:25[m[K,
                 from [01m[K/opt/ros/humble/include/rclcpp/rclcpp/memory_strategies.hpp:18[m[K,
                 from [01m[K/opt/ros/humble/include/rclcpp/rclcpp/executor_options.hpp:20[m[K,
                 from [01m[K/opt/ros/humble/include/rclcpp/rclcpp/executor.hpp:37[m[K,
                 from [01m[K/opt/ros/humble/include/rclcpp/rclcpp/executors/multi_threaded_executor.hpp:25[m[K,
                 from [01m[K/opt/ros/humble/include/rclcpp/rclcpp/executors.hpp:21[m[K,
                 from [01m[K/opt/ros/humble/include/rclcpp/rclcpp/rclcpp.hpp:155[m[K,
                 from [01m[K/home/david/yolocpp_ws/src/seg_sub/src/seg_sub.cpp:1[m[K:
[01m[K/home/david/yolocpp_ws/src/seg_sub/src/seg_sub.cpp:808:21:[m[K [01;31m[Kerror: [m[Kinvalid use of â€˜[01m[Kthis[m[Kâ€™ in non-member function
  808 |         RCLCPP_INFO([01;31m[Kthis[m[K->get_logger(),
      |                     [01;31m[K^~~~[m[K
[01m[K/home/david/yolocpp_ws/src/seg_sub/src/seg_sub.cpp:808:21:[m[K [01;31m[Kerror: [m[Kinvalid use of â€˜[01m[Kthis[m[Kâ€™ in non-member function
  808 |         RCLCPP_INFO([01;31m[Kthis[m[K->get_logger(),
      |                     [01;31m[K^~~~[m[K
[01m[K/home/david/yolocpp_ws/src/seg_sub/src/seg_sub.cpp:[m[K At global scope:
[01m[K/home/david/yolocpp_ws/src/seg_sub/src/seg_sub.cpp:881:1:[m[K [01;31m[Kerror: [m[Kexpected declaration before â€˜[01m[K}[m[Kâ€™ token
  881 | [01;31m[K}[m[K;
      | [01;31m[K^[m[K
gmake[2]: *** [CMakeFiles/seg_sub_node.dir/build.make:76: CMakeFiles/seg_sub_node.dir/src/seg_sub.cpp.o] Error 1
gmake[1]: *** [CMakeFiles/Makefile2:165: CMakeFiles/seg_sub_node.dir/all] Error 2
gmake: *** [Makefile:146: all] Error 2
