[0.016s] Invoking command in '/home/david/yolocpp_ws/build/seg_sub': CMAKE_PREFIX_PATH=/home/david/yolocpp_ws/install/yolo_custom_interfaces:/home/david/yolocpp_ws/install/zoe_bringup:/home/david/yolocpp_ws/install/yolocpp:/home/david/yolocpp_ws/install/tensorrt_yolo:/home/david/yolocpp_ws/install/seg_sub:/home/david/yolocpp_ws/install/pylon_instant_camera:/home/david/yolocpp_ws/install/monitor_tutorial:/home/david/yolocpp_ws/install/monitor_sql_tutorial:/home/david/yolocpp_ws/install/image_directory_publisher:/home/david/yolocpp_ws/install/docs_turtlesim:/home/david/yolocpp_ws/install/bboxes_ex_msgs:/opt/vulcanexus/humble:/home/david/yolocpp_ws/install/microservers_py:/home/david/yolocpp_ws/install/clients_py:/opt/ros/humble LD_LIBRARY_PATH=/home/david/yolocpp_ws/install/yolo_custom_interfaces/lib:/home/david/yolocpp_ws/install/pylon_instant_camera/lib:/home/david/yolocpp_ws/install/image_directory_publisher/lib:/home/david/yolocpp_ws/install/docs_turtlesim/lib:/home/david/yolocpp_ws/install/bboxes_ex_msgs/lib:/opt/vulcanexus/humble/lib:/opt/pylon/lib:/opt/ros/humble/opt/rviz_ogre_vendor/lib:/opt/ros/humble/lib/x86_64-linux-gnu:/opt/ros/humble/lib:/usr/local/cuda/lib64:/usr/local/cuda-11.2/lib64:/usr/local/cuda-11.2/lib64:/home/david/onnxruntime-linux-x64-gpu-1.22.0/lib PROMPT_COMMAND=echo -n \[$(date +%H:%M:%S)\]\ /home/david/.local/bin/cmake --build /home/david/yolocpp_ws/build/seg_sub -- -j32 -l32
[0.059s] [ 50%] Built target chrono
[0.074s] [ 75%] [32mBuilding CXX object CMakeFiles/seg_sub_node.dir/src/seg_sub.cpp.o[0m
[1.394s] [01m[K/home/david/yolocpp_ws/src/seg_sub/src/seg_sub.cpp:457:50:[m[K [01;31m[Kerror: [m[Kexpected â€˜[01m[K)[m[Kâ€™ before numeric constant
[1.394s]   457 |        rclcpp::QoS qos_profile(rclcpp::KeepLast[34m[K([m[K[01;31m[K5[m[K));
[1.394s]       |                                                [34m[K~[m[K[01;31m[K^[m[K
[1.394s]       |                                                 [32m[K)[m[K
[1.394s] [01m[K/home/david/yolocpp_ws/src/seg_sub/src/seg_sub.cpp:457:50:[m[K [01;31m[Kerror: [m[Kexpected â€˜[01m[K)[m[Kâ€™ before numeric constant
[1.394s]   457 |        rclcpp::QoS qos_profile[34m[K([m[Krclcpp::KeepLast([01;31m[K5[m[K));
[1.395s]       |                               [34m[K~[m[K                 [01;31m[K^[m[K
[1.395s]       |                                                 [32m[K)[m[K
[1.395s] [01m[K/home/david/yolocpp_ws/src/seg_sub/src/seg_sub.cpp:457:49:[m[K [01;31m[Kerror: [m[Kexpected â€˜[01m[K;[m[Kâ€™ at end of member declaration
[1.395s]   457 |        rclcpp::QoS qos_profile(rclcpp::KeepLast[01;31m[K([m[K5));
[1.395s]       |                                                [01;31m[K^[m[K
[1.395s]       |                                                 [32m[K;[m[K
[1.395s] [01m[K/home/david/yolocpp_ws/src/seg_sub/src/seg_sub.cpp:457:50:[m[K [01;31m[Kerror: [m[Kexpected unqualified-id before numeric constant
[1.395s]   457 |        rclcpp::QoS qos_profile(rclcpp::KeepLast([01;31m[K5[m[K));
[1.395s]       |                                                 [01;31m[K^[m[K
[1.395s] 
[1.396s] [01m[K/home/david/yolocpp_ws/src/seg_sub/src/seg_sub.cpp:458:9:[m[K [01;31m[Kerror: [m[Kâ€˜[01m[Kqos_profile[m[Kâ€™ does not name a type; did you mean â€˜[01m[Krmw_qos_profile_t[m[Kâ€™?
[1.396s]   458 |         [01;31m[Kqos_profile[m[K.reliable();
[1.396s]       |         [01;31m[K^~~~~~~~~~~[m[K
[1.396s]       |         [32m[Krmw_qos_profile_t[m[K
[1.398s] [01m[K/home/david/yolocpp_ws/src/seg_sub/src/seg_sub.cpp:459:9:[m[K [01;31m[Kerror: [m[Kâ€˜[01m[Kqos_profile[m[Kâ€™ does not name a type; did you mean â€˜[01m[Krmw_qos_profile_t[m[Kâ€™?
[1.398s]   459 |         [01;31m[Kqos_profile[m[K.durability_volatile();
[1.398s]       |         [01;31m[K^~~~~~~~~~~[m[K
[1.398s]       |         [32m[Krmw_qos_profile_t[m[K
[1.399s] [01m[K/home/david/yolocpp_ws/src/seg_sub/src/seg_sub.cpp:462:9:[m[K [01;31m[Kerror: [m[Kâ€˜[01m[Ksub_left_[m[Kâ€™ does not name a type
[1.399s]   462 |         [01;31m[Ksub_left_[m[K = this->create_subscription<yolo_custom_interfaces::msg::InstanceSegmentationInfo>(
[1.399s]       |         [01;31m[K^~~~~~~~~[m[K
[1.399s] [01m[K/home/david/yolocpp_ws/src/seg_sub/src/seg_sub.cpp:467:14:[m[K [01;31m[Kerror: [m[Kexpected unqualified-id before â€˜[01m[K)[m[Kâ€™ token
[1.399s]   467 |             }[01;31m[K)[m[K;
[1.399s]       |              [01;31m[K^[m[K
[1.400s] [01m[K/home/david/yolocpp_ws/src/seg_sub/src/seg_sub.cpp:469:9:[m[K [01;31m[Kerror: [m[Kâ€˜[01m[Ksub_front_[m[Kâ€™ does not name a type
[1.400s]   469 |         [01;31m[Ksub_front_[m[K = this->create_subscription<yolo_custom_interfaces::msg::InstanceSegmentationInfo>(
[1.400s]       |         [01;31m[K^~~~~~~~~~[m[K
[1.400s] [01m[K/home/david/yolocpp_ws/src/seg_sub/src/seg_sub.cpp:474:14:[m[K [01;31m[Kerror: [m[Kexpected unqualified-id before â€˜[01m[K)[m[Kâ€™ token
[1.400s]   474 |             }[01;31m[K)[m[K;
[1.400s]       |              [01;31m[K^[m[K
[1.401s] [01m[K/home/david/yolocpp_ws/src/seg_sub/src/seg_sub.cpp:476:9:[m[K [01;31m[Kerror: [m[Kâ€˜[01m[Ksub_right_[m[Kâ€™ does not name a type
[1.401s]   476 |         [01;31m[Ksub_right_[m[K = this->create_subscription<yolo_custom_interfaces::msg::InstanceSegmentationInfo>(
[1.401s]       |         [01;31m[K^~~~~~~~~~[m[K
[1.401s] [01m[K/home/david/yolocpp_ws/src/seg_sub/src/seg_sub.cpp:481:14:[m[K [01;31m[Kerror: [m[Kexpected unqualified-id before â€˜[01m[K)[m[Kâ€™ token
[1.401s]   481 |             }[01;31m[K)[m[K;
[1.401s]       |              [01;31m[K^[m[K
[1.403s] [01m[K/home/david/yolocpp_ws/src/seg_sub/src/seg_sub.cpp:483:9:[m[K [01;31m[Kerror: [m[Kâ€˜[01m[Kreport_timer_[m[Kâ€™ does not name a type
[1.403s]   483 |         [01;31m[Kreport_timer_[m[K = this->create_wall_timer(
[1.403s]       |         [01;31m[K^~~~~~~~~~~~~[m[K
[1.405s] [01m[K/home/david/yolocpp_ws/src/seg_sub/src/seg_sub.cpp:486:9:[m[K [01;31m[Kerror: [m[Kâ€˜[01m[Klast_report_time_[m[Kâ€™ does not name a type
[1.405s]   486 |         [01;31m[Klast_report_time_[m[K = this->now();
[1.405s]       |         [01;31m[K^~~~~~~~~~~~~~~~~[m[K
[1.405s] [01m[K/home/david/yolocpp_ws/src/seg_sub/src/seg_sub.cpp:487:6:[m[K [01;31m[Kerror: [m[Kexpected â€˜[01m[K;[m[Kâ€™ after class definition
[1.405s]   487 |     }
[1.405s]       |      [01;31m[K^[m[K
[1.405s]       |      [32m[K;[m[K
[1.405s] [01m[K/home/david/yolocpp_ws/src/seg_sub/src/seg_sub.cpp:[m[K In constructor â€˜[01m[KFrequencySubscriber::FrequencySubscriber()[m[Kâ€™:
[1.405s] [01m[K/home/david/yolocpp_ws/src/seg_sub/src/seg_sub.cpp:80:48:[m[K [01;31m[Kerror: [m[Kclass â€˜[01m[KFrequencySubscriber[m[Kâ€™ does not have any field named â€˜[01m[Kstop_csv_writer_thread_[m[Kâ€™
[1.405s]    80 |   : Node("result_frequency_subscriber"), [01;31m[Kstop_csv_writer_thread_[m[K(false)
[1.405s]       |                                          [01;31m[K^~~~~~~~~~~~~~~~~~~~~~~[m[K
[1.405s] 
[1.412s] [01m[K/home/david/yolocpp_ws/src/seg_sub/src/seg_sub.cpp:84:9:[m[K [01;31m[Kerror: [m[Kâ€˜[01m[Kcsv_writer_thread_[m[Kâ€™ was not declared in this scope
[1.412s]    84 |         [01;31m[Kcsv_writer_thread_[m[K = std::thread(&FrequencySubscriber::csvWriterLoop, this);
[1.412s]       |         [01;31m[K^~~~~~~~~~~~~~~~~~[m[K
[1.412s] [01m[K/home/david/yolocpp_ws/src/seg_sub/src/seg_sub.cpp:84:64:[m[K [01;31m[Kerror: [m[Kâ€˜[01m[KcsvWriterLoop[m[Kâ€™ is not a member of â€˜[01m[KFrequencySubscriber[m[Kâ€™
[1.412s]    84 | ead_ = std::thread(&FrequencySubscriber::[01;31m[KcsvWriterLoop[m[K, this);
[1.412s]       |                                          [01;31m[K^~~~~~~~~~~~~[m[K
[1.412s] 
[1.419s] [01m[K/home/david/yolocpp_ws/src/seg_sub/src/seg_sub.cpp:87:9:[m[K [01;31m[Kerror: [m[Kâ€˜[01m[Kinitialize_colors[m[Kâ€™ was not declared in this scope
[1.419s]    87 |         [01;31m[Kinitialize_colors[m[K();
[1.419s]       |         [01;31m[K^~~~~~~~~~~~~~~~~[m[K
[1.430s] [01m[K/home/david/yolocpp_ws/src/seg_sub/src/seg_sub.cpp:[m[K In lambda function:
[1.430s] [01m[K/home/david/yolocpp_ws/src/seg_sub/src/seg_sub.cpp:93:13:[m[K [01;31m[Kerror: [m[Kâ€˜[01m[Kinitialize_camera_loss_tracking[m[Kâ€™ was not declared in this scope
[1.430s]    93 |             [01;31m[Kinitialize_camera_loss_tracking[m[K(camera_id);
[1.430s]       |             [01;31m[K^~~~~~~~~~~~~~~~~~~~~~~~~~~~~~~[m[K
[1.438s] [01m[K/home/david/yolocpp_ws/src/seg_sub/src/seg_sub.cpp:177:50:[m[K [01;31m[Kerror: [m[Kâ€˜[01m[Kbatch_spread_data_mutex_[m[Kâ€™ was not declared in this scope
[1.438s]   177 |         std::lock_guard<std::mutex> lock([01;31m[Kbatch_spread_data_mutex_[m[K);
[1.438s]       |                                          [01;31m[K^~~~~~~~~~~~~~~~~~~~~~~~[m[K
[1.438s] 
[1.447s] [01m[K/home/david/yolocpp_ws/src/seg_sub/src/seg_sub.cpp:180:17:[m[K [01;31m[Kerror: [m[Kâ€˜[01m[Kreceived_batch_t0_timestamps_[m[Kâ€™ was not declared in this scope
[1.447s]   180 |                 [01;31m[Kreceived_batch_t0_timestamps_[m[K[packet_seq_num][camera_id] = ts_t0_img_pub;
[1.447s]       |                 [01;31m[K^~~~~~~~~~~~~~~~~~~~~~~~~~~~~[m[K
[1.456s] [01m[K/home/david/yolocpp_ws/src/seg_sub/src/seg_sub.cpp:181:17:[m[K [01;31m[Kerror: [m[Kâ€˜[01m[Kreceived_batch_t1_timestamps_[m[Kâ€™ was not declared in this scope
[1.456s]   181 |                 [01;31m[Kreceived_batch_t1_timestamps_[m[K[packet_seq_num][camera_id] = ts_t1_segnode_cb_entry;
[1.456s]       |                 [01;31m[K^~~~~~~~~~~~~~~~~~~~~~~~~~~~~[m[K
[1.465s] [01m[K/home/david/yolocpp_ws/src/seg_sub/src/seg_sub.cpp:182:17:[m[K [01;31m[Kerror: [m[Kâ€˜[01m[Kreceived_batch_t2_timestamps_[m[Kâ€™ was not declared in this scope
[1.466s]   182 |                 [01;31m[Kreceived_batch_t2_timestamps_[m[K[packet_seq_num][camera_id] = ts_t2_segnode_batch_start;
[1.466s]       |                 [01;31m[K^~~~~~~~~~~~~~~~~~~~~~~~~~~~~[m[K
[1.475s] [01m[K/home/david/yolocpp_ws/src/seg_sub/src/seg_sub.cpp:183:17:[m[K [01;31m[Kerror: [m[Kâ€˜[01m[Kreceived_batch_t2a_timestamps_[m[Kâ€™ was not declared in this scope
[1.475s]   183 |                 [01;31m[Kreceived_batch_t2a_timestamps_[m[K[packet_seq_num][camera_id] = ts_t2a_inference_start;
[1.475s]       |                 [01;31m[K^~~~~~~~~~~~~~~~~~~~~~~~~~~~~~[m[K
[1.484s] [01m[K/home/david/yolocpp_ws/src/seg_sub/src/seg_sub.cpp:184:17:[m[K [01;31m[Kerror: [m[Kâ€˜[01m[Kreceived_batch_t2b_timestamps_[m[Kâ€™ was not declared in this scope
[1.484s]   184 |                 [01;31m[Kreceived_batch_t2b_timestamps_[m[K[packet_seq_num][camera_id] = ts_t2b_inference_end;
[1.484s]       |                 [01;31m[K^~~~~~~~~~~~~~~~~~~~~~~~~~~~~~[m[K
[1.493s] [01m[K/home/david/yolocpp_ws/src/seg_sub/src/seg_sub.cpp:185:17:[m[K [01;31m[Kerror: [m[Kâ€˜[01m[Kreceived_batch_t3_timestamps_[m[Kâ€™ was not declared in this scope
[1.493s]   185 |                 [01;31m[Kreceived_batch_t3_timestamps_[m[K[packet_seq_num][camera_id] = ts_t3_segnode_res_pub;
[1.493s]       |                 [01;31m[K^~~~~~~~~~~~~~~~~~~~~~~~~~~~~[m[K
[1.503s] [01m[K/home/david/yolocpp_ws/src/seg_sub/src/seg_sub.cpp:186:17:[m[K [01;31m[Kerror: [m[Kâ€˜[01m[Kreceived_batch_t4_timestamps_[m[Kâ€™ was not declared in this scope
[1.503s]   186 |                 [01;31m[Kreceived_batch_t4_timestamps_[m[K[packet_seq_num][camera_id] = ts_t4_segsub_res_recv;
[1.503s]       |                 [01;31m[K^~~~~~~~~~~~~~~~~~~~~~~~~~~~~[m[K
[1.519s] [01m[K/home/david/yolocpp_ws/src/seg_sub/src/seg_sub.cpp:216:87:[m[K [01;31m[Kerror: [m[Kâ€˜[01m[Kbatch_t0_spread_ms_[m[Kâ€™ was not declared in this scope; did you mean â€˜[01m[Kt0_spread_ms[m[Kâ€™?
[1.519s]   216 | _seq_num, received_batch_t0_timestamps_, [01;31m[Kbatch_t0_spread_ms_[m[K, t0_spread_ms, t0_spread_calculated_this_call);
[1.519s]       |                                          [01;31m[K^~~~~~~~~~~~~~~~~~~[m[K
[1.519s]       |                                          [32m[Kt0_spread_ms[m[K
[1.525s] [01m[K/home/david/yolocpp_ws/src/seg_sub/src/seg_sub.cpp:217:87:[m[K [01;31m[Kerror: [m[Kâ€˜[01m[Kbatch_t1_spread_ms_[m[Kâ€™ was not declared in this scope; did you mean â€˜[01m[Kt1_spread_ms[m[Kâ€™?
[1.525s]   217 | _seq_num, received_batch_t1_timestamps_, [01;31m[Kbatch_t1_spread_ms_[m[K, t1_spread_ms, t1_spread_calculated_this_call);
[1.525s]       |                                          [01;31m[K^~~~~~~~~~~~~~~~~~~[m[K
[1.526s]       |                                          [32m[Kt1_spread_ms[m[K
[1.532s] [01m[K/home/david/yolocpp_ws/src/seg_sub/src/seg_sub.cpp:218:87:[m[K [01;31m[Kerror: [m[Kâ€˜[01m[Kbatch_t2_spread_ms_[m[Kâ€™ was not declared in this scope; did you mean â€˜[01m[Kt2_spread_ms[m[Kâ€™?
[1.532s]   218 | _seq_num, received_batch_t2_timestamps_, [01;31m[Kbatch_t2_spread_ms_[m[K, t2_spread_ms, t2_spread_calculated_this_call);
[1.532s]       |                                          [01;31m[K^~~~~~~~~~~~~~~~~~~[m[K
[1.532s]       |                                          [32m[Kt2_spread_ms[m[K
[1.540s] [01m[K/home/david/yolocpp_ws/src/seg_sub/src/seg_sub.cpp:219:88:[m[K [01;31m[Kerror: [m[Kâ€˜[01m[Kbatch_t2a_spread_ms_[m[Kâ€™ was not declared in this scope; did you mean â€˜[01m[Kt2a_spread_ms[m[Kâ€™?
[1.540s]   219 | seq_num, received_batch_t2a_timestamps_, [01;31m[Kbatch_t2a_spread_ms_[m[K, t2a_spread_ms, t2a_spread_calculated_this_call);
[1.540s]       |                                          [01;31m[K^~~~~~~~~~~~~~~~~~~~[m[K
[1.540s]       |                                          [32m[Kt2a_spread_ms[m[K
[1.547s] [01m[K/home/david/yolocpp_ws/src/seg_sub/src/seg_sub.cpp:220:88:[m[K [01;31m[Kerror: [m[Kâ€˜[01m[Kbatch_t2b_spread_ms_[m[Kâ€™ was not declared in this scope; did you mean â€˜[01m[Kt2b_spread_ms[m[Kâ€™?
[1.547s]   220 | seq_num, received_batch_t2b_timestamps_, [01;31m[Kbatch_t2b_spread_ms_[m[K, t2b_spread_ms, t2b_spread_calculated_this_call);
[1.547s]       |                                          [01;31m[K^~~~~~~~~~~~~~~~~~~~[m[K
[1.547s]       |                                          [32m[Kt2b_spread_ms[m[K
[1.554s] [01m[K/home/david/yolocpp_ws/src/seg_sub/src/seg_sub.cpp:221:87:[m[K [01;31m[Kerror: [m[Kâ€˜[01m[Kbatch_t3_spread_ms_[m[Kâ€™ was not declared in this scope; did you mean â€˜[01m[Kt3_spread_ms[m[Kâ€™?
[1.554s]   221 | _seq_num, received_batch_t3_timestamps_, [01;31m[Kbatch_t3_spread_ms_[m[K, t3_spread_ms, t3_spread_calculated_this_call);
[1.554s]       |                                          [01;31m[K^~~~~~~~~~~~~~~~~~~[m[K
[1.554s]       |                                          [32m[Kt3_spread_ms[m[K
[1.560s] [01m[K/home/david/yolocpp_ws/src/seg_sub/src/seg_sub.cpp:222:87:[m[K [01;31m[Kerror: [m[Kâ€˜[01m[Kbatch_t4_spread_ms_[m[Kâ€™ was not declared in this scope; did you mean â€˜[01m[Kt4_spread_ms[m[Kâ€™?
[1.560s]   222 | _seq_num, received_batch_t4_timestamps_, [01;31m[Kbatch_t4_spread_ms_[m[K, t4_spread_ms, t4_spread_calculated_this_call);
[1.560s]       |                                          [01;31m[K^~~~~~~~~~~~~~~~~~~[m[K
[1.560s]       |                                          [32m[Kt4_spread_ms[m[K
[1.571s] [01m[K/home/david/yolocpp_ws/src/seg_sub/src/seg_sub.cpp:226:21:[m[K [01;31m[Kerror: [m[Kâ€˜[01m[Kbatch_parallelism_metrics_calculated_[m[Kâ€™ was not declared in this scope
[1.571s]   226 |                 if ([01;31m[Kbatch_parallelism_metrics_calculated_[m[K.find(packet_seq_num) == batch_parallelism_metrics_calculated_.end()) {
[1.571s]       |                     [01;31m[K^~~~~~~~~~~~~~~~~~~~~~~~~~~~~~~~~~~~~[m[K
[1.580s] [01m[K/home/david/yolocpp_ws/src/seg_sub/src/seg_sub.cpp:227:25:[m[K [01;31m[Kerror: [m[Kâ€˜[01m[Kreceived_batch_t2a_timestamps_[m[Kâ€™ was not declared in this scope
[1.580s]   227 |                     if ([01;31m[Kreceived_batch_t2a_timestamps_[m[K[packet_seq_num].count("left") && received_batch_t2a_timestamps_[packet_seq_num].count("front") && received_batch_t2a_timestamps_[packet_seq_num].count("right") &&
[1.580s]       |                         [01;31m[K^~~~~~~~~~~~~~~~~~~~~~~~~~~~~~[m[K
[1.589s] [01m[K/home/david/yolocpp_ws/src/seg_sub/src/seg_sub.cpp:228:25:[m[K [01;31m[Kerror: [m[Kâ€˜[01m[Kreceived_batch_t2b_timestamps_[m[Kâ€™ was not declared in this scope
[1.589s]   228 |                         [01;31m[Kreceived_batch_t2b_timestamps_[m[K[packet_seq_num].count("left") && received_batch_t2b_timestamps_[packet_seq_num].count("front") && received_batch_t2b_timestamps_[packet_seq_num].count("right")) {
[1.589s]       |                         [01;31m[K^~~~~~~~~~~~~~~~~~~~~~~~~~~~~~[m[K
[1.597s] [01m[K/home/david/yolocpp_ws/src/seg_sub/src/seg_sub.cpp:268:25:[m[K [01;31m[Kerror: [m[Kâ€˜[01m[Kbatch_sum_individual_inf_dur_ms_[m[Kâ€™ was not declared in this scope; did you mean â€˜[01m[Ksum_individual_inf_dur_ms[m[Kâ€™?
[1.597s]   268 |                         [01;31m[Kbatch_sum_individual_inf_dur_ms_[m[K[packet_seq_num] = sum_individual_inf_dur_ms;
[1.597s]       |                         [01;31m[K^~~~~~~~~~~~~~~~~~~~~~~~~~~~~~~~[m[K
[1.597s]       |                         [32m[Ksum_individual_inf_dur_ms[m[K
[1.605s] [01m[K/home/david/yolocpp_ws/src/seg_sub/src/seg_sub.cpp:269:25:[m[K [01;31m[Kerror: [m[Kâ€˜[01m[Kbatch_total_inf_span_ms_[m[Kâ€™ was not declared in this scope
[1.605s]   269 |                         [01;31m[Kbatch_total_inf_span_ms_[m[K[packet_seq_num] = total_batch_inf_span_ms;
[1.605s]       |                         [01;31m[K^~~~~~~~~~~~~~~~~~~~~~~~[m[K
[1.613s] [01m[K/home/david/yolocpp_ws/src/seg_sub/src/seg_sub.cpp:270:25:[m[K [01;31m[Kerror: [m[Kâ€˜[01m[Kbatch_inf_overlap_time_ms_[m[Kâ€™ was not declared in this scope; did you mean â€˜[01m[Kinf_overlap_time_ms[m[Kâ€™?
[1.613s]   270 |                         [01;31m[Kbatch_inf_overlap_time_ms_[m[K[packet_seq_num] = inf_overlap_time_ms;
[1.613s]       |                         [01;31m[K^~~~~~~~~~~~~~~~~~~~~~~~~~[m[K
[1.613s]       |                         [32m[Kinf_overlap_time_ms[m[K
[1.620s] [01m[K/home/david/yolocpp_ws/src/seg_sub/src/seg_sub.cpp:271:25:[m[K [01;31m[Kerror: [m[Kâ€˜[01m[Kbatch_parallel_overlap_pct_[m[Kâ€™ was not declared in this scope; did you mean â€˜[01m[Kparallel_overlap_pct[m[Kâ€™?
[1.620s]   271 |                         [01;31m[Kbatch_parallel_overlap_pct_[m[K[packet_seq_num] = parallel_overlap_pct;
[1.620s]       |                         [01;31m[K^~~~~~~~~~~~~~~~~~~~~~~~~~~[m[K
[1.621s]       |                         [32m[Kparallel_overlap_pct[m[K
[1.628s] [01m[K/home/david/yolocpp_ws/src/seg_sub/src/seg_sub.cpp:272:25:[m[K [01;31m[Kerror: [m[Kâ€˜[01m[Kbatch_inf_concurrency_factor_[m[Kâ€™ was not declared in this scope; did you mean â€˜[01m[Kinf_concurrency_factor[m[Kâ€™?
[1.628s]   272 |                         [01;31m[Kbatch_inf_concurrency_factor_[m[K[packet_seq_num] = inf_concurrency_factor;
[1.628s]       |                         [01;31m[K^~~~~~~~~~~~~~~~~~~~~~~~~~~~~[m[K
[1.628s]       |                         [32m[Kinf_concurrency_factor[m[K
[1.635s] [01m[K/home/david/yolocpp_ws/src/seg_sub/src/seg_sub.cpp:277:49:[m[K [01;31m[Kerror: [m[Kâ€˜[01m[Kbatch_sum_individual_inf_dur_ms_[m[Kâ€™ was not declared in this scope; did you mean â€˜[01m[Ksum_individual_inf_dur_ms[m[Kâ€™?
[1.635s]   277 |              sum_individual_inf_dur_ms = [01;31m[Kbatch_sum_individual_inf_dur_ms_[m[K[packet_seq_num];
[1.635s]       |                                          [01;31m[K^~~~~~~~~~~~~~~~~~~~~~~~~~~~~~~~[m[K
[1.635s]       |                                          [32m[Ksum_individual_inf_dur_ms[m[K
[1.643s] [01m[K/home/david/yolocpp_ws/src/seg_sub/src/seg_sub.cpp:278:47:[m[K [01;31m[Kerror: [m[Kâ€˜[01m[Kbatch_total_inf_span_ms_[m[Kâ€™ was not declared in this scope
[1.643s]   278 |                total_batch_inf_span_ms = [01;31m[Kbatch_total_inf_span_ms_[m[K[packet_seq_num];
[1.643s]       |                                          [01;31m[K^~~~~~~~~~~~~~~~~~~~~~~~[m[K
[1.643s] 
[1.651s] [01m[K/home/david/yolocpp_ws/src/seg_sub/src/seg_sub.cpp:279:43:[m[K [01;31m[Kerror: [m[Kâ€˜[01m[Kbatch_inf_overlap_time_ms_[m[Kâ€™ was not declared in this scope; did you mean â€˜[01m[Kinf_overlap_time_ms[m[Kâ€™?
[1.651s]   279 |                    inf_overlap_time_ms = [01;31m[Kbatch_inf_overlap_time_ms_[m[K[packet_seq_num];
[1.651s]       |                                          [01;31m[K^~~~~~~~~~~~~~~~~~~~~~~~~~[m[K
[1.651s]       |                                          [32m[Kinf_overlap_time_ms[m[K
[1.658s] [01m[K/home/david/yolocpp_ws/src/seg_sub/src/seg_sub.cpp:280:44:[m[K [01;31m[Kerror: [m[Kâ€˜[01m[Kbatch_parallel_overlap_pct_[m[Kâ€™ was not declared in this scope; did you mean â€˜[01m[Kparallel_overlap_pct[m[Kâ€™?
[1.658s]   280 |                   parallel_overlap_pct = [01;31m[Kbatch_parallel_overlap_pct_[m[K[packet_seq_num];
[1.658s]       |                                          [01;31m[K^~~~~~~~~~~~~~~~~~~~~~~~~~~[m[K
[1.658s]       |                                          [32m[Kparallel_overlap_pct[m[K
[1.665s] [01m[K/home/david/yolocpp_ws/src/seg_sub/src/seg_sub.cpp:281:46:[m[K [01;31m[Kerror: [m[Kâ€˜[01m[Kbatch_inf_concurrency_factor_[m[Kâ€™ was not declared in this scope; did you mean â€˜[01m[Kinf_concurrency_factor[m[Kâ€™?
[1.666s]   281 |                 inf_concurrency_factor = [01;31m[Kbatch_inf_concurrency_factor_[m[K[packet_seq_num];
[1.666s]       |                                          [01;31m[K^~~~~~~~~~~~~~~~~~~~~~~~~~~~~[m[K
[1.666s]       |                                          [32m[Kinf_concurrency_factor[m[K
[1.666s] [01m[K/home/david/yolocpp_ws/src/seg_sub/src/seg_sub.cpp:140:20:[m[K [01;35m[Kwarning: [m[Kunused variable â€˜[01m[Klat_t0_t1_ms[m[Kâ€™ [[01;35m[K]8;;https://gcc.gnu.org/onlinedocs/gcc/Warning-Options.html#index-Wunused-variable-Wunused-variable]8;;[m[K]
[1.666s]   140 |             double [01;35m[Klat_t0_t1_ms[m[K = calculate_latency_ms_local(ts_t1_segnode_cb_entry, ts_t0_img_pub);
[1.666s]       |                    [01;35m[K^~~~~~~~~~~~[m[K
[1.666s] [01m[K/home/david/yolocpp_ws/src/seg_sub/src/seg_sub.cpp:141:20:[m[K [01;35m[Kwarning: [m[Kunused variable â€˜[01m[Klat_t1_t2_ms[m[Kâ€™ [[01;35m[K]8;;https://gcc.gnu.org/onlinedocs/gcc/Warning-Options.html#index-Wunused-variable-Wunused-variable]8;;[m[K]
[1.666s]   141 |             double [01;35m[Klat_t1_t2_ms[m[K = calculate_latency_ms_local(ts_t2_segnode_batch_start, ts_t1_segnode_cb_entry);
[1.666s]       |                    [01;35m[K^~~~~~~~~~~~[m[K
[1.666s] [01m[K/home/david/yolocpp_ws/src/seg_sub/src/seg_sub.cpp:142:20:[m[K [01;35m[Kwarning: [m[Kunused variable â€˜[01m[Klat_t2_t2a_ms[m[Kâ€™ [[01;35m[K]8;;https://gcc.gnu.org/onlinedocs/gcc/Warning-Options.html#index-Wunused-variable-Wunused-variable]8;;[m[K]
[1.666s]   142 |             double [01;35m[Klat_t2_t2a_ms[m[K = calculate_latency_ms_local(ts_t2a_inference_start, ts_t2_segnode_batch_start);
[1.666s]       |                    [01;35m[K^~~~~~~~~~~~~[m[K
[1.666s] [01m[K/home/david/yolocpp_ws/src/seg_sub/src/seg_sub.cpp:143:20:[m[K [01;35m[Kwarning: [m[Kunused variable â€˜[01m[Klat_t2a_t2b_ms[m[Kâ€™ [[01;35m[K]8;;https://gcc.gnu.org/onlinedocs/gcc/Warning-Options.html#index-Wunused-variable-Wunused-variable]8;;[m[K]
[1.666s]   143 |             double [01;35m[Klat_t2a_t2b_ms[m[K = calculate_latency_ms_local(ts_t2b_inference_end, ts_t2a_inference_start); // Inference Duration
[1.666s]       |                    [01;35m[K^~~~~~~~~~~~~~[m[K
[1.666s] [01m[K/home/david/yolocpp_ws/src/seg_sub/src/seg_sub.cpp:144:20:[m[K [01;35m[Kwarning: [m[Kunused variable â€˜[01m[Klat_t2b_t3_ms[m[Kâ€™ [[01;35m[K]8;;https://gcc.gnu.org/onlinedocs/gcc/Warning-Options.html#index-Wunused-variable-Wunused-variable]8;;[m[K]
[1.666s]   144 |             double [01;35m[Klat_t2b_t3_ms[m[K = calculate_latency_ms_local(ts_t3_segnode_res_pub, ts_t2b_inference_end);
[1.666s]       |                    [01;35m[K^~~~~~~~~~~~~[m[K
[1.666s] [01m[K/home/david/yolocpp_ws/src/seg_sub/src/seg_sub.cpp:145:20:[m[K [01;35m[Kwarning: [m[Kunused variable â€˜[01m[Klat_t3_t4_ms[m[Kâ€™ [[01;35m[K]8;;https://gcc.gnu.org/onlinedocs/gcc/Warning-Options.html#index-Wunused-variable-Wunused-variable]8;;[m[K]
[1.666s]   145 |             double [01;35m[Klat_t3_t4_ms[m[K = calculate_latency_ms_local(ts_t4_segsub_res_recv, ts_t3_segnode_res_pub);
[1.666s]       |                    [01;35m[K^~~~~~~~~~~~[m[K
[1.666s] [01m[K/home/david/yolocpp_ws/src/seg_sub/src/seg_sub.cpp:147:20:[m[K [01;35m[Kwarning: [m[Kunused variable â€˜[01m[Klat_total_e2e_ms[m[Kâ€™ [[01;35m[K]8;;https://gcc.gnu.org/onlinedocs/gcc/Warning-Options.html#index-Wunused-variable-Wunused-variable]8;;[m[K]
[1.666s]   147 |             double [01;35m[Klat_total_e2e_ms[m[K = calculate_latency_ms_local(ts_t4_segsub_res_recv, ts_t0_img_pub);
[1.666s]       |                    [01;35m[K^~~~~~~~~~~~~~~~[m[K
[1.666s] [01m[K/home/david/yolocpp_ws/src/seg_sub/src/seg_sub.cpp:148:20:[m[K [01;35m[Kwarning: [m[Kunused variable â€˜[01m[Klat_segnode_cb_to_segsub_recv_ms[m[Kâ€™ [[01;35m[K]8;;https://gcc.gnu.org/onlinedocs/gcc/Warning-Options.html#index-Wunused-variable-Wunused-variable]8;;[m[K]
[1.666s]   148 |             double [01;35m[Klat_segnode_cb_to_segsub_recv_ms[m[K = calculate_latency_ms_local(ts_t4_segsub_res_recv, ts_t1_segnode_cb_entry);
[1.666s]       |                    [01;35m[K^~~~~~~~~~~~~~~~~~~~~~~~~~~~~~~~[m[K
[1.666s] [01m[K/home/david/yolocpp_ws/src/seg_sub/src/seg_sub.cpp:[m[K In constructor â€˜[01m[KFrequencySubscriber::FrequencySubscriber()[m[Kâ€™:
[1.666s] [01m[K/home/david/yolocpp_ws/src/seg_sub/src/seg_sub.cpp:286:13:[m[K [01;31m[Kerror: [m[Kexpected â€˜[01m[K,[m[Kâ€™ or â€˜[01m[K;[m[Kâ€™ before â€˜[01m[Kdouble[m[Kâ€™
[1.666s]   286 |             [01;31m[Kdouble[m[K offset_T0_front_vs_left_ms = std::numeric_limits<double>::quiet_NaN();
[1.666s]       |             [01;31m[K^~~~~~[m[K
[1.666s] [01m[K/home/david/yolocpp_ws/src/seg_sub/src/seg_sub.cpp:291:40:[m[K [01;31m[Kerror: [m[Kâ€˜[01m[Kmsg[m[Kâ€™ was not declared in this scope
[1.666s]   291 |             uint64_t current_seq_num = [01;31m[Kmsg[m[K->packet_sequence_number;
[1.666s]       |                                        [01;31m[K^~~[m[K
[1.666s] [01m[K/home/david/yolocpp_ws/src/seg_sub/src/seg_sub.cpp:291:40:[m[K [01;36m[Knote: [m[Ksuggested alternatives:
[1.666s] In file included from [01m[K/opt/ros/humble/include/builtin_interfaces/builtin_interfaces/msg/duration.hpp:7[m[K,
[1.666s]                  from [01m[K/opt/ros/humble/include/rclcpp/rclcpp/duration.hpp:20[m[K,
[1.667s]                  from [01m[K/opt/ros/humble/include/rclcpp/rclcpp/qos.hpp:20[m[K,
[1.667s]                  from [01m[K/opt/ros/humble/include/rclcpp/rclcpp/node_interfaces/node_graph_interface.hpp:32[m[K,
[1.667s]                  from [01m[K/opt/ros/humble/include/rclcpp/rclcpp/client.hpp:42[m[K,
[1.667s]                  from [01m[K/opt/ros/humble/include/rclcpp/rclcpp/callback_group.hpp:24[m[K,
[1.667s]                  from [01m[K/opt/ros/humble/include/rclcpp/rclcpp/any_executable.hpp:20[m[K,
[1.667s]                  from [01m[K/opt/ros/humble/include/rclcpp/rclcpp/memory_strategy.hpp:25[m[K,
[1.667s]                  from [01m[K/opt/ros/humble/include/rclcpp/rclcpp/memory_strategies.hpp:18[m[K,
[1.667s]                  from [01m[K/opt/ros/humble/include/rclcpp/rclcpp/executor_options.hpp:20[m[K,
[1.667s]                  from [01m[K/opt/ros/humble/include/rclcpp/rclcpp/executor.hpp:37[m[K,
[1.667s]                  from [01m[K/opt/ros/humble/include/rclcpp/rclcpp/executors/multi_threaded_executor.hpp:25[m[K,
[1.667s]                  from [01m[K/opt/ros/humble/include/rclcpp/rclcpp/executors.hpp:21[m[K,
[1.667s]                  from [01m[K/opt/ros/humble/include/rclcpp/rclcpp/rclcpp.hpp:155[m[K,
[1.667s]                  from [01m[K/home/david/yolocpp_ws/src/seg_sub/src/seg_sub.cpp:1[m[K:
[1.667s] [01m[K/opt/ros/humble/include/builtin_interfaces/builtin_interfaces/msg/detail/duration__struct.hpp:27:11:[m[K [01;36m[Knote: [m[K  â€˜[01m[Kbuiltin_interfaces::msg[m[Kâ€™
[1.667s]    27 | namespace [01;36m[Kmsg[m[K
[1.667s]       |           [01;36m[K^~~[m[K
[1.667s] In file included from [01m[K/opt/ros/humble/include/rcl_interfaces/rcl_interfaces/msg/set_parameters_result.hpp:7[m[K,
[1.667s]                  from [01m[K/opt/ros/humble/include/rclcpp/rclcpp/qos_overriding_options.hpp:28[m[K,
[1.667s]                  from [01m[K/opt/ros/humble/include/rclcpp/rclcpp/subscription_options.hpp:30[m[K,
[1.667s]                  from [01m[K/opt/ros/humble/include/rclcpp/rclcpp/subscription.hpp:45[m[K,
[1.667s]                  from [01m[K/opt/ros/humble/include/rclcpp/rclcpp/any_executable.hpp:25[m[K,
[1.667s]                  from [01m[K/opt/ros/humble/include/rclcpp/rclcpp/memory_strategy.hpp:25[m[K,
[1.667s]                  from [01m[K/opt/ros/humble/include/rclcpp/rclcpp/memory_strategies.hpp:18[m[K,
[1.667s]                  from [01m[K/opt/ros/humble/include/rclcpp/rclcpp/executor_options.hpp:20[m[K,
[1.667s]                  from [01m[K/opt/ros/humble/include/rclcpp/rclcpp/executor.hpp:37[m[K,
[1.667s]                  from [01m[K/opt/ros/humble/include/rclcpp/rclcpp/executors/multi_threaded_executor.hpp:25[m[K,
[1.667s]                  from [01m[K/opt/ros/humble/include/rclcpp/rclcpp/executors.hpp:21[m[K,
[1.667s]                  from [01m[K/opt/ros/humble/include/rclcpp/rclcpp/rclcpp.hpp:155[m[K,
[1.667s]                  from [01m[K/home/david/yolocpp_ws/src/seg_sub/src/seg_sub.cpp:1[m[K:
[1.667s] [01m[K/opt/ros/humble/include/rcl_interfaces/rcl_interfaces/msg/detail/set_parameters_result__struct.hpp:27:11:[m[K [01;36m[Knote: [m[K  â€˜[01m[Krcl_interfaces::msg[m[Kâ€™
[1.667s]    27 | namespace [01;36m[Kmsg[m[K
[1.667s]       |           [01;36m[K^~~[m[K
[1.667s] In file included from [01m[K/opt/ros/humble/include/statistics_msgs/statistics_msgs/msg/detail/metrics_message__struct.hpp:23[m[K,
[1.667s]                  from [01m[K/opt/ros/humble/include/statistics_msgs/statistics_msgs/msg/metrics_message.hpp:7[m[K,
[1.667s]                  from [01m[K/opt/ros/humble/include/libstatistics_collector/libstatistics_collector/collector/generate_statistics_message.hpp:21[m[K,
[1.667s]                  from [01m[K/opt/ros/humble/include/rclcpp/rclcpp/topic_statistics/subscription_topic_statistics.hpp:23[m[K,
[1.667s]                  from [01m[K/opt/ros/humble/include/rclcpp/rclcpp/subscription.hpp:50[m[K,
[1.667s]                  from [01m[K/opt/ros/humble/include/rclcpp/rclcpp/any_executable.hpp:25[m[K,
[1.667s]                  from [01m[K/opt/ros/humble/include/rclcpp/rclcpp/memory_strategy.hpp:25[m[K,
[1.667s]                  from [01m[K/opt/ros/humble/include/rclcpp/rclcpp/memory_strategies.hpp:18[m[K,
[1.667s]                  from [01m[K/opt/ros/humble/include/rclcpp/rclcpp/executor_options.hpp:20[m[K,
[1.667s]                  from [01m[K/opt/ros/humble/include/rclcpp/rclcpp/executor.hpp:37[m[K,
[1.667s]                  from [01m[K/opt/ros/humble/include/rclcpp/rclcpp/executors/multi_threaded_executor.hpp:25[m[K,
[1.667s]                  from [01m[K/opt/ros/humble/include/rclcpp/rclcpp/executors.hpp:21[m[K,
[1.667s]                  from [01m[K/opt/ros/humble/include/rclcpp/rclcpp/rclcpp.hpp:155[m[K,
[1.667s]                  from [01m[K/home/david/yolocpp_ws/src/seg_sub/src/seg_sub.cpp:1[m[K:
[1.667s] [01m[K/opt/ros/humble/include/statistics_msgs/statistics_msgs/msg/detail/statistic_data_point__struct.hpp:27:11:[m[K [01;36m[Knote: [m[K  â€˜[01m[Kstatistics_msgs::msg[m[Kâ€™
[1.667s]    27 | namespace [01;36m[Kmsg[m[K
[1.667s]       |           [01;36m[K^~~[m[K
[1.667s] In file included from [01m[K/home/david/yolocpp_ws/install/yolo_custom_interfaces/include/yolo_custom_interfaces/yolo_custom_interfaces/msg/detail/instance_segmentation_info__struct.hpp:20[m[K,
[1.667s]                  from [01m[K/home/david/yolocpp_ws/install/yolo_custom_interfaces/include/yolo_custom_interfaces/yolo_custom_interfaces/msg/instance_segmentation_info.hpp:7[m[K,
[1.667s]                  from [01m[K/home/david/yolocpp_ws/src/seg_sub/src/seg_sub.cpp:2[m[K:
[1.667s] [01m[K/opt/ros/humble/include/std_msgs/std_msgs/msg/detail/header__struct.hpp:31:11:[m[K [01;36m[Knote: [m[K  â€˜[01m[Kstd_msgs::msg[m[Kâ€™
[1.667s]    31 | namespace [01;36m[Kmsg[m[K
[1.667s]       |           [01;36m[K^~~[m[K
[1.667s] In file included from [01m[K/home/david/yolocpp_ws/install/yolo_custom_interfaces/include/yolo_custom_interfaces/yolo_custom_interfaces/msg/detail/instance_segmentation_info__struct.hpp:22[m[K,
[1.668s]                  from [01m[K/home/david/yolocpp_ws/install/yolo_custom_interfaces/include/yolo_custom_interfaces/yolo_custom_interfaces/msg/instance_segmentation_info.hpp:7[m[K,
[1.668s]                  from [01m[K/home/david/yolocpp_ws/src/seg_sub/src/seg_sub.cpp:2[m[K:
[1.668s] [01m[K/opt/ros/humble/include/sensor_msgs/sensor_msgs/msg/detail/image__struct.hpp:31:11:[m[K [01;36m[Knote: [m[K  â€˜[01m[Ksensor_msgs::msg[m[Kâ€™
[1.668s]    31 | namespace [01;36m[Kmsg[m[K
[1.668s]       |           [01;36m[K^~~[m[K
[1.668s] In file included from [01m[K/home/david/yolocpp_ws/install/yolo_custom_interfaces/include/yolo_custom_interfaces/yolo_custom_interfaces/msg/instance_segmentation_info.hpp:7[m[K,
[1.668s]                  from [01m[K/home/david/yolocpp_ws/src/seg_sub/src/seg_sub.cpp:2[m[K:
[1.668s] [01m[K/home/david/yolocpp_ws/install/yolo_custom_interfaces/include/yolo_custom_interfaces/yolo_custom_interfaces/msg/detail/instance_segmentation_info__struct.hpp:39:11:[m[K [01;36m[Knote: [m[K  â€˜[01m[Kyolo_custom_interfaces::msg[m[Kâ€™
[1.668s]    39 | namespace [01;36m[Kmsg[m[K
[1.668s]       |           [01;36m[K^~~[m[K
[1.674s] [01m[K/home/david/yolocpp_ws/src/seg_sub/src/seg_sub.cpp:294:50:[m[K [01;31m[Kerror: [m[Kâ€˜[01m[Kloss_tracking_mutex_[m[Kâ€™ was not declared in this scope
[1.674s]   294 |         std::lock_guard<std::mutex> lock([01;31m[Kloss_tracking_mutex_[m[K);
[1.674s]       |                                          [01;31m[K^~~~~~~~~~~~~~~~~~~~[m[K
[1.674s] 
[1.682s] [01m[K/home/david/yolocpp_ws/src/seg_sub/src/seg_sub.cpp:296:22:[m[K [01;31m[Kerror: [m[Kâ€˜[01m[Kfirst_packet_received_flag_[m[Kâ€™ was not declared in this scope
[1.682s]   296 |                 if (![01;31m[Kfirst_packet_received_flag_[m[K[camera_id]) {
[1.682s]       |                      [01;31m[K^~~~~~~~~~~~~~~~~~~~~~~~~~~[m[K
[1.686s] [01m[K/home/david/yolocpp_ws/src/seg_sub/src/seg_sub.cpp:296:50:[m[K [01;31m[Kerror: [m[Kâ€˜[01m[Kcamera_id[m[Kâ€™ was not declared in this scope
[1.686s]   296 |         if (!first_packet_received_flag_[[01;31m[Kcamera_id[m[K]) {
[1.687s]       |                                          [01;31m[K^~~~~~~~~[m[K
[1.687s] 
[1.694s] [01m[K/home/david/yolocpp_ws/src/seg_sub/src/seg_sub.cpp:297:21:[m[K [01;31m[Kerror: [m[Kâ€˜[01m[Klast_received_seq_num_[m[Kâ€™ was not declared in this scope
[1.695s]   297 |                     [01;31m[Klast_received_seq_num_[m[K[camera_id] = current_seq_num;
[1.695s]       |                     [01;31m[K^~~~~~~~~~~~~~~~~~~~~~[m[K
[1.702s] [01m[K/home/david/yolocpp_ws/src/seg_sub/src/seg_sub.cpp:300:44:[m[K [01;31m[Kerror: [m[Kâ€˜[01m[Klast_received_seq_num_[m[Kâ€™ was not declared in this scope
[1.702s]   300 |                   if (current_seq_num == [01;31m[Klast_received_seq_num_[m[K[camera_id] + 1) {
[1.702s]       |                                          [01;31m[K^~~~~~~~~~~~~~~~~~~~~~[m[K
[1.702s] 
[1.711s] [01m[K/home/david/yolocpp_ws/src/seg_sub/src/seg_sub.cpp:305:25:[m[K [01;31m[Kerror: [m[Kâ€˜[01m[Klost_packets_total_count_[m[Kâ€™ was not declared in this scope
[1.711s]   305 |                         [01;31m[Klost_packets_total_count_[m[K[camera_id] += lost_count_since_last;
[1.711s]       |                         [01;31m[K^~~~~~~~~~~~~~~~~~~~~~~~~[m[K
[1.719s] [01m[K/home/david/yolocpp_ws/src/seg_sub/src/seg_sub.cpp:313:21:[m[K [01;31m[Kerror: [m[Kâ€˜[01m[Klast_received_seq_num_[m[Kâ€™ was not declared in this scope
[1.719s]   313 |                     [01;31m[Klast_received_seq_num_[m[K[camera_id] = current_seq_num;
[1.719s]       |                     [01;31m[K^~~~~~~~~~~~~~~~~~~~~~[m[K
[1.723s] [01m[K/home/david/yolocpp_ws/src/seg_sub/src/seg_sub.cpp:321:34:[m[K [01;31m[Kerror: [m[Kâ€˜[01m[Kcamera_id[m[Kâ€™ was not declared in this scope
[1.723s]   321 |             log_stream << "[" << [01;31m[Kcamera_id[m[K << " Pkt#" << packet_seq_num << "] Latency Breakdown. ImgPub OriginalTS: "
[1.724s]       |                                  [01;31m[K^~~~~~~~~[m[K
[1.729s] [01m[K/home/david/yolocpp_ws/src/seg_sub/src/seg_sub.cpp:321:58:[m[K [01;31m[Kerror: [m[Kâ€˜[01m[Kpacket_seq_num[m[Kâ€™ was not declared in this scope; did you mean â€˜[01m[Kcurrent_seq_num[m[Kâ€™?
[1.729s]   321 | stream << "[" << camera_id << " Pkt#" << [01;31m[Kpacket_seq_num[m[K << "] Latency Breakdown. ImgPub OriginalTS: "
[1.729s]       |                                          [01;31m[K^~~~~~~~~~~~~~[m[K
[1.729s]       |                                          [32m[Kcurrent_seq_num[m[K
[1.734s] [01m[K/home/david/yolocpp_ws/src/seg_sub/src/seg_sub.cpp:324:71:[m[K [01;31m[Kerror: [m[Kâ€˜[01m[Kts_t0_img_pub[m[Kâ€™ was not declared in this scope
[1.734s]   324 | T0_ImgPubTime ....................: " << [01;31m[Kts_t0_img_pub[m[K.tv_sec << "." << std::setfill('0') << std::setw(9) << ts_t0_img_pub.tv_nsec << "\n";
[1.734s]       |                                          [01;31m[K^~~~~~~~~~~~~[m[K
[1.734s] 
[1.742s] [01m[K/home/david/yolocpp_ws/src/seg_sub/src/seg_sub.cpp:325:71:[m[K [01;31m[Kerror: [m[Kâ€˜[01m[Kts_t1_segnode_cb_entry[m[Kâ€™ was not declared in this scope
[1.742s]   325 | T1_SegNode_CBCallTime ............: " << [01;31m[Kts_t1_segnode_cb_entry[m[K.tv_sec << "." << std::setfill('0') << std::setw(9) << ts_t1_segnode_cb_entry.tv_nsec << "\n";
[1.742s]       |                                          [01;31m[K^~~~~~~~~~~~~~~~~~~~~~[m[K
[1.742s] 
[1.751s] [01m[K/home/david/yolocpp_ws/src/seg_sub/src/seg_sub.cpp:326:71:[m[K [01;31m[Kerror: [m[Kâ€˜[01m[Kts_t2_segnode_batch_start[m[Kâ€™ was not declared in this scope
[1.751s]   326 | T2_SegNode_BatchProcStartTime ....: " << [01;31m[Kts_t2_segnode_batch_start[m[K.tv_sec << "." << std::setfill('0') << std::setw(9) << ts_t2_segnode_batch_start.tv_nsec << "\n";
[1.751s]       |                                          [01;31m[K^~~~~~~~~~~~~~~~~~~~~~~~~[m[K
[1.751s] 
[1.759s] [01m[K/home/david/yolocpp_ws/src/seg_sub/src/seg_sub.cpp:327:71:[m[K [01;31m[Kerror: [m[Kâ€˜[01m[Kts_t2a_inference_start[m[Kâ€™ was not declared in this scope
[1.759s]   327 | T2a_SegNode_InferenceStartTime ...: " << [01;31m[Kts_t2a_inference_start[m[K.tv_sec << "." << std::setfill('0') << std::setw(9) << ts_t2a_inference_start.tv_nsec << "\n";
[1.759s]       |                                          [01;31m[K^~~~~~~~~~~~~~~~~~~~~~[m[K
[1.759s] 
[1.766s] [01m[K/home/david/yolocpp_ws/src/seg_sub/src/seg_sub.cpp:328:71:[m[K [01;31m[Kerror: [m[Kâ€˜[01m[Kts_t2b_inference_end[m[Kâ€™ was not declared in this scope
[1.766s]   328 | T2b_SegNode_InferenceEndTime .....: " << [01;31m[Kts_t2b_inference_end[m[K.tv_sec << "." << std::setfill('0') << std::setw(9) << ts_t2b_inference_end.tv_nsec << "\n";
[1.766s]       |                                          [01;31m[K^~~~~~~~~~~~~~~~~~~~[m[K
[1.766s] 
[1.774s] [01m[K/home/david/yolocpp_ws/src/seg_sub/src/seg_sub.cpp:329:71:[m[K [01;31m[Kerror: [m[Kâ€˜[01m[Kts_t3_segnode_res_pub[m[Kâ€™ was not declared in this scope
[1.774s]   329 | T3_SegNode_ResultPubTime .........: " << [01;31m[Kts_t3_segnode_res_pub[m[K.tv_sec << "." << std::setfill('0') << std::setw(9) << ts_t3_segnode_res_pub.tv_nsec << "\n";
[1.774s]       |                                          [01;31m[K^~~~~~~~~~~~~~~~~~~~~[m[K
[1.774s] 
[1.782s] [01m[K/home/david/yolocpp_ws/src/seg_sub/src/seg_sub.cpp:330:71:[m[K [01;31m[Kerror: [m[Kâ€˜[01m[Kts_t4_segsub_res_recv[m[Kâ€™ was not declared in this scope
[1.782s]   330 | T4_SegSub_ResultRecvTime .........: " << [01;31m[Kts_t4_segsub_res_recv[m[K.tv_sec << "." << std::setfill('0') << std::setw(9) << ts_t4_segsub_res_recv.tv_nsec << "\n";
[1.782s]       |                                          [01;31m[K^~~~~~~~~~~~~~~~~~~~~[m[K
[1.782s] 
[1.787s] [01m[K/home/david/yolocpp_ws/src/seg_sub/src/seg_sub.cpp:332:83:[m[K [01;31m[Kerror: [m[Kâ€˜[01m[Klat_t0_t1_ms[m[Kâ€™ was not declared in this scope
[1.787s]   332 | ub to CB).............: " << (std::isnan([01;31m[Klat_t0_t1_ms[m[K) ? "NaN" : std::to_string(lat_t0_t1_ms)) << "\n";
[1.787s]       |                                          [01;31m[K^~~~~~~~~~~~[m[K
[1.787s] 
[1.792s] [01m[K/home/david/yolocpp_ws/src/seg_sub/src/seg_sub.cpp:333:83:[m[K [01;31m[Kerror: [m[Kâ€˜[01m[Klat_t1_t2_ms[m[Kâ€™ was not declared in this scope
[1.792s]   333 | o BatchStart).........: " << (std::isnan([01;31m[Klat_t1_t2_ms[m[K) ? "NaN" : std::to_string(lat_t1_t2_ms)) << "\n";
[1.792s]       |                                          [01;31m[K^~~~~~~~~~~~[m[K
[1.792s] 
[1.798s] [01m[K/home/david/yolocpp_ws/src/seg_sub/src/seg_sub.cpp:334:83:[m[K [01;31m[Kerror: [m[Kâ€˜[01m[Klat_t2_t2a_ms[m[Kâ€™ was not declared in this scope
[1.798s]   334 | chStart to InfStart)..: " << (std::isnan([01;31m[Klat_t2_t2a_ms[m[K) ? "NaN" : std::to_string(lat_t2_t2a_ms)) << "\n";
[1.798s]       |                                          [01;31m[K^~~~~~~~~~~~~[m[K
[1.798s] 
[1.804s] [01m[K/home/david/yolocpp_ws/src/seg_sub/src/seg_sub.cpp:335:83:[m[K [01;31m[Kerror: [m[Kâ€˜[01m[Klat_t2a_t2b_ms[m[Kâ€™ was not declared in this scope
[1.804s]   335 | ference Duration).....: " << (std::isnan([01;31m[Klat_t2a_t2b_ms[m[K) ? "NaN" : std::to_string(lat_t2a_t2b_ms)) << "\n";
[1.804s]       |                                          [01;31m[K^~~~~~~~~~~~~~[m[K
[1.804s] 
[1.809s] [01m[K/home/david/yolocpp_ws/src/seg_sub/src/seg_sub.cpp:336:83:[m[K [01;31m[Kerror: [m[Kâ€˜[01m[Klat_t2b_t3_ms[m[Kâ€™ was not declared in this scope
[1.809s]   336 | End to ResPub)........: " << (std::isnan([01;31m[Klat_t2b_t3_ms[m[K) ? "NaN" : std::to_string(lat_t2b_t3_ms)) << "\n";
[1.810s]       |                                          [01;31m[K^~~~~~~~~~~~~[m[K
[1.810s] 
[1.815s] [01m[K/home/david/yolocpp_ws/src/seg_sub/src/seg_sub.cpp:337:83:[m[K [01;31m[Kerror: [m[Kâ€˜[01m[Klat_t3_t4_ms[m[Kâ€™ was not declared in this scope
[1.815s]   337 | ub to SegSubRecv).....: " << (std::isnan([01;31m[Klat_t3_t4_ms[m[K) ? "NaN" : std::to_string(lat_t3_t4_ms)) << "\n";
[1.815s]       |                                          [01;31m[K^~~~~~~~~~~~[m[K
[1.815s] 
[1.825s] [01m[K/home/david/yolocpp_ws/src/seg_sub/src/seg_sub.cpp:339:83:[m[K [01;31m[Kerror: [m[Kâ€˜[01m[Klat_segnode_cb_to_segsub_recv_ms[m[Kâ€™ was not declared in this scope
[1.825s]   339 |  SegSubRecv (T1->T4)..: " << (std::isnan([01;31m[Klat_segnode_cb_to_segsub_recv_ms[m[K) ? "NaN" : std::to_string(lat_segnode_cb_to_segsub_recv_ms)) << "\n";
[1.825s]       |                                          [01;31m[K^~~~~~~~~~~~~~~~~~~~~~~~~~~~~~~~[m[K
[1.825s] 
[1.831s] [01m[K/home/david/yolocpp_ws/src/seg_sub/src/seg_sub.cpp:340:83:[m[K [01;31m[Kerror: [m[Kâ€˜[01m[Klat_total_e2e_ms[m[Kâ€™ was not declared in this scope
[1.831s]   340 | mgPub to SegSubRecv) .: " << (std::isnan([01;31m[Klat_total_e2e_ms[m[K) ? "NaN" : std::to_string(lat_total_e2e_ms)) << "\n";
[1.831s]       |                                          [01;31m[K^~~~~~~~~~~~~~~~[m[K
[1.831s] 
[1.836s] [01m[K/home/david/yolocpp_ws/src/seg_sub/src/seg_sub.cpp:342:83:[m[K [01;31m[Kerror: [m[Kâ€˜[01m[Kt0_spread_ms[m[Kâ€™ was not declared in this scope
[1.836s]   342 | ublisher).............: " << (std::isnan([01;31m[Kt0_spread_ms[m[K) ? "N/A" : std::to_string(t0_spread_ms)) << "\n";
[1.836s]       |                                          [01;31m[K^~~~~~~~~~~~[m[K
[1.836s] 
[1.842s] [01m[K/home/david/yolocpp_ws/src/seg_sub/src/seg_sub.cpp:343:83:[m[K [01;31m[Kerror: [m[Kâ€˜[01m[Kt1_spread_ms[m[Kâ€™ was not declared in this scope
[1.842s]   343 | egNode CB Entry)......: " << (std::isnan([01;31m[Kt1_spread_ms[m[K) ? "N/A" : std::to_string(t1_spread_ms)) << "\n";
[1.842s]       |                                          [01;31m[K^~~~~~~~~~~~[m[K
[1.842s] 
[1.847s] [01m[K/home/david/yolocpp_ws/src/seg_sub/src/seg_sub.cpp:344:83:[m[K [01;31m[Kerror: [m[Kâ€˜[01m[Kt2_spread_ms[m[Kâ€™ was not declared in this scope
[1.847s]   344 | egNode BatchStart)....: " << (std::isnan([01;31m[Kt2_spread_ms[m[K) ? "N/A" : std::to_string(t2_spread_ms)) << "\n";
[1.847s]       |                                          [01;31m[K^~~~~~~~~~~~[m[K
[1.847s] 
[1.852s] [01m[K/home/david/yolocpp_ws/src/seg_sub/src/seg_sub.cpp:345:82:[m[K [01;31m[Kerror: [m[Kâ€˜[01m[Kt2a_spread_ms[m[Kâ€™ was not declared in this scope
[1.852s]   345 | (SegNode InfStart)....: " << (std::isnan([01;31m[Kt2a_spread_ms[m[K) ? "N/A" : std::to_string(t2a_spread_ms)) << "\n";
[1.852s]       |                                          [01;31m[K^~~~~~~~~~~~~[m[K
[1.852s] 
[1.857s] [01m[K/home/david/yolocpp_ws/src/seg_sub/src/seg_sub.cpp:346:83:[m[K [01;31m[Kerror: [m[Kâ€˜[01m[Kt2b_spread_ms[m[Kâ€™ was not declared in this scope
[1.857s]   346 | SegNode InfEnd).......: " << (std::isnan([01;31m[Kt2b_spread_ms[m[K) ? "N/A" : std::to_string(t2b_spread_ms)) << "\n";
[1.857s]       |                                          [01;31m[K^~~~~~~~~~~~~[m[K
[1.858s] 
[1.863s] [01m[K/home/david/yolocpp_ws/src/seg_sub/src/seg_sub.cpp:347:83:[m[K [01;31m[Kerror: [m[Kâ€˜[01m[Kt3_spread_ms[m[Kâ€™ was not declared in this scope
[1.863s]   347 | egNode ResPub)........: " << (std::isnan([01;31m[Kt3_spread_ms[m[K) ? "N/A" : std::to_string(t3_spread_ms)) << "\n";
[1.863s]       |                                          [01;31m[K^~~~~~~~~~~~[m[K
[1.863s] 
[1.868s] [01m[K/home/david/yolocpp_ws/src/seg_sub/src/seg_sub.cpp:348:83:[m[K [01;31m[Kerror: [m[Kâ€˜[01m[Kt4_spread_ms[m[Kâ€™ was not declared in this scope
[1.868s]   348 | egSub Recv)...........: " << (std::isnan([01;31m[Kt4_spread_ms[m[K) ? "N/A" : std::to_string(t4_spread_ms)) << "\n";
[1.868s]       |                                          [01;31m[K^~~~~~~~~~~~[m[K
[1.868s] 
[1.877s] [01m[K/home/david/yolocpp_ws/src/seg_sub/src/seg_sub.cpp:350:83:[m[K [01;31m[Kerror: [m[Kâ€˜[01m[Ksum_individual_inf_dur_ms[m[Kâ€™ was not declared in this scope
[1.877s]   350 | al Inf Durations (S)..: " << (std::isnan([01;31m[Ksum_individual_inf_dur_ms[m[K) ? "N/A" : std::to_string(sum_individual_inf_dur_ms)) << "\n";
[1.877s]       |                                          [01;31m[K^~~~~~~~~~~~~~~~~~~~~~~~~[m[K
[1.877s] 
[1.885s] [01m[K/home/david/yolocpp_ws/src/seg_sub/src/seg_sub.cpp:351:83:[m[K [01;31m[Kerror: [m[Kâ€˜[01m[Ktotal_batch_inf_span_ms[m[Kâ€™ was not declared in this scope
[1.885s]   351 | Inf Span (P)..........: " << (std::isnan([01;31m[Ktotal_batch_inf_span_ms[m[K) ? "N/A" : std::to_string(total_batch_inf_span_ms)) << "\n";
[1.885s]       |                                          [01;31m[K^~~~~~~~~~~~~~~~~~~~~~~[m[K
[1.885s] 
[1.892s] [01m[K/home/david/yolocpp_ws/src/seg_sub/src/seg_sub.cpp:352:83:[m[K [01;31m[Kerror: [m[Kâ€˜[01m[Kinf_overlap_time_ms[m[Kâ€™ was not declared in this scope
[1.892s]   352 | erlap Time (S-P)......: " << (std::isnan([01;31m[Kinf_overlap_time_ms[m[K) ? "N/A" : std::to_string(inf_overlap_time_ms)) << "\n";
[1.892s]       |                                          [01;31m[K^~~~~~~~~~~~~~~~~~~[m[K
[1.892s] 
[1.900s] [01m[K/home/david/yolocpp_ws/src/seg_sub/src/seg_sub.cpp:353:82:[m[K [01;31m[Kerror: [m[Kâ€˜[01m[Kparallel_overlap_pct[m[Kâ€™ was not declared in this scope
[1.900s]   353 | erlap Pct ((S-P)/S)...: " << (std::isnan([01;31m[Kparallel_overlap_pct[m[K) ? "N/A" : std::to_string(parallel_overlap_pct)) << " %\n";
[1.900s]       |                                          [01;31m[K^~~~~~~~~~~~~~~~~~~~[m[K
[1.900s] 
[1.908s] [01m[K/home/david/yolocpp_ws/src/seg_sub/src/seg_sub.cpp:354:83:[m[K [01;31m[Kerror: [m[Kâ€˜[01m[Kinf_concurrency_factor[m[Kâ€™ was not declared in this scope
[1.908s]   354 | ncurrency (S/P).......: " << (std::isnan([01;31m[Kinf_concurrency_factor[m[K) ? "N/A" : std::to_string(inf_concurrency_factor)) << "\n";
[1.908s]       |                                          [01;31m[K^~~~~~~~~~~~~~~~~~~~~~[m[K
[1.908s] 
[1.915s] [01m[K/home/david/yolocpp_ws/src/seg_sub/src/seg_sub.cpp:390:29:[m[K [01;31m[Kerror: [m[Kâ€˜[01m[Koffset_T0_front_vs_left_ms[m[Kâ€™ was not declared in this scope; did you mean â€˜[01m[Koffset_T0_right_vs_left_ms[m[Kâ€™?
[1.915s]   390 |             if (!std::isnan([01;31m[Koffset_T0_front_vs_left_ms[m[K)) csv_line_stream << offset_T0_front_vs_left_ms;
[1.915s]       |                             [01;31m[K^~~~~~~~~~~~~~~~~~~~~~~~~~[m[K
[1.915s]       |                             [32m[Koffset_T0_right_vs_left_ms[m[K
[1.923s] [01m[K/home/david/yolocpp_ws/src/seg_sub/src/seg_sub.cpp:396:50:[m[K [01;31m[Kerror: [m[Kâ€˜[01m[Kloss_tracking_mutex_[m[Kâ€™ was not declared in this scope
[1.923s]   396 |         std::lock_guard<std::mutex> lock([01;31m[Kloss_tracking_mutex_[m[K);
[1.923s]       |                                          [01;31m[K^~~~~~~~~~~~~~~~~~~~[m[K
[1.923s] 
[1.932s] [01m[K/home/david/yolocpp_ws/src/seg_sub/src/seg_sub.cpp:397:20:[m[K [01;31m[Kerror: [m[Kâ€˜[01m[Klost_packets_total_count_[m[Kâ€™ was not declared in this scope
[1.932s]   397 |                 if([01;31m[Klost_packets_total_count_[m[K.count(camera_id)) {
[1.932s]       |                    [01;31m[K^~~~~~~~~~~~~~~~~~~~~~~~~[m[K
[1.938s] [01m[K/home/david/yolocpp_ws/src/seg_sub/src/seg_sub.cpp:403:50:[m[K [01;31m[Kerror: [m[Kâ€˜[01m[Kcsv_queue_mutex_[m[Kâ€™ was not declared in this scope
[1.938s]   403 |     std::lock_guard<std::mutex> csv_lock([01;31m[Kcsv_queue_mutex_[m[K);
[1.938s]       |                                          [01;31m[K^~~~~~~~~~~~~~~~[m[K
[1.938s] 
[1.944s] [01m[K/home/david/yolocpp_ws/src/seg_sub/src/seg_sub.cpp:404:13:[m[K [01;31m[Kerror: [m[Kâ€˜[01m[Kcsv_data_queue_[m[Kâ€™ was not declared in this scope
[1.944s]   404 |             [01;31m[Kcsv_data_queue_[m[K.push(csv_line_stream.str());
[1.944s]       |             [01;31m[K^~~~~~~~~~~~~~~[m[K
[1.949s] [01m[K/home/david/yolocpp_ws/src/seg_sub/src/seg_sub.cpp:405:13:[m[K [01;31m[Kerror: [m[Kâ€˜[01m[Kcsv_queue_cv_[m[Kâ€™ was not declared in this scope
[1.949s]   405 |             [01;31m[Kcsv_queue_cv_[m[K.notify_one();
[1.949s]       |             [01;31m[K^~~~~~~~~~~~~[m[K
[1.955s] [01m[K/home/david/yolocpp_ws/src/seg_sub/src/seg_sub.cpp:409:56:[m[K [01;31m[Kerror: [m[Kâ€˜[01m[Kmetrics_mutex_[m[Kâ€™ was not declared in this scope
[1.955s]   409 |   std::lock_guard<std::mutex> stats_lock([01;31m[Kmetrics_mutex_[m[K);
[1.955s]       |                                          [01;31m[K^~~~~~~~~~~~~~[m[K
[1.955s] 
[1.960s] [01m[K/home/david/yolocpp_ws/src/seg_sub/src/seg_sub.cpp:410:48:[m[K [01;31m[Kerror: [m[Kâ€˜[01m[Kall_metrics_[m[Kâ€™ was not declared in this scope
[1.960s]   410 |           if (!std::isnan(lat_t0_t1_ms)) [01;31m[Kall_metrics_[m[K[camera_id]["T0_T1_ImgPubToCB_ms"].update(lat_t0_t1_ms);
[1.960s]       |                                          [01;31m[K^~~~~~~~~~~~[m[K
[1.960s] 
[1.966s] [01m[K/home/david/yolocpp_ws/src/seg_sub/src/seg_sub.cpp:411:48:[m[K [01;31m[Kerror: [m[Kâ€˜[01m[Kall_metrics_[m[Kâ€™ was not declared in this scope
[1.966s]   411 |           if (!std::isnan(lat_t1_t2_ms)) [01;31m[Kall_metrics_[m[K[camera_id]["T1_T2_CBToBatchStart_ms"].update(lat_t1_t2_ms);
[1.966s]       |                                          [01;31m[K^~~~~~~~~~~~[m[K
[1.966s] 
[1.971s] [01m[K/home/david/yolocpp_ws/src/seg_sub/src/seg_sub.cpp:412:49:[m[K [01;31m[Kerror: [m[Kâ€˜[01m[Kall_metrics_[m[Kâ€™ was not declared in this scope
[1.971s]   412 |          if (!std::isnan(lat_t2_t2a_ms)) [01;31m[Kall_metrics_[m[K[camera_id]["T2_T2a_BatchStartToInfStart_ms"].update(lat_t2_t2a_ms);
[1.971s]       |                                          [01;31m[K^~~~~~~~~~~~[m[K
[1.971s] 
[1.976s] [01m[K/home/david/yolocpp_ws/src/seg_sub/src/seg_sub.cpp:413:50:[m[K [01;31m[Kerror: [m[Kâ€˜[01m[Kall_metrics_[m[Kâ€™ was not declared in this scope
[1.976s]   413 |         if (!std::isnan(lat_t2a_t2b_ms)) [01;31m[Kall_metrics_[m[K[camera_id]["T2a_T2b_InferenceDuration_ms"].update(lat_t2a_t2b_ms);
[1.976s]       |                                          [01;31m[K^~~~~~~~~~~~[m[K
[1.976s] 
[1.981s] [01m[K/home/david/yolocpp_ws/src/seg_sub/src/seg_sub.cpp:414:49:[m[K [01;31m[Kerror: [m[Kâ€˜[01m[Kall_metrics_[m[Kâ€™ was not declared in this scope
[1.981s]   414 |          if (!std::isnan(lat_t2b_t3_ms)) [01;31m[Kall_metrics_[m[K[camera_id]["T2b_T3_InfEndToResPub_ms"].update(lat_t2b_t3_ms);
[1.981s]       |                                          [01;31m[K^~~~~~~~~~~~[m[K
[1.982s] 
[1.987s] [01m[K/home/david/yolocpp_ws/src/seg_sub/src/seg_sub.cpp:415:48:[m[K [01;31m[Kerror: [m[Kâ€˜[01m[Kall_metrics_[m[Kâ€™ was not declared in this scope
[1.987s]   415 |           if (!std::isnan(lat_t3_t4_ms)) [01;31m[Kall_metrics_[m[K[camera_id]["T3_T4_ResPubToRecv_ms"].update(lat_t3_t4_ms);
[1.987s]       |                                          [01;31m[K^~~~~~~~~~~~[m[K
[1.987s] 
[1.992s] [01m[K/home/david/yolocpp_ws/src/seg_sub/src/seg_sub.cpp:416:68:[m[K [01;31m[Kerror: [m[Kâ€˜[01m[Kall_metrics_[m[Kâ€™ was not declared in this scope
[1.992s]   416 | isnan(lat_segnode_cb_to_segsub_recv_ms)) [01;31m[Kall_metrics_[m[K[camera_id]["Cumulative_T1_T4_ms"].update(lat_segnode_cb_to_segsub_recv_ms);
[1.992s]       |                                          [01;31m[K^~~~~~~~~~~~[m[K
[1.992s] 
[1.997s] [01m[K/home/david/yolocpp_ws/src/seg_sub/src/seg_sub.cpp:417:52:[m[K [01;31m[Kerror: [m[Kâ€˜[01m[Kall_metrics_[m[Kâ€™ was not declared in this scope
[1.997s]   417 |       if (!std::isnan(lat_total_e2e_ms)) [01;31m[Kall_metrics_[m[K[camera_id]["Cumulative_T0_T4_E2E_ms"].update(lat_total_e2e_ms);
[1.997s]       |                                          [01;31m[K^~~~~~~~~~~~[m[K
[1.997s] 
[2.006s] [01m[K/home/david/yolocpp_ws/src/seg_sub/src/seg_sub.cpp:419:21:[m[K [01;31m[Kerror: [m[Kâ€˜[01m[Kt0_spread_calculated_this_call[m[Kâ€™ was not declared in this scope; did you mean â€˜[01m[Kbatch_offsets_calculated_this_call[m[Kâ€™?
[2.006s]   419 |                 if ([01;31m[Kt0_spread_calculated_this_call[m[K && !std::isnan(t0_spread_ms)) all_metrics_["batch_global"]["T0_Spread_ms"].update(t0_spread_ms);
[2.006s]       |                     [01;31m[K^~~~~~~~~~~~~~~~~~~~~~~~~~~~~~[m[K
[2.006s]       |                     [32m[Kbatch_offsets_calculated_this_call[m[K
[2.011s] [01m[K/home/david/yolocpp_ws/src/seg_sub/src/seg_sub.cpp:419:82:[m[K [01;31m[Kerror: [m[Kâ€˜[01m[Kall_metrics_[m[Kâ€™ was not declared in this scope
[2.012s]   419 | _this_call && !std::isnan(t0_spread_ms)) [01;31m[Kall_metrics_[m[K["batch_global"]["T0_Spread_ms"].update(t0_spread_ms);
[2.012s]       |                                          [01;31m[K^~~~~~~~~~~~[m[K
[2.012s] 
[2.020s] [01m[K/home/david/yolocpp_ws/src/seg_sub/src/seg_sub.cpp:420:21:[m[K [01;31m[Kerror: [m[Kâ€˜[01m[Kt1_spread_calculated_this_call[m[Kâ€™ was not declared in this scope; did you mean â€˜[01m[Kbatch_offsets_calculated_this_call[m[Kâ€™?
[2.020s]   420 |                 if ([01;31m[Kt1_spread_calculated_this_call[m[K && !std::isnan(t1_spread_ms)) all_metrics_["batch_global"]["T1_Spread_ms"].update(t1_spread_ms);
[2.020s]       |                     [01;31m[K^~~~~~~~~~~~~~~~~~~~~~~~~~~~~~[m[K
[2.020s]       |                     [32m[Kbatch_offsets_calculated_this_call[m[K
[2.026s] [01m[K/home/david/yolocpp_ws/src/seg_sub/src/seg_sub.cpp:420:82:[m[K [01;31m[Kerror: [m[Kâ€˜[01m[Kall_metrics_[m[Kâ€™ was not declared in this scope
[2.026s]   420 | _this_call && !std::isnan(t1_spread_ms)) [01;31m[Kall_metrics_[m[K["batch_global"]["T1_Spread_ms"].update(t1_spread_ms);
[2.026s]       |                                          [01;31m[K^~~~~~~~~~~~[m[K
[2.026s] 
[2.034s] [01m[K/home/david/yolocpp_ws/src/seg_sub/src/seg_sub.cpp:421:21:[m[K [01;31m[Kerror: [m[Kâ€˜[01m[Kt2_spread_calculated_this_call[m[Kâ€™ was not declared in this scope; did you mean â€˜[01m[Kbatch_offsets_calculated_this_call[m[Kâ€™?
[2.034s]   421 |                 if ([01;31m[Kt2_spread_calculated_this_call[m[K && !std::isnan(t2_spread_ms)) all_metrics_["batch_global"]["T2_Spread_ms"].update(t2_spread_ms);
[2.034s]       |                     [01;31m[K^~~~~~~~~~~~~~~~~~~~~~~~~~~~~~[m[K
[2.034s]       |                     [32m[Kbatch_offsets_calculated_this_call[m[K
[2.040s] [01m[K/home/david/yolocpp_ws/src/seg_sub/src/seg_sub.cpp:421:82:[m[K [01;31m[Kerror: [m[Kâ€˜[01m[Kall_metrics_[m[Kâ€™ was not declared in this scope
[2.040s]   421 | _this_call && !std::isnan(t2_spread_ms)) [01;31m[Kall_metrics_[m[K["batch_global"]["T2_Spread_ms"].update(t2_spread_ms);
[2.040s]       |                                          [01;31m[K^~~~~~~~~~~~[m[K
[2.040s] 
[2.048s] [01m[K/home/david/yolocpp_ws/src/seg_sub/src/seg_sub.cpp:422:21:[m[K [01;31m[Kerror: [m[Kâ€˜[01m[Kt2a_spread_calculated_this_call[m[Kâ€™ was not declared in this scope; did you mean â€˜[01m[Kbatch_offsets_calculated_this_call[m[Kâ€™?
[2.048s]   422 |                 if ([01;31m[Kt2a_spread_calculated_this_call[m[K && !std::isnan(t2a_spread_ms)) all_metrics_["batch_global"]["T2a_Spread_ms"].update(t2a_spread_ms);
[2.048s]       |                     [01;31m[K^~~~~~~~~~~~~~~~~~~~~~~~~~~~~~~[m[K
[2.048s]       |                     [32m[Kbatch_offsets_calculated_this_call[m[K
[2.054s] [01m[K/home/david/yolocpp_ws/src/seg_sub/src/seg_sub.cpp:422:84:[m[K [01;31m[Kerror: [m[Kâ€˜[01m[Kall_metrics_[m[Kâ€™ was not declared in this scope
[2.054s]   422 | this_call && !std::isnan(t2a_spread_ms)) [01;31m[Kall_metrics_[m[K["batch_global"]["T2a_Spread_ms"].update(t2a_spread_ms);
[2.054s]       |                                          [01;31m[K^~~~~~~~~~~~[m[K
[2.054s] 
[2.062s] [01m[K/home/david/yolocpp_ws/src/seg_sub/src/seg_sub.cpp:423:21:[m[K [01;31m[Kerror: [m[Kâ€˜[01m[Kt2b_spread_calculated_this_call[m[Kâ€™ was not declared in this scope; did you mean â€˜[01m[Kbatch_offsets_calculated_this_call[m[Kâ€™?
[2.062s]   423 |                 if ([01;31m[Kt2b_spread_calculated_this_call[m[K && !std::isnan(t2b_spread_ms)) all_metrics_["batch_global"]["T2b_Spread_ms"].update(t2b_spread_ms);
[2.062s]       |                     [01;31m[K^~~~~~~~~~~~~~~~~~~~~~~~~~~~~~~[m[K
[2.062s]       |                     [32m[Kbatch_offsets_calculated_this_call[m[K
[2.068s] [01m[K/home/david/yolocpp_ws/src/seg_sub/src/seg_sub.cpp:423:84:[m[K [01;31m[Kerror: [m[Kâ€˜[01m[Kall_metrics_[m[Kâ€™ was not declared in this scope
[2.068s]   423 | this_call && !std::isnan(t2b_spread_ms)) [01;31m[Kall_metrics_[m[K["batch_global"]["T2b_Spread_ms"].update(t2b_spread_ms);
[2.068s]       |                                          [01;31m[K^~~~~~~~~~~~[m[K
[2.068s] 
[2.076s] [01m[K/home/david/yolocpp_ws/src/seg_sub/src/seg_sub.cpp:424:21:[m[K [01;31m[Kerror: [m[Kâ€˜[01m[Kt3_spread_calculated_this_call[m[Kâ€™ was not declared in this scope; did you mean â€˜[01m[Kbatch_offsets_calculated_this_call[m[Kâ€™?
[2.076s]   424 |                 if ([01;31m[Kt3_spread_calculated_this_call[m[K && !std::isnan(t3_spread_ms)) all_metrics_["batch_global"]["T3_Spread_ms"].update(t3_spread_ms);
[2.076s]       |                     [01;31m[K^~~~~~~~~~~~~~~~~~~~~~~~~~~~~~[m[K
[2.076s]       |                     [32m[Kbatch_offsets_calculated_this_call[m[K
[2.082s] [01m[K/home/david/yolocpp_ws/src/seg_sub/src/seg_sub.cpp:424:82:[m[K [01;31m[Kerror: [m[Kâ€˜[01m[Kall_metrics_[m[Kâ€™ was not declared in this scope
[2.082s]   424 | _this_call && !std::isnan(t3_spread_ms)) [01;31m[Kall_metrics_[m[K["batch_global"]["T3_Spread_ms"].update(t3_spread_ms);
[2.082s]       |                                          [01;31m[K^~~~~~~~~~~~[m[K
[2.082s] 
[2.091s] [01m[K/home/david/yolocpp_ws/src/seg_sub/src/seg_sub.cpp:425:21:[m[K [01;31m[Kerror: [m[Kâ€˜[01m[Kt4_spread_calculated_this_call[m[Kâ€™ was not declared in this scope; did you mean â€˜[01m[Kbatch_offsets_calculated_this_call[m[Kâ€™?
[2.091s]   425 |                 if ([01;31m[Kt4_spread_calculated_this_call[m[K && !std::isnan(t4_spread_ms)) all_metrics_["batch_global"]["T4_Spread_ms"].update(t4_spread_ms);
[2.091s]       |                     [01;31m[K^~~~~~~~~~~~~~~~~~~~~~~~~~~~~~[m[K
[2.091s]       |                     [32m[Kbatch_offsets_calculated_this_call[m[K
[2.096s] [01m[K/home/david/yolocpp_ws/src/seg_sub/src/seg_sub.cpp:425:82:[m[K [01;31m[Kerror: [m[Kâ€˜[01m[Kall_metrics_[m[Kâ€™ was not declared in this scope
[2.096s]   425 | _this_call && !std::isnan(t4_spread_ms)) [01;31m[Kall_metrics_[m[K["batch_global"]["T4_Spread_ms"].update(t4_spread_ms);
[2.096s]       |                                          [01;31m[K^~~~~~~~~~~~[m[K
[2.096s] 
[2.102s] [01m[K/home/david/yolocpp_ws/src/seg_sub/src/seg_sub.cpp:429:37:[m[K [01;31m[Kerror: [m[Kâ€˜[01m[Koffset_T0_front_vs_left_ms[m[Kâ€™ was not declared in this scope; did you mean â€˜[01m[Koffset_T0_right_vs_left_ms[m[Kâ€™?
[2.102s]   429 |                     if (!std::isnan([01;31m[Koffset_T0_front_vs_left_ms[m[K)) {
[2.102s]       |                                     [01;31m[K^~~~~~~~~~~~~~~~~~~~~~~~~~[m[K
[2.102s]       |                                     [32m[Koffset_T0_right_vs_left_ms[m[K
[2.108s] [01m[K/home/david/yolocpp_ws/src/seg_sub/src/seg_sub.cpp:430:25:[m[K [01;31m[Kerror: [m[Kâ€˜[01m[Kall_metrics_[m[Kâ€™ was not declared in this scope
[2.108s]   430 |                         [01;31m[Kall_metrics_[m[K["batch_global"]["OffsetT0_FrontVsLeft_ms"].update(offset_T0_front_vs_left_ms);
[2.108s]       |                         [01;31m[K^~~~~~~~~~~~[m[K
[2.113s] [01m[K/home/david/yolocpp_ws/src/seg_sub/src/seg_sub.cpp:433:25:[m[K [01;31m[Kerror: [m[Kâ€˜[01m[Kall_metrics_[m[Kâ€™ was not declared in this scope
[2.113s]   433 |                         [01;31m[Kall_metrics_[m[K["batch_global"]["OffsetT0_RightVsLeft_ms"].update(offset_T0_right_vs_left_ms);
[2.113s]       |                         [01;31m[K^~~~~~~~~~~~[m[K
[2.121s] [01m[K/home/david/yolocpp_ws/src/seg_sub/src/seg_sub.cpp:441:50:[m[K [01;31m[Kerror: [m[Kâ€˜[01m[Kmsg_count_mutex_left_[m[Kâ€™ was not declared in this scope
[2.121s]   441 |         std::lock_guard<std::mutex> lock([01;31m[Kmsg_count_mutex_left_[m[K);
[2.121s]       |                                          [01;31m[K^~~~~~~~~~~~~~~~~~~~~[m[K
[2.121s] 
[2.125s] [01m[K/home/david/yolocpp_ws/src/seg_sub/src/seg_sub.cpp:442:17:[m[K [01;31m[Kerror: [m[Kâ€˜[01m[Kcount_left_[m[Kâ€™ was not declared in this scope
[2.125s]   442 |                 [01;31m[Kcount_left_[m[K++;
[2.125s]       |                 [01;31m[K^~~~~~~~~~~[m[K
[2.133s] [01m[K/home/david/yolocpp_ws/src/seg_sub/src/seg_sub.cpp:446:50:[m[K [01;31m[Kerror: [m[Kâ€˜[01m[Kmsg_count_mutex_front_[m[Kâ€™ was not declared in this scope
[2.133s]   446 |         std::lock_guard<std::mutex> lock([01;31m[Kmsg_count_mutex_front_[m[K);
[2.133s]       |                                          [01;31m[K^~~~~~~~~~~~~~~~~~~~~~[m[K
[2.133s] 
[2.138s] [01m[K/home/david/yolocpp_ws/src/seg_sub/src/seg_sub.cpp:447:17:[m[K [01;31m[Kerror: [m[Kâ€˜[01m[Kcount_front_[m[Kâ€™ was not declared in this scope
[2.138s]   447 |                 [01;31m[Kcount_front_[m[K++;
[2.138s]       |                 [01;31m[K^~~~~~~~~~~~[m[K
[2.146s] [01m[K/home/david/yolocpp_ws/src/seg_sub/src/seg_sub.cpp:451:50:[m[K [01;31m[Kerror: [m[Kâ€˜[01m[Kmsg_count_mutex_right_[m[Kâ€™ was not declared in this scope
[2.146s]   451 |         std::lock_guard<std::mutex> lock([01;31m[Kmsg_count_mutex_right_[m[K);
[2.146s]       |                                          [01;31m[K^~~~~~~~~~~~~~~~~~~~~~[m[K
[2.146s] 
[2.152s] [01m[K/home/david/yolocpp_ws/src/seg_sub/src/seg_sub.cpp:452:17:[m[K [01;31m[Kerror: [m[Kâ€˜[01m[Kcount_right_[m[Kâ€™ was not declared in this scope
[2.152s]   452 |                 [01;31m[Kcount_right_[m[K++;
[2.152s]       |                 [01;31m[K^~~~~~~~~~~~[m[K
[2.152s] [01m[K/home/david/yolocpp_ws/src/seg_sub/src/seg_sub.cpp:[m[K At global scope:
[2.152s] [01m[K/home/david/yolocpp_ws/src/seg_sub/src/seg_sub.cpp:489:5:[m[K [01;31m[Kerror: [m[Kdeclaration of â€˜[01m[K~ FrequencySubscriber[m[Kâ€™ as non-member
[2.152s]   489 |     [01;31m[K~FrequencySubscriber[m[K()
[2.152s]       |     [01;31m[K^~~~~~~~~~~~~~~~~~~~[m[K
[2.152s] [01m[K/home/david/yolocpp_ws/src/seg_sub/src/seg_sub.cpp:503:1:[m[K [01;31m[Kerror: [m[Kexpected unqualified-id before â€˜[01m[Kprivate[m[Kâ€™
[2.152s]   503 | [01;31m[Kprivate[m[K:
[2.152s]       | [01;31m[K^~~~~~~[m[K
[2.153s] In file included from [01m[K/opt/ros/humble/include/rclcpp/rclcpp/client.hpp:40[m[K,
[2.153s]                  from [01m[K/opt/ros/humble/include/rclcpp/rclcpp/callback_group.hpp:24[m[K,
[2.153s]                  from [01m[K/opt/ros/humble/include/rclcpp/rclcpp/any_executable.hpp:20[m[K,
[2.153s]                  from [01m[K/opt/ros/humble/include/rclcpp/rclcpp/memory_strategy.hpp:25[m[K,
[2.153s]                  from [01m[K/opt/ros/humble/include/rclcpp/rclcpp/memory_strategies.hpp:18[m[K,
[2.153s]                  from [01m[K/opt/ros/humble/include/rclcpp/rclcpp/executor_options.hpp:20[m[K,
[2.153s]                  from [01m[K/opt/ros/humble/include/rclcpp/rclcpp/executor.hpp:37[m[K,
[2.153s]                  from [01m[K/opt/ros/humble/include/rclcpp/rclcpp/executors/multi_threaded_executor.hpp:25[m[K,
[2.153s]                  from [01m[K/opt/ros/humble/include/rclcpp/rclcpp/executors.hpp:21[m[K,
[2.153s]                  from [01m[K/opt/ros/humble/include/rclcpp/rclcpp/rclcpp.hpp:155[m[K,
[2.153s]                  from [01m[K/home/david/yolocpp_ws/src/seg_sub/src/seg_sub.cpp:1[m[K:
[2.153s] [01m[K/home/david/yolocpp_ws/src/seg_sub/src/seg_sub.cpp:[m[K In function â€˜[01m[Kvoid csvWriterLoop()[m[Kâ€™:
[2.153s] [01m[K/home/david/yolocpp_ws/src/seg_sub/src/seg_sub.cpp:546:25:[m[K [01;31m[Kerror: [m[Kinvalid use of â€˜[01m[Kthis[m[Kâ€™ in non-member function
[2.153s]   546 |             RCLCPP_INFO([01;31m[Kthis[m[K->get_logger(), "Logging latency data to latency_log.csv");
[2.153s]       |                         [01;31m[K^~~~[m[K
[2.153s] [01m[K/home/david/yolocpp_ws/src/seg_sub/src/seg_sub.cpp:546:25:[m[K [01;31m[Kerror: [m[Kinvalid use of â€˜[01m[Kthis[m[Kâ€™ in non-member function
[2.153s] [01m[K/home/david/yolocpp_ws/src/seg_sub/src/seg_sub.cpp:546:13:[m[K [01;31m[Kerror: [m[Ktemplate argument 1 is invalid
[2.153s]   546 |             [01;31m[KRCLCPP_INFO[m[K(this->get_logger(), "Logging latency data to latency_log.csv");
[2.153s]       |             [01;31m[K^~~~~~~~~~~[m[K
[2.153s] [01m[K/home/david/yolocpp_ws/src/seg_sub/src/seg_sub.cpp:546:13:[m[K [01;31m[Kerror: [m[Ktemplate argument 1 is invalid
[2.153s]   546 |             [01;31m[KRCLCPP_INFO[m[K(this->get_logger(), "Logging latency data to latency_log.csv");
[2.153s]       |             [01;31m[K^~~~~~~~~~~[m[K
[2.153s] [01m[K/home/david/yolocpp_ws/src/seg_sub/src/seg_sub.cpp:546:13:[m[K [01;31m[Kerror: [m[Ktemplate argument 1 is invalid
[2.153s]   546 |             [01;31m[KRCLCPP_INFO[m[K(this->get_logger(), "Logging latency data to latency_log.csv");
[2.153s]       |             [01;31m[K^~~~~~~~~~~[m[K
[2.153s] In file included from [01m[K/opt/ros/humble/include/rclcpp/rclcpp/logging.hpp:24[m[K,
[2.153s]                  from [01m[K/opt/ros/humble/include/rclcpp/rclcpp/client.hpp:40[m[K,
[2.153s]                  from [01m[K/opt/ros/humble/include/rclcpp/rclcpp/callback_group.hpp:24[m[K,
[2.153s]                  from [01m[K/opt/ros/humble/include/rclcpp/rclcpp/any_executable.hpp:20[m[K,
[2.153s]                  from [01m[K/opt/ros/humble/include/rclcpp/rclcpp/memory_strategy.hpp:25[m[K,
[2.153s]                  from [01m[K/opt/ros/humble/include/rclcpp/rclcpp/memory_strategies.hpp:18[m[K,
[2.153s]                  from [01m[K/opt/ros/humble/include/rclcpp/rclcpp/executor_options.hpp:20[m[K,
[2.153s]                  from [01m[K/opt/ros/humble/include/rclcpp/rclcpp/executor.hpp:37[m[K,
[2.153s]                  from [01m[K/opt/ros/humble/include/rclcpp/rclcpp/executors/multi_threaded_executor.hpp:25[m[K,
[2.153s]                  from [01m[K/opt/ros/humble/include/rclcpp/rclcpp/executors.hpp:21[m[K,
[2.153s]                  from [01m[K/opt/ros/humble/include/rclcpp/rclcpp/rclcpp.hpp:155[m[K,
[2.153s]                  from [01m[K/home/david/yolocpp_ws/src/seg_sub/src/seg_sub.cpp:1[m[K:
[2.153s] [01m[K/home/david/yolocpp_ws/src/seg_sub/src/seg_sub.cpp:546:25:[m[K [01;31m[Kerror: [m[Kinvalid use of â€˜[01m[Kthis[m[Kâ€™ in non-member function
[2.153s]   546 |             RCLCPP_INFO([01;31m[Kthis[m[K->get_logger(), "Logging latency data to latency_log.csv");
[2.153s]       |                         [01;31m[K^~~~[m[K
[2.153s] [01m[K/home/david/yolocpp_ws/src/seg_sub/src/seg_sub.cpp:546:25:[m[K [01;31m[Kerror: [m[Kinvalid use of â€˜[01m[Kthis[m[Kâ€™ in non-member function
[2.153s]   546 |             RCLCPP_INFO([01;31m[Kthis[m[K->get_logger(), "Logging latency data to latency_log.csv");
[2.153s]       |                         [01;31m[K^~~~[m[K
[2.157s] [01m[K/home/david/yolocpp_ws/src/seg_sub/src/seg_sub.cpp:553:51:[m[K [01;31m[Kerror: [m[Kâ€˜[01m[Kcsv_queue_mutex_[m[Kâ€™ was not declared in this scope
[2.157s]   553 |        std::unique_lock<std::mutex> lock([01;31m[Kcsv_queue_mutex_[m[K);
[2.157s]       |                                          [01;31m[K^~~~~~~~~~~~~~~~[m[K
[2.157s] 
[2.160s] [01m[K/home/david/yolocpp_ws/src/seg_sub/src/seg_sub.cpp:554:17:[m[K [01;31m[Kerror: [m[Kâ€˜[01m[Kcsv_queue_cv_[m[Kâ€™ was not declared in this scope
[2.160s]   554 |                 [01;31m[Kcsv_queue_cv_[m[K.wait(lock, [this] {
[2.160s]       |                 [01;31m[K^~~~~~~~~~~~~[m[K
[2.160s] [01m[K/home/david/yolocpp_ws/src/seg_sub/src/seg_sub.cpp:554:43:[m[K [01;31m[Kerror: [m[Kinvalid use of â€˜[01m[Kthis[m[Kâ€™ in non-member function
[2.160s]   554 |                 csv_queue_cv_.wait(lock, [[01;31m[Kthis[m[K] {
[2.160s]       |                                           [01;31m[K^~~~[m[K
[2.168s] [01m[K/home/david/yolocpp_ws/src/seg_sub/src/seg_sub.cpp:[m[K In lambda function:
[2.168s] [01m[K/home/david/yolocpp_ws/src/seg_sub/src/seg_sub.cpp:555:28:[m[K [01;31m[Kerror: [m[Kâ€˜[01m[Kstop_csv_writer_thread_[m[Kâ€™ was not declared in this scope
[2.169s]   555 |                     return [01;31m[Kstop_csv_writer_thread_[m[K || !csv_data_queue_.empty();
[2.169s]       |                            [01;31m[K^~~~~~~~~~~~~~~~~~~~~~~[m[K
[2.174s] [01m[K/home/david/yolocpp_ws/src/seg_sub/src/seg_sub.cpp:555:56:[m[K [01;31m[Kerror: [m[Kâ€˜[01m[Kcsv_data_queue_[m[Kâ€™ was not declared in this scope
[2.174s]   555 |       return stop_csv_writer_thread_ || ![01;31m[Kcsv_data_queue_[m[K.empty();
[2.174s]       |                                          [01;31m[K^~~~~~~~~~~~~~~[m[K
[2.174s] 
[2.179s] [01m[K/home/david/yolocpp_ws/src/seg_sub/src/seg_sub.cpp:[m[K In function â€˜[01m[Kvoid csvWriterLoop()[m[Kâ€™:
[2.179s] [01m[K/home/david/yolocpp_ws/src/seg_sub/src/seg_sub.cpp:558:21:[m[K [01;31m[Kerror: [m[Kâ€˜[01m[Kstop_csv_writer_thread_[m[Kâ€™ was not declared in this scope
[2.179s]   558 |                 if ([01;31m[Kstop_csv_writer_thread_[m[K && csv_data_queue_.empty())
[2.179s]       |                     [01;31m[K^~~~~~~~~~~~~~~~~~~~~~~[m[K
[2.183s] [01m[K/home/david/yolocpp_ws/src/seg_sub/src/seg_sub.cpp:558:48:[m[K [01;31m[Kerror: [m[Kâ€˜[01m[Kcsv_data_queue_[m[Kâ€™ was not declared in this scope
[2.183s]   558 |           if (stop_csv_writer_thread_ && [01;31m[Kcsv_data_queue_[m[K.empty())
[2.183s]       |                                          [01;31m[K^~~~~~~~~~~~~~~[m[K
[2.183s] 
[2.186s] [01m[K/home/david/yolocpp_ws/src/seg_sub/src/seg_sub.cpp:563:22:[m[K [01;31m[Kerror: [m[Kâ€˜[01m[Kcsv_data_queue_[m[Kâ€™ was not declared in this scope
[2.186s]   563 |                 if (![01;31m[Kcsv_data_queue_[m[K.empty())
[2.186s]       |                      [01;31m[K^~~~~~~~~~~~~~~[m[K
[2.186s] In file included from [01m[K/opt/ros/humble/include/rclcpp/rclcpp/client.hpp:40[m[K,
[2.186s]                  from [01m[K/opt/ros/humble/include/rclcpp/rclcpp/callback_group.hpp:24[m[K,
[2.186s]                  from [01m[K/opt/ros/humble/include/rclcpp/rclcpp/any_executable.hpp:20[m[K,
[2.186s]                  from [01m[K/opt/ros/humble/include/rclcpp/rclcpp/memory_strategy.hpp:25[m[K,
[2.186s]                  from [01m[K/opt/ros/humble/include/rclcpp/rclcpp/memory_strategies.hpp:18[m[K,
[2.186s]                  from [01m[K/opt/ros/humble/include/rclcpp/rclcpp/executor_options.hpp:20[m[K,
[2.186s]                  from [01m[K/opt/ros/humble/include/rclcpp/rclcpp/executor.hpp:37[m[K,
[2.186s]                  from [01m[K/opt/ros/humble/include/rclcpp/rclcpp/executors/multi_threaded_executor.hpp:25[m[K,
[2.187s]                  from [01m[K/opt/ros/humble/include/rclcpp/rclcpp/executors.hpp:21[m[K,
[2.187s]                  from [01m[K/opt/ros/humble/include/rclcpp/rclcpp/rclcpp.hpp:155[m[K,
[2.187s]                  from [01m[K/home/david/yolocpp_ws/src/seg_sub/src/seg_sub.cpp:1[m[K:
[2.187s] [01m[K/home/david/yolocpp_ws/src/seg_sub/src/seg_sub.cpp:579:25:[m[K [01;31m[Kerror: [m[Kinvalid use of â€˜[01m[Kthis[m[Kâ€™ in non-member function
[2.187s]   579 |             RCLCPP_INFO([01;31m[Kthis[m[K->get_logger(), "CSV writer thread: Closed latency_log.csv");
[2.187s]       |                         [01;31m[K^~~~[m[K
[2.187s] [01m[K/home/david/yolocpp_ws/src/seg_sub/src/seg_sub.cpp:579:25:[m[K [01;31m[Kerror: [m[Kinvalid use of â€˜[01m[Kthis[m[Kâ€™ in non-member function
[2.187s] [01m[K/home/david/yolocpp_ws/src/seg_sub/src/seg_sub.cpp:579:13:[m[K [01;31m[Kerror: [m[Ktemplate argument 1 is invalid
[2.187s]   579 |             [01;31m[KRCLCPP_INFO[m[K(this->get_logger(), "CSV writer thread: Closed latency_log.csv");
[2.187s]       |             [01;31m[K^~~~~~~~~~~[m[K
[2.187s] [01m[K/home/david/yolocpp_ws/src/seg_sub/src/seg_sub.cpp:579:13:[m[K [01;31m[Kerror: [m[Ktemplate argument 1 is invalid
[2.187s]   579 |             [01;31m[KRCLCPP_INFO[m[K(this->get_logger(), "CSV writer thread: Closed latency_log.csv");
[2.187s]       |             [01;31m[K^~~~~~~~~~~[m[K
[2.187s] [01m[K/home/david/yolocpp_ws/src/seg_sub/src/seg_sub.cpp:579:13:[m[K [01;31m[Kerror: [m[Ktemplate argument 1 is invalid
[2.187s]   579 |             [01;31m[KRCLCPP_INFO[m[K(this->get_logger(), "CSV writer thread: Closed latency_log.csv");
[2.187s]       |             [01;31m[K^~~~~~~~~~~[m[K
[2.187s] In file included from [01m[K/opt/ros/humble/include/rclcpp/rclcpp/logging.hpp:24[m[K,
[2.187s]                  from [01m[K/opt/ros/humble/include/rclcpp/rclcpp/client.hpp:40[m[K,
[2.187s]                  from [01m[K/opt/ros/humble/include/rclcpp/rclcpp/callback_group.hpp:24[m[K,
[2.187s]                  from [01m[K/opt/ros/humble/include/rclcpp/rclcpp/any_executable.hpp:20[m[K,
[2.187s]                  from [01m[K/opt/ros/humble/include/rclcpp/rclcpp/memory_strategy.hpp:25[m[K,
[2.187s]                  from [01m[K/opt/ros/humble/include/rclcpp/rclcpp/memory_strategies.hpp:18[m[K,
[2.187s]                  from [01m[K/opt/ros/humble/include/rclcpp/rclcpp/executor_options.hpp:20[m[K,
[2.187s]                  from [01m[K/opt/ros/humble/include/rclcpp/rclcpp/executor.hpp:37[m[K,
[2.187s]                  from [01m[K/opt/ros/humble/include/rclcpp/rclcpp/executors/multi_threaded_executor.hpp:25[m[K,
[2.187s]                  from [01m[K/opt/ros/humble/include/rclcpp/rclcpp/executors.hpp:21[m[K,
[2.187s]                  from [01m[K/opt/ros/humble/include/rclcpp/rclcpp/rclcpp.hpp:155[m[K,
[2.187s]                  from [01m[K/home/david/yolocpp_ws/src/seg_sub/src/seg_sub.cpp:1[m[K:
[2.187s] [01m[K/home/david/yolocpp_ws/src/seg_sub/src/seg_sub.cpp:579:25:[m[K [01;31m[Kerror: [m[Kinvalid use of â€˜[01m[Kthis[m[Kâ€™ in non-member function
[2.187s]   579 |             RCLCPP_INFO([01;31m[Kthis[m[K->get_logger(), "CSV writer thread: Closed latency_log.csv");
[2.187s]       |                         [01;31m[K^~~~[m[K
[2.187s] [01m[K/home/david/yolocpp_ws/src/seg_sub/src/seg_sub.cpp:579:25:[m[K [01;31m[Kerror: [m[Kinvalid use of â€˜[01m[Kthis[m[Kâ€™ in non-member function
[2.187s]   579 |             RCLCPP_INFO([01;31m[Kthis[m[K->get_logger(), "CSV writer thread: Closed latency_log.csv");
[2.187s]       |                         [01;31m[K^~~~[m[K
[2.190s] [01m[K/home/david/yolocpp_ws/src/seg_sub/src/seg_sub.cpp:[m[K In function â€˜[01m[Kvoid initialize_colors()[m[Kâ€™:
[2.190s] [01m[K/home/david/yolocpp_ws/src/seg_sub/src/seg_sub.cpp:584:13:[m[K [01;31m[Kerror: [m[Kâ€˜[01m[Kclass_colors_[m[Kâ€™ was not declared in this scope
[2.190s]   584 |             [01;31m[Kclass_colors_[m[K.push_back(cv::Scalar(255, 0, 0));     // Blue
[2.190s]       |             [01;31m[K^~~~~~~~~~~~~[m[K
[2.193s] In file included from [01m[K/opt/ros/humble/include/rclcpp/rclcpp/client.hpp:40[m[K,
[2.193s]                  from [01m[K/opt/ros/humble/include/rclcpp/rclcpp/callback_group.hpp:24[m[K,
[2.193s]                  from [01m[K/opt/ros/humble/include/rclcpp/rclcpp/any_executable.hpp:20[m[K,
[2.193s]                  from [01m[K/opt/ros/humble/include/rclcpp/rclcpp/memory_strategy.hpp:25[m[K,
[2.193s]                  from [01m[K/opt/ros/humble/include/rclcpp/rclcpp/memory_strategies.hpp:18[m[K,
[2.193s]                  from [01m[K/opt/ros/humble/include/rclcpp/rclcpp/executor_options.hpp:20[m[K,
[2.193s]                  from [01m[K/opt/ros/humble/include/rclcpp/rclcpp/executor.hpp:37[m[K,
[2.193s]                  from [01m[K/opt/ros/humble/include/rclcpp/rclcpp/executors/multi_threaded_executor.hpp:25[m[K,
[2.193s]                  from [01m[K/opt/ros/humble/include/rclcpp/rclcpp/executors.hpp:21[m[K,
[2.194s]                  from [01m[K/opt/ros/humble/include/rclcpp/rclcpp/rclcpp.hpp:155[m[K,
[2.194s]                  from [01m[K/home/david/yolocpp_ws/src/seg_sub/src/seg_sub.cpp:1[m[K:
[2.194s] [01m[K/home/david/yolocpp_ws/src/seg_sub/src/seg_sub.cpp:[m[K In function â€˜[01m[Kvoid save_anomalous_frame_and_log(const SharedPtr&, const string&, const timespec&, const timespec&, double)[m[Kâ€™:
[2.194s] [01m[K/home/david/yolocpp_ws/src/seg_sub/src/seg_sub.cpp:629:26:[m[K [01;31m[Kerror: [m[Kinvalid use of â€˜[01m[Kthis[m[Kâ€™ in non-member function
[2.194s]   629 |             RCLCPP_ERROR([01;31m[Kthis[m[K->get_logger(), "[%s] cv_bridge exception for mask (MsgT1: %u.%09u): %s",
[2.194s]       |                          [01;31m[K^~~~[m[K
[2.194s] [01m[K/home/david/yolocpp_ws/src/seg_sub/src/seg_sub.cpp:629:26:[m[K [01;31m[Kerror: [m[Kinvalid use of â€˜[01m[Kthis[m[Kâ€™ in non-member function
[2.194s] [01m[K/home/david/yolocpp_ws/src/seg_sub/src/seg_sub.cpp:629:13:[m[K [01;31m[Kerror: [m[Ktemplate argument 1 is invalid
[2.194s]   629 |             [01;31m[KRCLCPP_ERROR[m[K(this->get_logger(), "[%s] cv_bridge exception for mask (MsgT1: %u.%09u): %s",
[2.194s]       |             [01;31m[K^~~~~~~~~~~~[m[K
[2.194s] [01m[K/home/david/yolocpp_ws/src/seg_sub/src/seg_sub.cpp:629:13:[m[K [01;31m[Kerror: [m[Ktemplate argument 1 is invalid
[2.194s]   629 |             [01;31m[KRCLCPP_ERROR[m[K(this->get_logger(), "[%s] cv_bridge exception for mask (MsgT1: %u.%09u): %s",
[2.194s]       |             [01;31m[K^~~~~~~~~~~~[m[K
[2.194s] [01m[K/home/david/yolocpp_ws/src/seg_sub/src/seg_sub.cpp:629:13:[m[K [01;31m[Kerror: [m[Ktemplate argument 1 is invalid
[2.194s]   629 |             [01;31m[KRCLCPP_ERROR[m[K(this->get_logger(), "[%s] cv_bridge exception for mask (MsgT1: %u.%09u): %s",
[2.194s]       |             [01;31m[K^~~~~~~~~~~~[m[K
[2.194s] In file included from [01m[K/opt/ros/humble/include/rclcpp/rclcpp/logging.hpp:24[m[K,
[2.194s]                  from [01m[K/opt/ros/humble/include/rclcpp/rclcpp/client.hpp:40[m[K,
[2.194s]                  from [01m[K/opt/ros/humble/include/rclcpp/rclcpp/callback_group.hpp:24[m[K,
[2.194s]                  from [01m[K/opt/ros/humble/include/rclcpp/rclcpp/any_executable.hpp:20[m[K,
[2.194s]                  from [01m[K/opt/ros/humble/include/rclcpp/rclcpp/memory_strategy.hpp:25[m[K,
[2.194s]                  from [01m[K/opt/ros/humble/include/rclcpp/rclcpp/memory_strategies.hpp:18[m[K,
[2.194s]                  from [01m[K/opt/ros/humble/include/rclcpp/rclcpp/executor_options.hpp:20[m[K,
[2.194s]                  from [01m[K/opt/ros/humble/include/rclcpp/rclcpp/executor.hpp:37[m[K,
[2.194s]                  from [01m[K/opt/ros/humble/include/rclcpp/rclcpp/executors/multi_threaded_executor.hpp:25[m[K,
[2.194s]                  from [01m[K/opt/ros/humble/include/rclcpp/rclcpp/executors.hpp:21[m[K,
[2.194s]                  from [01m[K/opt/ros/humble/include/rclcpp/rclcpp/rclcpp.hpp:155[m[K,
[2.194s]                  from [01m[K/home/david/yolocpp_ws/src/seg_sub/src/seg_sub.cpp:1[m[K:
[2.194s] [01m[K/home/david/yolocpp_ws/src/seg_sub/src/seg_sub.cpp:629:26:[m[K [01;31m[Kerror: [m[Kinvalid use of â€˜[01m[Kthis[m[Kâ€™ in non-member function
[2.194s]   629 |             RCLCPP_ERROR([01;31m[Kthis[m[K->get_logger(), "[%s] cv_bridge exception for mask (MsgT1: %u.%09u): %s",
[2.194s]       |                          [01;31m[K^~~~[m[K
[2.194s] [01m[K/home/david/yolocpp_ws/src/seg_sub/src/seg_sub.cpp:629:26:[m[K [01;31m[Kerror: [m[Kinvalid use of â€˜[01m[Kthis[m[Kâ€™ in non-member function
[2.194s]   629 |             RCLCPP_ERROR([01;31m[Kthis[m[K->get_logger(), "[%s] cv_bridge exception for mask (MsgT1: %u.%09u): %s",
[2.194s]       |                          [01;31m[K^~~~[m[K
[2.194s] In file included from [01m[K/opt/ros/humble/include/rclcpp/rclcpp/client.hpp:40[m[K,
[2.194s]                  from [01m[K/opt/ros/humble/include/rclcpp/rclcpp/callback_group.hpp:24[m[K,
[2.194s]                  from [01m[K/opt/ros/humble/include/rclcpp/rclcpp/any_executable.hpp:20[m[K,
[2.194s]                  from [01m[K/opt/ros/humble/include/rclcpp/rclcpp/memory_strategy.hpp:25[m[K,
[2.194s]                  from [01m[K/opt/ros/humble/include/rclcpp/rclcpp/memory_strategies.hpp:18[m[K,
[2.194s]                  from [01m[K/opt/ros/humble/include/rclcpp/rclcpp/executor_options.hpp:20[m[K,
[2.194s]                  from [01m[K/opt/ros/humble/include/rclcpp/rclcpp/executor.hpp:37[m[K,
[2.194s]                  from [01m[K/opt/ros/humble/include/rclcpp/rclcpp/executors/multi_threaded_executor.hpp:25[m[K,
[2.194s]                  from [01m[K/opt/ros/humble/include/rclcpp/rclcpp/executors.hpp:21[m[K,
[2.194s]                  from [01m[K/opt/ros/humble/include/rclcpp/rclcpp/rclcpp.hpp:155[m[K,
[2.194s]                  from [01m[K/home/david/yolocpp_ws/src/seg_sub/src/seg_sub.cpp:1[m[K:
[2.194s] [01m[K/home/david/yolocpp_ws/src/seg_sub/src/seg_sub.cpp:635:26:[m[K [01;31m[Kerror: [m[Kinvalid use of â€˜[01m[Kthis[m[Kâ€™ in non-member function
[2.194s]   635 |             RCLCPP_ERROR([01;31m[Kthis[m[K->get_logger(), "[%s] Failed to convert mask to CvImage or mask is empty (MsgT1: %u.%09u).",
[2.194s]       |                          [01;31m[K^~~~[m[K
[2.194s] [01m[K/home/david/yolocpp_ws/src/seg_sub/src/seg_sub.cpp:635:26:[m[K [01;31m[Kerror: [m[Kinvalid use of â€˜[01m[Kthis[m[Kâ€™ in non-member function
[2.194s] [01m[K/home/david/yolocpp_ws/src/seg_sub/src/seg_sub.cpp:635:13:[m[K [01;31m[Kerror: [m[Ktemplate argument 1 is invalid
[2.194s]   635 |             [01;31m[KRCLCPP_ERROR[m[K(this->get_logger(), "[%s] Failed to convert mask to CvImage or mask is empty (MsgT1: %u.%09u).",
[2.194s]       |             [01;31m[K^~~~~~~~~~~~[m[K
[2.194s] [01m[K/home/david/yolocpp_ws/src/seg_sub/src/seg_sub.cpp:635:13:[m[K [01;31m[Kerror: [m[Ktemplate argument 1 is invalid
[2.194s]   635 |             [01;31m[KRCLCPP_ERROR[m[K(this->get_logger(), "[%s] Failed to convert mask to CvImage or mask is empty (MsgT1: %u.%09u).",
[2.194s]       |             [01;31m[K^~~~~~~~~~~~[m[K
[2.195s] [01m[K/home/david/yolocpp_ws/src/seg_sub/src/seg_sub.cpp:635:13:[m[K [01;31m[Kerror: [m[Ktemplate argument 1 is invalid
[2.195s]   635 |             [01;31m[KRCLCPP_ERROR[m[K(this->get_logger(), "[%s] Failed to convert mask to CvImage or mask is empty (MsgT1: %u.%09u).",
[2.195s]       |             [01;31m[K^~~~~~~~~~~~[m[K
[2.195s] In file included from [01m[K/opt/ros/humble/include/rclcpp/rclcpp/logging.hpp:24[m[K,
[2.195s]                  from [01m[K/opt/ros/humble/include/rclcpp/rclcpp/client.hpp:40[m[K,
[2.195s]                  from [01m[K/opt/ros/humble/include/rclcpp/rclcpp/callback_group.hpp:24[m[K,
[2.195s]                  from [01m[K/opt/ros/humble/include/rclcpp/rclcpp/any_executable.hpp:20[m[K,
[2.195s]                  from [01m[K/opt/ros/humble/include/rclcpp/rclcpp/memory_strategy.hpp:25[m[K,
[2.195s]                  from [01m[K/opt/ros/humble/include/rclcpp/rclcpp/memory_strategies.hpp:18[m[K,
[2.195s]                  from [01m[K/opt/ros/humble/include/rclcpp/rclcpp/executor_options.hpp:20[m[K,
[2.195s]                  from [01m[K/opt/ros/humble/include/rclcpp/rclcpp/executor.hpp:37[m[K,
[2.195s]                  from [01m[K/opt/ros/humble/include/rclcpp/rclcpp/executors/multi_threaded_executor.hpp:25[m[K,
[2.195s]                  from [01m[K/opt/ros/humble/include/rclcpp/rclcpp/executors.hpp:21[m[K,
[2.195s]                  from [01m[K/opt/ros/humble/include/rclcpp/rclcpp/rclcpp.hpp:155[m[K,
[2.195s]                  from [01m[K/home/david/yolocpp_ws/src/seg_sub/src/seg_sub.cpp:1[m[K:
[2.195s] [01m[K/home/david/yolocpp_ws/src/seg_sub/src/seg_sub.cpp:635:26:[m[K [01;31m[Kerror: [m[Kinvalid use of â€˜[01m[Kthis[m[Kâ€™ in non-member function
[2.195s]   635 |             RCLCPP_ERROR([01;31m[Kthis[m[K->get_logger(), "[%s] Failed to convert mask to CvImage or mask is empty (MsgT1: %u.%09u).",
[2.195s]       |                          [01;31m[K^~~~[m[K
[2.195s] [01m[K/home/david/yolocpp_ws/src/seg_sub/src/seg_sub.cpp:635:26:[m[K [01;31m[Kerror: [m[Kinvalid use of â€˜[01m[Kthis[m[Kâ€™ in non-member function
[2.195s]   635 |             RCLCPP_ERROR([01;31m[Kthis[m[K->get_logger(), "[%s] Failed to convert mask to CvImage or mask is empty (MsgT1: %u.%09u).",
[2.195s]       |                          [01;31m[K^~~~[m[K
[2.197s] [01m[K/home/david/yolocpp_ws/src/seg_sub/src/seg_sub.cpp:645:13:[m[K [01;31m[Kerror: [m[Kâ€˜[01m[Kclass_colors_[m[Kâ€™ was not declared in this scope
[2.197s]   645 |         if ([01;31m[Kclass_colors_[m[K.empty()) {
[2.197s]       |             [01;31m[K^~~~~~~~~~~~~[m[K
[2.197s] In file included from [01m[K/opt/ros/humble/include/rclcpp/rclcpp/client.hpp:40[m[K,
[2.197s]                  from [01m[K/opt/ros/humble/include/rclcpp/rclcpp/callback_group.hpp:24[m[K,
[2.197s]                  from [01m[K/opt/ros/humble/include/rclcpp/rclcpp/any_executable.hpp:20[m[K,
[2.197s]                  from [01m[K/opt/ros/humble/include/rclcpp/rclcpp/memory_strategy.hpp:25[m[K,
[2.197s]                  from [01m[K/opt/ros/humble/include/rclcpp/rclcpp/memory_strategies.hpp:18[m[K,
[2.197s]                  from [01m[K/opt/ros/humble/include/rclcpp/rclcpp/executor_options.hpp:20[m[K,
[2.197s]                  from [01m[K/opt/ros/humble/include/rclcpp/rclcpp/executor.hpp:37[m[K,
[2.198s]                  from [01m[K/opt/ros/humble/include/rclcpp/rclcpp/executors/multi_threaded_executor.hpp:25[m[K,
[2.198s]                  from [01m[K/opt/ros/humble/include/rclcpp/rclcpp/executors.hpp:21[m[K,
[2.198s]                  from [01m[K/opt/ros/humble/include/rclcpp/rclcpp/rclcpp.hpp:155[m[K,
[2.198s]                  from [01m[K/home/david/yolocpp_ws/src/seg_sub/src/seg_sub.cpp:1[m[K:
[2.198s] [01m[K/home/david/yolocpp_ws/src/seg_sub/src/seg_sub.cpp:646:25:[m[K [01;31m[Kerror: [m[Kinvalid use of â€˜[01m[Kthis[m[Kâ€™ in non-member function
[2.198s]   646 |             RCLCPP_INFO([01;31m[Kthis[m[K->get_logger(), "[%s] Color palette is empty. Cannot color anomalous frame.", camera_id.c_str());
[2.198s]       |                         [01;31m[K^~~~[m[K
[2.198s] [01m[K/home/david/yolocpp_ws/src/seg_sub/src/seg_sub.cpp:646:25:[m[K [01;31m[Kerror: [m[Kinvalid use of â€˜[01m[Kthis[m[Kâ€™ in non-member function
[2.198s] [01m[K/home/david/yolocpp_ws/src/seg_sub/src/seg_sub.cpp:646:13:[m[K [01;31m[Kerror: [m[Ktemplate argument 1 is invalid
[2.198s]   646 |             [01;31m[KRCLCPP_INFO[m[K(this->get_logger(), "[%s] Color palette is empty. Cannot color anomalous frame.", camera_id.c_str());
[2.198s]       |             [01;31m[K^~~~~~~~~~~[m[K
[2.198s] [01m[K/home/david/yolocpp_ws/src/seg_sub/src/seg_sub.cpp:646:13:[m[K [01;31m[Kerror: [m[Ktemplate argument 1 is invalid
[2.198s]   646 |             [01;31m[KRCLCPP_INFO[m[K(this->get_logger(), "[%s] Color palette is empty. Cannot color anomalous frame.", camera_id.c_str());
[2.198s]       |             [01;31m[K^~~~~~~~~~~[m[K
[2.198s] [01m[K/home/david/yolocpp_ws/src/seg_sub/src/seg_sub.cpp:646:13:[m[K [01;31m[Kerror: [m[Ktemplate argument 1 is invalid
[2.198s]   646 |             [01;31m[KRCLCPP_INFO[m[K(this->get_logger(), "[%s] Color palette is empty. Cannot color anomalous frame.", camera_id.c_str());
[2.198s]       |             [01;31m[K^~~~~~~~~~~[m[K
[2.198s] In file included from [01m[K/opt/ros/humble/include/rclcpp/rclcpp/logging.hpp:24[m[K,
[2.198s]                  from [01m[K/opt/ros/humble/include/rclcpp/rclcpp/client.hpp:40[m[K,
[2.198s]                  from [01m[K/opt/ros/humble/include/rclcpp/rclcpp/callback_group.hpp:24[m[K,
[2.198s]                  from [01m[K/opt/ros/humble/include/rclcpp/rclcpp/any_executable.hpp:20[m[K,
[2.198s]                  from [01m[K/opt/ros/humble/include/rclcpp/rclcpp/memory_strategy.hpp:25[m[K,
[2.198s]                  from [01m[K/opt/ros/humble/include/rclcpp/rclcpp/memory_strategies.hpp:18[m[K,
[2.198s]                  from [01m[K/opt/ros/humble/include/rclcpp/rclcpp/executor_options.hpp:20[m[K,
[2.198s]                  from [01m[K/opt/ros/humble/include/rclcpp/rclcpp/executor.hpp:37[m[K,
[2.198s]                  from [01m[K/opt/ros/humble/include/rclcpp/rclcpp/executors/multi_threaded_executor.hpp:25[m[K,
[2.198s]                  from [01m[K/opt/ros/humble/include/rclcpp/rclcpp/executors.hpp:21[m[K,
[2.198s]                  from [01m[K/opt/ros/humble/include/rclcpp/rclcpp/rclcpp.hpp:155[m[K,
[2.198s]                  from [01m[K/home/david/yolocpp_ws/src/seg_sub/src/seg_sub.cpp:1[m[K:
[2.198s] [01m[K/home/david/yolocpp_ws/src/seg_sub/src/seg_sub.cpp:646:25:[m[K [01;31m[Kerror: [m[Kinvalid use of â€˜[01m[Kthis[m[Kâ€™ in non-member function
[2.198s]   646 |             RCLCPP_INFO([01;31m[Kthis[m[K->get_logger(), "[%s] Color palette is empty. Cannot color anomalous frame.", camera_id.c_str());
[2.198s]       |                         [01;31m[K^~~~[m[K
[2.198s] [01m[K/home/david/yolocpp_ws/src/seg_sub/src/seg_sub.cpp:646:25:[m[K [01;31m[Kerror: [m[Kinvalid use of â€˜[01m[Kthis[m[Kâ€™ in non-member function
[2.198s]   646 |             RCLCPP_INFO([01;31m[Kthis[m[K->get_logger(), "[%s] Color palette is empty. Cannot color anomalous frame.", camera_id.c_str());
[2.198s]       |                         [01;31m[K^~~~[m[K
[2.198s] In file included from [01m[K/opt/ros/humble/include/rclcpp/rclcpp/client.hpp:40[m[K,
[2.198s]                  from [01m[K/opt/ros/humble/include/rclcpp/rclcpp/callback_group.hpp:24[m[K,
[2.198s]                  from [01m[K/opt/ros/humble/include/rclcpp/rclcpp/any_executable.hpp:20[m[K,
[2.198s]                  from [01m[K/opt/ros/humble/include/rclcpp/rclcpp/memory_strategy.hpp:25[m[K,
[2.198s]                  from [01m[K/opt/ros/humble/include/rclcpp/rclcpp/memory_strategies.hpp:18[m[K,
[2.198s]                  from [01m[K/opt/ros/humble/include/rclcpp/rclcpp/executor_options.hpp:20[m[K,
[2.198s]                  from [01m[K/opt/ros/humble/include/rclcpp/rclcpp/executor.hpp:37[m[K,
[2.198s]                  from [01m[K/opt/ros/humble/include/rclcpp/rclcpp/executors/multi_threaded_executor.hpp:25[m[K,
[2.198s]                  from [01m[K/opt/ros/humble/include/rclcpp/rclcpp/executors.hpp:21[m[K,
[2.198s]                  from [01m[K/opt/ros/humble/include/rclcpp/rclcpp/rclcpp.hpp:155[m[K,
[2.198s]                  from [01m[K/home/david/yolocpp_ws/src/seg_sub/src/seg_sub.cpp:1[m[K:
[2.198s] [01m[K/home/david/yolocpp_ws/src/seg_sub/src/seg_sub.cpp:659:44:[m[K [01;31m[Kerror: [m[Kinvalid use of â€˜[01m[Kthis[m[Kâ€™ in non-member function
[2.198s]   659 |                        RCLCPP_ERROR_ONCE([01;31m[Kthis[m[K->get_logger(), "[%s] Unexpected mask type: %d for MsgT1: %u.%09u. Cannot color.",
[2.198s]       |                                          [01;31m[K^~~~[m[K
[2.198s] 
[2.198s] [01m[K/home/david/yolocpp_ws/src/seg_sub/src/seg_sub.cpp:659:44:[m[K [01;31m[Kerror: [m[Kinvalid use of â€˜[01m[Kthis[m[Kâ€™ in non-member function
[2.198s] [01m[K/home/david/yolocpp_ws/src/seg_sub/src/seg_sub.cpp:659:26:[m[K [01;31m[Kerror: [m[Ktemplate argument 1 is invalid
[2.198s]   659 |                          [01;31m[KRCLCPP_ERROR_ONCE[m[K(this->get_logger(), "[%s] Unexpected mask type: %d for MsgT1: %u.%09u. Cannot color.",
[2.198s]       |                          [01;31m[K^~~~~~~~~~~~~~~~~[m[K
[2.198s] [01m[K/home/david/yolocpp_ws/src/seg_sub/src/seg_sub.cpp:659:26:[m[K [01;31m[Kerror: [m[Ktemplate argument 1 is invalid
[2.199s]   659 |                          [01;31m[KRCLCPP_ERROR_ONCE[m[K(this->get_logger(), "[%s] Unexpected mask type: %d for MsgT1: %u.%09u. Cannot color.",
[2.199s]       |                          [01;31m[K^~~~~~~~~~~~~~~~~[m[K
[2.199s] [01m[K/home/david/yolocpp_ws/src/seg_sub/src/seg_sub.cpp:659:26:[m[K [01;31m[Kerror: [m[Ktemplate argument 1 is invalid
[2.199s]   659 |                          [01;31m[KRCLCPP_ERROR_ONCE[m[K(this->get_logger(), "[%s] Unexpected mask type: %d for MsgT1: %u.%09u. Cannot color.",
[2.199s]       |                          [01;31m[K^~~~~~~~~~~~~~~~~[m[K
[2.199s] In file included from [01m[K/opt/ros/humble/include/rclcpp/rclcpp/logging.hpp:24[m[K,
[2.199s]                  from [01m[K/opt/ros/humble/include/rclcpp/rclcpp/client.hpp:40[m[K,
[2.199s]                  from [01m[K/opt/ros/humble/include/rclcpp/rclcpp/callback_group.hpp:24[m[K,
[2.199s]                  from [01m[K/opt/ros/humble/include/rclcpp/rclcpp/any_executable.hpp:20[m[K,
[2.199s]                  from [01m[K/opt/ros/humble/include/rclcpp/rclcpp/memory_strategy.hpp:25[m[K,
[2.199s]                  from [01m[K/opt/ros/humble/include/rclcpp/rclcpp/memory_strategies.hpp:18[m[K,
[2.199s]                  from [01m[K/opt/ros/humble/include/rclcpp/rclcpp/executor_options.hpp:20[m[K,
[2.199s]                  from [01m[K/opt/ros/humble/include/rclcpp/rclcpp/executor.hpp:37[m[K,
[2.199s]                  from [01m[K/opt/ros/humble/include/rclcpp/rclcpp/executors/multi_threaded_executor.hpp:25[m[K,
[2.199s]                  from [01m[K/opt/ros/humble/include/rclcpp/rclcpp/executors.hpp:21[m[K,
[2.199s]                  from [01m[K/opt/ros/humble/include/rclcpp/rclcpp/rclcpp.hpp:155[m[K,
[2.199s]                  from [01m[K/home/david/yolocpp_ws/src/seg_sub/src/seg_sub.cpp:1[m[K:
[2.199s] [01m[K/home/david/yolocpp_ws/src/seg_sub/src/seg_sub.cpp:659:44:[m[K [01;31m[Kerror: [m[Kinvalid use of â€˜[01m[Kthis[m[Kâ€™ in non-member function
[2.199s]   659 |                        RCLCPP_ERROR_ONCE([01;31m[Kthis[m[K->get_logger(), "[%s] Unexpected mask type: %d for MsgT1: %u.%09u. Cannot color.",
[2.199s]       |                                          [01;31m[K^~~~[m[K
[2.199s] 
[2.199s] [01m[K/home/david/yolocpp_ws/src/seg_sub/src/seg_sub.cpp:659:44:[m[K [01;31m[Kerror: [m[Kinvalid use of â€˜[01m[Kthis[m[Kâ€™ in non-member function
[2.199s]   659 |                        RCLCPP_ERROR_ONCE([01;31m[Kthis[m[K->get_logger(), "[%s] Unexpected mask type: %d for MsgT1: %u.%09u. Cannot color.",
[2.199s]       |                                          [01;31m[K^~~~[m[K
[2.199s] 
[2.201s] [01m[K/home/david/yolocpp_ws/src/seg_sub/src/seg_sub.cpp:670:49:[m[K [01;31m[Kerror: [m[Kâ€˜[01m[Kclass_colors_[m[Kâ€™ was not declared in this scope; did you mean â€˜[01m[Kbase_color[m[Kâ€™?
[2.201s]   670 |                  cv::Scalar base_color = [01;31m[Kclass_colors_[m[K[class_id % class_colors_.size()];
[2.201s]       |                                          [01;31m[K^~~~~~~~~~~~~[m[K
[2.201s]       |                                          [32m[Kbase_color[m[K
[2.206s] [01m[K/home/david/yolocpp_ws/src/seg_sub/src/seg_sub.cpp:687:9:[m[K [01;31m[Kerror: [m[Kâ€˜[01m[Kanomalous_images_path_[m[Kâ€™ was not declared in this scope
[2.206s]   687 |         [01;31m[Kanomalous_images_path_[m[K = "/home/david/yolocpp_ws/anomalous_frames/";
[2.206s]       |         [01;31m[K^~~~~~~~~~~~~~~~~~~~~~[m[K
[2.206s] In file included from [01m[K/opt/ros/humble/include/rclcpp/rclcpp/client.hpp:40[m[K,
[2.207s]                  from [01m[K/opt/ros/humble/include/rclcpp/rclcpp/callback_group.hpp:24[m[K,
[2.207s]                  from [01m[K/opt/ros/humble/include/rclcpp/rclcpp/any_executable.hpp:20[m[K,
[2.207s]                  from [01m[K/opt/ros/humble/include/rclcpp/rclcpp/memory_strategy.hpp:25[m[K,
[2.207s]                  from [01m[K/opt/ros/humble/include/rclcpp/rclcpp/memory_strategies.hpp:18[m[K,
[2.207s]                  from [01m[K/opt/ros/humble/include/rclcpp/rclcpp/executor_options.hpp:20[m[K,
[2.207s]                  from [01m[K/opt/ros/humble/include/rclcpp/rclcpp/executor.hpp:37[m[K,
[2.207s]                  from [01m[K/opt/ros/humble/include/rclcpp/rclcpp/executors/multi_threaded_executor.hpp:25[m[K,
[2.207s]                  from [01m[K/opt/ros/humble/include/rclcpp/rclcpp/executors.hpp:21[m[K,
[2.207s]                  from [01m[K/opt/ros/humble/include/rclcpp/rclcpp/rclcpp.hpp:155[m[K,
[2.207s]                  from [01m[K/home/david/yolocpp_ws/src/seg_sub/src/seg_sub.cpp:1[m[K:
[2.207s] [01m[K/home/david/yolocpp_ws/src/seg_sub/src/seg_sub.cpp:693:21:[m[K [01;31m[Kerror: [m[Kinvalid use of â€˜[01m[Kthis[m[Kâ€™ in non-member function
[2.207s]   693 |         RCLCPP_INFO([01;31m[Kthis[m[K->get_logger(), "[%s] Saving anomalous frame image to %s (MsgT1: %u.%09u)",
[2.207s]       |                     [01;31m[K^~~~[m[K
[2.207s] [01m[K/home/david/yolocpp_ws/src/seg_sub/src/seg_sub.cpp:693:21:[m[K [01;31m[Kerror: [m[Kinvalid use of â€˜[01m[Kthis[m[Kâ€™ in non-member function
[2.207s] [01m[K/home/david/yolocpp_ws/src/seg_sub/src/seg_sub.cpp:693:9:[m[K [01;31m[Kerror: [m[Ktemplate argument 1 is invalid
[2.207s]   693 |         [01;31m[KRCLCPP_INFO[m[K(this->get_logger(), "[%s] Saving anomalous frame image to %s (MsgT1: %u.%09u)",
[2.207s]       |         [01;31m[K^~~~~~~~~~~[m[K
[2.207s] [01m[K/home/david/yolocpp_ws/src/seg_sub/src/seg_sub.cpp:693:9:[m[K [01;31m[Kerror: [m[Ktemplate argument 1 is invalid
[2.207s]   693 |         [01;31m[KRCLCPP_INFO[m[K(this->get_logger(), "[%s] Saving anomalous frame image to %s (MsgT1: %u.%09u)",
[2.207s]       |         [01;31m[K^~~~~~~~~~~[m[K
[2.207s] [01m[K/home/david/yolocpp_ws/src/seg_sub/src/seg_sub.cpp:693:9:[m[K [01;31m[Kerror: [m[Ktemplate argument 1 is invalid
[2.207s]   693 |         [01;31m[KRCLCPP_INFO[m[K(this->get_logger(), "[%s] Saving anomalous frame image to %s (MsgT1: %u.%09u)",
[2.207s]       |         [01;31m[K^~~~~~~~~~~[m[K
[2.207s] In file included from [01m[K/opt/ros/humble/include/rclcpp/rclcpp/logging.hpp:24[m[K,
[2.207s]                  from [01m[K/opt/ros/humble/include/rclcpp/rclcpp/client.hpp:40[m[K,
[2.207s]                  from [01m[K/opt/ros/humble/include/rclcpp/rclcpp/callback_group.hpp:24[m[K,
[2.207s]                  from [01m[K/opt/ros/humble/include/rclcpp/rclcpp/any_executable.hpp:20[m[K,
[2.207s]                  from [01m[K/opt/ros/humble/include/rclcpp/rclcpp/memory_strategy.hpp:25[m[K,
[2.207s]                  from [01m[K/opt/ros/humble/include/rclcpp/rclcpp/memory_strategies.hpp:18[m[K,
[2.207s]                  from [01m[K/opt/ros/humble/include/rclcpp/rclcpp/executor_options.hpp:20[m[K,
[2.207s]                  from [01m[K/opt/ros/humble/include/rclcpp/rclcpp/executor.hpp:37[m[K,
[2.207s]                  from [01m[K/opt/ros/humble/include/rclcpp/rclcpp/executors/multi_threaded_executor.hpp:25[m[K,
[2.207s]                  from [01m[K/opt/ros/humble/include/rclcpp/rclcpp/executors.hpp:21[m[K,
[2.207s]                  from [01m[K/opt/ros/humble/include/rclcpp/rclcpp/rclcpp.hpp:155[m[K,
[2.207s]                  from [01m[K/home/david/yolocpp_ws/src/seg_sub/src/seg_sub.cpp:1[m[K:
[2.207s] [01m[K/home/david/yolocpp_ws/src/seg_sub/src/seg_sub.cpp:693:21:[m[K [01;31m[Kerror: [m[Kinvalid use of â€˜[01m[Kthis[m[Kâ€™ in non-member function
[2.207s]   693 |         RCLCPP_INFO([01;31m[Kthis[m[K->get_logger(), "[%s] Saving anomalous frame image to %s (MsgT1: %u.%09u)",
[2.208s]       |                     [01;31m[K^~~~[m[K
[2.208s] [01m[K/home/david/yolocpp_ws/src/seg_sub/src/seg_sub.cpp:693:21:[m[K [01;31m[Kerror: [m[Kinvalid use of â€˜[01m[Kthis[m[Kâ€™ in non-member function
[2.208s]   693 |         RCLCPP_INFO([01;31m[Kthis[m[K->get_logger(), "[%s] Saving anomalous frame image to %s (MsgT1: %u.%09u)",
[2.208s]       |                     [01;31m[K^~~~[m[K
[2.208s] In file included from [01m[K/opt/ros/humble/include/rclcpp/rclcpp/client.hpp:40[m[K,
[2.208s]                  from [01m[K/opt/ros/humble/include/rclcpp/rclcpp/callback_group.hpp:24[m[K,
[2.208s]                  from [01m[K/opt/ros/humble/include/rclcpp/rclcpp/any_executable.hpp:20[m[K,
[2.208s]                  from [01m[K/opt/ros/humble/include/rclcpp/rclcpp/memory_strategy.hpp:25[m[K,
[2.208s]                  from [01m[K/opt/ros/humble/include/rclcpp/rclcpp/memory_strategies.hpp:18[m[K,
[2.208s]                  from [01m[K/opt/ros/humble/include/rclcpp/rclcpp/executor_options.hpp:20[m[K,
[2.208s]                  from [01m[K/opt/ros/humble/include/rclcpp/rclcpp/executor.hpp:37[m[K,
[2.208s]                  from [01m[K/opt/ros/humble/include/rclcpp/rclcpp/executors/multi_threaded_executor.hpp:25[m[K,
[2.208s]                  from [01m[K/opt/ros/humble/include/rclcpp/rclcpp/executors.hpp:21[m[K,
[2.208s]                  from [01m[K/opt/ros/humble/include/rclcpp/rclcpp/rclcpp.hpp:155[m[K,
[2.208s]                  from [01m[K/home/david/yolocpp_ws/src/seg_sub/src/seg_sub.cpp:1[m[K:
[2.208s] [01m[K/home/david/yolocpp_ws/src/seg_sub/src/seg_sub.cpp:700:29:[m[K [01;31m[Kerror: [m[Kinvalid use of â€˜[01m[Kthis[m[Kâ€™ in non-member function
[2.208s]   700 |                 RCLCPP_WARN([01;31m[Kthis[m[K->get_logger(), "[%s] Colored mask display is empty for MsgT1: %u.%09u. Not saving image.",
[2.208s]       |                             [01;31m[K^~~~[m[K
[2.208s] [01m[K/home/david/yolocpp_ws/src/seg_sub/src/seg_sub.cpp:700:29:[m[K [01;31m[Kerror: [m[Kinvalid use of â€˜[01m[Kthis[m[Kâ€™ in non-member function
[2.208s] [01m[K/home/david/yolocpp_ws/src/seg_sub/src/seg_sub.cpp:700:17:[m[K [01;31m[Kerror: [m[Ktemplate argument 1 is invalid
[2.208s]   700 |                 [01;31m[KRCLCPP_WARN[m[K(this->get_logger(), "[%s] Colored mask display is empty for MsgT1: %u.%09u. Not saving image.",
[2.208s]       |                 [01;31m[K^~~~~~~~~~~[m[K
[2.208s] [01m[K/home/david/yolocpp_ws/src/seg_sub/src/seg_sub.cpp:700:17:[m[K [01;31m[Kerror: [m[Ktemplate argument 1 is invalid
[2.208s]   700 |                 [01;31m[KRCLCPP_WARN[m[K(this->get_logger(), "[%s] Colored mask display is empty for MsgT1: %u.%09u. Not saving image.",
[2.208s]       |                 [01;31m[K^~~~~~~~~~~[m[K
[2.208s] [01m[K/home/david/yolocpp_ws/src/seg_sub/src/seg_sub.cpp:700:17:[m[K [01;31m[Kerror: [m[Ktemplate argument 1 is invalid
[2.208s]   700 |                 [01;31m[KRCLCPP_WARN[m[K(this->get_logger(), "[%s] Colored mask display is empty for MsgT1: %u.%09u. Not saving image.",
[2.208s]       |                 [01;31m[K^~~~~~~~~~~[m[K
[2.208s] In file included from [01m[K/opt/ros/humble/include/rclcpp/rclcpp/logging.hpp:24[m[K,
[2.208s]                  from [01m[K/opt/ros/humble/include/rclcpp/rclcpp/client.hpp:40[m[K,
[2.208s]                  from [01m[K/opt/ros/humble/include/rclcpp/rclcpp/callback_group.hpp:24[m[K,
[2.208s]                  from [01m[K/opt/ros/humble/include/rclcpp/rclcpp/any_executable.hpp:20[m[K,
[2.208s]                  from [01m[K/opt/ros/humble/include/rclcpp/rclcpp/memory_strategy.hpp:25[m[K,
[2.208s]                  from [01m[K/opt/ros/humble/include/rclcpp/rclcpp/memory_strategies.hpp:18[m[K,
[2.208s]                  from [01m[K/opt/ros/humble/include/rclcpp/rclcpp/executor_options.hpp:20[m[K,
[2.208s]                  from [01m[K/opt/ros/humble/include/rclcpp/rclcpp/executor.hpp:37[m[K,
[2.208s]                  from [01m[K/opt/ros/humble/include/rclcpp/rclcpp/executors/multi_threaded_executor.hpp:25[m[K,
[2.208s]                  from [01m[K/opt/ros/humble/include/rclcpp/rclcpp/executors.hpp:21[m[K,
[2.208s]                  from [01m[K/opt/ros/humble/include/rclcpp/rclcpp/rclcpp.hpp:155[m[K,
[2.208s]                  from [01m[K/home/david/yolocpp_ws/src/seg_sub/src/seg_sub.cpp:1[m[K:
[2.208s] [01m[K/home/david/yolocpp_ws/src/seg_sub/src/seg_sub.cpp:700:29:[m[K [01;31m[Kerror: [m[Kinvalid use of â€˜[01m[Kthis[m[Kâ€™ in non-member function
[2.208s]   700 |                 RCLCPP_WARN([01;31m[Kthis[m[K->get_logger(), "[%s] Colored mask display is empty for MsgT1: %u.%09u. Not saving image.",
[2.208s]       |                             [01;31m[K^~~~[m[K
[2.208s] [01m[K/home/david/yolocpp_ws/src/seg_sub/src/seg_sub.cpp:700:29:[m[K [01;31m[Kerror: [m[Kinvalid use of â€˜[01m[Kthis[m[Kâ€™ in non-member function
[2.208s]   700 |                 RCLCPP_WARN([01;31m[Kthis[m[K->get_logger(), "[%s] Colored mask display is empty for MsgT1: %u.%09u. Not saving image.",
[2.208s]       |                             [01;31m[K^~~~[m[K
[2.208s] In file included from [01m[K/opt/ros/humble/include/rclcpp/rclcpp/client.hpp:40[m[K,
[2.208s]                  from [01m[K/opt/ros/humble/include/rclcpp/rclcpp/callback_group.hpp:24[m[K,
[2.208s]                  from [01m[K/opt/ros/humble/include/rclcpp/rclcpp/any_executable.hpp:20[m[K,
[2.208s]                  from [01m[K/opt/ros/humble/include/rclcpp/rclcpp/memory_strategy.hpp:25[m[K,
[2.208s]                  from [01m[K/opt/ros/humble/include/rclcpp/rclcpp/memory_strategies.hpp:18[m[K,
[2.208s]                  from [01m[K/opt/ros/humble/include/rclcpp/rclcpp/executor_options.hpp:20[m[K,
[2.208s]                  from [01m[K/opt/ros/humble/include/rclcpp/rclcpp/executor.hpp:37[m[K,
[2.208s]                  from [01m[K/opt/ros/humble/include/rclcpp/rclcpp/executors/multi_threaded_executor.hpp:25[m[K,
[2.208s]                  from [01m[K/opt/ros/humble/include/rclcpp/rclcpp/executors.hpp:21[m[K,
[2.208s]                  from [01m[K/opt/ros/humble/include/rclcpp/rclcpp/rclcpp.hpp:155[m[K,
[2.209s]                  from [01m[K/home/david/yolocpp_ws/src/seg_sub/src/seg_sub.cpp:1[m[K:
[2.209s] [01m[K/home/david/yolocpp_ws/src/seg_sub/src/seg_sub.cpp:704:26:[m[K [01;31m[Kerror: [m[Kinvalid use of â€˜[01m[Kthis[m[Kâ€™ in non-member function
[2.209s]   704 |             RCLCPP_ERROR([01;31m[Kthis[m[K->get_logger(), "[%s] OpenCV Exception saving image %s (MsgT1: %u.%09u): %s",
[2.209s]       |                          [01;31m[K^~~~[m[K
[2.209s] [01m[K/home/david/yolocpp_ws/src/seg_sub/src/seg_sub.cpp:704:26:[m[K [01;31m[Kerror: [m[Kinvalid use of â€˜[01m[Kthis[m[Kâ€™ in non-member function
[2.209s] [01m[K/home/david/yolocpp_ws/src/seg_sub/src/seg_sub.cpp:704:13:[m[K [01;31m[Kerror: [m[Ktemplate argument 1 is invalid
[2.209s]   704 |             [01;31m[KRCLCPP_ERROR[m[K(this->get_logger(), "[%s] OpenCV Exception saving image %s (MsgT1: %u.%09u): %s",
[2.209s]       |             [01;31m[K^~~~~~~~~~~~[m[K
[2.209s] [01m[K/home/david/yolocpp_ws/src/seg_sub/src/seg_sub.cpp:704:13:[m[K [01;31m[Kerror: [m[Ktemplate argument 1 is invalid
[2.209s]   704 |             [01;31m[KRCLCPP_ERROR[m[K(this->get_logger(), "[%s] OpenCV Exception saving image %s (MsgT1: %u.%09u): %s",
[2.209s]       |             [01;31m[K^~~~~~~~~~~~[m[K
[2.209s] [01m[K/home/david/yolocpp_ws/src/seg_sub/src/seg_sub.cpp:704:13:[m[K [01;31m[Kerror: [m[Ktemplate argument 1 is invalid
[2.209s]   704 |             [01;31m[KRCLCPP_ERROR[m[K(this->get_logger(), "[%s] OpenCV Exception saving image %s (MsgT1: %u.%09u): %s",
[2.209s]       |             [01;31m[K^~~~~~~~~~~~[m[K
[2.209s] In file included from [01m[K/opt/ros/humble/include/rclcpp/rclcpp/logging.hpp:24[m[K,
[2.209s]                  from [01m[K/opt/ros/humble/include/rclcpp/rclcpp/client.hpp:40[m[K,
[2.209s]                  from [01m[K/opt/ros/humble/include/rclcpp/rclcpp/callback_group.hpp:24[m[K,
[2.209s]                  from [01m[K/opt/ros/humble/include/rclcpp/rclcpp/any_executable.hpp:20[m[K,
[2.209s]                  from [01m[K/opt/ros/humble/include/rclcpp/rclcpp/memory_strategy.hpp:25[m[K,
[2.209s]                  from [01m[K/opt/ros/humble/include/rclcpp/rclcpp/memory_strategies.hpp:18[m[K,
[2.209s]                  from [01m[K/opt/ros/humble/include/rclcpp/rclcpp/executor_options.hpp:20[m[K,
[2.209s]                  from [01m[K/opt/ros/humble/include/rclcpp/rclcpp/executor.hpp:37[m[K,
[2.209s]                  from [01m[K/opt/ros/humble/include/rclcpp/rclcpp/executors/multi_threaded_executor.hpp:25[m[K,
[2.209s]                  from [01m[K/opt/ros/humble/include/rclcpp/rclcpp/executors.hpp:21[m[K,
[2.209s]                  from [01m[K/opt/ros/humble/include/rclcpp/rclcpp/rclcpp.hpp:155[m[K,
[2.209s]                  from [01m[K/home/david/yolocpp_ws/src/seg_sub/src/seg_sub.cpp:1[m[K:
[2.209s] [01m[K/home/david/yolocpp_ws/src/seg_sub/src/seg_sub.cpp:704:26:[m[K [01;31m[Kerror: [m[Kinvalid use of â€˜[01m[Kthis[m[Kâ€™ in non-member function
[2.209s]   704 |             RCLCPP_ERROR([01;31m[Kthis[m[K->get_logger(), "[%s] OpenCV Exception saving image %s (MsgT1: %u.%09u): %s",
[2.209s]       |                          [01;31m[K^~~~[m[K
[2.209s] [01m[K/home/david/yolocpp_ws/src/seg_sub/src/seg_sub.cpp:704:26:[m[K [01;31m[Kerror: [m[Kinvalid use of â€˜[01m[Kthis[m[Kâ€™ in non-member function
[2.209s]   704 |             RCLCPP_ERROR([01;31m[Kthis[m[K->get_logger(), "[%s] OpenCV Exception saving image %s (MsgT1: %u.%09u): %s",
[2.209s]       |                          [01;31m[K^~~~[m[K
[2.213s] [01m[K/home/david/yolocpp_ws/src/seg_sub/src/seg_sub.cpp:709:13:[m[K [01;31m[Kerror: [m[Kâ€˜[01m[Kanomalous_t3_t4_log_file_[m[Kâ€™ was not declared in this scope
[2.213s]   709 |         if ([01;31m[Kanomalous_t3_t4_log_file_[m[K.is_open()) {
[2.213s]       |             [01;31m[K^~~~~~~~~~~~~~~~~~~~~~~~~[m[K
[2.217s] [01m[K/home/david/yolocpp_ws/src/seg_sub/src/seg_sub.cpp:710:56:[m[K [01;31m[Kerror: [m[Kâ€˜[01m[Kanomalous_log_mutex_[m[Kâ€™ was not declared in this scope
[2.217s]   710 | d::lock_guard<std::mutex> anomalous_lock([01;31m[Kanomalous_log_mutex_[m[K);
[2.217s]       |                                          [01;31m[K^~~~~~~~~~~~~~~~~~~~[m[K
[2.217s] 
[2.217s] [01m[K/home/david/yolocpp_ws/src/seg_sub/src/seg_sub.cpp:[m[K In function â€˜[01m[Kvoid report_metrics()[m[Kâ€™:
[2.217s] [01m[K/home/david/yolocpp_ws/src/seg_sub/src/seg_sub.cpp:735:20:[m[K [01;31m[Kerror: [m[Kinvalid use of â€˜[01m[Kthis[m[Kâ€™ in non-member function
[2.217s]   735 |         auto now = [01;31m[Kthis[m[K->now();
[2.217s]       |                    [01;31m[K^~~~[m[K
[2.221s] [01m[K/home/david/yolocpp_ws/src/seg_sub/src/seg_sub.cpp:736:37:[m[K [01;31m[Kerror: [m[Kâ€˜[01m[Klast_report_time_[m[Kâ€™ was not declared in this scope
[2.221s]   736 |         double elapsed_sec = (now - [01;31m[Klast_report_time_[m[K).seconds();
[2.221s]       |                                     [01;31m[K^~~~~~~~~~~~~~~~~[m[K
[2.226s] [01m[K/home/david/yolocpp_ws/src/seg_sub/src/seg_sub.cpp:742:46:[m[K [01;31m[Kerror: [m[Kâ€˜[01m[Kmsg_count_mutex_left_[m[Kâ€™ was not declared in this scope
[2.226s]   742 |         std::lock_guard<std::mutex> lock([01;31m[Kmsg_count_mutex_left_[m[K);
[2.226s]       |                                          [01;31m[K^~~~~~~~~~~~~~~~~~~~~[m[K
[2.226s] 
[2.229s] [01m[K/home/david/yolocpp_ws/src/seg_sub/src/seg_sub.cpp:743:28:[m[K [01;31m[Kerror: [m[Kâ€˜[01m[Kcount_left_[m[Kâ€™ was not declared in this scope
[2.229s]   743 |             current_left = [01;31m[Kcount_left_[m[K;
[2.229s]       |                            [01;31m[K^~~~~~~~~~~[m[K
[2.233s] [01m[K/home/david/yolocpp_ws/src/seg_sub/src/seg_sub.cpp:747:46:[m[K [01;31m[Kerror: [m[Kâ€˜[01m[Kmsg_count_mutex_front_[m[Kâ€™ was not declared in this scope
[2.233s]   747 |         std::lock_guard<std::mutex> lock([01;31m[Kmsg_count_mutex_front_[m[K);
[2.233s]       |                                          [01;31m[K^~~~~~~~~~~~~~~~~~~~~~[m[K
[2.233s] 
[2.236s] [01m[K/home/david/yolocpp_ws/src/seg_sub/src/seg_sub.cpp:748:29:[m[K [01;31m[Kerror: [m[Kâ€˜[01m[Kcount_front_[m[Kâ€™ was not declared in this scope
[2.236s]   748 |             current_front = [01;31m[Kcount_front_[m[K;
[2.236s]       |                             [01;31m[K^~~~~~~~~~~~[m[K
[2.241s] [01m[K/home/david/yolocpp_ws/src/seg_sub/src/seg_sub.cpp:752:46:[m[K [01;31m[Kerror: [m[Kâ€˜[01m[Kmsg_count_mutex_right_[m[Kâ€™ was not declared in this scope
[2.241s]   752 |         std::lock_guard<std::mutex> lock([01;31m[Kmsg_count_mutex_right_[m[K);
[2.241s]       |                                          [01;31m[K^~~~~~~~~~~~~~~~~~~~~~[m[K
[2.241s] 
[2.244s] [01m[K/home/david/yolocpp_ws/src/seg_sub/src/seg_sub.cpp:753:29:[m[K [01;31m[Kerror: [m[Kâ€˜[01m[Kcount_right_[m[Kâ€™ was not declared in this scope
[2.244s]   753 |             current_right = [01;31m[Kcount_right_[m[K;
[2.244s]       |                             [01;31m[K^~~~~~~~~~~~[m[K
[2.244s] In file included from [01m[K/opt/ros/humble/include/rclcpp/rclcpp/client.hpp:40[m[K,
[2.244s]                  from [01m[K/opt/ros/humble/include/rclcpp/rclcpp/callback_group.hpp:24[m[K,
[2.244s]                  from [01m[K/opt/ros/humble/include/rclcpp/rclcpp/any_executable.hpp:20[m[K,
[2.244s]                  from [01m[K/opt/ros/humble/include/rclcpp/rclcpp/memory_strategy.hpp:25[m[K,
[2.244s]                  from [01m[K/opt/ros/humble/include/rclcpp/rclcpp/memory_strategies.hpp:18[m[K,
[2.244s]                  from [01m[K/opt/ros/humble/include/rclcpp/rclcpp/executor_options.hpp:20[m[K,
[2.244s]                  from [01m[K/opt/ros/humble/include/rclcpp/rclcpp/executor.hpp:37[m[K,
[2.244s]                  from [01m[K/opt/ros/humble/include/rclcpp/rclcpp/executors/multi_threaded_executor.hpp:25[m[K,
[2.244s]                  from [01m[K/opt/ros/humble/include/rclcpp/rclcpp/executors.hpp:21[m[K,
[2.244s]                  from [01m[K/opt/ros/humble/include/rclcpp/rclcpp/rclcpp.hpp:155[m[K,
[2.244s]                  from [01m[K/home/david/yolocpp_ws/src/seg_sub/src/seg_sub.cpp:1[m[K:
[2.244s] [01m[K/home/david/yolocpp_ws/src/seg_sub/src/seg_sub.cpp:761:21:[m[K [01;31m[Kerror: [m[Kinvalid use of â€˜[01m[Kthis[m[Kâ€™ in non-member function
[2.244s]   761 |         RCLCPP_INFO([01;31m[Kthis[m[K->get_logger(),
[2.244s]       |                     [01;31m[K^~~~[m[K
[2.244s] [01m[K/home/david/yolocpp_ws/src/seg_sub/src/seg_sub.cpp:761:21:[m[K [01;31m[Kerror: [m[Kinvalid use of â€˜[01m[Kthis[m[Kâ€™ in non-member function
[2.245s] [01m[K/home/david/yolocpp_ws/src/seg_sub/src/seg_sub.cpp:761:9:[m[K [01;31m[Kerror: [m[Ktemplate argument 1 is invalid
[2.245s]   761 |         [01;31m[KRCLCPP_INFO[m[K(this->get_logger(),
[2.245s]       |         [01;31m[K^~~~~~~~~~~[m[K
[2.245s] [01m[K/home/david/yolocpp_ws/src/seg_sub/src/seg_sub.cpp:761:9:[m[K [01;31m[Kerror: [m[Ktemplate argument 1 is invalid
[2.245s]   761 |         [01;31m[KRCLCPP_INFO[m[K(this->get_logger(),
[2.245s]       |         [01;31m[K^~~~~~~~~~~[m[K
[2.245s] [01m[K/home/david/yolocpp_ws/src/seg_sub/src/seg_sub.cpp:761:9:[m[K [01;31m[Kerror: [m[Ktemplate argument 1 is invalid
[2.245s]   761 |         [01;31m[KRCLCPP_INFO[m[K(this->get_logger(),
[2.245s]       |         [01;31m[K^~~~~~~~~~~[m[K
[2.245s] In file included from [01m[K/opt/ros/humble/include/rclcpp/rclcpp/logging.hpp:24[m[K,
[2.245s]                  from [01m[K/opt/ros/humble/include/rclcpp/rclcpp/client.hpp:40[m[K,
[2.245s]                  from [01m[K/opt/ros/humble/include/rclcpp/rclcpp/callback_group.hpp:24[m[K,
[2.245s]                  from [01m[K/opt/ros/humble/include/rclcpp/rclcpp/any_executable.hpp:20[m[K,
[2.245s]                  from [01m[K/opt/ros/humble/include/rclcpp/rclcpp/memory_strategy.hpp:25[m[K,
[2.245s]                  from [01m[K/opt/ros/humble/include/rclcpp/rclcpp/memory_strategies.hpp:18[m[K,
[2.245s]                  from [01m[K/opt/ros/humble/include/rclcpp/rclcpp/executor_options.hpp:20[m[K,
[2.245s]                  from [01m[K/opt/ros/humble/include/rclcpp/rclcpp/executor.hpp:37[m[K,
[2.245s]                  from [01m[K/opt/ros/humble/include/rclcpp/rclcpp/executors/multi_threaded_executor.hpp:25[m[K,
[2.245s]                  from [01m[K/opt/ros/humble/include/rclcpp/rclcpp/executors.hpp:21[m[K,
[2.245s]                  from [01m[K/opt/ros/humble/include/rclcpp/rclcpp/rclcpp.hpp:155[m[K,
[2.245s]                  from [01m[K/home/david/yolocpp_ws/src/seg_sub/src/seg_sub.cpp:1[m[K:
[2.245s] [01m[K/home/david/yolocpp_ws/src/seg_sub/src/seg_sub.cpp:761:21:[m[K [01;31m[Kerror: [m[Kinvalid use of â€˜[01m[Kthis[m[Kâ€™ in non-member function
[2.245s]   761 |         RCLCPP_INFO([01;31m[Kthis[m[K->get_logger(),
[2.245s]       |                     [01;31m[K^~~~[m[K
[2.245s] [01m[K/home/david/yolocpp_ws/src/seg_sub/src/seg_sub.cpp:761:21:[m[K [01;31m[Kerror: [m[Kinvalid use of â€˜[01m[Kthis[m[Kâ€™ in non-member function
[2.245s]   761 |         RCLCPP_INFO([01;31m[Kthis[m[K->get_logger(),
[2.245s]       |                     [01;31m[K^~~~[m[K
[2.245s] In file included from [01m[K/opt/ros/humble/include/rclcpp/rclcpp/client.hpp:40[m[K,
[2.245s]                  from [01m[K/opt/ros/humble/include/rclcpp/rclcpp/callback_group.hpp:24[m[K,
[2.245s]                  from [01m[K/opt/ros/humble/include/rclcpp/rclcpp/any_executable.hpp:20[m[K,
[2.245s]                  from [01m[K/opt/ros/humble/include/rclcpp/rclcpp/memory_strategy.hpp:25[m[K,
[2.245s]                  from [01m[K/opt/ros/humble/include/rclcpp/rclcpp/memory_strategies.hpp:18[m[K,
[2.245s]                  from [01m[K/opt/ros/humble/include/rclcpp/rclcpp/executor_options.hpp:20[m[K,
[2.245s]                  from [01m[K/opt/ros/humble/include/rclcpp/rclcpp/executor.hpp:37[m[K,
[2.245s]                  from [01m[K/opt/ros/humble/include/rclcpp/rclcpp/executors/multi_threaded_executor.hpp:25[m[K,
[2.245s]                  from [01m[K/opt/ros/humble/include/rclcpp/rclcpp/executors.hpp:21[m[K,
[2.245s]                  from [01m[K/opt/ros/humble/include/rclcpp/rclcpp/rclcpp.hpp:155[m[K,
[2.245s]                  from [01m[K/home/david/yolocpp_ws/src/seg_sub/src/seg_sub.cpp:1[m[K:
[2.245s] [01m[K/home/david/yolocpp_ws/src/seg_sub/src/seg_sub.cpp:763:21:[m[K [01;31m[Kerror: [m[Kinvalid use of â€˜[01m[Kthis[m[Kâ€™ in non-member function
[2.245s]   763 |         RCLCPP_INFO([01;31m[Kthis[m[K->get_logger(),
[2.245s]       |                     [01;31m[K^~~~[m[K
[2.245s] [01m[K/home/david/yolocpp_ws/src/seg_sub/src/seg_sub.cpp:763:21:[m[K [01;31m[Kerror: [m[Kinvalid use of â€˜[01m[Kthis[m[Kâ€™ in non-member function
[2.245s] [01m[K/home/david/yolocpp_ws/src/seg_sub/src/seg_sub.cpp:763:9:[m[K [01;31m[Kerror: [m[Ktemplate argument 1 is invalid
[2.245s]   763 |         [01;31m[KRCLCPP_INFO[m[K(this->get_logger(),
[2.245s]       |         [01;31m[K^~~~~~~~~~~[m[K
[2.245s] [01m[K/home/david/yolocpp_ws/src/seg_sub/src/seg_sub.cpp:763:9:[m[K [01;31m[Kerror: [m[Ktemplate argument 1 is invalid
[2.245s]   763 |         [01;31m[KRCLCPP_INFO[m[K(this->get_logger(),
[2.245s]       |         [01;31m[K^~~~~~~~~~~[m[K
[2.245s] [01m[K/home/david/yolocpp_ws/src/seg_sub/src/seg_sub.cpp:763:9:[m[K [01;31m[Kerror: [m[Ktemplate argument 1 is invalid
[2.245s]   763 |         [01;31m[KRCLCPP_INFO[m[K(this->get_logger(),
[2.245s]       |         [01;31m[K^~~~~~~~~~~[m[K
[2.245s] In file included from [01m[K/opt/ros/humble/include/rclcpp/rclcpp/logging.hpp:24[m[K,
[2.245s]                  from [01m[K/opt/ros/humble/include/rclcpp/rclcpp/client.hpp:40[m[K,
[2.245s]                  from [01m[K/opt/ros/humble/include/rclcpp/rclcpp/callback_group.hpp:24[m[K,
[2.245s]                  from [01m[K/opt/ros/humble/include/rclcpp/rclcpp/any_executable.hpp:20[m[K,
[2.245s]                  from [01m[K/opt/ros/humble/include/rclcpp/rclcpp/memory_strategy.hpp:25[m[K,
[2.246s]                  from [01m[K/opt/ros/humble/include/rclcpp/rclcpp/memory_strategies.hpp:18[m[K,
[2.246s]                  from [01m[K/opt/ros/humble/include/rclcpp/rclcpp/executor_options.hpp:20[m[K,
[2.246s]                  from [01m[K/opt/ros/humble/include/rclcpp/rclcpp/executor.hpp:37[m[K,
[2.246s]                  from [01m[K/opt/ros/humble/include/rclcpp/rclcpp/executors/multi_threaded_executor.hpp:25[m[K,
[2.246s]                  from [01m[K/opt/ros/humble/include/rclcpp/rclcpp/executors.hpp:21[m[K,
[2.246s]                  from [01m[K/opt/ros/humble/include/rclcpp/rclcpp/rclcpp.hpp:155[m[K,
[2.246s]                  from [01m[K/home/david/yolocpp_ws/src/seg_sub/src/seg_sub.cpp:1[m[K:
[2.246s] [01m[K/home/david/yolocpp_ws/src/seg_sub/src/seg_sub.cpp:763:21:[m[K [01;31m[Kerror: [m[Kinvalid use of â€˜[01m[Kthis[m[Kâ€™ in non-member function
[2.246s]   763 |         RCLCPP_INFO([01;31m[Kthis[m[K->get_logger(),
[2.246s]       |                     [01;31m[K^~~~[m[K
[2.246s] [01m[K/home/david/yolocpp_ws/src/seg_sub/src/seg_sub.cpp:763:21:[m[K [01;31m[Kerror: [m[Kinvalid use of â€˜[01m[Kthis[m[Kâ€™ in non-member function
[2.246s]   763 |         RCLCPP_INFO([01;31m[Kthis[m[K->get_logger(),
[2.246s]       |                     [01;31m[K^~~~[m[K
[2.246s] In file included from [01m[K/opt/ros/humble/include/rclcpp/rclcpp/client.hpp:40[m[K,
[2.246s]                  from [01m[K/opt/ros/humble/include/rclcpp/rclcpp/callback_group.hpp:24[m[K,
[2.246s]                  from [01m[K/opt/ros/humble/include/rclcpp/rclcpp/any_executable.hpp:20[m[K,
[2.246s]                  from [01m[K/opt/ros/humble/include/rclcpp/rclcpp/memory_strategy.hpp:25[m[K,
[2.246s]                  from [01m[K/opt/ros/humble/include/rclcpp/rclcpp/memory_strategies.hpp:18[m[K,
[2.246s]                  from [01m[K/opt/ros/humble/include/rclcpp/rclcpp/executor_options.hpp:20[m[K,
[2.246s]                  from [01m[K/opt/ros/humble/include/rclcpp/rclcpp/executor.hpp:37[m[K,
[2.246s]                  from [01m[K/opt/ros/humble/include/rclcpp/rclcpp/executors/multi_threaded_executor.hpp:25[m[K,
[2.246s]                  from [01m[K/opt/ros/humble/include/rclcpp/rclcpp/executors.hpp:21[m[K,
[2.246s]                  from [01m[K/opt/ros/humble/include/rclcpp/rclcpp/rclcpp.hpp:155[m[K,
[2.246s]                  from [01m[K/home/david/yolocpp_ws/src/seg_sub/src/seg_sub.cpp:1[m[K:
[2.246s] [01m[K/home/david/yolocpp_ws/src/seg_sub/src/seg_sub.cpp:766:21:[m[K [01;31m[Kerror: [m[Kinvalid use of â€˜[01m[Kthis[m[Kâ€™ in non-member function
[2.246s]   766 |         RCLCPP_INFO([01;31m[Kthis[m[K->get_logger(),
[2.246s]       |                     [01;31m[K^~~~[m[K
[2.246s] [01m[K/home/david/yolocpp_ws/src/seg_sub/src/seg_sub.cpp:766:21:[m[K [01;31m[Kerror: [m[Kinvalid use of â€˜[01m[Kthis[m[Kâ€™ in non-member function
[2.246s] [01m[K/home/david/yolocpp_ws/src/seg_sub/src/seg_sub.cpp:766:9:[m[K [01;31m[Kerror: [m[Ktemplate argument 1 is invalid
[2.246s]   766 |         [01;31m[KRCLCPP_INFO[m[K(this->get_logger(),
[2.246s]       |         [01;31m[K^~~~~~~~~~~[m[K
[2.246s] [01m[K/home/david/yolocpp_ws/src/seg_sub/src/seg_sub.cpp:766:9:[m[K [01;31m[Kerror: [m[Ktemplate argument 1 is invalid
[2.246s]   766 |         [01;31m[KRCLCPP_INFO[m[K(this->get_logger(),
[2.246s]       |         [01;31m[K^~~~~~~~~~~[m[K
[2.246s] [01m[K/home/david/yolocpp_ws/src/seg_sub/src/seg_sub.cpp:766:9:[m[K [01;31m[Kerror: [m[Ktemplate argument 1 is invalid
[2.246s]   766 |         [01;31m[KRCLCPP_INFO[m[K(this->get_logger(),
[2.246s]       |         [01;31m[K^~~~~~~~~~~[m[K
[2.246s] In file included from [01m[K/opt/ros/humble/include/rclcpp/rclcpp/logging.hpp:24[m[K,
[2.246s]                  from [01m[K/opt/ros/humble/include/rclcpp/rclcpp/client.hpp:40[m[K,
[2.246s]                  from [01m[K/opt/ros/humble/include/rclcpp/rclcpp/callback_group.hpp:24[m[K,
[2.246s]                  from [01m[K/opt/ros/humble/include/rclcpp/rclcpp/any_executable.hpp:20[m[K,
[2.246s]                  from [01m[K/opt/ros/humble/include/rclcpp/rclcpp/memory_strategy.hpp:25[m[K,
[2.246s]                  from [01m[K/opt/ros/humble/include/rclcpp/rclcpp/memory_strategies.hpp:18[m[K,
[2.246s]                  from [01m[K/opt/ros/humble/include/rclcpp/rclcpp/executor_options.hpp:20[m[K,
[2.246s]                  from [01m[K/opt/ros/humble/include/rclcpp/rclcpp/executor.hpp:37[m[K,
[2.246s]                  from [01m[K/opt/ros/humble/include/rclcpp/rclcpp/executors/multi_threaded_executor.hpp:25[m[K,
[2.246s]                  from [01m[K/opt/ros/humble/include/rclcpp/rclcpp/executors.hpp:21[m[K,
[2.246s]                  from [01m[K/opt/ros/humble/include/rclcpp/rclcpp/rclcpp.hpp:155[m[K,
[2.246s]                  from [01m[K/home/david/yolocpp_ws/src/seg_sub/src/seg_sub.cpp:1[m[K:
[2.246s] [01m[K/home/david/yolocpp_ws/src/seg_sub/src/seg_sub.cpp:766:21:[m[K [01;31m[Kerror: [m[Kinvalid use of â€˜[01m[Kthis[m[Kâ€™ in non-member function
[2.246s]   766 |         RCLCPP_INFO([01;31m[Kthis[m[K->get_logger(),
[2.246s]       |                     [01;31m[K^~~~[m[K
[2.246s] [01m[K/home/david/yolocpp_ws/src/seg_sub/src/seg_sub.cpp:766:21:[m[K [01;31m[Kerror: [m[Kinvalid use of â€˜[01m[Kthis[m[Kâ€™ in non-member function
[2.246s]   766 |         RCLCPP_INFO([01;31m[Kthis[m[K->get_logger(),
[2.246s]       |                     [01;31m[K^~~~[m[K
[2.248s] [01m[K/home/david/yolocpp_ws/src/seg_sub/src/seg_sub.cpp:769:48:[m[K [01;31m[Kerror: [m[Kâ€˜[01m[Kmetrics_mutex_[m[Kâ€™ was not declared in this scope
[2.248s]   769 |   std::lock_guard<std::mutex> stats_lock([01;31m[Kmetrics_mutex_[m[K);
[2.248s]       |                                          [01;31m[K^~~~~~~~~~~~~~[m[K
[2.248s] 
[2.251s] [01m[K/home/david/yolocpp_ws/src/seg_sub/src/seg_sub.cpp:770:37:[m[K [01;31m[Kerror: [m[Kâ€˜[01m[Kall_metrics_[m[Kâ€™ was not declared in this scope
[2.251s]   770 |         for (const auto &cam_pair : [01;31m[Kall_metrics_[m[K)
[2.251s]       |                                     [01;31m[K^~~~~~~~~~~~[m[K
[2.251s] In file included from [01m[K/opt/ros/humble/include/rclcpp/rclcpp/client.hpp:40[m[K,
[2.251s]                  from [01m[K/opt/ros/humble/include/rclcpp/rclcpp/callback_group.hpp:24[m[K,
[2.251s]                  from [01m[K/opt/ros/humble/include/rclcpp/rclcpp/any_executable.hpp:20[m[K,
[2.251s]                  from [01m[K/opt/ros/humble/include/rclcpp/rclcpp/memory_strategy.hpp:25[m[K,
[2.251s]                  from [01m[K/opt/ros/humble/include/rclcpp/rclcpp/memory_strategies.hpp:18[m[K,
[2.251s]                  from [01m[K/opt/ros/humble/include/rclcpp/rclcpp/executor_options.hpp:20[m[K,
[2.251s]                  from [01m[K/opt/ros/humble/include/rclcpp/rclcpp/executor.hpp:37[m[K,
[2.251s]                  from [01m[K/opt/ros/humble/include/rclcpp/rclcpp/executors/multi_threaded_executor.hpp:25[m[K,
[2.251s]                  from [01m[K/opt/ros/humble/include/rclcpp/rclcpp/executors.hpp:21[m[K,
[2.251s]                  from [01m[K/opt/ros/humble/include/rclcpp/rclcpp/rclcpp.hpp:155[m[K,
[2.251s]                  from [01m[K/home/david/yolocpp_ws/src/seg_sub/src/seg_sub.cpp:1[m[K:
[2.251s] [01m[K/home/david/yolocpp_ws/src/seg_sub/src/seg_sub.cpp:773:25:[m[K [01;31m[Kerror: [m[Kinvalid use of â€˜[01m[Kthis[m[Kâ€™ in non-member function
[2.251s]   773 |             RCLCPP_INFO([01;31m[Kthis[m[K->get_logger(), "Stats for ID: [%s] (Cumulative)", id_key.c_str());
[2.251s]       |                         [01;31m[K^~~~[m[K
[2.251s] [01m[K/home/david/yolocpp_ws/src/seg_sub/src/seg_sub.cpp:773:25:[m[K [01;31m[Kerror: [m[Kinvalid use of â€˜[01m[Kthis[m[Kâ€™ in non-member function
[2.251s] [01m[K/home/david/yolocpp_ws/src/seg_sub/src/seg_sub.cpp:773:13:[m[K [01;31m[Kerror: [m[Ktemplate argument 1 is invalid
[2.251s]   773 |             [01;31m[KRCLCPP_INFO[m[K(this->get_logger(), "Stats for ID: [%s] (Cumulative)", id_key.c_str());
[2.251s]       |             [01;31m[K^~~~~~~~~~~[m[K
[2.251s] [01m[K/home/david/yolocpp_ws/src/seg_sub/src/seg_sub.cpp:773:13:[m[K [01;31m[Kerror: [m[Ktemplate argument 1 is invalid
[2.252s]   773 |             [01;31m[KRCLCPP_INFO[m[K(this->get_logger(), "Stats for ID: [%s] (Cumulative)", id_key.c_str());
[2.252s]       |             [01;31m[K^~~~~~~~~~~[m[K
[2.252s] [01m[K/home/david/yolocpp_ws/src/seg_sub/src/seg_sub.cpp:773:13:[m[K [01;31m[Kerror: [m[Ktemplate argument 1 is invalid
[2.252s]   773 |             [01;31m[KRCLCPP_INFO[m[K(this->get_logger(), "Stats for ID: [%s] (Cumulative)", id_key.c_str());
[2.252s]       |             [01;31m[K^~~~~~~~~~~[m[K
[2.252s] In file included from [01m[K/opt/ros/humble/include/rclcpp/rclcpp/logging.hpp:24[m[K,
[2.252s]                  from [01m[K/opt/ros/humble/include/rclcpp/rclcpp/client.hpp:40[m[K,
[2.252s]                  from [01m[K/opt/ros/humble/include/rclcpp/rclcpp/callback_group.hpp:24[m[K,
[2.252s]                  from [01m[K/opt/ros/humble/include/rclcpp/rclcpp/any_executable.hpp:20[m[K,
[2.252s]                  from [01m[K/opt/ros/humble/include/rclcpp/rclcpp/memory_strategy.hpp:25[m[K,
[2.252s]                  from [01m[K/opt/ros/humble/include/rclcpp/rclcpp/memory_strategies.hpp:18[m[K,
[2.252s]                  from [01m[K/opt/ros/humble/include/rclcpp/rclcpp/executor_options.hpp:20[m[K,
[2.252s]                  from [01m[K/opt/ros/humble/include/rclcpp/rclcpp/executor.hpp:37[m[K,
[2.252s]                  from [01m[K/opt/ros/humble/include/rclcpp/rclcpp/executors/multi_threaded_executor.hpp:25[m[K,
[2.252s]                  from [01m[K/opt/ros/humble/include/rclcpp/rclcpp/executors.hpp:21[m[K,
[2.252s]                  from [01m[K/opt/ros/humble/include/rclcpp/rclcpp/rclcpp.hpp:155[m[K,
[2.252s]                  from [01m[K/home/david/yolocpp_ws/src/seg_sub/src/seg_sub.cpp:1[m[K:
[2.252s] [01m[K/home/david/yolocpp_ws/src/seg_sub/src/seg_sub.cpp:773:25:[m[K [01;31m[Kerror: [m[Kinvalid use of â€˜[01m[Kthis[m[Kâ€™ in non-member function
[2.252s]   773 |             RCLCPP_INFO([01;31m[Kthis[m[K->get_logger(), "Stats for ID: [%s] (Cumulative)", id_key.c_str());
[2.252s]       |                         [01;31m[K^~~~[m[K
[2.252s] [01m[K/home/david/yolocpp_ws/src/seg_sub/src/seg_sub.cpp:773:25:[m[K [01;31m[Kerror: [m[Kinvalid use of â€˜[01m[Kthis[m[Kâ€™ in non-member function
[2.252s]   773 |             RCLCPP_INFO([01;31m[Kthis[m[K->get_logger(), "Stats for ID: [%s] (Cumulative)", id_key.c_str());
[2.252s]       |                         [01;31m[K^~~~[m[K
[2.252s] In file included from [01m[K/opt/ros/humble/include/rclcpp/rclcpp/client.hpp:40[m[K,
[2.252s]                  from [01m[K/opt/ros/humble/include/rclcpp/rclcpp/callback_group.hpp:24[m[K,
[2.252s]                  from [01m[K/opt/ros/humble/include/rclcpp/rclcpp/any_executable.hpp:20[m[K,
[2.253s]                  from [01m[K/opt/ros/humble/include/rclcpp/rclcpp/memory_strategy.hpp:25[m[K,
[2.253s]                  from [01m[K/opt/ros/humble/include/rclcpp/rclcpp/memory_strategies.hpp:18[m[K,
[2.253s]                  from [01m[K/opt/ros/humble/include/rclcpp/rclcpp/executor_options.hpp:20[m[K,
[2.253s]                  from [01m[K/opt/ros/humble/include/rclcpp/rclcpp/executor.hpp:37[m[K,
[2.253s]                  from [01m[K/opt/ros/humble/include/rclcpp/rclcpp/executors/multi_threaded_executor.hpp:25[m[K,
[2.253s]                  from [01m[K/opt/ros/humble/include/rclcpp/rclcpp/executors.hpp:21[m[K,
[2.253s]                  from [01m[K/opt/ros/humble/include/rclcpp/rclcpp/rclcpp.hpp:155[m[K,
[2.253s]                  from [01m[K/home/david/yolocpp_ws/src/seg_sub/src/seg_sub.cpp:1[m[K:
[2.253s] [01m[K/home/david/yolocpp_ws/src/seg_sub/src/seg_sub.cpp:796:37:[m[K [01;31m[Kerror: [m[Kinvalid use of â€˜[01m[Kthis[m[Kâ€™ in non-member function
[2.253s]   796 |                         RCLCPP_INFO([01;31m[Kthis[m[K->get_logger(),
[2.253s]       |                                     [01;31m[K^~~~[m[K
[2.253s] [01m[K/home/david/yolocpp_ws/src/seg_sub/src/seg_sub.cpp:796:37:[m[K [01;31m[Kerror: [m[Kinvalid use of â€˜[01m[Kthis[m[Kâ€™ in non-member function
[2.253s] [01m[K/home/david/yolocpp_ws/src/seg_sub/src/seg_sub.cpp:796:25:[m[K [01;31m[Kerror: [m[Ktemplate argument 1 is invalid
[2.253s]   796 |                         [01;31m[KRCLCPP_INFO[m[K(this->get_logger(),
[2.253s]       |                         [01;31m[K^~~~~~~~~~~[m[K
[2.253s] [01m[K/home/david/yolocpp_ws/src/seg_sub/src/seg_sub.cpp:796:25:[m[K [01;31m[Kerror: [m[Ktemplate argument 1 is invalid
[2.253s]   796 |                         [01;31m[KRCLCPP_INFO[m[K(this->get_logger(),
[2.253s]       |                         [01;31m[K^~~~~~~~~~~[m[K
[2.253s] [01m[K/home/david/yolocpp_ws/src/seg_sub/src/seg_sub.cpp:796:25:[m[K [01;31m[Kerror: [m[Ktemplate argument 1 is invalid
[2.253s]   796 |                         [01;31m[KRCLCPP_INFO[m[K(this->get_logger(),
[2.253s]       |                         [01;31m[K^~~~~~~~~~~[m[K
[2.253s] In file included from [01m[K/opt/ros/humble/include/rclcpp/rclcpp/logging.hpp:24[m[K,
[2.253s]                  from [01m[K/opt/ros/humble/include/rclcpp/rclcpp/client.hpp:40[m[K,
[2.253s]                  from [01m[K/opt/ros/humble/include/rclcpp/rclcpp/callback_group.hpp:24[m[K,
[2.253s]                  from [01m[K/opt/ros/humble/include/rclcpp/rclcpp/any_executable.hpp:20[m[K,
[2.253s]                  from [01m[K/opt/ros/humble/include/rclcpp/rclcpp/memory_strategy.hpp:25[m[K,
[2.253s]                  from [01m[K/opt/ros/humble/include/rclcpp/rclcpp/memory_strategies.hpp:18[m[K,
[2.253s]                  from [01m[K/opt/ros/humble/include/rclcpp/rclcpp/executor_options.hpp:20[m[K,
[2.253s]                  from [01m[K/opt/ros/humble/include/rclcpp/rclcpp/executor.hpp:37[m[K,
[2.253s]                  from [01m[K/opt/ros/humble/include/rclcpp/rclcpp/executors/multi_threaded_executor.hpp:25[m[K,
[2.253s]                  from [01m[K/opt/ros/humble/include/rclcpp/rclcpp/executors.hpp:21[m[K,
[2.253s]                  from [01m[K/opt/ros/humble/include/rclcpp/rclcpp/rclcpp.hpp:155[m[K,
[2.253s]                  from [01m[K/home/david/yolocpp_ws/src/seg_sub/src/seg_sub.cpp:1[m[K:
[2.253s] [01m[K/home/david/yolocpp_ws/src/seg_sub/src/seg_sub.cpp:796:37:[m[K [01;31m[Kerror: [m[Kinvalid use of â€˜[01m[Kthis[m[Kâ€™ in non-member function
[2.253s]   796 |                         RCLCPP_INFO([01;31m[Kthis[m[K->get_logger(),
[2.253s]       |                                     [01;31m[K^~~~[m[K
[2.253s] [01m[K/home/david/yolocpp_ws/src/seg_sub/src/seg_sub.cpp:796:37:[m[K [01;31m[Kerror: [m[Kinvalid use of â€˜[01m[Kthis[m[Kâ€™ in non-member function
[2.253s]   796 |                         RCLCPP_INFO([01;31m[Kthis[m[K->get_logger(),
[2.253s]       |                                     [01;31m[K^~~~[m[K
[2.253s] In file included from [01m[K/opt/ros/humble/include/rclcpp/rclcpp/client.hpp:40[m[K,
[2.253s]                  from [01m[K/opt/ros/humble/include/rclcpp/rclcpp/callback_group.hpp:24[m[K,
[2.253s]                  from [01m[K/opt/ros/humble/include/rclcpp/rclcpp/any_executable.hpp:20[m[K,
[2.253s]                  from [01m[K/opt/ros/humble/include/rclcpp/rclcpp/memory_strategy.hpp:25[m[K,
[2.253s]                  from [01m[K/opt/ros/humble/include/rclcpp/rclcpp/memory_strategies.hpp:18[m[K,
[2.253s]                  from [01m[K/opt/ros/humble/include/rclcpp/rclcpp/executor_options.hpp:20[m[K,
[2.253s]                  from [01m[K/opt/ros/humble/include/rclcpp/rclcpp/executor.hpp:37[m[K,
[2.253s]                  from [01m[K/opt/ros/humble/include/rclcpp/rclcpp/executors/multi_threaded_executor.hpp:25[m[K,
[2.253s]                  from [01m[K/opt/ros/humble/include/rclcpp/rclcpp/executors.hpp:21[m[K,
[2.253s]                  from [01m[K/opt/ros/humble/include/rclcpp/rclcpp/rclcpp.hpp:155[m[K,
[2.253s]                  from [01m[K/home/david/yolocpp_ws/src/seg_sub/src/seg_sub.cpp:1[m[K:
[2.253s] [01m[K/home/david/yolocpp_ws/src/seg_sub/src/seg_sub.cpp:801:37:[m[K [01;31m[Kerror: [m[Kinvalid use of â€˜[01m[Kthis[m[Kâ€™ in non-member function
[2.253s]   801 |                         RCLCPP_INFO([01;31m[Kthis[m[K->get_logger(), "  %-35s: No data yet.", metric_name.c_str());
[2.253s]       |                                     [01;31m[K^~~~[m[K
[2.253s] [01m[K/home/david/yolocpp_ws/src/seg_sub/src/seg_sub.cpp:801:37:[m[K [01;31m[Kerror: [m[Kinvalid use of â€˜[01m[Kthis[m[Kâ€™ in non-member function
[2.254s] [01m[K/home/david/yolocpp_ws/src/seg_sub/src/seg_sub.cpp:801:25:[m[K [01;31m[Kerror: [m[Ktemplate argument 1 is invalid
[2.254s]   801 |                         [01;31m[KRCLCPP_INFO[m[K(this->get_logger(), "  %-35s: No data yet.", metric_name.c_str());
[2.254s]       |                         [01;31m[K^~~~~~~~~~~[m[K
[2.254s] [01m[K/home/david/yolocpp_ws/src/seg_sub/src/seg_sub.cpp:801:25:[m[K [01;31m[Kerror: [m[Ktemplate argument 1 is invalid
[2.254s]   801 |                         [01;31m[KRCLCPP_INFO[m[K(this->get_logger(), "  %-35s: No data yet.", metric_name.c_str());
[2.254s]       |                         [01;31m[K^~~~~~~~~~~[m[K
[2.254s] [01m[K/home/david/yolocpp_ws/src/seg_sub/src/seg_sub.cpp:801:25:[m[K [01;31m[Kerror: [m[Ktemplate argument 1 is invalid
[2.254s]   801 |                         [01;31m[KRCLCPP_INFO[m[K(this->get_logger(), "  %-35s: No data yet.", metric_name.c_str());
[2.254s]       |                         [01;31m[K^~~~~~~~~~~[m[K
[2.254s] In file included from [01m[K/opt/ros/humble/include/rclcpp/rclcpp/logging.hpp:24[m[K,
[2.254s]                  from [01m[K/opt/ros/humble/include/rclcpp/rclcpp/client.hpp:40[m[K,
[2.254s]                  from [01m[K/opt/ros/humble/include/rclcpp/rclcpp/callback_group.hpp:24[m[K,
[2.254s]                  from [01m[K/opt/ros/humble/include/rclcpp/rclcpp/any_executable.hpp:20[m[K,
[2.254s]                  from [01m[K/opt/ros/humble/include/rclcpp/rclcpp/memory_strategy.hpp:25[m[K,
[2.254s]                  from [01m[K/opt/ros/humble/include/rclcpp/rclcpp/memory_strategies.hpp:18[m[K,
[2.254s]                  from [01m[K/opt/ros/humble/include/rclcpp/rclcpp/executor_options.hpp:20[m[K,
[2.254s]                  from [01m[K/opt/ros/humble/include/rclcpp/rclcpp/executor.hpp:37[m[K,
[2.254s]                  from [01m[K/opt/ros/humble/include/rclcpp/rclcpp/executors/multi_threaded_executor.hpp:25[m[K,
[2.254s]                  from [01m[K/opt/ros/humble/include/rclcpp/rclcpp/executors.hpp:21[m[K,
[2.254s]                  from [01m[K/opt/ros/humble/include/rclcpp/rclcpp/rclcpp.hpp:155[m[K,
[2.254s]                  from [01m[K/home/david/yolocpp_ws/src/seg_sub/src/seg_sub.cpp:1[m[K:
[2.254s] [01m[K/home/david/yolocpp_ws/src/seg_sub/src/seg_sub.cpp:801:37:[m[K [01;31m[Kerror: [m[Kinvalid use of â€˜[01m[Kthis[m[Kâ€™ in non-member function
[2.254s]   801 |                         RCLCPP_INFO([01;31m[Kthis[m[K->get_logger(), "  %-35s: No data yet.", metric_name.c_str());
[2.254s]       |                                     [01;31m[K^~~~[m[K
[2.254s] [01m[K/home/david/yolocpp_ws/src/seg_sub/src/seg_sub.cpp:801:37:[m[K [01;31m[Kerror: [m[Kinvalid use of â€˜[01m[Kthis[m[Kâ€™ in non-member function
[2.254s]   801 |                         RCLCPP_INFO([01;31m[Kthis[m[K->get_logger(), "  %-35s: No data yet.", metric_name.c_str());
[2.254s]       |                                     [01;31m[K^~~~[m[K
[2.254s] In file included from [01m[K/opt/ros/humble/include/rclcpp/rclcpp/client.hpp:40[m[K,
[2.254s]                  from [01m[K/opt/ros/humble/include/rclcpp/rclcpp/callback_group.hpp:24[m[K,
[2.254s]                  from [01m[K/opt/ros/humble/include/rclcpp/rclcpp/any_executable.hpp:20[m[K,
[2.254s]                  from [01m[K/opt/ros/humble/include/rclcpp/rclcpp/memory_strategy.hpp:25[m[K,
[2.254s]                  from [01m[K/opt/ros/humble/include/rclcpp/rclcpp/memory_strategies.hpp:18[m[K,
[2.254s]                  from [01m[K/opt/ros/humble/include/rclcpp/rclcpp/executor_options.hpp:20[m[K,
[2.254s]                  from [01m[K/opt/ros/humble/include/rclcpp/rclcpp/executor.hpp:37[m[K,
[2.254s]                  from [01m[K/opt/ros/humble/include/rclcpp/rclcpp/executors/multi_threaded_executor.hpp:25[m[K,
[2.254s]                  from [01m[K/opt/ros/humble/include/rclcpp/rclcpp/executors.hpp:21[m[K,
[2.254s]                  from [01m[K/opt/ros/humble/include/rclcpp/rclcpp/rclcpp.hpp:155[m[K,
[2.254s]                  from [01m[K/home/david/yolocpp_ws/src/seg_sub/src/seg_sub.cpp:1[m[K:
[2.254s] [01m[K/home/david/yolocpp_ws/src/seg_sub/src/seg_sub.cpp:805:25:[m[K [01;31m[Kerror: [m[Kinvalid use of â€˜[01m[Kthis[m[Kâ€™ in non-member function
[2.254s]   805 |             RCLCPP_INFO([01;31m[Kthis[m[K->get_logger(),
[2.254s]       |                         [01;31m[K^~~~[m[K
[2.254s] [01m[K/home/david/yolocpp_ws/src/seg_sub/src/seg_sub.cpp:805:25:[m[K [01;31m[Kerror: [m[Kinvalid use of â€˜[01m[Kthis[m[Kâ€™ in non-member function
[2.254s] [01m[K/home/david/yolocpp_ws/src/seg_sub/src/seg_sub.cpp:805:13:[m[K [01;31m[Kerror: [m[Ktemplate argument 1 is invalid
[2.254s]   805 |             [01;31m[KRCLCPP_INFO[m[K(this->get_logger(),
[2.254s]       |             [01;31m[K^~~~~~~~~~~[m[K
[2.254s] [01m[K/home/david/yolocpp_ws/src/seg_sub/src/seg_sub.cpp:805:13:[m[K [01;31m[Kerror: [m[Ktemplate argument 1 is invalid
[2.254s]   805 |             [01;31m[KRCLCPP_INFO[m[K(this->get_logger(),
[2.254s]       |             [01;31m[K^~~~~~~~~~~[m[K
[2.254s] [01m[K/home/david/yolocpp_ws/src/seg_sub/src/seg_sub.cpp:805:13:[m[K [01;31m[Kerror: [m[Ktemplate argument 1 is invalid
[2.254s]   805 |             [01;31m[KRCLCPP_INFO[m[K(this->get_logger(),
[2.254s]       |             [01;31m[K^~~~~~~~~~~[m[K
[2.254s] In file included from [01m[K/opt/ros/humble/include/rclcpp/rclcpp/logging.hpp:24[m[K,
[2.254s]                  from [01m[K/opt/ros/humble/include/rclcpp/rclcpp/client.hpp:40[m[K,
[2.254s]                  from [01m[K/opt/ros/humble/include/rclcpp/rclcpp/callback_group.hpp:24[m[K,
[2.254s]                  from [01m[K/opt/ros/humble/include/rclcpp/rclcpp/any_executable.hpp:20[m[K,
[2.254s]                  from [01m[K/opt/ros/humble/include/rclcpp/rclcpp/memory_strategy.hpp:25[m[K,
[2.255s]                  from [01m[K/opt/ros/humble/include/rclcpp/rclcpp/memory_strategies.hpp:18[m[K,
[2.255s]                  from [01m[K/opt/ros/humble/include/rclcpp/rclcpp/executor_options.hpp:20[m[K,
[2.255s]                  from [01m[K/opt/ros/humble/include/rclcpp/rclcpp/executor.hpp:37[m[K,
[2.255s]                  from [01m[K/opt/ros/humble/include/rclcpp/rclcpp/executors/multi_threaded_executor.hpp:25[m[K,
[2.255s]                  from [01m[K/opt/ros/humble/include/rclcpp/rclcpp/executors.hpp:21[m[K,
[2.255s]                  from [01m[K/opt/ros/humble/include/rclcpp/rclcpp/rclcpp.hpp:155[m[K,
[2.255s]                  from [01m[K/home/david/yolocpp_ws/src/seg_sub/src/seg_sub.cpp:1[m[K:
[2.255s] [01m[K/home/david/yolocpp_ws/src/seg_sub/src/seg_sub.cpp:805:25:[m[K [01;31m[Kerror: [m[Kinvalid use of â€˜[01m[Kthis[m[Kâ€™ in non-member function
[2.255s]   805 |             RCLCPP_INFO([01;31m[Kthis[m[K->get_logger(),
[2.255s]       |                         [01;31m[K^~~~[m[K
[2.255s] [01m[K/home/david/yolocpp_ws/src/seg_sub/src/seg_sub.cpp:805:25:[m[K [01;31m[Kerror: [m[Kinvalid use of â€˜[01m[Kthis[m[Kâ€™ in non-member function
[2.255s]   805 |             RCLCPP_INFO([01;31m[Kthis[m[K->get_logger(),
[2.255s]       |                         [01;31m[K^~~~[m[K
[2.255s] In file included from [01m[K/opt/ros/humble/include/rclcpp/rclcpp/client.hpp:40[m[K,
[2.255s]                  from [01m[K/opt/ros/humble/include/rclcpp/rclcpp/callback_group.hpp:24[m[K,
[2.255s]                  from [01m[K/opt/ros/humble/include/rclcpp/rclcpp/any_executable.hpp:20[m[K,
[2.255s]                  from [01m[K/opt/ros/humble/include/rclcpp/rclcpp/memory_strategy.hpp:25[m[K,
[2.255s]                  from [01m[K/opt/ros/humble/include/rclcpp/rclcpp/memory_strategies.hpp:18[m[K,
[2.255s]                  from [01m[K/opt/ros/humble/include/rclcpp/rclcpp/executor_options.hpp:20[m[K,
[2.255s]                  from [01m[K/opt/ros/humble/include/rclcpp/rclcpp/executor.hpp:37[m[K,
[2.255s]                  from [01m[K/opt/ros/humble/include/rclcpp/rclcpp/executors/multi_threaded_executor.hpp:25[m[K,
[2.255s]                  from [01m[K/opt/ros/humble/include/rclcpp/rclcpp/executors.hpp:21[m[K,
[2.255s]                  from [01m[K/opt/ros/humble/include/rclcpp/rclcpp/rclcpp.hpp:155[m[K,
[2.255s]                  from [01m[K/home/david/yolocpp_ws/src/seg_sub/src/seg_sub.cpp:1[m[K:
[2.255s] [01m[K/home/david/yolocpp_ws/src/seg_sub/src/seg_sub.cpp:808:21:[m[K [01;31m[Kerror: [m[Kinvalid use of â€˜[01m[Kthis[m[Kâ€™ in non-member function
[2.255s]   808 |         RCLCPP_INFO([01;31m[Kthis[m[K->get_logger(),
[2.255s]       |                     [01;31m[K^~~~[m[K
[2.255s] [01m[K/home/david/yolocpp_ws/src/seg_sub/src/seg_sub.cpp:808:21:[m[K [01;31m[Kerror: [m[Kinvalid use of â€˜[01m[Kthis[m[Kâ€™ in non-member function
[2.255s] [01m[K/home/david/yolocpp_ws/src/seg_sub/src/seg_sub.cpp:808:9:[m[K [01;31m[Kerror: [m[Ktemplate argument 1 is invalid
[2.255s]   808 |         [01;31m[KRCLCPP_INFO[m[K(this->get_logger(),
[2.255s]       |         [01;31m[K^~~~~~~~~~~[m[K
[2.255s] [01m[K/home/david/yolocpp_ws/src/seg_sub/src/seg_sub.cpp:808:9:[m[K [01;31m[Kerror: [m[Ktemplate argument 1 is invalid
[2.255s]   808 |         [01;31m[KRCLCPP_INFO[m[K(this->get_logger(),
[2.255s]       |         [01;31m[K^~~~~~~~~~~[m[K
[2.255s] [01m[K/home/david/yolocpp_ws/src/seg_sub/src/seg_sub.cpp:808:9:[m[K [01;31m[Kerror: [m[Ktemplate argument 1 is invalid
[2.255s]   808 |         [01;31m[KRCLCPP_INFO[m[K(this->get_logger(),
[2.255s]       |         [01;31m[K^~~~~~~~~~~[m[K
[2.255s] In file included from [01m[K/opt/ros/humble/include/rclcpp/rclcpp/logging.hpp:24[m[K,
[2.255s]                  from [01m[K/opt/ros/humble/include/rclcpp/rclcpp/client.hpp:40[m[K,
[2.255s]                  from [01m[K/opt/ros/humble/include/rclcpp/rclcpp/callback_group.hpp:24[m[K,
[2.255s]                  from [01m[K/opt/ros/humble/include/rclcpp/rclcpp/any_executable.hpp:20[m[K,
[2.255s]                  from [01m[K/opt/ros/humble/include/rclcpp/rclcpp/memory_strategy.hpp:25[m[K,
[2.255s]                  from [01m[K/opt/ros/humble/include/rclcpp/rclcpp/memory_strategies.hpp:18[m[K,
[2.255s]                  from [01m[K/opt/ros/humble/include/rclcpp/rclcpp/executor_options.hpp:20[m[K,
[2.255s]                  from [01m[K/opt/ros/humble/include/rclcpp/rclcpp/executor.hpp:37[m[K,
[2.255s]                  from [01m[K/opt/ros/humble/include/rclcpp/rclcpp/executors/multi_threaded_executor.hpp:25[m[K,
[2.255s]                  from [01m[K/opt/ros/humble/include/rclcpp/rclcpp/executors.hpp:21[m[K,
[2.255s]                  from [01m[K/opt/ros/humble/include/rclcpp/rclcpp/rclcpp.hpp:155[m[K,
[2.255s]                  from [01m[K/home/david/yolocpp_ws/src/seg_sub/src/seg_sub.cpp:1[m[K:
[2.255s] [01m[K/home/david/yolocpp_ws/src/seg_sub/src/seg_sub.cpp:808:21:[m[K [01;31m[Kerror: [m[Kinvalid use of â€˜[01m[Kthis[m[Kâ€™ in non-member function
[2.255s]   808 |         RCLCPP_INFO([01;31m[Kthis[m[K->get_logger(),
[2.255s]       |                     [01;31m[K^~~~[m[K
[2.255s] [01m[K/home/david/yolocpp_ws/src/seg_sub/src/seg_sub.cpp:808:21:[m[K [01;31m[Kerror: [m[Kinvalid use of â€˜[01m[Kthis[m[Kâ€™ in non-member function
[2.255s]   808 |         RCLCPP_INFO([01;31m[Kthis[m[K->get_logger(),
[2.255s]       |                     [01;31m[K^~~~[m[K
[2.284s] [01m[K/home/david/yolocpp_ws/src/seg_sub/src/seg_sub.cpp:[m[K At global scope:
[2.285s] [01m[K/home/david/yolocpp_ws/src/seg_sub/src/seg_sub.cpp:881:1:[m[K [01;31m[Kerror: [m[Kexpected declaration before â€˜[01m[K}[m[Kâ€™ token
[2.285s]   881 | [01;31m[K}[m[K;
[2.285s]       | [01;31m[K^[m[K
[2.802s] gmake[2]: *** [CMakeFiles/seg_sub_node.dir/build.make:76: CMakeFiles/seg_sub_node.dir/src/seg_sub.cpp.o] Error 1
[2.802s] gmake[1]: *** [CMakeFiles/Makefile2:165: CMakeFiles/seg_sub_node.dir/all] Error 2
[2.802s] gmake: *** [Makefile:146: all] Error 2
[2.806s] Invoked command in '/home/david/yolocpp_ws/build/seg_sub' returned '2': CMAKE_PREFIX_PATH=/home/david/yolocpp_ws/install/yolo_custom_interfaces:/home/david/yolocpp_ws/install/zoe_bringup:/home/david/yolocpp_ws/install/yolocpp:/home/david/yolocpp_ws/install/tensorrt_yolo:/home/david/yolocpp_ws/install/seg_sub:/home/david/yolocpp_ws/install/pylon_instant_camera:/home/david/yolocpp_ws/install/monitor_tutorial:/home/david/yolocpp_ws/install/monitor_sql_tutorial:/home/david/yolocpp_ws/install/image_directory_publisher:/home/david/yolocpp_ws/install/docs_turtlesim:/home/david/yolocpp_ws/install/bboxes_ex_msgs:/opt/vulcanexus/humble:/home/david/yolocpp_ws/install/microservers_py:/home/david/yolocpp_ws/install/clients_py:/opt/ros/humble LD_LIBRARY_PATH=/home/david/yolocpp_ws/install/yolo_custom_interfaces/lib:/home/david/yolocpp_ws/install/pylon_instant_camera/lib:/home/david/yolocpp_ws/install/image_directory_publisher/lib:/home/david/yolocpp_ws/install/docs_turtlesim/lib:/home/david/yolocpp_ws/install/bboxes_ex_msgs/lib:/opt/vulcanexus/humble/lib:/opt/pylon/lib:/opt/ros/humble/opt/rviz_ogre_vendor/lib:/opt/ros/humble/lib/x86_64-linux-gnu:/opt/ros/humble/lib:/usr/local/cuda/lib64:/usr/local/cuda-11.2/lib64:/usr/local/cuda-11.2/lib64:/home/david/onnxruntime-linux-x64-gpu-1.22.0/lib PROMPT_COMMAND=echo -n \[$(date +%H:%M:%S)\]\ /home/david/.local/bin/cmake --build /home/david/yolocpp_ws/build/seg_sub -- -j32 -l32
