[0.030s] Invoking command in '/home/david/yolocpp_ws/build/seg_sub': CMAKE_PREFIX_PATH=/home/david/yolocpp_ws/install/yolo_custom_interfaces:/home/david/yolocpp_ws/install/zoe_bringup:/home/david/yolocpp_ws/install/yolocpp:/home/david/yolocpp_ws/install/tensorrt_yolo:/home/david/yolocpp_ws/install/seg_sub:/home/david/yolocpp_ws/install/pylon_instant_camera:/home/david/yolocpp_ws/install/monitor_tutorial:/home/david/yolocpp_ws/install/monitor_sql_tutorial:/home/david/yolocpp_ws/install/image_directory_publisher:/home/david/yolocpp_ws/install/docs_turtlesim:/home/david/yolocpp_ws/install/bboxes_ex_msgs:/opt/vulcanexus/humble:/home/david/yolocpp_ws/install/microservers_py:/home/david/yolocpp_ws/install/clients_py:/opt/ros/humble LD_LIBRARY_PATH=/home/david/yolocpp_ws/install/yolo_custom_interfaces/lib:/home/david/yolocpp_ws/install/pylon_instant_camera/lib:/home/david/yolocpp_ws/install/image_directory_publisher/lib:/home/david/yolocpp_ws/install/docs_turtlesim/lib:/home/david/yolocpp_ws/install/bboxes_ex_msgs/lib:/opt/vulcanexus/humble/lib:/opt/pylon/lib:/opt/ros/humble/opt/rviz_ogre_vendor/lib:/opt/ros/humble/lib/x86_64-linux-gnu:/opt/ros/humble/lib:/usr/local/cuda/lib64:/usr/local/cuda-11.2/lib64:/usr/local/cuda-11.2/lib64:/home/david/onnxruntime-linux-x64-gpu-1.22.0/lib PROMPT_COMMAND=echo -n \[$(date +%H:%M:%S)\]\ /home/david/.local/bin/cmake --build /home/david/yolocpp_ws/build/seg_sub -- -j32 -l32
[0.078s] [ 50%] Built target chrono
[0.094s] [ 75%] [32mBuilding CXX object CMakeFiles/seg_sub_node.dir/src/seg_sub.cpp.o[0m
[1.551s] [01m[K/home/david/yolocpp_ws/src/seg_sub/src/seg_sub.cpp:[m[K In lambda function:
[1.551s] [01m[K/home/david/yolocpp_ws/src/seg_sub/src/seg_sub.cpp:135:50:[m[K [01;31m[Kerror: [m[Kâ€˜[01m[Kbatch_t4_mutex_[m[Kâ€™ was not declared in this scope; did you mean â€˜[01m[Kbatch_data_mutex_[m[Kâ€™?
[1.551s]   135 |                 std::lock_guard<std::mutex> lock([01;31m[Kbatch_t4_mutex_[m[K);
[1.551s]       |                                                  [01;31m[K^~~~~~~~~~~~~~~[m[K
[1.551s]       |                                                  [32m[Kbatch_data_mutex_[m[K
[1.559s] [01m[K/home/david/yolocpp_ws/src/seg_sub/src/seg_sub.cpp:136:17:[m[K [01;31m[Kerror: [m[Kâ€˜[01m[Kreceived_batch_t4_timestamps_[m[Kâ€™ was not declared in this scope; did you mean â€˜[01m[Kpending_batch_t0_timestamps_[m[Kâ€™?
[1.559s]   136 |                 [01;31m[Kreceived_batch_t4_timestamps_[m[K[packet_seq_num][camera_id] = ts_t4_segsub_res_recv;
[1.559s]       |                 [01;31m[K^~~~~~~~~~~~~~~~~~~~~~~~~~~~~[m[K
[1.559s]       |                 [32m[Kpending_batch_t0_timestamps_[m[K
[1.569s] [01m[K/home/david/yolocpp_ws/src/seg_sub/src/seg_sub.cpp:138:21:[m[K [01;31m[Kerror: [m[Kâ€˜[01m[Kbatch_t4_reception_spread_ms_[m[Kâ€™ was not declared in this scope
[1.569s]   138 |                 if ([01;31m[Kbatch_t4_reception_spread_ms_[m[K.find(packet_seq_num) == batch_t4_reception_spread_ms_.end()) {
[1.569s]       |                     [01;31m[K^~~~~~~~~~~~~~~~~~~~~~~~~~~~~[m[K
[1.581s] [01m[K/home/david/yolocpp_ws/src/seg_sub/src/seg_sub.cpp:159:28:[m[K [01;31m[Kerror: [m[Kâ€˜[01m[Kt4_reception_spread_this_batch_ms[m[Kâ€™ was not declared in this scope
[1.581s]   159 |                            [01;31m[Kt4_reception_spread_this_batch_ms[m[K = calculate_latency_ms(*max_t4_it, *min_t4_it);
[1.581s]       |                            [01;31m[K^~~~~~~~~~~~~~~~~~~~~~~~~~~~~~~~~[m[K
[1.590s] [01m[K/home/david/yolocpp_ws/src/seg_sub/src/seg_sub.cpp:161:28:[m[K [01;31m[Kerror: [m[Kâ€˜[01m[Kt4_spread_calculated_this_call[m[Kâ€™ was not declared in this scope; did you mean â€˜[01m[Kbatch_offsets_calculated_this_call[m[Kâ€™?
[1.591s]   161 |                            [01;31m[Kt4_spread_calculated_this_call[m[K = true;
[1.591s]       |                            [01;31m[K^~~~~~~~~~~~~~~~~~~~~~~~~~~~~~[m[K
[1.591s]       |                            [32m[Kbatch_offsets_calculated_this_call[m[K
[1.601s] [01m[K/home/david/yolocpp_ws/src/seg_sub/src/seg_sub.cpp:166:21:[m[K [01;31m[Kerror: [m[Kâ€˜[01m[Kt4_reception_spread_this_batch_ms[m[Kâ€™ was not declared in this scope
[1.601s]   166 |                     [01;31m[Kt4_reception_spread_this_batch_ms[m[K = batch_t4_reception_spread_ms_[packet_seq_num];
[1.601s]       |                     [01;31m[K^~~~~~~~~~~~~~~~~~~~~~~~~~~~~~~~~[m[K
[1.602s] In file included from [01m[K/opt/ros/humble/include/rclcpp/rclcpp/logging.hpp:24[m[K,
[1.602s]                  from [01m[K/opt/ros/humble/include/rclcpp/rclcpp/client.hpp:40[m[K,
[1.603s]                  from [01m[K/opt/ros/humble/include/rclcpp/rclcpp/callback_group.hpp:24[m[K,
[1.603s]                  from [01m[K/opt/ros/humble/include/rclcpp/rclcpp/any_executable.hpp:20[m[K,
[1.603s]                  from [01m[K/opt/ros/humble/include/rclcpp/rclcpp/memory_strategy.hpp:25[m[K,
[1.603s]                  from [01m[K/opt/ros/humble/include/rclcpp/rclcpp/memory_strategies.hpp:18[m[K,
[1.603s]                  from [01m[K/opt/ros/humble/include/rclcpp/rclcpp/executor_options.hpp:20[m[K,
[1.603s]                  from [01m[K/opt/ros/humble/include/rclcpp/rclcpp/executor.hpp:37[m[K,
[1.603s]                  from [01m[K/opt/ros/humble/include/rclcpp/rclcpp/executors/multi_threaded_executor.hpp:25[m[K,
[1.603s]                  from [01m[K/opt/ros/humble/include/rclcpp/rclcpp/executors.hpp:21[m[K,
[1.603s]                  from [01m[K/opt/ros/humble/include/rclcpp/rclcpp/rclcpp.hpp:155[m[K,
[1.603s]                  from [01m[K/home/david/yolocpp_ws/src/seg_sub/src/seg_sub.cpp:1[m[K:
[1.603s] [01m[K/home/david/yolocpp_ws/src/seg_sub/src/seg_sub.cpp:211:25:[m[K [01;35m[Kwarning: [m[Kformat â€˜[01m[K%ld[m[Kâ€™ expects argument of type â€˜[01m[Klong int[m[Kâ€™, but argument 7 has type â€˜[01m[Kbuiltin_interfaces::msg::Time_<std::allocator<void> >::_sec_type[m[Kâ€™ {aka â€˜[01m[Kint[m[Kâ€™} [[01;35m[K]8;;https://gcc.gnu.org/onlinedocs/gcc/Warning-Options.html#index-Wformat=-Wformat=]8;;[m[K]
[1.603s]   211 |                         [01;35m[K"[%s Pkt#%lu] Latency Breakdown (ms) ImgPub OriginalTS: %ld.%09ld\n" // AÃ±adido Pkt#[m[K
[1.603s]       |                         [01;35m[K^~~~~~~~~~~~~~~~~~~~~~~~~~~~~~~~~~~~~~~~~~~~~~~~~~~~~~~~~~~~~~~~~~~~~~~~~~~~~~~~~~~~[m[K
[1.603s]   212 | [01;35m[K                        "  T0_ImgPubTime ....................: %ld.%09ld\n"[m[K
[1.603s]       |                         [01;35m[K~~~~~~~~~~~~~~~~~~~~~~~~~~~~~~~~~~~~~~~~~~~~~~~~~~~[m[K
[1.603s]   213 | [01;35m[K                        "  T1_SegNode_CBCallTime ............: %ld.%09ld  |  T0->T1 (ImgPub to CB): %.3f ms\n"[m[K
[1.603s]       |                         [01;35m[K~~~~~~~~~~~~~~~~~~~~~~~~~~~~~~~~~~~~~~~~~~~~~~~~~~~~~~~~~~~~~~~~~~~~~~~~~~~~~~~~~~~~~~[m[K
[1.603s]   214 | [01;35m[K                        "  T2_SegNode_BatchProcStartTime ....: %ld.%09ld  |  T1->T2 (CB to BatchStart): %.3f ms\n"[m[K
[1.603s]       |                         [01;35m[K~~~~~~~~~~~~~~~~~~~~~~~~~~~~~~~~~~~~~~~~~~~~~~~~~~~~~~~~~~~~~~~~~~~~~~~~~~~~~~~~~~~~~~~~~~[m[K
[1.603s]   215 | [01;35m[K                        "  T3_SegNode_ResultPubTime .........: %ld.%09ld  |  T2->T3 (BatchStart to ResPub): %.3f ms\n"[m[K
[1.603s]       |                         [01;35m[K~~~~~~~~~~~~~~~~~~~~~~~~~~~~~~~~~~~~~~~~~~~~~~~~~~~~~~~~~~~~~~~~~~~~~~~~~~~~~~~~~~~~~~~~~~~~~~[m[K
[1.603s]   216 | [01;35m[K                        "  T4_SegSub_ResultRecvTime .........: %ld.%09ld  |  T3->T4 (ResPub to SegSubRecv): %.3f ms\n"[m[K
[1.603s]       |                         [01;35m[K~~~~~~~~~~~~~~~~~~~~~~~~~~~~~~~~~~~~~~~~~~~~~~~~~~~~~~~~~~~~~~~~~~~~~~~~~~~~~~~~~~~~~~~~~~~~~~[m[K
[1.603s]   217 | [01;35m[K                        "  --------------------------------------------------------------------------------------\n"[m[K
[1.604s]       |                         [01;35m[K~~~~~~~~~~~~~~~~~~~~~~~~~~~~~~~~~~~~~~~~~~~~~~~~~~~~~~~~~~~~~~~~~~~~~~~~~~~~~~~~~~~~~~~~~~~~[m[K
[1.604s]   218 | [01;35m[K                        "  Cumulative T1->T4 (SegNodeCB to SegSubRecv): %.3f ms\n"[m[K
[1.604s]       |                         [01;35m[K~~~~~~~~~~~~~~~~~~~~~~~~~~~~~~~~~~~~~~~~~~~~~~~~~~~~~~~~~~[m[K
[1.604s]   219 | [01;35m[K                        "  TOTAL E2E  T0->T4 (ImgPub to SegSubRecv)   : %.3f ms%s"[m[K,
[1.604s]       |                         [01;35m[K~~~~~~~~~~~~~~~~~~~~~~~~~~~~~~~~~~~~~~~~~~~~~~~~~~~~~~~~~~[m[K
[1.604s]   220 |                         camera_id.c_str(), packet_seq_num, [32m[Kmsg->header.stamp.sec[m[K, msg->header.stamp.nanosec, // Usar packet_seq_num
[1.604s]       |                                                            [32m[K~~~~~~~~~~~~~~~~~~~~~[m[K
[1.604s]       |                                                                              [32m[K|[m[K
[1.604s]       |                                                                              [32m[Kbuiltin_interfaces::msg::Time_<std::allocator<void> >::_sec_type {aka int}[m[K
[1.604s] [01m[K/home/david/yolocpp_ws/src/seg_sub/src/seg_sub.cpp:211:83:[m[K [01;36m[Knote: [m[Kformat string is defined here
[1.604s]   211 |                        "[%s Pkt#%lu] Latency Breakdown (ms) ImgPub OriginalTS: [01;36m[K%ld[m[K.%09ld\n" // AÃ±adido Pkt#
[1.604s]       |                                                                                [01;36m[K~~^[m[K
[1.604s]       |                                                                                  [01;36m[K|[m[K
[1.604s]       |                                                                                  [01;36m[Klong int[m[K
[1.604s]       |                                                                                [32m[K%d[m[K
[1.604s] In file included from [01m[K/opt/ros/humble/include/rclcpp/rclcpp/logging.hpp:24[m[K,
[1.604s]                  from [01m[K/opt/ros/humble/include/rclcpp/rclcpp/client.hpp:40[m[K,
[1.604s]                  from [01m[K/opt/ros/humble/include/rclcpp/rclcpp/callback_group.hpp:24[m[K,
[1.604s]                  from [01m[K/opt/ros/humble/include/rclcpp/rclcpp/any_executable.hpp:20[m[K,
[1.604s]                  from [01m[K/opt/ros/humble/include/rclcpp/rclcpp/memory_strategy.hpp:25[m[K,
[1.604s]                  from [01m[K/opt/ros/humble/include/rclcpp/rclcpp/memory_strategies.hpp:18[m[K,
[1.604s]                  from [01m[K/opt/ros/humble/include/rclcpp/rclcpp/executor_options.hpp:20[m[K,
[1.604s]                  from [01m[K/opt/ros/humble/include/rclcpp/rclcpp/executor.hpp:37[m[K,
[1.604s]                  from [01m[K/opt/ros/humble/include/rclcpp/rclcpp/executors/multi_threaded_executor.hpp:25[m[K,
[1.604s]                  from [01m[K/opt/ros/humble/include/rclcpp/rclcpp/executors.hpp:21[m[K,
[1.604s]                  from [01m[K/opt/ros/humble/include/rclcpp/rclcpp/rclcpp.hpp:155[m[K,
[1.604s]                  from [01m[K/home/david/yolocpp_ws/src/seg_sub/src/seg_sub.cpp:1[m[K:
[1.604s] [01m[K/home/david/yolocpp_ws/src/seg_sub/src/seg_sub.cpp:211:25:[m[K [01;35m[Kwarning: [m[Kformat â€˜[01m[K%ld[m[Kâ€™ expects argument of type â€˜[01m[Klong int[m[Kâ€™, but argument 8 has type â€˜[01m[Kbuiltin_interfaces::msg::Time_<std::allocator<void> >::_nanosec_type[m[Kâ€™ {aka â€˜[01m[Kunsigned int[m[Kâ€™} [[01;35m[K]8;;https://gcc.gnu.org/onlinedocs/gcc/Warning-Options.html#index-Wformat=-Wformat=]8;;[m[K]
[1.605s]   211 |                         [01;35m[K"[%s Pkt#%lu] Latency Breakdown (ms) ImgPub OriginalTS: %ld.%09ld\n" // AÃ±adido Pkt#[m[K
[1.605s]       |                         [01;35m[K^~~~~~~~~~~~~~~~~~~~~~~~~~~~~~~~~~~~~~~~~~~~~~~~~~~~~~~~~~~~~~~~~~~~~~~~~~~~~~~~~~~~[m[K
[1.605s]   212 | [01;35m[K                        "  T0_ImgPubTime ....................: %ld.%09ld\n"[m[K
[1.605s]       |                         [01;35m[K~~~~~~~~~~~~~~~~~~~~~~~~~~~~~~~~~~~~~~~~~~~~~~~~~~~[m[K
[1.605s]   213 | [01;35m[K                        "  T1_SegNode_CBCallTime ............: %ld.%09ld  |  T0->T1 (ImgPub to CB): %.3f ms\n"[m[K
[1.605s]       |                         [01;35m[K~~~~~~~~~~~~~~~~~~~~~~~~~~~~~~~~~~~~~~~~~~~~~~~~~~~~~~~~~~~~~~~~~~~~~~~~~~~~~~~~~~~~~~[m[K
[1.605s]   214 | [01;35m[K                        "  T2_SegNode_BatchProcStartTime ....: %ld.%09ld  |  T1->T2 (CB to BatchStart): %.3f ms\n"[m[K
[1.605s]       |                         [01;35m[K~~~~~~~~~~~~~~~~~~~~~~~~~~~~~~~~~~~~~~~~~~~~~~~~~~~~~~~~~~~~~~~~~~~~~~~~~~~~~~~~~~~~~~~~~~[m[K
[1.605s]   215 | [01;35m[K                        "  T3_SegNode_ResultPubTime .........: %ld.%09ld  |  T2->T3 (BatchStart to ResPub): %.3f ms\n"[m[K
[1.605s]       |                         [01;35m[K~~~~~~~~~~~~~~~~~~~~~~~~~~~~~~~~~~~~~~~~~~~~~~~~~~~~~~~~~~~~~~~~~~~~~~~~~~~~~~~~~~~~~~~~~~~~~~[m[K
[1.605s]   216 | [01;35m[K                        "  T4_SegSub_ResultRecvTime .........: %ld.%09ld  |  T3->T4 (ResPub to SegSubRecv): %.3f ms\n"[m[K
[1.605s]       |                         [01;35m[K~~~~~~~~~~~~~~~~~~~~~~~~~~~~~~~~~~~~~~~~~~~~~~~~~~~~~~~~~~~~~~~~~~~~~~~~~~~~~~~~~~~~~~~~~~~~~~[m[K
[1.605s]   217 | [01;35m[K                        "  --------------------------------------------------------------------------------------\n"[m[K
[1.605s]       |                         [01;35m[K~~~~~~~~~~~~~~~~~~~~~~~~~~~~~~~~~~~~~~~~~~~~~~~~~~~~~~~~~~~~~~~~~~~~~~~~~~~~~~~~~~~~~~~~~~~~[m[K
[1.605s]   218 | [01;35m[K                        "  Cumulative T1->T4 (SegNodeCB to SegSubRecv): %.3f ms\n"[m[K
[1.605s]       |                         [01;35m[K~~~~~~~~~~~~~~~~~~~~~~~~~~~~~~~~~~~~~~~~~~~~~~~~~~~~~~~~~~[m[K
[1.605s]   219 | [01;35m[K                        "  TOTAL E2E  T0->T4 (ImgPub to SegSubRecv)   : %.3f ms%s"[m[K,
[1.605s]       |                         [01;35m[K~~~~~~~~~~~~~~~~~~~~~~~~~~~~~~~~~~~~~~~~~~~~~~~~~~~~~~~~~~[m[K
[1.605s]   220 |                         camera_id.c_str(), packet_seq_num, msg->header.stamp.sec, [32m[Kmsg->header.stamp.nanosec[m[K, // Usar packet_seq_num
[1.605s]       |                                                                                   [32m[K~~~~~~~~~~~~~~~~~~~~~~~~~[m[K
[1.605s]       |                                                                                                     [32m[K|[m[K
[1.605s]       |                                                                                                     [32m[Kbuiltin_interfaces::msg::Time_<std::allocator<void> >::_nanosec_type {aka unsigned int}[m[K
[1.605s] [01m[K/home/david/yolocpp_ws/src/seg_sub/src/seg_sub.cpp:211:89:[m[K [01;36m[Knote: [m[Kformat string is defined here
[1.605s]   211 |                  "[%s Pkt#%lu] Latency Breakdown (ms) ImgPub OriginalTS: %ld.[01;36m[K%09ld[m[K\n" // AÃ±adido Pkt#
[1.605s]       |                                                                              [01;36m[K~~~~^[m[K
[1.605s]       |                                                                                  [01;36m[K|[m[K
[1.605s]       |                                                                                  [01;36m[Klong int[m[K
[1.605s]       |                                                                              [32m[K%09d[m[K
[1.609s] [01m[K/home/david/yolocpp_ws/src/seg_sub/src/seg_sub.cpp:126:22:[m[K [01;35m[Kwarning: [m[Kunused variable â€˜[01m[Kt2_batch_key[m[Kâ€™ [[01;35m[K]8;;https://gcc.gnu.org/onlinedocs/gcc/Warning-Options.html#index-Wunused-variable-Wunused-variable]8;;[m[K]
[1.609s]   126 |             uint64_t [01;35m[Kt2_batch_key[m[K = static_cast<uint64_t>(ts_t2_segnode_batch_start.tv_sec) * 1000000000ULL + ts_t2_segnode_batch_start.tv_nsec;
[1.609s]       |                      [01;35m[K^~~~~~~~~~~~[m[K
[2.847s] gmake[2]: *** [CMakeFiles/seg_sub_node.dir/build.make:76: CMakeFiles/seg_sub_node.dir/src/seg_sub.cpp.o] Error 1
[2.847s] gmake[1]: *** [CMakeFiles/Makefile2:165: CMakeFiles/seg_sub_node.dir/all] Error 2
[2.847s] gmake: *** [Makefile:146: all] Error 2
[2.851s] Invoked command in '/home/david/yolocpp_ws/build/seg_sub' returned '2': CMAKE_PREFIX_PATH=/home/david/yolocpp_ws/install/yolo_custom_interfaces:/home/david/yolocpp_ws/install/zoe_bringup:/home/david/yolocpp_ws/install/yolocpp:/home/david/yolocpp_ws/install/tensorrt_yolo:/home/david/yolocpp_ws/install/seg_sub:/home/david/yolocpp_ws/install/pylon_instant_camera:/home/david/yolocpp_ws/install/monitor_tutorial:/home/david/yolocpp_ws/install/monitor_sql_tutorial:/home/david/yolocpp_ws/install/image_directory_publisher:/home/david/yolocpp_ws/install/docs_turtlesim:/home/david/yolocpp_ws/install/bboxes_ex_msgs:/opt/vulcanexus/humble:/home/david/yolocpp_ws/install/microservers_py:/home/david/yolocpp_ws/install/clients_py:/opt/ros/humble LD_LIBRARY_PATH=/home/david/yolocpp_ws/install/yolo_custom_interfaces/lib:/home/david/yolocpp_ws/install/pylon_instant_camera/lib:/home/david/yolocpp_ws/install/image_directory_publisher/lib:/home/david/yolocpp_ws/install/docs_turtlesim/lib:/home/david/yolocpp_ws/install/bboxes_ex_msgs/lib:/opt/vulcanexus/humble/lib:/opt/pylon/lib:/opt/ros/humble/opt/rviz_ogre_vendor/lib:/opt/ros/humble/lib/x86_64-linux-gnu:/opt/ros/humble/lib:/usr/local/cuda/lib64:/usr/local/cuda-11.2/lib64:/usr/local/cuda-11.2/lib64:/home/david/onnxruntime-linux-x64-gpu-1.22.0/lib PROMPT_COMMAND=echo -n \[$(date +%H:%M:%S)\]\ /home/david/.local/bin/cmake --build /home/david/yolocpp_ws/build/seg_sub -- -j32 -l32
