[01m[K/home/david/yolocpp_ws/src/seg_sub/src/seg_sub.cpp:[m[K In lambda function:
[01m[K/home/david/yolocpp_ws/src/seg_sub/src/seg_sub.cpp:161:13:[m[K [01;31m[Kerror: [m[Kâ€˜[01m[KComprobar[m[Kâ€™ was not declared in this scope
  161 |             [01;31m[KComprobar[m[K y registrar latencias T3-T4 anÃ³malas
      |             [01;31m[K^~~~~~~~~[m[K
gmake[2]: *** [CMakeFiles/seg_sub_node.dir/build.make:76: CMakeFiles/seg_sub_node.dir/src/seg_sub.cpp.o] Error 1
gmake[1]: *** [CMakeFiles/Makefile2:165: CMakeFiles/seg_sub_node.dir/all] Error 2
gmake: *** [Makefile:146: all] Error 2
