[0.012s] Invoking command in '/home/david/yolocpp_ws/build/image_directory_publisher': CMAKE_PREFIX_PATH=${CMAKE_PREFIX_PATH}:/opt/ros/humble PROMPT_COMMAND=echo -n \[$(date +%H:%M:%S)\]\ /home/david/.local/bin/cmake --build /home/david/yolocpp_ws/build/image_directory_publisher -- -j32 -l32
[0.056s] [ 50%] [32mBuilding CXX object CMakeFiles/directory_publisher_node.dir/src/directory_publisher_node.cpp.o[0m
[1.405s] [01m[K/home/david/yolocpp_ws/src/image_directory_publisher/src/directory_publisher_node.cpp:[m[K In member function â€˜[01m[Kvoid image_directory_publisher::DirectoryPublisherNode::publish_image_set(const string&, image_transport::Publisher&, const string&, const string&)[m[Kâ€™:
[1.405s] [01m[K/home/david/yolocpp_ws/src/image_directory_publisher/src/directory_publisher_node.cpp:148:13:[m[K [01;31m[Kerror: [m[Kâ€˜[01m[Kimage_read[m[Kâ€™ was not declared in this scope
[1.405s]   148 |         if ([01;31m[Kimage_read[m[K.cols != TARGET_WIDTH || image_read.rows != TARGET_HEIGHT) {
[1.405s]       |             [01;31m[K^~~~~~~~~~[m[K
[1.407s] In file included from [01m[K/opt/ros/humble/include/rclcpp/rclcpp/logging.hpp:24[m[K,
[1.408s]                  from [01m[K/opt/ros/humble/include/rclcpp/rclcpp/client.hpp:40[m[K,
[1.408s]                  from [01m[K/opt/ros/humble/include/rclcpp/rclcpp/callback_group.hpp:24[m[K,
[1.408s]                  from [01m[K/opt/ros/humble/include/rclcpp/rclcpp/any_executable.hpp:20[m[K,
[1.408s]                  from [01m[K/opt/ros/humble/include/rclcpp/rclcpp/memory_strategy.hpp:25[m[K,
[1.408s]                  from [01m[K/opt/ros/humble/include/rclcpp/rclcpp/memory_strategies.hpp:18[m[K,
[1.408s]                  from [01m[K/opt/ros/humble/include/rclcpp/rclcpp/executor_options.hpp:20[m[K,
[1.408s]                  from [01m[K/opt/ros/humble/include/rclcpp/rclcpp/executor.hpp:37[m[K,
[1.408s]                  from [01m[K/opt/ros/humble/include/rclcpp/rclcpp/executors/multi_threaded_executor.hpp:25[m[K,
[1.408s]                  from [01m[K/opt/ros/humble/include/rclcpp/rclcpp/executors.hpp:21[m[K,
[1.408s]                  from [01m[K/opt/ros/humble/include/rclcpp/rclcpp/rclcpp.hpp:155[m[K,
[1.408s]                  from [01m[K/home/david/yolocpp_ws/src/image_directory_publisher/src/directory_publisher_node.cpp:1[m[K:
[1.408s] [01m[K/home/david/yolocpp_ws/src/image_directory_publisher/src/directory_publisher_node.cpp:160:41:[m[K [01;35m[Kwarning: [m[Kformat â€˜[01m[K%ld[m[Kâ€™ expects argument of type â€˜[01m[Klong int[m[Kâ€™, but argument 7 has type â€˜[01m[Kbuiltin_interfaces::msg::Time_<std::allocator<void> >::_sec_type[m[Kâ€™ {aka â€˜[01m[Kint[m[Kâ€™} [[01;35m[K]8;;https://gcc.gnu.org/onlinedocs/gcc/Warning-Options.html#index-Wformat=-Wformat=]8;;[m[K]
[1.408s]   160 |         RCLCPP_INFO(this->get_logger(), [01;35m[K"Published %s image: %s with MONOTONIC TS: %ld.%09ld"[m[K,
[1.408s]       |                                         [01;35m[K^~~~~~~~~~~~~~~~~~~~~~~~~~~~~~~~~~~~~~~~~~~~~~~~~~~~~[m[K
[1.408s]   161 |                     camera_name_log.c_str(), image_path.c_str(), [32m[Kheader.stamp.sec[m[K, header.stamp.nanosec);
[1.408s]       |                                                                  [32m[K~~~~~~~~~~~~~~~~[m[K
[1.408s]       |                                                                               [32m[K|[m[K
[1.408s]       |                                                                               [32m[Kbuiltin_interfaces::msg::Time_<std::allocator<void> >::_sec_type {aka int}[m[K
[1.408s] [01m[K/home/david/yolocpp_ws/src/image_directory_publisher/src/directory_publisher_node.cpp:160:86:[m[K [01;36m[Knote: [m[Kformat string is defined here
[1.408s]   160 |         RCLCPP_INFO(this->get_logger(), "Published %s image: %s with MONOTONIC TS: [01;36m[K%ld[m[K.%09ld",
[1.409s]       |                                                                                    [01;36m[K~~^[m[K
[1.409s]       |                                                                                      [01;36m[K|[m[K
[1.409s]       |                                                                                      [01;36m[Klong int[m[K
[1.409s]       |                                                                                    [32m[K%d[m[K
[1.409s] In file included from [01m[K/opt/ros/humble/include/rclcpp/rclcpp/logging.hpp:24[m[K,
[1.409s]                  from [01m[K/opt/ros/humble/include/rclcpp/rclcpp/client.hpp:40[m[K,
[1.409s]                  from [01m[K/opt/ros/humble/include/rclcpp/rclcpp/callback_group.hpp:24[m[K,
[1.409s]                  from [01m[K/opt/ros/humble/include/rclcpp/rclcpp/any_executable.hpp:20[m[K,
[1.409s]                  from [01m[K/opt/ros/humble/include/rclcpp/rclcpp/memory_strategy.hpp:25[m[K,
[1.409s]                  from [01m[K/opt/ros/humble/include/rclcpp/rclcpp/memory_strategies.hpp:18[m[K,
[1.409s]                  from [01m[K/opt/ros/humble/include/rclcpp/rclcpp/executor_options.hpp:20[m[K,
[1.409s]                  from [01m[K/opt/ros/humble/include/rclcpp/rclcpp/executor.hpp:37[m[K,
[1.409s]                  from [01m[K/opt/ros/humble/include/rclcpp/rclcpp/executors/multi_threaded_executor.hpp:25[m[K,
[1.409s]                  from [01m[K/opt/ros/humble/include/rclcpp/rclcpp/executors.hpp:21[m[K,
[1.409s]                  from [01m[K/opt/ros/humble/include/rclcpp/rclcpp/rclcpp.hpp:155[m[K,
[1.409s]                  from [01m[K/home/david/yolocpp_ws/src/image_directory_publisher/src/directory_publisher_node.cpp:1[m[K:
[1.409s] [01m[K/home/david/yolocpp_ws/src/image_directory_publisher/src/directory_publisher_node.cpp:160:41:[m[K [01;35m[Kwarning: [m[Kformat â€˜[01m[K%ld[m[Kâ€™ expects argument of type â€˜[01m[Klong int[m[Kâ€™, but argument 8 has type â€˜[01m[Kbuiltin_interfaces::msg::Time_<std::allocator<void> >::_nanosec_type[m[Kâ€™ {aka â€˜[01m[Kunsigned int[m[Kâ€™} [[01;35m[K]8;;https://gcc.gnu.org/onlinedocs/gcc/Warning-Options.html#index-Wformat=-Wformat=]8;;[m[K]
[1.409s]   160 |         RCLCPP_INFO(this->get_logger(), [01;35m[K"Published %s image: %s with MONOTONIC TS: %ld.%09ld"[m[K,
[1.409s]       |                                         [01;35m[K^~~~~~~~~~~~~~~~~~~~~~~~~~~~~~~~~~~~~~~~~~~~~~~~~~~~~[m[K
[1.409s]   161 |                     camera_name_log.c_str(), image_path.c_str(), header.stamp.sec, [32m[Kheader.stamp.nanosec[m[K);
[1.409s]       |                                                                                    [32m[K~~~~~~~~~~~~~~~~~~~~[m[K
[1.410s]       |                                                                                                 [32m[K|[m[K
[1.410s]       |                                                                                                 [32m[Kbuiltin_interfaces::msg::Time_<std::allocator<void> >::_nanosec_type {aka unsigned int}[m[K
[1.410s] [01m[K/home/david/yolocpp_ws/src/image_directory_publisher/src/directory_publisher_node.cpp:160:92:[m[K [01;36m[Knote: [m[Kformat string is defined here
[1.410s]   160 |         RCLCPP_INFO(this->get_logger(), "Published %s image: %s with MONOTONIC TS: %ld.[01;36m[K%09ld[m[K",
[1.410s]       |                                                                                        [01;36m[K~~~~^[m[K
[1.410s]       |                                                                                            [01;36m[K|[m[K
[1.410s]       |                                                                                            [01;36m[Klong int[m[K
[1.410s]       |                                                                                        [32m[K%09d[m[K
[1.932s] gmake[2]: *** [CMakeFiles/directory_publisher_node.dir/build.make:76: CMakeFiles/directory_publisher_node.dir/src/directory_publisher_node.cpp.o] Error 1
[1.932s] gmake[1]: *** [CMakeFiles/Makefile2:137: CMakeFiles/directory_publisher_node.dir/all] Error 2
[1.933s] gmake: *** [Makefile:146: all] Error 2
[1.936s] Invoked command in '/home/david/yolocpp_ws/build/image_directory_publisher' returned '2': CMAKE_PREFIX_PATH=${CMAKE_PREFIX_PATH}:/opt/ros/humble PROMPT_COMMAND=echo -n \[$(date +%H:%M:%S)\]\ /home/david/.local/bin/cmake --build /home/david/yolocpp_ws/build/image_directory_publisher -- -j32 -l32
