[0.016s] Invoking command in '/home/david/yolocpp_ws/build/seg_sub': CMAKE_PREFIX_PATH=/home/david/yolocpp_ws/install/yolo_custom_interfaces:/home/david/yolocpp_ws/install/zoe_bringup:/home/david/yolocpp_ws/install/yolocpp:/home/david/yolocpp_ws/install/tensorrt_yolo:/home/david/yolocpp_ws/install/seg_sub:/home/david/yolocpp_ws/install/pylon_instant_camera:/home/david/yolocpp_ws/install/image_directory_publisher:/home/david/yolocpp_ws/install/bboxes_ex_msgs:/opt/ros/humble LD_LIBRARY_PATH=/home/david/yolocpp_ws/install/yolo_custom_interfaces/lib:/home/david/yolocpp_ws/install/pylon_instant_camera/lib:/home/david/yolocpp_ws/install/image_directory_publisher/lib:/home/david/yolocpp_ws/install/bboxes_ex_msgs/lib:/opt/pylon/lib:/opt/ros/humble/opt/rviz_ogre_vendor/lib:/opt/ros/humble/lib/x86_64-linux-gnu:/opt/ros/humble/lib:/usr/local/cuda/lib64:/usr/local/cuda-11.2/lib64:/usr/local/cuda-11.2/lib64:/home/david/onnxruntime-linux-x64-gpu-1.22.0/lib PROMPT_COMMAND=echo -n \[$(date +%H:%M:%S)\]\ /home/david/.local/bin/cmake --build /home/david/yolocpp_ws/build/seg_sub -- -j32 -l32
[0.051s] [ 50%] Built target chrono
[0.063s] [ 75%] [32mBuilding CXX object CMakeFiles/seg_sub_node.dir/src/seg_sub.cpp.o[0m
[1.517s] In file included from [01m[K/opt/ros/humble/include/rclcpp/rclcpp/logging.hpp:24[m[K,
[1.517s]                  from [01m[K/opt/ros/humble/include/rclcpp/rclcpp/client.hpp:40[m[K,
[1.517s]                  from [01m[K/opt/ros/humble/include/rclcpp/rclcpp/callback_group.hpp:24[m[K,
[1.517s]                  from [01m[K/opt/ros/humble/include/rclcpp/rclcpp/any_executable.hpp:20[m[K,
[1.517s]                  from [01m[K/opt/ros/humble/include/rclcpp/rclcpp/memory_strategy.hpp:25[m[K,
[1.517s]                  from [01m[K/opt/ros/humble/include/rclcpp/rclcpp/memory_strategies.hpp:18[m[K,
[1.518s]                  from [01m[K/opt/ros/humble/include/rclcpp/rclcpp/executor_options.hpp:20[m[K,
[1.518s]                  from [01m[K/opt/ros/humble/include/rclcpp/rclcpp/executor.hpp:37[m[K,
[1.518s]                  from [01m[K/opt/ros/humble/include/rclcpp/rclcpp/executors/multi_threaded_executor.hpp:25[m[K,
[1.518s]                  from [01m[K/opt/ros/humble/include/rclcpp/rclcpp/executors.hpp:21[m[K,
[1.518s]                  from [01m[K/opt/ros/humble/include/rclcpp/rclcpp/rclcpp.hpp:155[m[K,
[1.518s]                  from [01m[K/home/david/yolocpp_ws/src/seg_sub/src/seg_sub.cpp:1[m[K:
[1.518s] [01m[K/home/david/yolocpp_ws/src/seg_sub/src/seg_sub.cpp:[m[K In lambda function:
[1.518s] [01m[K/home/david/yolocpp_ws/src/seg_sub/src/seg_sub.cpp:121:25:[m[K [01;35m[Kwarning: [m[Kformat â€˜[01m[K%ld[m[Kâ€™ expects argument of type â€˜[01m[Klong int[m[Kâ€™, but argument 6 has type â€˜[01m[Kbuiltin_interfaces::msg::Time_<std::allocator<void> >::_sec_type[m[Kâ€™ {aka â€˜[01m[Kint[m[Kâ€™} [[01;35m[K]8;;https://gcc.gnu.org/onlinedocs/gcc/Warning-Options.html#index-Wformat=-Wformat=]8;;[m[K]
[1.518s]   121 |                         [01;35m[K"[%s] Latency Breakdown (ms) ImgPub OriginalTS: %ld.%09ld\n"[m[K
[1.518s]       |                         [01;35m[K^~~~~~~~~~~~~~~~~~~~~~~~~~~~~~~~~~~~~~~~~~~~~~~~~~~~~~~~~~~~[m[K
[1.518s]   122 | [01;35m[K                        "  T0_ImgPubTime ....................: %ld.%09ld\n"[m[K
[1.518s]       |                         [01;35m[K~~~~~~~~~~~~~~~~~~~~~~~~~~~~~~~~~~~~~~~~~~~~~~~~~~~[m[K
[1.518s]   123 | [01;35m[K                        "  T1_SegNode_CBCallTime ............: %ld.%09ld  |  T0->T1 (ImgPub to CB): %.3f ms\n"[m[K
[1.518s]       |                         [01;35m[K~~~~~~~~~~~~~~~~~~~~~~~~~~~~~~~~~~~~~~~~~~~~~~~~~~~~~~~~~~~~~~~~~~~~~~~~~~~~~~~~~~~~~~[m[K
[1.518s]   124 | [01;35m[K                        "  T2_SegNode_BatchProcStartTime ....: %ld.%09ld  |  T1->T2 (CB to BatchStart): %.3f ms\n"[m[K
[1.518s]       |                         [01;35m[K~~~~~~~~~~~~~~~~~~~~~~~~~~~~~~~~~~~~~~~~~~~~~~~~~~~~~~~~~~~~~~~~~~~~~~~~~~~~~~~~~~~~~~~~~~[m[K
[1.518s]   125 | [01;35m[K                        "  T3_SegNode_ResultPubTime .........: %ld.%09ld  |  T2->T3 (BatchStart to ResPub): %.3f ms\n"[m[K
[1.518s]       |                         [01;35m[K~~~~~~~~~~~~~~~~~~~~~~~~~~~~~~~~~~~~~~~~~~~~~~~~~~~~~~~~~~~~~~~~~~~~~~~~~~~~~~~~~~~~~~~~~~~~~~[m[K
[1.518s]   126 | [01;35m[K                        "  T4_SegSub_ResultRecvTime .........: %ld.%09ld  |  T3->T4 (ResPub to SegSubRecv): %.3f ms\n"[m[K
[1.518s]       |                         [01;35m[K~~~~~~~~~~~~~~~~~~~~~~~~~~~~~~~~~~~~~~~~~~~~~~~~~~~~~~~~~~~~~~~~~~~~~~~~~~~~~~~~~~~~~~~~~~~~~~[m[K
[1.518s]   127 | [01;35m[K                        "  --------------------------------------------------------------------------------------\n"[m[K
[1.518s]       |                         [01;35m[K~~~~~~~~~~~~~~~~~~~~~~~~~~~~~~~~~~~~~~~~~~~~~~~~~~~~~~~~~~~~~~~~~~~~~~~~~~~~~~~~~~~~~~~~~~~~[m[K
[1.518s]   128 | [01;35m[K                        "  Cumulative T1->T4 (SegNodeCB to SegSubRecv): %.3f ms\n"[m[K
[1.518s]       |                         [01;35m[K~~~~~~~~~~~~~~~~~~~~~~~~~~~~~~~~~~~~~~~~~~~~~~~~~~~~~~~~~~[m[K
[1.518s]   129 | [01;35m[K                        "  TOTAL E2E  T0->T4 (ImgPub to SegSubRecv)   : %.3f ms"[m[K,
[1.518s]       |                         [01;35m[K~~~~~~~~~~~~~~~~~~~~~~~~~~~~~~~~~~~~~~~~~~~~~~~~~~~~~~~~[m[K
[1.518s]   130 |                         camera_id.c_str(), [32m[Kmsg->header.stamp.sec[m[K, msg->header.stamp.nanosec, // Using original image pub TS for context
[1.518s]       |                                            [32m[K~~~~~~~~~~~~~~~~~~~~~[m[K
[1.518s]       |                                                              [32m[K|[m[K
[1.518s]       |                                                              [32m[Kbuiltin_interfaces::msg::Time_<std::allocator<void> >::_sec_type {aka int}[m[K
[1.518s] [01m[K/home/david/yolocpp_ws/src/seg_sub/src/seg_sub.cpp:121:75:[m[K [01;36m[Knote: [m[Kformat string is defined here
[1.518s]   121 |                         "[%s] Latency Breakdown (ms) ImgPub OriginalTS: [01;36m[K%ld[m[K.%09ld\n"
[1.518s]       |                                                                         [01;36m[K~~^[m[K
[1.518s]       |                                                                           [01;36m[K|[m[K
[1.518s]       |                                                                           [01;36m[Klong int[m[K
[1.518s]       |                                                                         [32m[K%d[m[K
[1.518s] In file included from [01m[K/opt/ros/humble/include/rclcpp/rclcpp/logging.hpp:24[m[K,
[1.518s]                  from [01m[K/opt/ros/humble/include/rclcpp/rclcpp/client.hpp:40[m[K,
[1.518s]                  from [01m[K/opt/ros/humble/include/rclcpp/rclcpp/callback_group.hpp:24[m[K,
[1.518s]                  from [01m[K/opt/ros/humble/include/rclcpp/rclcpp/any_executable.hpp:20[m[K,
[1.519s]                  from [01m[K/opt/ros/humble/include/rclcpp/rclcpp/memory_strategy.hpp:25[m[K,
[1.519s]                  from [01m[K/opt/ros/humble/include/rclcpp/rclcpp/memory_strategies.hpp:18[m[K,
[1.519s]                  from [01m[K/opt/ros/humble/include/rclcpp/rclcpp/executor_options.hpp:20[m[K,
[1.519s]                  from [01m[K/opt/ros/humble/include/rclcpp/rclcpp/executor.hpp:37[m[K,
[1.519s]                  from [01m[K/opt/ros/humble/include/rclcpp/rclcpp/executors/multi_threaded_executor.hpp:25[m[K,
[1.519s]                  from [01m[K/opt/ros/humble/include/rclcpp/rclcpp/executors.hpp:21[m[K,
[1.519s]                  from [01m[K/opt/ros/humble/include/rclcpp/rclcpp/rclcpp.hpp:155[m[K,
[1.519s]                  from [01m[K/home/david/yolocpp_ws/src/seg_sub/src/seg_sub.cpp:1[m[K:
[1.519s] [01m[K/home/david/yolocpp_ws/src/seg_sub/src/seg_sub.cpp:121:25:[m[K [01;35m[Kwarning: [m[Kformat â€˜[01m[K%ld[m[Kâ€™ expects argument of type â€˜[01m[Klong int[m[Kâ€™, but argument 7 has type â€˜[01m[Kbuiltin_interfaces::msg::Time_<std::allocator<void> >::_nanosec_type[m[Kâ€™ {aka â€˜[01m[Kunsigned int[m[Kâ€™} [[01;35m[K]8;;https://gcc.gnu.org/onlinedocs/gcc/Warning-Options.html#index-Wformat=-Wformat=]8;;[m[K]
[1.519s]   121 |                         [01;35m[K"[%s] Latency Breakdown (ms) ImgPub OriginalTS: %ld.%09ld\n"[m[K
[1.519s]       |                         [01;35m[K^~~~~~~~~~~~~~~~~~~~~~~~~~~~~~~~~~~~~~~~~~~~~~~~~~~~~~~~~~~~[m[K
[1.519s]   122 | [01;35m[K                        "  T0_ImgPubTime ....................: %ld.%09ld\n"[m[K
[1.519s]       |                         [01;35m[K~~~~~~~~~~~~~~~~~~~~~~~~~~~~~~~~~~~~~~~~~~~~~~~~~~~[m[K
[1.519s]   123 | [01;35m[K                        "  T1_SegNode_CBCallTime ............: %ld.%09ld  |  T0->T1 (ImgPub to CB): %.3f ms\n"[m[K
[1.519s]       |                         [01;35m[K~~~~~~~~~~~~~~~~~~~~~~~~~~~~~~~~~~~~~~~~~~~~~~~~~~~~~~~~~~~~~~~~~~~~~~~~~~~~~~~~~~~~~~[m[K
[1.519s]   124 | [01;35m[K                        "  T2_SegNode_BatchProcStartTime ....: %ld.%09ld  |  T1->T2 (CB to BatchStart): %.3f ms\n"[m[K
[1.519s]       |                         [01;35m[K~~~~~~~~~~~~~~~~~~~~~~~~~~~~~~~~~~~~~~~~~~~~~~~~~~~~~~~~~~~~~~~~~~~~~~~~~~~~~~~~~~~~~~~~~~[m[K
[1.519s]   125 | [01;35m[K                        "  T3_SegNode_ResultPubTime .........: %ld.%09ld  |  T2->T3 (BatchStart to ResPub): %.3f ms\n"[m[K
[1.519s]       |                         [01;35m[K~~~~~~~~~~~~~~~~~~~~~~~~~~~~~~~~~~~~~~~~~~~~~~~~~~~~~~~~~~~~~~~~~~~~~~~~~~~~~~~~~~~~~~~~~~~~~~[m[K
[1.519s]   126 | [01;35m[K                        "  T4_SegSub_ResultRecvTime .........: %ld.%09ld  |  T3->T4 (ResPub to SegSubRecv): %.3f ms\n"[m[K
[1.519s]       |                         [01;35m[K~~~~~~~~~~~~~~~~~~~~~~~~~~~~~~~~~~~~~~~~~~~~~~~~~~~~~~~~~~~~~~~~~~~~~~~~~~~~~~~~~~~~~~~~~~~~~~[m[K
[1.519s]   127 | [01;35m[K                        "  --------------------------------------------------------------------------------------\n"[m[K
[1.519s]       |                         [01;35m[K~~~~~~~~~~~~~~~~~~~~~~~~~~~~~~~~~~~~~~~~~~~~~~~~~~~~~~~~~~~~~~~~~~~~~~~~~~~~~~~~~~~~~~~~~~~~[m[K
[1.519s]   128 | [01;35m[K                        "  Cumulative T1->T4 (SegNodeCB to SegSubRecv): %.3f ms\n"[m[K
[1.519s]       |                         [01;35m[K~~~~~~~~~~~~~~~~~~~~~~~~~~~~~~~~~~~~~~~~~~~~~~~~~~~~~~~~~~[m[K
[1.519s]   129 | [01;35m[K                        "  TOTAL E2E  T0->T4 (ImgPub to SegSubRecv)   : %.3f ms"[m[K,
[1.519s]       |                         [01;35m[K~~~~~~~~~~~~~~~~~~~~~~~~~~~~~~~~~~~~~~~~~~~~~~~~~~~~~~~~[m[K
[1.519s]   130 |                         camera_id.c_str(), msg->header.stamp.sec, [32m[Kmsg->header.stamp.nanosec[m[K, // Using original image pub TS for context
[1.519s]       |                                                                   [32m[K~~~~~~~~~~~~~~~~~~~~~~~~~[m[K
[1.519s]       |                                                                                     [32m[K|[m[K
[1.519s]       |                                                                                     [32m[Kbuiltin_interfaces::msg::Time_<std::allocator<void> >::_nanosec_type {aka unsigned int}[m[K
[1.519s] [01m[K/home/david/yolocpp_ws/src/seg_sub/src/seg_sub.cpp:121:81:[m[K [01;36m[Knote: [m[Kformat string is defined here
[1.519s]   121 |                         "[%s] Latency Breakdown (ms) ImgPub OriginalTS: %ld.[01;36m[K%09ld[m[K\n"
[1.519s]       |                                                                             [01;36m[K~~~~^[m[K
[1.519s]       |                                                                                 [01;36m[K|[m[K
[1.519s]       |                                                                                 [01;36m[Klong int[m[K
[1.519s]       |                                                                             [32m[K%09d[m[K
[1.528s] [01m[K/home/david/yolocpp_ws/src/seg_sub/src/seg_sub.cpp:144:32:[m[K [01;31m[Kerror: [m[Kâ€˜[01m[Kts_image_source_capture[m[Kâ€™ was not declared in this scope
[1.528s]   144 |                             << [01;31m[Kts_image_source_capture[m[K.tv_sec << "," << std::setfill('0') << std::setw(9) << ts_image_source_capture.tv_nsec << ","
[1.528s]       |                                [01;31m[K^~~~~~~~~~~~~~~~~~~~~~~[m[K
[1.539s] [01m[K/home/david/yolocpp_ws/src/seg_sub/src/seg_sub.cpp:145:32:[m[K [01;31m[Kerror: [m[Kâ€˜[01m[Kts_processing_node_entry[m[Kâ€™ was not declared in this scope
[1.539s]   145 |                             << [01;31m[Kts_processing_node_entry[m[K.tv_sec << "," << std::setfill('0') << std::setw(9) << ts_processing_node_entry.tv_nsec << ","
[1.539s]       |                                [01;31m[K^~~~~~~~~~~~~~~~~~~~~~~~[m[K
[1.550s] [01m[K/home/david/yolocpp_ws/src/seg_sub/src/seg_sub.cpp:146:32:[m[K [01;31m[Kerror: [m[Kâ€˜[01m[Kts_processing_node_publish[m[Kâ€™ was not declared in this scope
[1.550s]   146 |                             << [01;31m[Kts_processing_node_publish[m[K.tv_sec << "," << std::setfill('0') << std::setw(9) << ts_processing_node_publish.tv_nsec << ","
[1.550s]       |                                [01;31m[K^~~~~~~~~~~~~~~~~~~~~~~~~~[m[K
[1.560s] [01m[K/home/david/yolocpp_ws/src/seg_sub/src/seg_sub.cpp:147:32:[m[K [01;31m[Kerror: [m[Kâ€˜[01m[Kts_seg_sub_reception[m[Kâ€™ was not declared in this scope
[1.560s]   147 |                             << [01;31m[Kts_seg_sub_reception[m[K.tv_sec << "," << std::setfill('0') << std::setw(9) << ts_seg_sub_reception.tv_nsec << ","
[1.560s]       |                                [01;31m[K^~~~~~~~~~~~~~~~~~~~[m[K
[1.566s] [01m[K/home/david/yolocpp_ws/src/seg_sub/src/seg_sub.cpp:148:32:[m[K [01;31m[Kerror: [m[Kâ€˜[01m[Klat_t1_t2_ms[m[Kâ€™ was not declared in this scope; did you mean â€˜[01m[Klat_total_e2e_ms[m[Kâ€™?
[1.566s]   148 |                             << [01;31m[Klat_t1_t2_ms[m[K << ","
[1.567s]       |                                [01;31m[K^~~~~~~~~~~~[m[K
[1.567s]       |                                [32m[Klat_total_e2e_ms[m[K
[1.573s] [01m[K/home/david/yolocpp_ws/src/seg_sub/src/seg_sub.cpp:149:32:[m[K [01;31m[Kerror: [m[Kâ€˜[01m[Klat_t2_t3_ms[m[Kâ€™ was not declared in this scope
[1.573s]   149 |                             << [01;31m[Klat_t2_t3_ms[m[K << ","
[1.573s]       |                                [01;31m[K^~~~~~~~~~~~[m[K
[1.579s] [01m[K/home/david/yolocpp_ws/src/seg_sub/src/seg_sub.cpp:150:32:[m[K [01;31m[Kerror: [m[Kâ€˜[01m[Klat_t3_t4_ms[m[Kâ€™ was not declared in this scope
[1.579s]   150 |                             << [01;31m[Klat_t3_t4_ms[m[K << ","
[1.579s]       |                                [01;31m[K^~~~~~~~~~~~[m[K
[1.588s] [01m[K/home/david/yolocpp_ws/src/seg_sub/src/seg_sub.cpp:151:32:[m[K [01;31m[Kerror: [m[Kâ€˜[01m[Klat_t1_t4_ms_total[m[Kâ€™ was not declared in this scope
[1.588s]   151 |                             << [01;31m[Klat_t1_t4_ms_total[m[K;
[1.588s]       |                                [01;31m[K^~~~~~~~~~~~~~~~~~[m[K
[2.986s] gmake[2]: *** [CMakeFiles/seg_sub_node.dir/build.make:76: CMakeFiles/seg_sub_node.dir/src/seg_sub.cpp.o] Error 1
[2.986s] gmake[1]: *** [CMakeFiles/Makefile2:165: CMakeFiles/seg_sub_node.dir/all] Error 2
[2.986s] gmake: *** [Makefile:146: all] Error 2
[2.990s] Invoked command in '/home/david/yolocpp_ws/build/seg_sub' returned '2': CMAKE_PREFIX_PATH=/home/david/yolocpp_ws/install/yolo_custom_interfaces:/home/david/yolocpp_ws/install/zoe_bringup:/home/david/yolocpp_ws/install/yolocpp:/home/david/yolocpp_ws/install/tensorrt_yolo:/home/david/yolocpp_ws/install/seg_sub:/home/david/yolocpp_ws/install/pylon_instant_camera:/home/david/yolocpp_ws/install/image_directory_publisher:/home/david/yolocpp_ws/install/bboxes_ex_msgs:/opt/ros/humble LD_LIBRARY_PATH=/home/david/yolocpp_ws/install/yolo_custom_interfaces/lib:/home/david/yolocpp_ws/install/pylon_instant_camera/lib:/home/david/yolocpp_ws/install/image_directory_publisher/lib:/home/david/yolocpp_ws/install/bboxes_ex_msgs/lib:/opt/pylon/lib:/opt/ros/humble/opt/rviz_ogre_vendor/lib:/opt/ros/humble/lib/x86_64-linux-gnu:/opt/ros/humble/lib:/usr/local/cuda/lib64:/usr/local/cuda-11.2/lib64:/usr/local/cuda-11.2/lib64:/home/david/onnxruntime-linux-x64-gpu-1.22.0/lib PROMPT_COMMAND=echo -n \[$(date +%H:%M:%S)\]\ /home/david/.local/bin/cmake --build /home/david/yolocpp_ws/build/seg_sub -- -j32 -l32
