[0.006s] Invoking command in '/home/david/yolocpp_ws/build/seg_sub': AMENT_PREFIX_PATH=/home/david/yolocpp_ws/install/yolo_custom_interfaces:${AMENT_PREFIX_PATH} CMAKE_PREFIX_PATH=/home/david/yolocpp_ws/install/yolo_custom_interfaces:/opt/ros/humble LD_LIBRARY_PATH=/home/david/yolocpp_ws/install/yolo_custom_interfaces/lib:/usr/local/cuda-12.9/lib64:/usr/local/cuda-12.9/lib64:/opt/pylon/lib:/opt/ros/humble/opt/rviz_ogre_vendor/lib:/opt/ros/humble/lib/x86_64-linux-gnu:/opt/ros/humble/lib:/usr/local/cuda/lib64:/usr/local/cuda-11.2/lib64:/usr/local/cuda-11.2/lib64:/home/david/onnxruntime-linux-x64-gpu-1.22.0/lib PROMPT_COMMAND=echo -n \[$(date +%H:%M:%S)\]\ PYTHONPATH=/home/david/yolocpp_ws/install/yolo_custom_interfaces/local/lib/python3.10/dist-packages:${PYTHONPATH} /home/david/.local/bin/cmake --build /home/david/yolocpp_ws/build/seg_sub -- -j32 -l32
[0.053s] [ 33%] Built target chrono
[0.063s] [35m[1mConsolidate compiler generated dependencies of target seg_sub_yolo_node[0m
[0.073s] [ 66%] Built target seg_sub_pid_node
[0.077s] [ 83%] [32mBuilding CXX object CMakeFiles/seg_sub_yolo_node.dir/src/seg_sub_yolo.cpp.o[0m
[1.459s] [01m[K/home/david/yolocpp_ws/src/seg_sub/src/seg_sub_yolo.cpp:740:80:[m[K [01;31m[Kerror: [m[Kexpected â€˜[01m[K;[m[Kâ€™ at end of member declaration
[1.459s]   740 |     const yolo_custom_interfaces::msg::InstanceSegmentationInfo::SharedPtr& msg[01;31m[K)[m[K
[1.459s]       |                                                                                [01;31m[K^[m[K
[1.459s]       |                                                                                 [32m[K;[m[K
[1.462s] [01m[K/home/david/yolocpp_ws/src/seg_sub/src/seg_sub_yolo.cpp:745:9:[m[K [01;31m[Kerror: [m[Kâ€˜[01m[Kanomalous_images_path_[m[Kâ€™ does not name a type
[1.462s]   745 |         [01;31m[Kanomalous_images_path_[m[K = "/home/david/yolocpp_ws/anomalous_frames/";
[1.462s]       |         [01;31m[K^~~~~~~~~~~~~~~~~~~~~~[m[K
[1.462s] In file included from [01m[K/opt/ros/humble/include/rclcpp/rclcpp/client.hpp:40[m[K,
[1.462s]                  from [01m[K/opt/ros/humble/include/rclcpp/rclcpp/callback_group.hpp:24[m[K,
[1.462s]                  from [01m[K/opt/ros/humble/include/rclcpp/rclcpp/any_executable.hpp:20[m[K,
[1.462s]                  from [01m[K/opt/ros/humble/include/rclcpp/rclcpp/memory_strategy.hpp:25[m[K,
[1.462s]                  from [01m[K/opt/ros/humble/include/rclcpp/rclcpp/memory_strategies.hpp:18[m[K,
[1.462s]                  from [01m[K/opt/ros/humble/include/rclcpp/rclcpp/executor_options.hpp:20[m[K,
[1.462s]                  from [01m[K/opt/ros/humble/include/rclcpp/rclcpp/executor.hpp:37[m[K,
[1.462s]                  from [01m[K/opt/ros/humble/include/rclcpp/rclcpp/executors/multi_threaded_executor.hpp:25[m[K,
[1.462s]                  from [01m[K/opt/ros/humble/include/rclcpp/rclcpp/executors.hpp:21[m[K,
[1.462s]                  from [01m[K/opt/ros/humble/include/rclcpp/rclcpp/rclcpp.hpp:155[m[K,
[1.462s]                  from [01m[K/home/david/yolocpp_ws/src/seg_sub/src/seg_sub_yolo.cpp:1[m[K:
[1.462s] [01m[K/home/david/yolocpp_ws/src/seg_sub/src/seg_sub_yolo.cpp:749:9:[m[K [01;31m[Kerror: [m[Kexpected unqualified-id before â€˜[01m[Kdo[m[Kâ€™
[1.462s]   749 |         [01;31m[KRCLCPP_INFO[m[K(this->get_logger(), "[%s] Saving anomalous frame image to %s (MsgT1: %u.%09u)",
[1.462s]       |         [01;31m[K^~~~~~~~~~~[m[K
[1.462s] [01m[K/home/david/yolocpp_ws/src/seg_sub/src/seg_sub_yolo.cpp:749:9:[m[K [01;31m[Kerror: [m[Kexpected unqualified-id before â€˜[01m[Kwhile[m[Kâ€™
[1.462s]   749 |         [01;31m[KRCLCPP_INFO[m[K(this->get_logger(), "[%s] Saving anomalous frame image to %s (MsgT1: %u.%09u)",
[1.462s]       |         [01;31m[K^~~~~~~~~~~[m[K
[1.462s] [01m[K/home/david/yolocpp_ws/src/seg_sub/src/seg_sub_yolo.cpp:751:9:[m[K [01;31m[Kerror: [m[Kexpected unqualified-id before â€˜[01m[Ktry[m[Kâ€™
[1.462s]   751 |         [01;31m[Ktry[m[K {
[1.462s]       |         [01;31m[K^~~[m[K
[1.462s] [01m[K/home/david/yolocpp_ws/src/seg_sub/src/seg_sub_yolo.cpp:758:11:[m[K [01;31m[Kerror: [m[Kexpected unqualified-id before â€˜[01m[Kcatch[m[Kâ€™
[1.462s]   758 |         } [01;31m[Kcatch[m[K (const cv::Exception& ex) {
[1.462s]       |           [01;31m[K^~~~~[m[K
[1.463s] [01m[K/home/david/yolocpp_ws/src/seg_sub/src/seg_sub_yolo.cpp:761:6:[m[K [01;31m[Kerror: [m[Kexpected â€˜[01m[K;[m[Kâ€™ after class definition
[1.463s]   761 |     }
[1.463s]       |      [01;31m[K^[m[K
[1.463s]       |      [32m[K;[m[K
[1.468s] [01m[K/home/david/yolocpp_ws/src/seg_sub/src/seg_sub_yolo.cpp:742:60:[m[K [01;31m[Kerror: [m[Kâ€˜[01m[Kinstance_id_mask[m[Kâ€™ was not declared in this scope
[1.469s]   742 |         cv::Mat colored_mask_display = create_colored_mask([01;31m[Kinstance_id_mask[m[K, classes, scores, camera_id);
[1.469s]       |                                                            [01;31m[K^~~~~~~~~~~~~~~~[m[K
[1.472s] [01m[K/home/david/yolocpp_ws/src/seg_sub/src/seg_sub_yolo.cpp:742:78:[m[K [01;31m[Kerror: [m[Kâ€˜[01m[Kclasses[m[Kâ€™ was not declared in this scope; did you mean â€˜[01m[Kclass[m[Kâ€™?
[1.472s]   742 |         cv::Mat colored_mask_display = create_colored_mask(instance_id_mask, [01;31m[Kclasses[m[K, scores, camera_id);
[1.472s]       |                                                                              [01;31m[K^~~~~~~[m[K
[1.472s]       |                                                                              [32m[Kclass[m[K
[1.475s] [01m[K/home/david/yolocpp_ws/src/seg_sub/src/seg_sub_yolo.cpp:742:87:[m[K [01;31m[Kerror: [m[Kâ€˜[01m[Kscores[m[Kâ€™ was not declared in this scope
[1.475s]   742 |        cv::Mat colored_mask_display = create_colored_mask(instance_id_mask, classes, [01;31m[Kscores[m[K, camera_id);
[1.475s]       |                                                                                      [01;31m[K^~~~~~[m[K
[1.475s] 
[1.479s] [01m[K/home/david/yolocpp_ws/src/seg_sub/src/seg_sub_yolo.cpp:742:95:[m[K [01;31m[Kerror: [m[Kâ€˜[01m[Kcamera_id[m[Kâ€™ was not declared in this scope
[1.479s]   742 | v::Mat colored_mask_display = create_colored_mask(instance_id_mask, classes, scores, [01;31m[Kcamera_id[m[K);
[1.479s]       |                                                                                      [01;31m[K^~~~~~~~~[m[K
[1.479s] 
[1.486s] [01m[K/home/david/yolocpp_ws/src/seg_sub/src/seg_sub_yolo.cpp:742:40:[m[K [01;31m[Kerror: [m[Kâ€˜[01m[Kcreate_colored_mask[m[Kâ€™ was not declared in this scope
[1.486s]   742 |         cv::Mat colored_mask_display = [01;31m[Kcreate_colored_mask[m[K(instance_id_mask, classes, scores, camera_id);
[1.486s]       |                                        [01;31m[K^~~~~~~~~~~~~~~~~~~[m[K
[1.493s] [01m[K/home/david/yolocpp_ws/src/seg_sub/src/seg_sub_yolo.cpp:746:38:[m[K [01;31m[Kerror: [m[Kâ€˜[01m[Kanomalous_images_path_[m[Kâ€™ was not declared in this scope
[1.494s]   746 |         std::string image_filename = [01;31m[Kanomalous_images_path_[m[K +
[1.494s]       |                                      [01;31m[K^~~~~~~~~~~~~~~~~~~~~~[m[K
[1.498s] [01m[K/home/david/yolocpp_ws/src/seg_sub/src/seg_sub_yolo.cpp:747:38:[m[K [01;31m[Kerror: [m[Kâ€˜[01m[Kcamera_id[m[Kâ€™ was not declared in this scope
[1.498s]   747 |                                      [01;31m[Kcamera_id[m[K + "_" + std::to_string(packet_seq_num) + ".png";
[1.498s]       |                                      [01;31m[K^~~~~~~~~[m[K
[1.503s] [01m[K/home/david/yolocpp_ws/src/seg_sub/src/seg_sub_yolo.cpp:747:71:[m[K [01;31m[Kerror: [m[Kâ€˜[01m[Kpacket_seq_num[m[Kâ€™ was not declared in this scope
[1.503s]   747 |                                      camera_id + "_" + std::to_string([01;31m[Kpacket_seq_num[m[K) + ".png";
[1.503s]       |                                                                       [01;31m[K^~~~~~~~~~~~~~[m[K
[1.503s] [01m[K/home/david/yolocpp_ws/src/seg_sub/src/seg_sub_yolo.cpp:[m[K In constructor â€˜[01m[KFrequencySubscriber::FrequencySubscriber()[m[Kâ€™:
[1.503s] [01m[K/home/david/yolocpp_ws/src/seg_sub/src/seg_sub_yolo.cpp:81:48:[m[K [01;31m[Kerror: [m[Kclass â€˜[01m[KFrequencySubscriber[m[Kâ€™ does not have any field named â€˜[01m[Kstop_csv_writer_thread_[m[Kâ€™
[1.503s]    81 |         : Node("result_frequency_subscriber"), [01;31m[Kstop_csv_writer_thread_[m[K(false)
[1.503s]       |                                                [01;31m[K^~~~~~~~~~~~~~~~~~~~~~~[m[K
[1.510s] [01m[K/home/david/yolocpp_ws/src/seg_sub/src/seg_sub_yolo.cpp:85:9:[m[K [01;31m[Kerror: [m[Kâ€˜[01m[Kcsv_writer_thread_[m[Kâ€™ was not declared in this scope
[1.510s]    85 |         [01;31m[Kcsv_writer_thread_[m[K = std::thread(&FrequencySubscriber::csvWriterLoop, this);
[1.510s]       |         [01;31m[K^~~~~~~~~~~~~~~~~~[m[K
[1.517s] [01m[K/home/david/yolocpp_ws/src/seg_sub/src/seg_sub_yolo.cpp:[m[K In lambda function:
[1.517s] [01m[K/home/david/yolocpp_ws/src/seg_sub/src/seg_sub_yolo.cpp:105:40:[m[K [01;31m[Kerror: [m[Kâ€˜[01m[Ktarget_width_[m[Kâ€™ was not declared in this scope; did you mean â€˜[01m[Ktarget_size[m[Kâ€™?
[1.517s]   105 |             const cv::Size target_size([01;31m[Ktarget_width_[m[K, target_height_);
[1.517s]       |                                        [01;31m[K^~~~~~~~~~~~~[m[K
[1.517s]       |                                        [32m[Ktarget_size[m[K
[1.522s] [01m[K/home/david/yolocpp_ws/src/seg_sub/src/seg_sub_yolo.cpp:105:55:[m[K [01;31m[Kerror: [m[Kâ€˜[01m[Ktarget_height_[m[Kâ€™ was not declared in this scope
[1.522s]   105 |             const cv::Size target_size(target_width_, [01;31m[Ktarget_height_[m[K);
[1.522s]       |                                                       [01;31m[K^~~~~~~~~~~~~~[m[K
[1.531s] [01m[K/home/david/yolocpp_ws/src/seg_sub/src/seg_sub_yolo.cpp:197:50:[m[K [01;31m[Kerror: [m[Kâ€˜[01m[Kbatch_spread_data_mutex_[m[Kâ€™ was not declared in this scope
[1.531s]   197 |                 std::lock_guard<std::mutex> lock([01;31m[Kbatch_spread_data_mutex_[m[K);
[1.531s]       |                                                  [01;31m[K^~~~~~~~~~~~~~~~~~~~~~~~[m[K
[1.539s] [01m[K/home/david/yolocpp_ws/src/seg_sub/src/seg_sub_yolo.cpp:200:17:[m[K [01;31m[Kerror: [m[Kâ€˜[01m[Kreceived_batch_t0_timestamps_[m[Kâ€™ was not declared in this scope
[1.539s]   200 |                 [01;31m[Kreceived_batch_t0_timestamps_[m[K[packet_seq_num][camera_id] = ts_t0_img_pub;
[1.539s]       |                 [01;31m[K^~~~~~~~~~~~~~~~~~~~~~~~~~~~~[m[K
[1.547s] [01m[K/home/david/yolocpp_ws/src/seg_sub/src/seg_sub_yolo.cpp:201:17:[m[K [01;31m[Kerror: [m[Kâ€˜[01m[Kreceived_batch_t1_timestamps_[m[Kâ€™ was not declared in this scope
[1.547s]   201 |                 [01;31m[Kreceived_batch_t1_timestamps_[m[K[packet_seq_num][camera_id] = ts_t1_segnode_cb_entry;
[1.547s]       |                 [01;31m[K^~~~~~~~~~~~~~~~~~~~~~~~~~~~~[m[K
[1.555s] [01m[K/home/david/yolocpp_ws/src/seg_sub/src/seg_sub_yolo.cpp:202:17:[m[K [01;31m[Kerror: [m[Kâ€˜[01m[Kreceived_batch_t2_timestamps_[m[Kâ€™ was not declared in this scope
[1.555s]   202 |                 [01;31m[Kreceived_batch_t2_timestamps_[m[K[packet_seq_num][camera_id] = ts_t2_segnode_batch_start;
[1.555s]       |                 [01;31m[K^~~~~~~~~~~~~~~~~~~~~~~~~~~~~[m[K
[1.564s] [01m[K/home/david/yolocpp_ws/src/seg_sub/src/seg_sub_yolo.cpp:203:17:[m[K [01;31m[Kerror: [m[Kâ€˜[01m[Kreceived_batch_t2a_timestamps_[m[Kâ€™ was not declared in this scope
[1.564s]   203 |                 [01;31m[Kreceived_batch_t2a_timestamps_[m[K[packet_seq_num][camera_id] = ts_t2a_inference_start;
[1.564s]       |                 [01;31m[K^~~~~~~~~~~~~~~~~~~~~~~~~~~~~~[m[K
[1.572s] [01m[K/home/david/yolocpp_ws/src/seg_sub/src/seg_sub_yolo.cpp:204:17:[m[K [01;31m[Kerror: [m[Kâ€˜[01m[Kreceived_batch_t2b_timestamps_[m[Kâ€™ was not declared in this scope
[1.572s]   204 |                 [01;31m[Kreceived_batch_t2b_timestamps_[m[K[packet_seq_num][camera_id] = ts_t2b_inference_end;
[1.572s]       |                 [01;31m[K^~~~~~~~~~~~~~~~~~~~~~~~~~~~~~[m[K
[1.580s] [01m[K/home/david/yolocpp_ws/src/seg_sub/src/seg_sub_yolo.cpp:205:17:[m[K [01;31m[Kerror: [m[Kâ€˜[01m[Kreceived_batch_t3_timestamps_[m[Kâ€™ was not declared in this scope
[1.580s]   205 |                 [01;31m[Kreceived_batch_t3_timestamps_[m[K[packet_seq_num][camera_id] = ts_t3_segnode_res_pub;
[1.580s]       |                 [01;31m[K^~~~~~~~~~~~~~~~~~~~~~~~~~~~~[m[K
[1.589s] [01m[K/home/david/yolocpp_ws/src/seg_sub/src/seg_sub_yolo.cpp:206:17:[m[K [01;31m[Kerror: [m[Kâ€˜[01m[Kreceived_batch_t4_timestamps_[m[Kâ€™ was not declared in this scope
[1.589s]   206 |                 [01;31m[Kreceived_batch_t4_timestamps_[m[K[packet_seq_num][camera_id] = ts_t4_segsub_res_recv;
[1.589s]       |                 [01;31m[K^~~~~~~~~~~~~~~~~~~~~~~~~~~~~[m[K
[1.605s] [01m[K/home/david/yolocpp_ws/src/seg_sub/src/seg_sub_yolo.cpp:236:87:[m[K [01;31m[Kerror: [m[Kâ€˜[01m[Kbatch_t0_spread_ms_[m[Kâ€™ was not declared in this scope; did you mean â€˜[01m[Kt0_spread_ms[m[Kâ€™?
[1.605s]   236 |                calculate_stage_spread(packet_seq_num, received_batch_t0_timestamps_, [01;31m[Kbatch_t0_spread_ms_[m[K, t0_spread_ms, t0_spread_calculated_this_call);
[1.605s]       |                                                                                      [01;31m[K^~~~~~~~~~~~~~~~~~~[m[K
[1.605s]       |                                                                                      [32m[Kt0_spread_ms[m[K
[1.611s] [01m[K/home/david/yolocpp_ws/src/seg_sub/src/seg_sub_yolo.cpp:237:87:[m[K [01;31m[Kerror: [m[Kâ€˜[01m[Kbatch_t1_spread_ms_[m[Kâ€™ was not declared in this scope; did you mean â€˜[01m[Kt1_spread_ms[m[Kâ€™?
[1.612s]   237 |                calculate_stage_spread(packet_seq_num, received_batch_t1_timestamps_, [01;31m[Kbatch_t1_spread_ms_[m[K, t1_spread_ms, t1_spread_calculated_this_call);
[1.612s]       |                                                                                      [01;31m[K^~~~~~~~~~~~~~~~~~~[m[K
[1.612s]       |                                                                                      [32m[Kt1_spread_ms[m[K
[1.618s] [01m[K/home/david/yolocpp_ws/src/seg_sub/src/seg_sub_yolo.cpp:238:87:[m[K [01;31m[Kerror: [m[Kâ€˜[01m[Kbatch_t2_spread_ms_[m[Kâ€™ was not declared in this scope; did you mean â€˜[01m[Kt2_spread_ms[m[Kâ€™?
[1.618s]   238 |                calculate_stage_spread(packet_seq_num, received_batch_t2_timestamps_, [01;31m[Kbatch_t2_spread_ms_[m[K, t2_spread_ms, t2_spread_calculated_this_call);
[1.618s]       |                                                                                      [01;31m[K^~~~~~~~~~~~~~~~~~~[m[K
[1.618s]       |                                                                                      [32m[Kt2_spread_ms[m[K
[1.624s] [01m[K/home/david/yolocpp_ws/src/seg_sub/src/seg_sub_yolo.cpp:239:88:[m[K [01;31m[Kerror: [m[Kâ€˜[01m[Kbatch_t2a_spread_ms_[m[Kâ€™ was not declared in this scope; did you mean â€˜[01m[Kt2a_spread_ms[m[Kâ€™?
[1.624s]   239 |               calculate_stage_spread(packet_seq_num, received_batch_t2a_timestamps_, [01;31m[Kbatch_t2a_spread_ms_[m[K, t2a_spread_ms, t2a_spread_calculated_this_call);
[1.625s]       |                                                                                      [01;31m[K^~~~~~~~~~~~~~~~~~~~[m[K
[1.625s]       |                                                                                      [32m[Kt2a_spread_ms[m[K
[1.631s] [01m[K/home/david/yolocpp_ws/src/seg_sub/src/seg_sub_yolo.cpp:240:88:[m[K [01;31m[Kerror: [m[Kâ€˜[01m[Kbatch_t2b_spread_ms_[m[Kâ€™ was not declared in this scope; did you mean â€˜[01m[Kt2b_spread_ms[m[Kâ€™?
[1.631s]   240 |               calculate_stage_spread(packet_seq_num, received_batch_t2b_timestamps_, [01;31m[Kbatch_t2b_spread_ms_[m[K, t2b_spread_ms, t2b_spread_calculated_this_call);
[1.631s]       |                                                                                      [01;31m[K^~~~~~~~~~~~~~~~~~~~[m[K
[1.631s]       |                                                                                      [32m[Kt2b_spread_ms[m[K
[1.637s] [01m[K/home/david/yolocpp_ws/src/seg_sub/src/seg_sub_yolo.cpp:241:87:[m[K [01;31m[Kerror: [m[Kâ€˜[01m[Kbatch_t3_spread_ms_[m[Kâ€™ was not declared in this scope; did you mean â€˜[01m[Kt3_spread_ms[m[Kâ€™?
[1.638s]   241 |                calculate_stage_spread(packet_seq_num, received_batch_t3_timestamps_, [01;31m[Kbatch_t3_spread_ms_[m[K, t3_spread_ms, t3_spread_calculated_this_call);
[1.638s]       |                                                                                      [01;31m[K^~~~~~~~~~~~~~~~~~~[m[K
[1.638s]       |                                                                                      [32m[Kt3_spread_ms[m[K
[1.644s] [01m[K/home/david/yolocpp_ws/src/seg_sub/src/seg_sub_yolo.cpp:242:87:[m[K [01;31m[Kerror: [m[Kâ€˜[01m[Kbatch_t4_spread_ms_[m[Kâ€™ was not declared in this scope; did you mean â€˜[01m[Kt4_spread_ms[m[Kâ€™?
[1.644s]   242 |                calculate_stage_spread(packet_seq_num, received_batch_t4_timestamps_, [01;31m[Kbatch_t4_spread_ms_[m[K, t4_spread_ms, t4_spread_calculated_this_call);
[1.644s]       |                                                                                      [01;31m[K^~~~~~~~~~~~~~~~~~~[m[K
[1.644s]       |                                                                                      [32m[Kt4_spread_ms[m[K
[1.653s] [01m[K/home/david/yolocpp_ws/src/seg_sub/src/seg_sub_yolo.cpp:246:17:[m[K [01;31m[Kerror: [m[Kâ€˜[01m[Kbatch_parallelism_metrics_calculated_[m[Kâ€™ was not declared in this scope
[1.653s]   246 |             if ([01;31m[Kbatch_parallelism_metrics_calculated_[m[K.find(packet_seq_num) == batch_parallelism_metrics_calculated_.end()) {
[1.653s]       |                 [01;31m[K^~~~~~~~~~~~~~~~~~~~~~~~~~~~~~~~~~~~~[m[K
[1.662s] [01m[K/home/david/yolocpp_ws/src/seg_sub/src/seg_sub_yolo.cpp:247:21:[m[K [01;31m[Kerror: [m[Kâ€˜[01m[Kreceived_batch_t2a_timestamps_[m[Kâ€™ was not declared in this scope
[1.662s]   247 |                 if ([01;31m[Kreceived_batch_t2a_timestamps_[m[K[packet_seq_num].count("left") && received_batch_t2a_timestamps_[packet_seq_num].count("front") && received_batch_t2a_timestamps_[packet_seq_num].count("right") &&
[1.662s]       |                     [01;31m[K^~~~~~~~~~~~~~~~~~~~~~~~~~~~~~[m[K
[1.670s] [01m[K/home/david/yolocpp_ws/src/seg_sub/src/seg_sub_yolo.cpp:248:21:[m[K [01;31m[Kerror: [m[Kâ€˜[01m[Kreceived_batch_t2b_timestamps_[m[Kâ€™ was not declared in this scope
[1.670s]   248 |                     [01;31m[Kreceived_batch_t2b_timestamps_[m[K[packet_seq_num].count("left") && received_batch_t2b_timestamps_[packet_seq_num].count("front") && received_batch_t2b_timestamps_[packet_seq_num].count("right")) {
[1.670s]       |                     [01;31m[K^~~~~~~~~~~~~~~~~~~~~~~~~~~~~~[m[K
[1.677s] [01m[K/home/david/yolocpp_ws/src/seg_sub/src/seg_sub_yolo.cpp:288:21:[m[K [01;31m[Kerror: [m[Kâ€˜[01m[Kbatch_sum_individual_inf_dur_ms_[m[Kâ€™ was not declared in this scope; did you mean â€˜[01m[Ksum_individual_inf_dur_ms[m[Kâ€™?
[1.677s]   288 |                     [01;31m[Kbatch_sum_individual_inf_dur_ms_[m[K[packet_seq_num] = sum_individual_inf_dur_ms;
[1.677s]       |                     [01;31m[K^~~~~~~~~~~~~~~~~~~~~~~~~~~~~~~~[m[K
[1.677s]       |                     [32m[Ksum_individual_inf_dur_ms[m[K
[1.685s] [01m[K/home/david/yolocpp_ws/src/seg_sub/src/seg_sub_yolo.cpp:289:21:[m[K [01;31m[Kerror: [m[Kâ€˜[01m[Kbatch_total_inf_span_ms_[m[Kâ€™ was not declared in this scope
[1.685s]   289 |                     [01;31m[Kbatch_total_inf_span_ms_[m[K[packet_seq_num] = total_batch_inf_span_ms;
[1.685s]       |                     [01;31m[K^~~~~~~~~~~~~~~~~~~~~~~~[m[K
[1.692s] [01m[K/home/david/yolocpp_ws/src/seg_sub/src/seg_sub_yolo.cpp:290:21:[m[K [01;31m[Kerror: [m[Kâ€˜[01m[Kbatch_inf_overlap_time_ms_[m[Kâ€™ was not declared in this scope; did you mean â€˜[01m[Kinf_overlap_time_ms[m[Kâ€™?
[1.692s]   290 |                     [01;31m[Kbatch_inf_overlap_time_ms_[m[K[packet_seq_num] = inf_overlap_time_ms;
[1.692s]       |                     [01;31m[K^~~~~~~~~~~~~~~~~~~~~~~~~~[m[K
[1.692s]       |                     [32m[Kinf_overlap_time_ms[m[K
[1.699s] [01m[K/home/david/yolocpp_ws/src/seg_sub/src/seg_sub_yolo.cpp:291:21:[m[K [01;31m[Kerror: [m[Kâ€˜[01m[Kbatch_parallel_overlap_pct_[m[Kâ€™ was not declared in this scope; did you mean â€˜[01m[Kparallel_overlap_pct[m[Kâ€™?
[1.699s]   291 |                     [01;31m[Kbatch_parallel_overlap_pct_[m[K[packet_seq_num] = parallel_overlap_pct;
[1.699s]       |                     [01;31m[K^~~~~~~~~~~~~~~~~~~~~~~~~~~[m[K
[1.699s]       |                     [32m[Kparallel_overlap_pct[m[K
[1.705s] [01m[K/home/david/yolocpp_ws/src/seg_sub/src/seg_sub_yolo.cpp:292:21:[m[K [01;31m[Kerror: [m[Kâ€˜[01m[Kbatch_inf_concurrency_factor_[m[Kâ€™ was not declared in this scope; did you mean â€˜[01m[Kinf_concurrency_factor[m[Kâ€™?
[1.705s]   292 |                     [01;31m[Kbatch_inf_concurrency_factor_[m[K[packet_seq_num] = inf_concurrency_factor;
[1.705s]       |                     [01;31m[K^~~~~~~~~~~~~~~~~~~~~~~~~~~~~[m[K
[1.705s]       |                     [32m[Kinf_concurrency_factor[m[K
[1.712s] [01m[K/home/david/yolocpp_ws/src/seg_sub/src/seg_sub_yolo.cpp:297:45:[m[K [01;31m[Kerror: [m[Kâ€˜[01m[Kbatch_sum_individual_inf_dur_ms_[m[Kâ€™ was not declared in this scope; did you mean â€˜[01m[Ksum_individual_inf_dur_ms[m[Kâ€™?
[1.712s]   297 |                 sum_individual_inf_dur_ms = [01;31m[Kbatch_sum_individual_inf_dur_ms_[m[K[packet_seq_num];
[1.712s]       |                                             [01;31m[K^~~~~~~~~~~~~~~~~~~~~~~~~~~~~~~~[m[K
[1.712s]       |                                             [32m[Ksum_individual_inf_dur_ms[m[K
[1.719s] [01m[K/home/david/yolocpp_ws/src/seg_sub/src/seg_sub_yolo.cpp:298:43:[m[K [01;31m[Kerror: [m[Kâ€˜[01m[Kbatch_total_inf_span_ms_[m[Kâ€™ was not declared in this scope
[1.719s]   298 |                 total_batch_inf_span_ms = [01;31m[Kbatch_total_inf_span_ms_[m[K[packet_seq_num];
[1.719s]       |                                           [01;31m[K^~~~~~~~~~~~~~~~~~~~~~~~[m[K
[1.726s] [01m[K/home/david/yolocpp_ws/src/seg_sub/src/seg_sub_yolo.cpp:299:39:[m[K [01;31m[Kerror: [m[Kâ€˜[01m[Kbatch_inf_overlap_time_ms_[m[Kâ€™ was not declared in this scope; did you mean â€˜[01m[Kinf_overlap_time_ms[m[Kâ€™?
[1.726s]   299 |                 inf_overlap_time_ms = [01;31m[Kbatch_inf_overlap_time_ms_[m[K[packet_seq_num];
[1.726s]       |                                       [01;31m[K^~~~~~~~~~~~~~~~~~~~~~~~~~[m[K
[1.726s]       |                                       [32m[Kinf_overlap_time_ms[m[K
[1.733s] [01m[K/home/david/yolocpp_ws/src/seg_sub/src/seg_sub_yolo.cpp:300:40:[m[K [01;31m[Kerror: [m[Kâ€˜[01m[Kbatch_parallel_overlap_pct_[m[Kâ€™ was not declared in this scope; did you mean â€˜[01m[Kparallel_overlap_pct[m[Kâ€™?
[1.733s]   300 |                 parallel_overlap_pct = [01;31m[Kbatch_parallel_overlap_pct_[m[K[packet_seq_num];
[1.733s]       |                                        [01;31m[K^~~~~~~~~~~~~~~~~~~~~~~~~~~[m[K
[1.733s]       |                                        [32m[Kparallel_overlap_pct[m[K
[1.739s] [01m[K/home/david/yolocpp_ws/src/seg_sub/src/seg_sub_yolo.cpp:301:42:[m[K [01;31m[Kerror: [m[Kâ€˜[01m[Kbatch_inf_concurrency_factor_[m[Kâ€™ was not declared in this scope; did you mean â€˜[01m[Kinf_concurrency_factor[m[Kâ€™?
[1.739s]   301 |                 inf_concurrency_factor = [01;31m[Kbatch_inf_concurrency_factor_[m[K[packet_seq_num];
[1.739s]       |                                          [01;31m[K^~~~~~~~~~~~~~~~~~~~~~~~~~~~~[m[K
[1.739s]       |                                          [32m[Kinf_concurrency_factor[m[K
[1.746s] [01m[K/home/david/yolocpp_ws/src/seg_sub/src/seg_sub_yolo.cpp:314:50:[m[K [01;31m[Kerror: [m[Kâ€˜[01m[Kloss_tracking_mutex_[m[Kâ€™ was not declared in this scope
[1.746s]   314 |                 std::lock_guard<std::mutex> lock([01;31m[Kloss_tracking_mutex_[m[K);
[1.746s]       |                                                  [01;31m[K^~~~~~~~~~~~~~~~~~~~[m[K
[1.754s] [01m[K/home/david/yolocpp_ws/src/seg_sub/src/seg_sub_yolo.cpp:316:22:[m[K [01;31m[Kerror: [m[Kâ€˜[01m[Kfirst_packet_received_flag_[m[Kâ€™ was not declared in this scope
[1.754s]   316 |                 if (![01;31m[Kfirst_packet_received_flag_[m[K[camera_id]) {
[1.754s]       |                      [01;31m[K^~~~~~~~~~~~~~~~~~~~~~~~~~~[m[K
[1.762s] [01m[K/home/david/yolocpp_ws/src/seg_sub/src/seg_sub_yolo.cpp:317:21:[m[K [01;31m[Kerror: [m[Kâ€˜[01m[Klast_received_seq_num_[m[Kâ€™ was not declared in this scope
[1.762s]   317 |                     [01;31m[Klast_received_seq_num_[m[K[camera_id] = current_seq_num;
[1.762s]       |                     [01;31m[K^~~~~~~~~~~~~~~~~~~~~~[m[K
[1.769s] [01m[K/home/david/yolocpp_ws/src/seg_sub/src/seg_sub_yolo.cpp:320:44:[m[K [01;31m[Kerror: [m[Kâ€˜[01m[Klast_received_seq_num_[m[Kâ€™ was not declared in this scope
[1.769s]   320 |                     if (current_seq_num == [01;31m[Klast_received_seq_num_[m[K[camera_id] + 1) {
[1.769s]       |                                            [01;31m[K^~~~~~~~~~~~~~~~~~~~~~[m[K
[1.777s] [01m[K/home/david/yolocpp_ws/src/seg_sub/src/seg_sub_yolo.cpp:325:25:[m[K [01;31m[Kerror: [m[Kâ€˜[01m[Klost_packets_total_count_[m[Kâ€™ was not declared in this scope
[1.777s]   325 |                         [01;31m[Klost_packets_total_count_[m[K[camera_id] += lost_count_since_last;
[1.777s]       |                         [01;31m[K^~~~~~~~~~~~~~~~~~~~~~~~~[m[K
[1.785s] [01m[K/home/david/yolocpp_ws/src/seg_sub/src/seg_sub_yolo.cpp:333:21:[m[K [01;31m[Kerror: [m[Kâ€˜[01m[Klast_received_seq_num_[m[Kâ€™ was not declared in this scope
[1.785s]   333 |                     [01;31m[Klast_received_seq_num_[m[K[camera_id] = current_seq_num;
[1.785s]       |                     [01;31m[K^~~~~~~~~~~~~~~~~~~~~~[m[K
[1.800s] [01m[K/home/david/yolocpp_ws/src/seg_sub/src/seg_sub_yolo.cpp:427:50:[m[K [01;31m[Kerror: [m[Kâ€˜[01m[Kloss_tracking_mutex_[m[Kâ€™ was not declared in this scope
[1.800s]   427 |                 std::lock_guard<std::mutex> lock([01;31m[Kloss_tracking_mutex_[m[K);
[1.800s]       |                                                  [01;31m[K^~~~~~~~~~~~~~~~~~~~[m[K
[1.808s] [01m[K/home/david/yolocpp_ws/src/seg_sub/src/seg_sub_yolo.cpp:428:20:[m[K [01;31m[Kerror: [m[Kâ€˜[01m[Klost_packets_total_count_[m[Kâ€™ was not declared in this scope
[1.808s]   428 |                 if([01;31m[Klost_packets_total_count_[m[K.count(camera_id)) {
[1.808s]       |                    [01;31m[K^~~~~~~~~~~~~~~~~~~~~~~~~[m[K
[1.814s] [01m[K/home/david/yolocpp_ws/src/seg_sub/src/seg_sub_yolo.cpp:434:50:[m[K [01;31m[Kerror: [m[Kâ€˜[01m[Kcsv_queue_mutex_[m[Kâ€™ was not declared in this scope
[1.814s]   434 |             std::lock_guard<std::mutex> csv_lock([01;31m[Kcsv_queue_mutex_[m[K);
[1.814s]       |                                                  [01;31m[K^~~~~~~~~~~~~~~~[m[K
[1.819s] [01m[K/home/david/yolocpp_ws/src/seg_sub/src/seg_sub_yolo.cpp:435:13:[m[K [01;31m[Kerror: [m[Kâ€˜[01m[Kcsv_data_queue_[m[Kâ€™ was not declared in this scope
[1.819s]   435 |             [01;31m[Kcsv_data_queue_[m[K.push(csv_line_stream.str());
[1.819s]       |             [01;31m[K^~~~~~~~~~~~~~~[m[K
[1.825s] [01m[K/home/david/yolocpp_ws/src/seg_sub/src/seg_sub_yolo.cpp:436:13:[m[K [01;31m[Kerror: [m[Kâ€˜[01m[Kcsv_queue_cv_[m[Kâ€™ was not declared in this scope
[1.825s]   436 |             [01;31m[Kcsv_queue_cv_[m[K.notify_one();
[1.825s]       |             [01;31m[K^~~~~~~~~~~~~[m[K
[1.825s] [01m[K/home/david/yolocpp_ws/src/seg_sub/src/seg_sub_yolo.cpp:439:42:[m[K [01;31m[Kerror: [m[Kâ€˜[01m[Kclass FrequencySubscriber[m[Kâ€™ has no member named â€˜[01m[Kcreate_colored_mask[m[Kâ€™
[1.825s]   439 |             cv::Mat colored_mask = this->[01;31m[Kcreate_colored_mask[m[K(instance_id_mask,msg->scores,msg->classes,camera_id);
[1.825s]       |                                          [01;31m[K^~~~~~~~~~~~~~~~~~~[m[K
[1.831s] [01m[K/home/david/yolocpp_ws/src/seg_sub/src/seg_sub_yolo.cpp:443:50:[m[K [01;31m[Kerror: [m[Kâ€˜[01m[Kvideo_writer_mutex_[m[Kâ€™ was not declared in this scope
[1.831s]   443 |                 std::lock_guard<std::mutex> lock([01;31m[Kvideo_writer_mutex_[m[K);
[1.831s]       |                                                  [01;31m[K^~~~~~~~~~~~~~~~~~~[m[K
[1.836s] [01m[K/home/david/yolocpp_ws/src/seg_sub/src/seg_sub_yolo.cpp:445:17:[m[K [01;31m[Kerror: [m[Kâ€˜[01m[Kframe_buffer_[m[Kâ€™ was not declared in this scope
[1.837s]   445 |                 [01;31m[Kframe_buffer_[m[K[packet_seq_num][camera_id] = colored_mask;
[1.837s]       |                 [01;31m[K^~~~~~~~~~~~~[m[K
[1.842s] [01m[K/home/david/yolocpp_ws/src/seg_sub/src/seg_sub_yolo.cpp:457:26:[m[K [01;31m[Kerror: [m[Kâ€˜[01m[Kvideo_writer_[m[Kâ€™ was not declared in this scope
[1.842s]   457 |                     if (![01;31m[Kvideo_writer_[m[K || !video_writer_->isOpened())
[1.842s]       |                          [01;31m[K^~~~~~~~~~~~~[m[K
[1.849s] [01m[K/home/david/yolocpp_ws/src/seg_sub/src/seg_sub_yolo.cpp:464:29:[m[K [01;31m[Kerror: [m[Kâ€˜[01m[Kvideo_output_path_[m[Kâ€™ was not declared in this scope
[1.849s]   464 |                             [01;31m[Kvideo_output_path_[m[K,
[1.849s]       |                             [01;31m[K^~~~~~~~~~~~~~~~~~[m[K
[1.853s] [01m[K/home/david/yolocpp_ws/src/seg_sub/src/seg_sub_yolo.cpp:466:29:[m[K [01;31m[Kerror: [m[Kâ€˜[01m[KVIDEO_FPS[m[Kâ€™ was not declared in this scope
[1.853s]   466 |                             [01;31m[KVIDEO_FPS[m[K,
[1.853s]       |                             [01;31m[K^~~~~~~~~[m[K
[1.858s] [01m[K/home/david/yolocpp_ws/src/seg_sub/src/seg_sub_yolo.cpp:480:25:[m[K [01;31m[Kerror: [m[Kâ€˜[01m[Kvideo_writer_[m[Kâ€™ was not declared in this scope
[1.858s]   480 |                     if ([01;31m[Kvideo_writer_[m[K && video_writer_->isOpened())
[1.858s]       |                         [01;31m[K^~~~~~~~~~~~~[m[K
[1.864s] [01m[K/home/david/yolocpp_ws/src/seg_sub/src/seg_sub_yolo.cpp:502:56:[m[K [01;31m[Kerror: [m[Kâ€˜[01m[Kmetrics_mutex_[m[Kâ€™ was not declared in this scope
[1.864s]   502 |                 std::lock_guard<std::mutex> stats_lock([01;31m[Kmetrics_mutex_[m[K);
[1.864s]       |                                                        [01;31m[K^~~~~~~~~~~~~~[m[K
[1.869s] [01m[K/home/david/yolocpp_ws/src/seg_sub/src/seg_sub_yolo.cpp:503:48:[m[K [01;31m[Kerror: [m[Kâ€˜[01m[Kall_metrics_[m[Kâ€™ was not declared in this scope
[1.869s]   503 |                 if (!std::isnan(lat_t0_t1_ms)) [01;31m[Kall_metrics_[m[K[camera_id]["T0_T1_ImgPubToCB_ms"].update(lat_t0_t1_ms);
[1.869s]       |                                                [01;31m[K^~~~~~~~~~~~[m[K
[1.874s] [01m[K/home/david/yolocpp_ws/src/seg_sub/src/seg_sub_yolo.cpp:504:48:[m[K [01;31m[Kerror: [m[Kâ€˜[01m[Kall_metrics_[m[Kâ€™ was not declared in this scope
[1.874s]   504 |                 if (!std::isnan(lat_t1_t2_ms)) [01;31m[Kall_metrics_[m[K[camera_id]["T1_T2_CBToBatchStart_ms"].update(lat_t1_t2_ms);
[1.874s]       |                                                [01;31m[K^~~~~~~~~~~~[m[K
[1.879s] [01m[K/home/david/yolocpp_ws/src/seg_sub/src/seg_sub_yolo.cpp:505:49:[m[K [01;31m[Kerror: [m[Kâ€˜[01m[Kall_metrics_[m[Kâ€™ was not declared in this scope
[1.880s]   505 |                 if (!std::isnan(lat_t2_t2a_ms)) [01;31m[Kall_metrics_[m[K[camera_id]["T2_T2a_BatchStartToInfStart_ms"].update(lat_t2_t2a_ms);
[1.880s]       |                                                 [01;31m[K^~~~~~~~~~~~[m[K
[1.885s] [01m[K/home/david/yolocpp_ws/src/seg_sub/src/seg_sub_yolo.cpp:506:50:[m[K [01;31m[Kerror: [m[Kâ€˜[01m[Kall_metrics_[m[Kâ€™ was not declared in this scope
[1.885s]   506 |                 if (!std::isnan(lat_t2a_t2b_ms)) [01;31m[Kall_metrics_[m[K[camera_id]["T2a_T2b_InferenceDuration_ms"].update(lat_t2a_t2b_ms);
[1.885s]       |                                                  [01;31m[K^~~~~~~~~~~~[m[K
[1.890s] [01m[K/home/david/yolocpp_ws/src/seg_sub/src/seg_sub_yolo.cpp:507:49:[m[K [01;31m[Kerror: [m[Kâ€˜[01m[Kall_metrics_[m[Kâ€™ was not declared in this scope
[1.890s]   507 |                 if (!std::isnan(lat_t2b_t3_ms)) [01;31m[Kall_metrics_[m[K[camera_id]["T2b_T3_InfEndToResPub_ms"].update(lat_t2b_t3_ms);
[1.890s]       |                                                 [01;31m[K^~~~~~~~~~~~[m[K
[1.895s] [01m[K/home/david/yolocpp_ws/src/seg_sub/src/seg_sub_yolo.cpp:508:48:[m[K [01;31m[Kerror: [m[Kâ€˜[01m[Kall_metrics_[m[Kâ€™ was not declared in this scope
[1.895s]   508 |                 if (!std::isnan(lat_t3_t4_ms)) [01;31m[Kall_metrics_[m[K[camera_id]["T3_T4_ResPubToRecv_ms"].update(lat_t3_t4_ms);
[1.895s]       |                                                [01;31m[K^~~~~~~~~~~~[m[K
[1.900s] [01m[K/home/david/yolocpp_ws/src/seg_sub/src/seg_sub_yolo.cpp:509:68:[m[K [01;31m[Kerror: [m[Kâ€˜[01m[Kall_metrics_[m[Kâ€™ was not declared in this scope
[1.900s]   509 |                 if (!std::isnan(lat_segnode_cb_to_segsub_recv_ms)) [01;31m[Kall_metrics_[m[K[camera_id]["Cumulative_T1_T4_ms"].update(lat_segnode_cb_to_segsub_recv_ms);
[1.900s]       |                                                                    [01;31m[K^~~~~~~~~~~~[m[K
[1.905s] [01m[K/home/david/yolocpp_ws/src/seg_sub/src/seg_sub_yolo.cpp:510:52:[m[K [01;31m[Kerror: [m[Kâ€˜[01m[Kall_metrics_[m[Kâ€™ was not declared in this scope
[1.905s]   510 |                 if (!std::isnan(lat_total_e2e_ms)) [01;31m[Kall_metrics_[m[K[camera_id]["Cumulative_T0_T4_E2E_ms"].update(lat_total_e2e_ms);
[1.905s]       |                                                    [01;31m[K^~~~~~~~~~~~[m[K
[1.910s] [01m[K/home/david/yolocpp_ws/src/seg_sub/src/seg_sub_yolo.cpp:512:82:[m[K [01;31m[Kerror: [m[Kâ€˜[01m[Kall_metrics_[m[Kâ€™ was not declared in this scope
[1.910s]   512 |                 if (t0_spread_calculated_this_call && !std::isnan(t0_spread_ms)) [01;31m[Kall_metrics_[m[K["batch_global"]["T0_Spread_ms"].update(t0_spread_ms);
[1.910s]       |                                                                                  [01;31m[K^~~~~~~~~~~~[m[K
[1.915s] [01m[K/home/david/yolocpp_ws/src/seg_sub/src/seg_sub_yolo.cpp:513:82:[m[K [01;31m[Kerror: [m[Kâ€˜[01m[Kall_metrics_[m[Kâ€™ was not declared in this scope
[1.915s]   513 |                 if (t1_spread_calculated_this_call && !std::isnan(t1_spread_ms)) [01;31m[Kall_metrics_[m[K["batch_global"]["T1_Spread_ms"].update(t1_spread_ms);
[1.915s]       |                                                                                  [01;31m[K^~~~~~~~~~~~[m[K
[1.920s] [01m[K/home/david/yolocpp_ws/src/seg_sub/src/seg_sub_yolo.cpp:514:82:[m[K [01;31m[Kerror: [m[Kâ€˜[01m[Kall_metrics_[m[Kâ€™ was not declared in this scope
[1.920s]   514 |                 if (t2_spread_calculated_this_call && !std::isnan(t2_spread_ms)) [01;31m[Kall_metrics_[m[K["batch_global"]["T2_Spread_ms"].update(t2_spread_ms);
[1.920s]       |                                                                                  [01;31m[K^~~~~~~~~~~~[m[K
[1.926s] [01m[K/home/david/yolocpp_ws/src/seg_sub/src/seg_sub_yolo.cpp:515:84:[m[K [01;31m[Kerror: [m[Kâ€˜[01m[Kall_metrics_[m[Kâ€™ was not declared in this scope
[1.926s]   515 |                 if (t2a_spread_calculated_this_call && !std::isnan(t2a_spread_ms)) [01;31m[Kall_metrics_[m[K["batch_global"]["T2a_Spread_ms"].update(t2a_spread_ms);
[1.926s]       |                                                                                    [01;31m[K^~~~~~~~~~~~[m[K
[1.931s] [01m[K/home/david/yolocpp_ws/src/seg_sub/src/seg_sub_yolo.cpp:516:84:[m[K [01;31m[Kerror: [m[Kâ€˜[01m[Kall_metrics_[m[Kâ€™ was not declared in this scope
[1.931s]   516 |                 if (t2b_spread_calculated_this_call && !std::isnan(t2b_spread_ms)) [01;31m[Kall_metrics_[m[K["batch_global"]["T2b_Spread_ms"].update(t2b_spread_ms);
[1.931s]       |                                                                                    [01;31m[K^~~~~~~~~~~~[m[K
[1.936s] [01m[K/home/david/yolocpp_ws/src/seg_sub/src/seg_sub_yolo.cpp:517:82:[m[K [01;31m[Kerror: [m[Kâ€˜[01m[Kall_metrics_[m[Kâ€™ was not declared in this scope
[1.936s]   517 |                 if (t3_spread_calculated_this_call && !std::isnan(t3_spread_ms)) [01;31m[Kall_metrics_[m[K["batch_global"]["T3_Spread_ms"].update(t3_spread_ms);
[1.936s]       |                                                                                  [01;31m[K^~~~~~~~~~~~[m[K
[1.941s] [01m[K/home/david/yolocpp_ws/src/seg_sub/src/seg_sub_yolo.cpp:518:82:[m[K [01;31m[Kerror: [m[Kâ€˜[01m[Kall_metrics_[m[Kâ€™ was not declared in this scope
[1.941s]   518 |                 if (t4_spread_calculated_this_call && !std::isnan(t4_spread_ms)) [01;31m[Kall_metrics_[m[K["batch_global"]["T4_Spread_ms"].update(t4_spread_ms);
[1.941s]       |                                                                                  [01;31m[K^~~~~~~~~~~~[m[K
[1.946s] [01m[K/home/david/yolocpp_ws/src/seg_sub/src/seg_sub_yolo.cpp:523:25:[m[K [01;31m[Kerror: [m[Kâ€˜[01m[Kall_metrics_[m[Kâ€™ was not declared in this scope
[1.946s]   523 |                         [01;31m[Kall_metrics_[m[K["batch_global"]["OffsetT0_FrontVsLeft_ms"].update(offset_T0_front_vs_left_ms);
[1.946s]       |                         [01;31m[K^~~~~~~~~~~~[m[K
[1.951s] [01m[K/home/david/yolocpp_ws/src/seg_sub/src/seg_sub_yolo.cpp:526:25:[m[K [01;31m[Kerror: [m[Kâ€˜[01m[Kall_metrics_[m[Kâ€™ was not declared in this scope
[1.951s]   526 |                         [01;31m[Kall_metrics_[m[K["batch_global"]["OffsetT0_RightVsLeft_ms"].update(offset_T0_right_vs_left_ms);
[1.951s]       |                         [01;31m[K^~~~~~~~~~~~[m[K
[1.956s] [01m[K/home/david/yolocpp_ws/src/seg_sub/src/seg_sub_yolo.cpp:532:65:[m[K [01;31m[Kerror: [m[Kâ€˜[01m[Kall_metrics_[m[Kâ€™ was not declared in this scope
[1.956s]   532 |                     if (!std::isnan(sum_individual_inf_dur_ms)) [01;31m[Kall_metrics_[m[K["batch_global"]["SumIndividualInfDur_ms"].update(sum_individual_inf_dur_ms);
[1.956s]       |                                                                 [01;31m[K^~~~~~~~~~~~[m[K
[1.961s] [01m[K/home/david/yolocpp_ws/src/seg_sub/src/seg_sub_yolo.cpp:533:63:[m[K [01;31m[Kerror: [m[Kâ€˜[01m[Kall_metrics_[m[Kâ€™ was not declared in this scope
[1.961s]   533 |                     if (!std::isnan(total_batch_inf_span_ms)) [01;31m[Kall_metrics_[m[K["batch_global"]["TotalBatchInfSpan_ms"].update(total_batch_inf_span_ms);
[1.961s]       |                                                               [01;31m[K^~~~~~~~~~~~[m[K
[1.966s] [01m[K/home/david/yolocpp_ws/src/seg_sub/src/seg_sub_yolo.cpp:534:59:[m[K [01;31m[Kerror: [m[Kâ€˜[01m[Kall_metrics_[m[Kâ€™ was not declared in this scope
[1.966s]   534 |                     if (!std::isnan(inf_overlap_time_ms)) [01;31m[Kall_metrics_[m[K["batch_global"]["InfOverlapTime_ms"].update(inf_overlap_time_ms);
[1.967s]       |                                                           [01;31m[K^~~~~~~~~~~~[m[K
[1.971s] [01m[K/home/david/yolocpp_ws/src/seg_sub/src/seg_sub_yolo.cpp:535:60:[m[K [01;31m[Kerror: [m[Kâ€˜[01m[Kall_metrics_[m[Kâ€™ was not declared in this scope
[1.971s]   535 |                     if (!std::isnan(parallel_overlap_pct)) [01;31m[Kall_metrics_[m[K["batch_global"]["ParallelOverlap_pct"].update(parallel_overlap_pct);
[1.972s]       |                                                            [01;31m[K^~~~~~~~~~~~[m[K
[1.976s] [01m[K/home/david/yolocpp_ws/src/seg_sub/src/seg_sub_yolo.cpp:536:62:[m[K [01;31m[Kerror: [m[Kâ€˜[01m[Kall_metrics_[m[Kâ€™ was not declared in this scope
[1.977s]   536 |                     if (!std::isnan(inf_concurrency_factor)) [01;31m[Kall_metrics_[m[K["batch_global"]["InfConcurrencyFactor"].update(inf_concurrency_factor);
[1.977s]       |                                                              [01;31m[K^~~~~~~~~~~~[m[K
[1.984s] [01m[K/home/david/yolocpp_ws/src/seg_sub/src/seg_sub_yolo.cpp:543:50:[m[K [01;31m[Kerror: [m[Kâ€˜[01m[Kmsg_count_mutex_left_[m[Kâ€™ was not declared in this scope
[1.984s]   543 |                 std::lock_guard<std::mutex> lock([01;31m[Kmsg_count_mutex_left_[m[K);
[1.984s]       |                                                  [01;31m[K^~~~~~~~~~~~~~~~~~~~~[m[K
[1.989s] [01m[K/home/david/yolocpp_ws/src/seg_sub/src/seg_sub_yolo.cpp:544:17:[m[K [01;31m[Kerror: [m[Kâ€˜[01m[Kcount_left_[m[Kâ€™ was not declared in this scope
[1.989s]   544 |                 [01;31m[Kcount_left_[m[K++;
[1.989s]       |                 [01;31m[K^~~~~~~~~~~[m[K
[1.996s] [01m[K/home/david/yolocpp_ws/src/seg_sub/src/seg_sub_yolo.cpp:548:50:[m[K [01;31m[Kerror: [m[Kâ€˜[01m[Kmsg_count_mutex_front_[m[Kâ€™ was not declared in this scope
[1.996s]   548 |                 std::lock_guard<std::mutex> lock([01;31m[Kmsg_count_mutex_front_[m[K);
[1.996s]       |                                                  [01;31m[K^~~~~~~~~~~~~~~~~~~~~~[m[K
[2.001s] [01m[K/home/david/yolocpp_ws/src/seg_sub/src/seg_sub_yolo.cpp:549:17:[m[K [01;31m[Kerror: [m[Kâ€˜[01m[Kcount_front_[m[Kâ€™ was not declared in this scope
[2.002s]   549 |                 [01;31m[Kcount_front_[m[K++;
[2.002s]       |                 [01;31m[K^~~~~~~~~~~~[m[K
[2.009s] [01m[K/home/david/yolocpp_ws/src/seg_sub/src/seg_sub_yolo.cpp:553:50:[m[K [01;31m[Kerror: [m[Kâ€˜[01m[Kmsg_count_mutex_right_[m[Kâ€™ was not declared in this scope
[2.009s]   553 |                 std::lock_guard<std::mutex> lock([01;31m[Kmsg_count_mutex_right_[m[K);
[2.009s]       |                                                  [01;31m[K^~~~~~~~~~~~~~~~~~~~~~[m[K
[2.014s] [01m[K/home/david/yolocpp_ws/src/seg_sub/src/seg_sub_yolo.cpp:554:17:[m[K [01;31m[Kerror: [m[Kâ€˜[01m[Kcount_right_[m[Kâ€™ was not declared in this scope
[2.014s]   554 |                 [01;31m[Kcount_right_[m[K++;
[2.014s]       |                 [01;31m[K^~~~~~~~~~~~[m[K
[2.020s] [01m[K/home/david/yolocpp_ws/src/seg_sub/src/seg_sub_yolo.cpp:[m[K In constructor â€˜[01m[KFrequencySubscriber::FrequencySubscriber()[m[Kâ€™:
[2.020s] [01m[K/home/david/yolocpp_ws/src/seg_sub/src/seg_sub_yolo.cpp:564:9:[m[K [01;31m[Kerror: [m[Kâ€˜[01m[Ksub_left_[m[Kâ€™ was not declared in this scope
[2.020s]   564 |         [01;31m[Ksub_left_[m[K = this->create_subscription<yolo_custom_interfaces::msg::InstanceSegmentationInfo>(
[2.020s]       |         [01;31m[K^~~~~~~~~[m[K
[2.046s] [01m[K/home/david/yolocpp_ws/src/seg_sub/src/seg_sub_yolo.cpp:571:9:[m[K [01;31m[Kerror: [m[Kâ€˜[01m[Ksub_front_[m[Kâ€™ was not declared in this scope
[2.046s]   571 |         [01;31m[Ksub_front_[m[K = this->create_subscription<yolo_custom_interfaces::msg::InstanceSegmentationInfo>(
[2.046s]       |         [01;31m[K^~~~~~~~~~[m[K
[2.051s] [01m[K/home/david/yolocpp_ws/src/seg_sub/src/seg_sub_yolo.cpp:578:9:[m[K [01;31m[Kerror: [m[Kâ€˜[01m[Ksub_right_[m[Kâ€™ was not declared in this scope
[2.051s]   578 |         [01;31m[Ksub_right_[m[K = this->create_subscription<yolo_custom_interfaces::msg::InstanceSegmentationInfo>(
[2.051s]       |         [01;31m[K^~~~~~~~~~[m[K
[2.056s] [01m[K/home/david/yolocpp_ws/src/seg_sub/src/seg_sub_yolo.cpp:585:9:[m[K [01;31m[Kerror: [m[Kâ€˜[01m[Kreport_timer_[m[Kâ€™ was not declared in this scope
[2.056s]   585 |         [01;31m[Kreport_timer_[m[K = this->create_wall_timer(
[2.056s]       |         [01;31m[K^~~~~~~~~~~~~[m[K
[2.056s] [01m[K/home/david/yolocpp_ws/src/seg_sub/src/seg_sub_yolo.cpp:586:49:[m[K [01;31m[Kerror: [m[Kâ€˜[01m[Kreport_metrics[m[Kâ€™ is not a member of â€˜[01m[KFrequencySubscriber[m[Kâ€™
[2.056s]   586 |             5s, std::bind(&FrequencySubscriber::[01;31m[Kreport_metrics[m[K, this));
[2.056s]       |                                                 [01;31m[K^~~~~~~~~~~~~~[m[K
[2.062s] [01m[K/home/david/yolocpp_ws/src/seg_sub/src/seg_sub_yolo.cpp:588:9:[m[K [01;31m[Kerror: [m[Kâ€˜[01m[Klast_report_time_[m[Kâ€™ was not declared in this scope
[2.062s]   588 |         [01;31m[Klast_report_time_[m[K = this->now();
[2.062s]       |         [01;31m[K^~~~~~~~~~~~~~~~~[m[K
[2.070s] [01m[K/home/david/yolocpp_ws/src/seg_sub/src/seg_sub_yolo.cpp:[m[K In destructor â€˜[01m[Kvirtual FrequencySubscriber::~FrequencySubscriber()[m[Kâ€™:
[2.070s] [01m[K/home/david/yolocpp_ws/src/seg_sub/src/seg_sub_yolo.cpp:593:9:[m[K [01;31m[Kerror: [m[Kâ€˜[01m[Kstop_csv_writer_thread_[m[Kâ€™ was not declared in this scope
[2.070s]   593 |         [01;31m[Kstop_csv_writer_thread_[m[K = true;
[2.070s]       |         [01;31m[K^~~~~~~~~~~~~~~~~~~~~~~[m[K
[2.075s] [01m[K/home/david/yolocpp_ws/src/seg_sub/src/seg_sub_yolo.cpp:594:9:[m[K [01;31m[Kerror: [m[Kâ€˜[01m[Kcsv_queue_cv_[m[Kâ€™ was not declared in this scope
[2.075s]   594 |         [01;31m[Kcsv_queue_cv_[m[K.notify_all(); // Notificar al hilo de escritura CSV para que termine
[2.075s]       |         [01;31m[K^~~~~~~~~~~~~[m[K
[2.080s] [01m[K/home/david/yolocpp_ws/src/seg_sub/src/seg_sub_yolo.cpp:596:13:[m[K [01;31m[Kerror: [m[Kâ€˜[01m[Kvideo_writer_[m[Kâ€™ was not declared in this scope
[2.080s]   596 |         if ([01;31m[Kvideo_writer_[m[K && video_writer_->isOpened())
[2.080s]       |             [01;31m[K^~~~~~~~~~~~~[m[K
[2.086s] [01m[K/home/david/yolocpp_ws/src/seg_sub/src/seg_sub_yolo.cpp:603:13:[m[K [01;31m[Kerror: [m[Kâ€˜[01m[Kcsv_writer_thread_[m[Kâ€™ was not declared in this scope
[2.087s]   603 |         if ([01;31m[Kcsv_writer_thread_[m[K.joinable())
[2.087s]       |             [01;31m[K^~~~~~~~~~~~~~~~~~[m[K
[2.096s] [01m[K/home/david/yolocpp_ws/src/seg_sub/src/seg_sub_yolo.cpp:[m[K In member function â€˜[01m[Kvoid FrequencySubscriber::initialize_camera_loss_tracking(const string&)[m[Kâ€™:
[2.096s] [01m[K/home/david/yolocpp_ws/src/seg_sub/src/seg_sub_yolo.cpp:626:13:[m[K [01;31m[Kerror: [m[Kâ€˜[01m[Kfirst_packet_received_flag_[m[Kâ€™ was not declared in this scope
[2.096s]   626 |         if ([01;31m[Kfirst_packet_received_flag_[m[K.find(camera_id) == first_packet_received_flag_.end()) {
[2.096s]       |             [01;31m[K^~~~~~~~~~~~~~~~~~~~~~~~~~~[m[K
[2.102s] [01m[K/home/david/yolocpp_ws/src/seg_sub/src/seg_sub_yolo.cpp:627:46:[m[K [01;31m[Kerror: [m[Kâ€˜[01m[Kloss_tracking_mutex_[m[Kâ€™ was not declared in this scope
[2.103s]   627 |             std::lock_guard<std::mutex> lock([01;31m[Kloss_tracking_mutex_[m[K);
[2.103s]       |                                              [01;31m[K^~~~~~~~~~~~~~~~~~~~[m[K
[2.110s] [01m[K/home/david/yolocpp_ws/src/seg_sub/src/seg_sub_yolo.cpp:630:17:[m[K [01;31m[Kerror: [m[Kâ€˜[01m[Klast_received_seq_num_[m[Kâ€™ was not declared in this scope
[2.110s]   630 |                 [01;31m[Klast_received_seq_num_[m[K[camera_id] = 0; // Se ajustarÃ¡ con el primer paquete real
[2.110s]       |                 [01;31m[K^~~~~~~~~~~~~~~~~~~~~~[m[K
[2.118s] [01m[K/home/david/yolocpp_ws/src/seg_sub/src/seg_sub_yolo.cpp:631:17:[m[K [01;31m[Kerror: [m[Kâ€˜[01m[Klost_packets_total_count_[m[Kâ€™ was not declared in this scope
[2.118s]   631 |                 [01;31m[Klost_packets_total_count_[m[K[camera_id] = 0;
[2.118s]       |                 [01;31m[K^~~~~~~~~~~~~~~~~~~~~~~~~[m[K
[2.125s] [01m[K/home/david/yolocpp_ws/src/seg_sub/src/seg_sub_yolo.cpp:[m[K In member function â€˜[01m[Kvoid FrequencySubscriber::csvWriterLoop()[m[Kâ€™:
[2.125s] [01m[K/home/david/yolocpp_ws/src/seg_sub/src/seg_sub_yolo.cpp:672:51:[m[K [01;31m[Kerror: [m[Kâ€˜[01m[Kcsv_queue_mutex_[m[Kâ€™ was not declared in this scope
[2.125s]   672 |                 std::unique_lock<std::mutex> lock([01;31m[Kcsv_queue_mutex_[m[K);
[2.125s]       |                                                   [01;31m[K^~~~~~~~~~~~~~~~[m[K
[2.130s] [01m[K/home/david/yolocpp_ws/src/seg_sub/src/seg_sub_yolo.cpp:673:17:[m[K [01;31m[Kerror: [m[Kâ€˜[01m[Kcsv_queue_cv_[m[Kâ€™ was not declared in this scope
[2.131s]   673 |                 [01;31m[Kcsv_queue_cv_[m[K.wait(lock, [this] {
[2.131s]       |                 [01;31m[K^~~~~~~~~~~~~[m[K
[2.138s] [01m[K/home/david/yolocpp_ws/src/seg_sub/src/seg_sub_yolo.cpp:[m[K In lambda function:
[2.138s] [01m[K/home/david/yolocpp_ws/src/seg_sub/src/seg_sub_yolo.cpp:674:28:[m[K [01;31m[Kerror: [m[Kâ€˜[01m[Kstop_csv_writer_thread_[m[Kâ€™ was not declared in this scope
[2.138s]   674 |                     return [01;31m[Kstop_csv_writer_thread_[m[K || !csv_data_queue_.empty();
[2.138s]       |                            [01;31m[K^~~~~~~~~~~~~~~~~~~~~~~[m[K
[2.144s] [01m[K/home/david/yolocpp_ws/src/seg_sub/src/seg_sub_yolo.cpp:674:56:[m[K [01;31m[Kerror: [m[Kâ€˜[01m[Kcsv_data_queue_[m[Kâ€™ was not declared in this scope
[2.144s]   674 |                     return stop_csv_writer_thread_ || ![01;31m[Kcsv_data_queue_[m[K.empty();
[2.144s]       |                                                        [01;31m[K^~~~~~~~~~~~~~~[m[K
[2.151s] [01m[K/home/david/yolocpp_ws/src/seg_sub/src/seg_sub_yolo.cpp:[m[K In member function â€˜[01m[Kvoid FrequencySubscriber::csvWriterLoop()[m[Kâ€™:
[2.151s] [01m[K/home/david/yolocpp_ws/src/seg_sub/src/seg_sub_yolo.cpp:677:21:[m[K [01;31m[Kerror: [m[Kâ€˜[01m[Kstop_csv_writer_thread_[m[Kâ€™ was not declared in this scope
[2.151s]   677 |                 if ([01;31m[Kstop_csv_writer_thread_[m[K && csv_data_queue_.empty())
[2.151s]       |                     [01;31m[K^~~~~~~~~~~~~~~~~~~~~~~[m[K
[2.157s] [01m[K/home/david/yolocpp_ws/src/seg_sub/src/seg_sub_yolo.cpp:677:48:[m[K [01;31m[Kerror: [m[Kâ€˜[01m[Kcsv_data_queue_[m[Kâ€™ was not declared in this scope
[2.157s]   677 |                 if (stop_csv_writer_thread_ && [01;31m[Kcsv_data_queue_[m[K.empty())
[2.157s]       |                                                [01;31m[K^~~~~~~~~~~~~~~[m[K
[2.163s] [01m[K/home/david/yolocpp_ws/src/seg_sub/src/seg_sub_yolo.cpp:682:22:[m[K [01;31m[Kerror: [m[Kâ€˜[01m[Kcsv_data_queue_[m[Kâ€™ was not declared in this scope
[2.163s]   682 |                 if (![01;31m[Kcsv_data_queue_[m[K.empty())
[2.163s]       |                      [01;31m[K^~~~~~~~~~~~~~~[m[K
[2.169s] [01m[K/home/david/yolocpp_ws/src/seg_sub/src/seg_sub_yolo.cpp:[m[K In member function â€˜[01m[Kvoid FrequencySubscriber::initialize_colors()[m[Kâ€™:
[2.169s] [01m[K/home/david/yolocpp_ws/src/seg_sub/src/seg_sub_yolo.cpp:703:13:[m[K [01;31m[Kerror: [m[Kâ€˜[01m[Kclass_colors_[m[Kâ€™ was not declared in this scope
[2.169s]   703 |             [01;31m[Kclass_colors_[m[K.push_back(cv::Scalar(255, 0, 0));     // Blue
[2.169s]       |             [01;31m[K^~~~~~~~~~~~~[m[K
[2.169s] [01m[K/home/david/yolocpp_ws/src/seg_sub/src/seg_sub_yolo.cpp:[m[K In function â€˜[01m[Kvoid report_metrics()[m[Kâ€™:
[2.169s] [01m[K/home/david/yolocpp_ws/src/seg_sub/src/seg_sub_yolo.cpp:766:20:[m[K [01;31m[Kerror: [m[Kinvalid use of â€˜[01m[Kthis[m[Kâ€™ in non-member function
[2.169s]   766 |         auto now = [01;31m[Kthis[m[K->now();
[2.169s]       |                    [01;31m[K^~~~[m[K
[2.173s] [01m[K/home/david/yolocpp_ws/src/seg_sub/src/seg_sub_yolo.cpp:767:37:[m[K [01;31m[Kerror: [m[Kâ€˜[01m[Klast_report_time_[m[Kâ€™ was not declared in this scope
[2.173s]   767 |         double elapsed_sec = (now - [01;31m[Klast_report_time_[m[K).seconds();
[2.173s]       |                                     [01;31m[K^~~~~~~~~~~~~~~~~[m[K
[2.177s] [01m[K/home/david/yolocpp_ws/src/seg_sub/src/seg_sub_yolo.cpp:773:46:[m[K [01;31m[Kerror: [m[Kâ€˜[01m[Kmsg_count_mutex_left_[m[Kâ€™ was not declared in this scope
[2.177s]   773 |             std::lock_guard<std::mutex> lock([01;31m[Kmsg_count_mutex_left_[m[K);
[2.177s]       |                                              [01;31m[K^~~~~~~~~~~~~~~~~~~~~[m[K
[2.180s] [01m[K/home/david/yolocpp_ws/src/seg_sub/src/seg_sub_yolo.cpp:774:28:[m[K [01;31m[Kerror: [m[Kâ€˜[01m[Kcount_left_[m[Kâ€™ was not declared in this scope
[2.180s]   774 |             current_left = [01;31m[Kcount_left_[m[K;
[2.180s]       |                            [01;31m[K^~~~~~~~~~~[m[K
[2.185s] [01m[K/home/david/yolocpp_ws/src/seg_sub/src/seg_sub_yolo.cpp:778:46:[m[K [01;31m[Kerror: [m[Kâ€˜[01m[Kmsg_count_mutex_front_[m[Kâ€™ was not declared in this scope
[2.185s]   778 |             std::lock_guard<std::mutex> lock([01;31m[Kmsg_count_mutex_front_[m[K);
[2.185s]       |                                              [01;31m[K^~~~~~~~~~~~~~~~~~~~~~[m[K
[2.188s] [01m[K/home/david/yolocpp_ws/src/seg_sub/src/seg_sub_yolo.cpp:779:29:[m[K [01;31m[Kerror: [m[Kâ€˜[01m[Kcount_front_[m[Kâ€™ was not declared in this scope
[2.188s]   779 |             current_front = [01;31m[Kcount_front_[m[K;
[2.188s]       |                             [01;31m[K^~~~~~~~~~~~[m[K
[2.193s] [01m[K/home/david/yolocpp_ws/src/seg_sub/src/seg_sub_yolo.cpp:783:46:[m[K [01;31m[Kerror: [m[Kâ€˜[01m[Kmsg_count_mutex_right_[m[Kâ€™ was not declared in this scope
[2.193s]   783 |             std::lock_guard<std::mutex> lock([01;31m[Kmsg_count_mutex_right_[m[K);
[2.193s]       |                                              [01;31m[K^~~~~~~~~~~~~~~~~~~~~~[m[K
[2.196s] [01m[K/home/david/yolocpp_ws/src/seg_sub/src/seg_sub_yolo.cpp:784:29:[m[K [01;31m[Kerror: [m[Kâ€˜[01m[Kcount_right_[m[Kâ€™ was not declared in this scope
[2.196s]   784 |             current_right = [01;31m[Kcount_right_[m[K;
[2.196s]       |                             [01;31m[K^~~~~~~~~~~~[m[K
[2.196s] In file included from [01m[K/opt/ros/humble/include/rclcpp/rclcpp/client.hpp:40[m[K,
[2.196s]                  from [01m[K/opt/ros/humble/include/rclcpp/rclcpp/callback_group.hpp:24[m[K,
[2.196s]                  from [01m[K/opt/ros/humble/include/rclcpp/rclcpp/any_executable.hpp:20[m[K,
[2.196s]                  from [01m[K/opt/ros/humble/include/rclcpp/rclcpp/memory_strategy.hpp:25[m[K,
[2.196s]                  from [01m[K/opt/ros/humble/include/rclcpp/rclcpp/memory_strategies.hpp:18[m[K,
[2.196s]                  from [01m[K/opt/ros/humble/include/rclcpp/rclcpp/executor_options.hpp:20[m[K,
[2.196s]                  from [01m[K/opt/ros/humble/include/rclcpp/rclcpp/executor.hpp:37[m[K,
[2.196s]                  from [01m[K/opt/ros/humble/include/rclcpp/rclcpp/executors/multi_threaded_executor.hpp:25[m[K,
[2.196s]                  from [01m[K/opt/ros/humble/include/rclcpp/rclcpp/executors.hpp:21[m[K,
[2.196s]                  from [01m[K/opt/ros/humble/include/rclcpp/rclcpp/rclcpp.hpp:155[m[K,
[2.196s]                  from [01m[K/home/david/yolocpp_ws/src/seg_sub/src/seg_sub_yolo.cpp:1[m[K:
[2.196s] [01m[K/home/david/yolocpp_ws/src/seg_sub/src/seg_sub_yolo.cpp:792:21:[m[K [01;31m[Kerror: [m[Kinvalid use of â€˜[01m[Kthis[m[Kâ€™ in non-member function
[2.196s]   792 |         RCLCPP_INFO([01;31m[Kthis[m[K->get_logger(),
[2.196s]       |                     [01;31m[K^~~~[m[K
[2.196s] [01m[K/home/david/yolocpp_ws/src/seg_sub/src/seg_sub_yolo.cpp:792:21:[m[K [01;31m[Kerror: [m[Kinvalid use of â€˜[01m[Kthis[m[Kâ€™ in non-member function
[2.196s] [01m[K/home/david/yolocpp_ws/src/seg_sub/src/seg_sub_yolo.cpp:792:9:[m[K [01;31m[Kerror: [m[Ktemplate argument 1 is invalid
[2.196s]   792 |         [01;31m[KRCLCPP_INFO[m[K(this->get_logger(),
[2.196s]       |         [01;31m[K^~~~~~~~~~~[m[K
[2.196s] [01m[K/home/david/yolocpp_ws/src/seg_sub/src/seg_sub_yolo.cpp:792:9:[m[K [01;31m[Kerror: [m[Ktemplate argument 1 is invalid
[2.196s]   792 |         [01;31m[KRCLCPP_INFO[m[K(this->get_logger(),
[2.196s]       |         [01;31m[K^~~~~~~~~~~[m[K
[2.196s] [01m[K/home/david/yolocpp_ws/src/seg_sub/src/seg_sub_yolo.cpp:792:9:[m[K [01;31m[Kerror: [m[Ktemplate argument 1 is invalid
[2.196s]   792 |         [01;31m[KRCLCPP_INFO[m[K(this->get_logger(),
[2.196s]       |         [01;31m[K^~~~~~~~~~~[m[K
[2.196s] In file included from [01m[K/opt/ros/humble/include/rclcpp/rclcpp/logging.hpp:24[m[K,
[2.196s]                  from [01m[K/opt/ros/humble/include/rclcpp/rclcpp/client.hpp:40[m[K,
[2.196s]                  from [01m[K/opt/ros/humble/include/rclcpp/rclcpp/callback_group.hpp:24[m[K,
[2.196s]                  from [01m[K/opt/ros/humble/include/rclcpp/rclcpp/any_executable.hpp:20[m[K,
[2.196s]                  from [01m[K/opt/ros/humble/include/rclcpp/rclcpp/memory_strategy.hpp:25[m[K,
[2.196s]                  from [01m[K/opt/ros/humble/include/rclcpp/rclcpp/memory_strategies.hpp:18[m[K,
[2.197s]                  from [01m[K/opt/ros/humble/include/rclcpp/rclcpp/executor_options.hpp:20[m[K,
[2.197s]                  from [01m[K/opt/ros/humble/include/rclcpp/rclcpp/executor.hpp:37[m[K,
[2.197s]                  from [01m[K/opt/ros/humble/include/rclcpp/rclcpp/executors/multi_threaded_executor.hpp:25[m[K,
[2.197s]                  from [01m[K/opt/ros/humble/include/rclcpp/rclcpp/executors.hpp:21[m[K,
[2.197s]                  from [01m[K/opt/ros/humble/include/rclcpp/rclcpp/rclcpp.hpp:155[m[K,
[2.197s]                  from [01m[K/home/david/yolocpp_ws/src/seg_sub/src/seg_sub_yolo.cpp:1[m[K:
[2.197s] [01m[K/home/david/yolocpp_ws/src/seg_sub/src/seg_sub_yolo.cpp:792:21:[m[K [01;31m[Kerror: [m[Kinvalid use of â€˜[01m[Kthis[m[Kâ€™ in non-member function
[2.197s]   792 |         RCLCPP_INFO([01;31m[Kthis[m[K->get_logger(),
[2.197s]       |                     [01;31m[K^~~~[m[K
[2.197s] [01m[K/home/david/yolocpp_ws/src/seg_sub/src/seg_sub_yolo.cpp:792:21:[m[K [01;31m[Kerror: [m[Kinvalid use of â€˜[01m[Kthis[m[Kâ€™ in non-member function
[2.197s]   792 |         RCLCPP_INFO([01;31m[Kthis[m[K->get_logger(),
[2.197s]       |                     [01;31m[K^~~~[m[K
[2.197s] In file included from [01m[K/opt/ros/humble/include/rclcpp/rclcpp/client.hpp:40[m[K,
[2.197s]                  from [01m[K/opt/ros/humble/include/rclcpp/rclcpp/callback_group.hpp:24[m[K,
[2.197s]                  from [01m[K/opt/ros/humble/include/rclcpp/rclcpp/any_executable.hpp:20[m[K,
[2.197s]                  from [01m[K/opt/ros/humble/include/rclcpp/rclcpp/memory_strategy.hpp:25[m[K,
[2.197s]                  from [01m[K/opt/ros/humble/include/rclcpp/rclcpp/memory_strategies.hpp:18[m[K,
[2.197s]                  from [01m[K/opt/ros/humble/include/rclcpp/rclcpp/executor_options.hpp:20[m[K,
[2.197s]                  from [01m[K/opt/ros/humble/include/rclcpp/rclcpp/executor.hpp:37[m[K,
[2.197s]                  from [01m[K/opt/ros/humble/include/rclcpp/rclcpp/executors/multi_threaded_executor.hpp:25[m[K,
[2.197s]                  from [01m[K/opt/ros/humble/include/rclcpp/rclcpp/executors.hpp:21[m[K,
[2.197s]                  from [01m[K/opt/ros/humble/include/rclcpp/rclcpp/rclcpp.hpp:155[m[K,
[2.197s]                  from [01m[K/home/david/yolocpp_ws/src/seg_sub/src/seg_sub_yolo.cpp:1[m[K:
[2.197s] [01m[K/home/david/yolocpp_ws/src/seg_sub/src/seg_sub_yolo.cpp:794:21:[m[K [01;31m[Kerror: [m[Kinvalid use of â€˜[01m[Kthis[m[Kâ€™ in non-member function
[2.197s]   794 |         RCLCPP_INFO([01;31m[Kthis[m[K->get_logger(),
[2.197s]       |                     [01;31m[K^~~~[m[K
[2.197s] [01m[K/home/david/yolocpp_ws/src/seg_sub/src/seg_sub_yolo.cpp:794:21:[m[K [01;31m[Kerror: [m[Kinvalid use of â€˜[01m[Kthis[m[Kâ€™ in non-member function
[2.197s] [01m[K/home/david/yolocpp_ws/src/seg_sub/src/seg_sub_yolo.cpp:794:9:[m[K [01;31m[Kerror: [m[Ktemplate argument 1 is invalid
[2.197s]   794 |         [01;31m[KRCLCPP_INFO[m[K(this->get_logger(),
[2.197s]       |         [01;31m[K^~~~~~~~~~~[m[K
[2.197s] [01m[K/home/david/yolocpp_ws/src/seg_sub/src/seg_sub_yolo.cpp:794:9:[m[K [01;31m[Kerror: [m[Ktemplate argument 1 is invalid
[2.197s]   794 |         [01;31m[KRCLCPP_INFO[m[K(this->get_logger(),
[2.197s]       |         [01;31m[K^~~~~~~~~~~[m[K
[2.197s] [01m[K/home/david/yolocpp_ws/src/seg_sub/src/seg_sub_yolo.cpp:794:9:[m[K [01;31m[Kerror: [m[Ktemplate argument 1 is invalid
[2.197s]   794 |         [01;31m[KRCLCPP_INFO[m[K(this->get_logger(),
[2.197s]       |         [01;31m[K^~~~~~~~~~~[m[K
[2.197s] In file included from [01m[K/opt/ros/humble/include/rclcpp/rclcpp/logging.hpp:24[m[K,
[2.197s]                  from [01m[K/opt/ros/humble/include/rclcpp/rclcpp/client.hpp:40[m[K,
[2.197s]                  from [01m[K/opt/ros/humble/include/rclcpp/rclcpp/callback_group.hpp:24[m[K,
[2.197s]                  from [01m[K/opt/ros/humble/include/rclcpp/rclcpp/any_executable.hpp:20[m[K,
[2.197s]                  from [01m[K/opt/ros/humble/include/rclcpp/rclcpp/memory_strategy.hpp:25[m[K,
[2.197s]                  from [01m[K/opt/ros/humble/include/rclcpp/rclcpp/memory_strategies.hpp:18[m[K,
[2.197s]                  from [01m[K/opt/ros/humble/include/rclcpp/rclcpp/executor_options.hpp:20[m[K,
[2.197s]                  from [01m[K/opt/ros/humble/include/rclcpp/rclcpp/executor.hpp:37[m[K,
[2.197s]                  from [01m[K/opt/ros/humble/include/rclcpp/rclcpp/executors/multi_threaded_executor.hpp:25[m[K,
[2.197s]                  from [01m[K/opt/ros/humble/include/rclcpp/rclcpp/executors.hpp:21[m[K,
[2.197s]                  from [01m[K/opt/ros/humble/include/rclcpp/rclcpp/rclcpp.hpp:155[m[K,
[2.197s]                  from [01m[K/home/david/yolocpp_ws/src/seg_sub/src/seg_sub_yolo.cpp:1[m[K:
[2.197s] [01m[K/home/david/yolocpp_ws/src/seg_sub/src/seg_sub_yolo.cpp:794:21:[m[K [01;31m[Kerror: [m[Kinvalid use of â€˜[01m[Kthis[m[Kâ€™ in non-member function
[2.197s]   794 |         RCLCPP_INFO([01;31m[Kthis[m[K->get_logger(),
[2.197s]       |                     [01;31m[K^~~~[m[K
[2.197s] [01m[K/home/david/yolocpp_ws/src/seg_sub/src/seg_sub_yolo.cpp:794:21:[m[K [01;31m[Kerror: [m[Kinvalid use of â€˜[01m[Kthis[m[Kâ€™ in non-member function
[2.197s]   794 |         RCLCPP_INFO([01;31m[Kthis[m[K->get_logger(),
[2.197s]       |                     [01;31m[K^~~~[m[K
[2.197s] In file included from [01m[K/opt/ros/humble/include/rclcpp/rclcpp/client.hpp:40[m[K,
[2.198s]                  from [01m[K/opt/ros/humble/include/rclcpp/rclcpp/callback_group.hpp:24[m[K,
[2.198s]                  from [01m[K/opt/ros/humble/include/rclcpp/rclcpp/any_executable.hpp:20[m[K,
[2.198s]                  from [01m[K/opt/ros/humble/include/rclcpp/rclcpp/memory_strategy.hpp:25[m[K,
[2.198s]                  from [01m[K/opt/ros/humble/include/rclcpp/rclcpp/memory_strategies.hpp:18[m[K,
[2.198s]                  from [01m[K/opt/ros/humble/include/rclcpp/rclcpp/executor_options.hpp:20[m[K,
[2.198s]                  from [01m[K/opt/ros/humble/include/rclcpp/rclcpp/executor.hpp:37[m[K,
[2.198s]                  from [01m[K/opt/ros/humble/include/rclcpp/rclcpp/executors/multi_threaded_executor.hpp:25[m[K,
[2.198s]                  from [01m[K/opt/ros/humble/include/rclcpp/rclcpp/executors.hpp:21[m[K,
[2.198s]                  from [01m[K/opt/ros/humble/include/rclcpp/rclcpp/rclcpp.hpp:155[m[K,
[2.198s]                  from [01m[K/home/david/yolocpp_ws/src/seg_sub/src/seg_sub_yolo.cpp:1[m[K:
[2.198s] [01m[K/home/david/yolocpp_ws/src/seg_sub/src/seg_sub_yolo.cpp:797:21:[m[K [01;31m[Kerror: [m[Kinvalid use of â€˜[01m[Kthis[m[Kâ€™ in non-member function
[2.198s]   797 |         RCLCPP_INFO([01;31m[Kthis[m[K->get_logger(),
[2.198s]       |                     [01;31m[K^~~~[m[K
[2.198s] [01m[K/home/david/yolocpp_ws/src/seg_sub/src/seg_sub_yolo.cpp:797:21:[m[K [01;31m[Kerror: [m[Kinvalid use of â€˜[01m[Kthis[m[Kâ€™ in non-member function
[2.198s] [01m[K/home/david/yolocpp_ws/src/seg_sub/src/seg_sub_yolo.cpp:797:9:[m[K [01;31m[Kerror: [m[Ktemplate argument 1 is invalid
[2.198s]   797 |         [01;31m[KRCLCPP_INFO[m[K(this->get_logger(),
[2.198s]       |         [01;31m[K^~~~~~~~~~~[m[K
[2.198s] [01m[K/home/david/yolocpp_ws/src/seg_sub/src/seg_sub_yolo.cpp:797:9:[m[K [01;31m[Kerror: [m[Ktemplate argument 1 is invalid
[2.198s]   797 |         [01;31m[KRCLCPP_INFO[m[K(this->get_logger(),
[2.198s]       |         [01;31m[K^~~~~~~~~~~[m[K
[2.198s] [01m[K/home/david/yolocpp_ws/src/seg_sub/src/seg_sub_yolo.cpp:797:9:[m[K [01;31m[Kerror: [m[Ktemplate argument 1 is invalid
[2.198s]   797 |         [01;31m[KRCLCPP_INFO[m[K(this->get_logger(),
[2.198s]       |         [01;31m[K^~~~~~~~~~~[m[K
[2.198s] In file included from [01m[K/opt/ros/humble/include/rclcpp/rclcpp/logging.hpp:24[m[K,
[2.198s]                  from [01m[K/opt/ros/humble/include/rclcpp/rclcpp/client.hpp:40[m[K,
[2.198s]                  from [01m[K/opt/ros/humble/include/rclcpp/rclcpp/callback_group.hpp:24[m[K,
[2.198s]                  from [01m[K/opt/ros/humble/include/rclcpp/rclcpp/any_executable.hpp:20[m[K,
[2.198s]                  from [01m[K/opt/ros/humble/include/rclcpp/rclcpp/memory_strategy.hpp:25[m[K,
[2.198s]                  from [01m[K/opt/ros/humble/include/rclcpp/rclcpp/memory_strategies.hpp:18[m[K,
[2.198s]                  from [01m[K/opt/ros/humble/include/rclcpp/rclcpp/executor_options.hpp:20[m[K,
[2.198s]                  from [01m[K/opt/ros/humble/include/rclcpp/rclcpp/executor.hpp:37[m[K,
[2.198s]                  from [01m[K/opt/ros/humble/include/rclcpp/rclcpp/executors/multi_threaded_executor.hpp:25[m[K,
[2.198s]                  from [01m[K/opt/ros/humble/include/rclcpp/rclcpp/executors.hpp:21[m[K,
[2.198s]                  from [01m[K/opt/ros/humble/include/rclcpp/rclcpp/rclcpp.hpp:155[m[K,
[2.198s]                  from [01m[K/home/david/yolocpp_ws/src/seg_sub/src/seg_sub_yolo.cpp:1[m[K:
[2.198s] [01m[K/home/david/yolocpp_ws/src/seg_sub/src/seg_sub_yolo.cpp:797:21:[m[K [01;31m[Kerror: [m[Kinvalid use of â€˜[01m[Kthis[m[Kâ€™ in non-member function
[2.198s]   797 |         RCLCPP_INFO([01;31m[Kthis[m[K->get_logger(),
[2.198s]       |                     [01;31m[K^~~~[m[K
[2.198s] [01m[K/home/david/yolocpp_ws/src/seg_sub/src/seg_sub_yolo.cpp:797:21:[m[K [01;31m[Kerror: [m[Kinvalid use of â€˜[01m[Kthis[m[Kâ€™ in non-member function
[2.198s]   797 |         RCLCPP_INFO([01;31m[Kthis[m[K->get_logger(),
[2.198s]       |                     [01;31m[K^~~~[m[K
[2.200s] [01m[K/home/david/yolocpp_ws/src/seg_sub/src/seg_sub_yolo.cpp:800:48:[m[K [01;31m[Kerror: [m[Kâ€˜[01m[Kmetrics_mutex_[m[Kâ€™ was not declared in this scope
[2.200s]   800 |         std::lock_guard<std::mutex> stats_lock([01;31m[Kmetrics_mutex_[m[K);
[2.200s]       |                                                [01;31m[K^~~~~~~~~~~~~~[m[K
[2.203s] [01m[K/home/david/yolocpp_ws/src/seg_sub/src/seg_sub_yolo.cpp:801:37:[m[K [01;31m[Kerror: [m[Kâ€˜[01m[Kall_metrics_[m[Kâ€™ was not declared in this scope
[2.203s]   801 |         for (const auto &cam_pair : [01;31m[Kall_metrics_[m[K)
[2.203s]       |                                     [01;31m[K^~~~~~~~~~~~[m[K
[2.203s] In file included from [01m[K/opt/ros/humble/include/rclcpp/rclcpp/client.hpp:40[m[K,
[2.203s]                  from [01m[K/opt/ros/humble/include/rclcpp/rclcpp/callback_group.hpp:24[m[K,
[2.203s]                  from [01m[K/opt/ros/humble/include/rclcpp/rclcpp/any_executable.hpp:20[m[K,
[2.203s]                  from [01m[K/opt/ros/humble/include/rclcpp/rclcpp/memory_strategy.hpp:25[m[K,
[2.203s]                  from [01m[K/opt/ros/humble/include/rclcpp/rclcpp/memory_strategies.hpp:18[m[K,
[2.203s]                  from [01m[K/opt/ros/humble/include/rclcpp/rclcpp/executor_options.hpp:20[m[K,
[2.203s]                  from [01m[K/opt/ros/humble/include/rclcpp/rclcpp/executor.hpp:37[m[K,
[2.203s]                  from [01m[K/opt/ros/humble/include/rclcpp/rclcpp/executors/multi_threaded_executor.hpp:25[m[K,
[2.203s]                  from [01m[K/opt/ros/humble/include/rclcpp/rclcpp/executors.hpp:21[m[K,
[2.203s]                  from [01m[K/opt/ros/humble/include/rclcpp/rclcpp/rclcpp.hpp:155[m[K,
[2.203s]                  from [01m[K/home/david/yolocpp_ws/src/seg_sub/src/seg_sub_yolo.cpp:1[m[K:
[2.203s] [01m[K/home/david/yolocpp_ws/src/seg_sub/src/seg_sub_yolo.cpp:804:25:[m[K [01;31m[Kerror: [m[Kinvalid use of â€˜[01m[Kthis[m[Kâ€™ in non-member function
[2.203s]   804 |             RCLCPP_INFO([01;31m[Kthis[m[K->get_logger(), "Stats for ID: [%s] (Cumulative)", id_key.c_str());
[2.203s]       |                         [01;31m[K^~~~[m[K
[2.203s] [01m[K/home/david/yolocpp_ws/src/seg_sub/src/seg_sub_yolo.cpp:804:25:[m[K [01;31m[Kerror: [m[Kinvalid use of â€˜[01m[Kthis[m[Kâ€™ in non-member function
[2.203s] [01m[K/home/david/yolocpp_ws/src/seg_sub/src/seg_sub_yolo.cpp:804:13:[m[K [01;31m[Kerror: [m[Ktemplate argument 1 is invalid
[2.203s]   804 |             [01;31m[KRCLCPP_INFO[m[K(this->get_logger(), "Stats for ID: [%s] (Cumulative)", id_key.c_str());
[2.203s]       |             [01;31m[K^~~~~~~~~~~[m[K
[2.203s] [01m[K/home/david/yolocpp_ws/src/seg_sub/src/seg_sub_yolo.cpp:804:13:[m[K [01;31m[Kerror: [m[Ktemplate argument 1 is invalid
[2.203s]   804 |             [01;31m[KRCLCPP_INFO[m[K(this->get_logger(), "Stats for ID: [%s] (Cumulative)", id_key.c_str());
[2.203s]       |             [01;31m[K^~~~~~~~~~~[m[K
[2.203s] [01m[K/home/david/yolocpp_ws/src/seg_sub/src/seg_sub_yolo.cpp:804:13:[m[K [01;31m[Kerror: [m[Ktemplate argument 1 is invalid
[2.203s]   804 |             [01;31m[KRCLCPP_INFO[m[K(this->get_logger(), "Stats for ID: [%s] (Cumulative)", id_key.c_str());
[2.203s]       |             [01;31m[K^~~~~~~~~~~[m[K
[2.203s] In file included from [01m[K/opt/ros/humble/include/rclcpp/rclcpp/logging.hpp:24[m[K,
[2.203s]                  from [01m[K/opt/ros/humble/include/rclcpp/rclcpp/client.hpp:40[m[K,
[2.203s]                  from [01m[K/opt/ros/humble/include/rclcpp/rclcpp/callback_group.hpp:24[m[K,
[2.203s]                  from [01m[K/opt/ros/humble/include/rclcpp/rclcpp/any_executable.hpp:20[m[K,
[2.203s]                  from [01m[K/opt/ros/humble/include/rclcpp/rclcpp/memory_strategy.hpp:25[m[K,
[2.204s]                  from [01m[K/opt/ros/humble/include/rclcpp/rclcpp/memory_strategies.hpp:18[m[K,
[2.204s]                  from [01m[K/opt/ros/humble/include/rclcpp/rclcpp/executor_options.hpp:20[m[K,
[2.204s]                  from [01m[K/opt/ros/humble/include/rclcpp/rclcpp/executor.hpp:37[m[K,
[2.204s]                  from [01m[K/opt/ros/humble/include/rclcpp/rclcpp/executors/multi_threaded_executor.hpp:25[m[K,
[2.204s]                  from [01m[K/opt/ros/humble/include/rclcpp/rclcpp/executors.hpp:21[m[K,
[2.204s]                  from [01m[K/opt/ros/humble/include/rclcpp/rclcpp/rclcpp.hpp:155[m[K,
[2.204s]                  from [01m[K/home/david/yolocpp_ws/src/seg_sub/src/seg_sub_yolo.cpp:1[m[K:
[2.204s] [01m[K/home/david/yolocpp_ws/src/seg_sub/src/seg_sub_yolo.cpp:804:25:[m[K [01;31m[Kerror: [m[Kinvalid use of â€˜[01m[Kthis[m[Kâ€™ in non-member function
[2.204s]   804 |             RCLCPP_INFO([01;31m[Kthis[m[K->get_logger(), "Stats for ID: [%s] (Cumulative)", id_key.c_str());
[2.204s]       |                         [01;31m[K^~~~[m[K
[2.204s] [01m[K/home/david/yolocpp_ws/src/seg_sub/src/seg_sub_yolo.cpp:804:25:[m[K [01;31m[Kerror: [m[Kinvalid use of â€˜[01m[Kthis[m[Kâ€™ in non-member function
[2.204s]   804 |             RCLCPP_INFO([01;31m[Kthis[m[K->get_logger(), "Stats for ID: [%s] (Cumulative)", id_key.c_str());
[2.204s]       |                         [01;31m[K^~~~[m[K
[2.204s] In file included from [01m[K/opt/ros/humble/include/rclcpp/rclcpp/client.hpp:40[m[K,
[2.204s]                  from [01m[K/opt/ros/humble/include/rclcpp/rclcpp/callback_group.hpp:24[m[K,
[2.204s]                  from [01m[K/opt/ros/humble/include/rclcpp/rclcpp/any_executable.hpp:20[m[K,
[2.204s]                  from [01m[K/opt/ros/humble/include/rclcpp/rclcpp/memory_strategy.hpp:25[m[K,
[2.204s]                  from [01m[K/opt/ros/humble/include/rclcpp/rclcpp/memory_strategies.hpp:18[m[K,
[2.204s]                  from [01m[K/opt/ros/humble/include/rclcpp/rclcpp/executor_options.hpp:20[m[K,
[2.204s]                  from [01m[K/opt/ros/humble/include/rclcpp/rclcpp/executor.hpp:37[m[K,
[2.204s]                  from [01m[K/opt/ros/humble/include/rclcpp/rclcpp/executors/multi_threaded_executor.hpp:25[m[K,
[2.204s]                  from [01m[K/opt/ros/humble/include/rclcpp/rclcpp/executors.hpp:21[m[K,
[2.204s]                  from [01m[K/opt/ros/humble/include/rclcpp/rclcpp/rclcpp.hpp:155[m[K,
[2.204s]                  from [01m[K/home/david/yolocpp_ws/src/seg_sub/src/seg_sub_yolo.cpp:1[m[K:
[2.204s] [01m[K/home/david/yolocpp_ws/src/seg_sub/src/seg_sub_yolo.cpp:827:37:[m[K [01;31m[Kerror: [m[Kinvalid use of â€˜[01m[Kthis[m[Kâ€™ in non-member function
[2.204s]   827 |                         RCLCPP_INFO([01;31m[Kthis[m[K->get_logger(),
[2.204s]       |                                     [01;31m[K^~~~[m[K
[2.204s] [01m[K/home/david/yolocpp_ws/src/seg_sub/src/seg_sub_yolo.cpp:827:37:[m[K [01;31m[Kerror: [m[Kinvalid use of â€˜[01m[Kthis[m[Kâ€™ in non-member function
[2.204s] [01m[K/home/david/yolocpp_ws/src/seg_sub/src/seg_sub_yolo.cpp:827:25:[m[K [01;31m[Kerror: [m[Ktemplate argument 1 is invalid
[2.204s]   827 |                         [01;31m[KRCLCPP_INFO[m[K(this->get_logger(),
[2.204s]       |                         [01;31m[K^~~~~~~~~~~[m[K
[2.205s] [01m[K/home/david/yolocpp_ws/src/seg_sub/src/seg_sub_yolo.cpp:827:25:[m[K [01;31m[Kerror: [m[Ktemplate argument 1 is invalid
[2.205s]   827 |                         [01;31m[KRCLCPP_INFO[m[K(this->get_logger(),
[2.205s]       |                         [01;31m[K^~~~~~~~~~~[m[K
[2.205s] [01m[K/home/david/yolocpp_ws/src/seg_sub/src/seg_sub_yolo.cpp:827:25:[m[K [01;31m[Kerror: [m[Ktemplate argument 1 is invalid
[2.205s]   827 |                         [01;31m[KRCLCPP_INFO[m[K(this->get_logger(),
[2.205s]       |                         [01;31m[K^~~~~~~~~~~[m[K
[2.205s] In file included from [01m[K/opt/ros/humble/include/rclcpp/rclcpp/logging.hpp:24[m[K,
[2.205s]                  from [01m[K/opt/ros/humble/include/rclcpp/rclcpp/client.hpp:40[m[K,
[2.205s]                  from [01m[K/opt/ros/humble/include/rclcpp/rclcpp/callback_group.hpp:24[m[K,
[2.205s]                  from [01m[K/opt/ros/humble/include/rclcpp/rclcpp/any_executable.hpp:20[m[K,
[2.205s]                  from [01m[K/opt/ros/humble/include/rclcpp/rclcpp/memory_strategy.hpp:25[m[K,
[2.205s]                  from [01m[K/opt/ros/humble/include/rclcpp/rclcpp/memory_strategies.hpp:18[m[K,
[2.205s]                  from [01m[K/opt/ros/humble/include/rclcpp/rclcpp/executor_options.hpp:20[m[K,
[2.205s]                  from [01m[K/opt/ros/humble/include/rclcpp/rclcpp/executor.hpp:37[m[K,
[2.205s]                  from [01m[K/opt/ros/humble/include/rclcpp/rclcpp/executors/multi_threaded_executor.hpp:25[m[K,
[2.205s]                  from [01m[K/opt/ros/humble/include/rclcpp/rclcpp/executors.hpp:21[m[K,
[2.205s]                  from [01m[K/opt/ros/humble/include/rclcpp/rclcpp/rclcpp.hpp:155[m[K,
[2.205s]                  from [01m[K/home/david/yolocpp_ws/src/seg_sub/src/seg_sub_yolo.cpp:1[m[K:
[2.205s] [01m[K/home/david/yolocpp_ws/src/seg_sub/src/seg_sub_yolo.cpp:827:37:[m[K [01;31m[Kerror: [m[Kinvalid use of â€˜[01m[Kthis[m[Kâ€™ in non-member function
[2.205s]   827 |                         RCLCPP_INFO([01;31m[Kthis[m[K->get_logger(),
[2.205s]       |                                     [01;31m[K^~~~[m[K
[2.205s] [01m[K/home/david/yolocpp_ws/src/seg_sub/src/seg_sub_yolo.cpp:827:37:[m[K [01;31m[Kerror: [m[Kinvalid use of â€˜[01m[Kthis[m[Kâ€™ in non-member function
[2.205s]   827 |                         RCLCPP_INFO([01;31m[Kthis[m[K->get_logger(),
[2.205s]       |                                     [01;31m[K^~~~[m[K
[2.205s] In file included from [01m[K/opt/ros/humble/include/rclcpp/rclcpp/client.hpp:40[m[K,
[2.205s]                  from [01m[K/opt/ros/humble/include/rclcpp/rclcpp/callback_group.hpp:24[m[K,
[2.205s]                  from [01m[K/opt/ros/humble/include/rclcpp/rclcpp/any_executable.hpp:20[m[K,
[2.205s]                  from [01m[K/opt/ros/humble/include/rclcpp/rclcpp/memory_strategy.hpp:25[m[K,
[2.205s]                  from [01m[K/opt/ros/humble/include/rclcpp/rclcpp/memory_strategies.hpp:18[m[K,
[2.205s]                  from [01m[K/opt/ros/humble/include/rclcpp/rclcpp/executor_options.hpp:20[m[K,
[2.205s]                  from [01m[K/opt/ros/humble/include/rclcpp/rclcpp/executor.hpp:37[m[K,
[2.205s]                  from [01m[K/opt/ros/humble/include/rclcpp/rclcpp/executors/multi_threaded_executor.hpp:25[m[K,
[2.205s]                  from [01m[K/opt/ros/humble/include/rclcpp/rclcpp/executors.hpp:21[m[K,
[2.205s]                  from [01m[K/opt/ros/humble/include/rclcpp/rclcpp/rclcpp.hpp:155[m[K,
[2.205s]                  from [01m[K/home/david/yolocpp_ws/src/seg_sub/src/seg_sub_yolo.cpp:1[m[K:
[2.205s] [01m[K/home/david/yolocpp_ws/src/seg_sub/src/seg_sub_yolo.cpp:832:37:[m[K [01;31m[Kerror: [m[Kinvalid use of â€˜[01m[Kthis[m[Kâ€™ in non-member function
[2.205s]   832 |                         RCLCPP_INFO([01;31m[Kthis[m[K->get_logger(), "  %-35s: No data yet.", metric_name.c_str());
[2.205s]       |                                     [01;31m[K^~~~[m[K
[2.205s] [01m[K/home/david/yolocpp_ws/src/seg_sub/src/seg_sub_yolo.cpp:832:37:[m[K [01;31m[Kerror: [m[Kinvalid use of â€˜[01m[Kthis[m[Kâ€™ in non-member function
[2.205s] [01m[K/home/david/yolocpp_ws/src/seg_sub/src/seg_sub_yolo.cpp:832:25:[m[K [01;31m[Kerror: [m[Ktemplate argument 1 is invalid
[2.205s]   832 |                         [01;31m[KRCLCPP_INFO[m[K(this->get_logger(), "  %-35s: No data yet.", metric_name.c_str());
[2.205s]       |                         [01;31m[K^~~~~~~~~~~[m[K
[2.205s] [01m[K/home/david/yolocpp_ws/src/seg_sub/src/seg_sub_yolo.cpp:832:25:[m[K [01;31m[Kerror: [m[Ktemplate argument 1 is invalid
[2.205s]   832 |                         [01;31m[KRCLCPP_INFO[m[K(this->get_logger(), "  %-35s: No data yet.", metric_name.c_str());
[2.205s]       |                         [01;31m[K^~~~~~~~~~~[m[K
[2.205s] [01m[K/home/david/yolocpp_ws/src/seg_sub/src/seg_sub_yolo.cpp:832:25:[m[K [01;31m[Kerror: [m[Ktemplate argument 1 is invalid
[2.205s]   832 |                         [01;31m[KRCLCPP_INFO[m[K(this->get_logger(), "  %-35s: No data yet.", metric_name.c_str());
[2.205s]       |                         [01;31m[K^~~~~~~~~~~[m[K
[2.205s] In file included from [01m[K/opt/ros/humble/include/rclcpp/rclcpp/logging.hpp:24[m[K,
[2.205s]                  from [01m[K/opt/ros/humble/include/rclcpp/rclcpp/client.hpp:40[m[K,
[2.205s]                  from [01m[K/opt/ros/humble/include/rclcpp/rclcpp/callback_group.hpp:24[m[K,
[2.205s]                  from [01m[K/opt/ros/humble/include/rclcpp/rclcpp/any_executable.hpp:20[m[K,
[2.205s]                  from [01m[K/opt/ros/humble/include/rclcpp/rclcpp/memory_strategy.hpp:25[m[K,
[2.206s]                  from [01m[K/opt/ros/humble/include/rclcpp/rclcpp/memory_strategies.hpp:18[m[K,
[2.206s]                  from [01m[K/opt/ros/humble/include/rclcpp/rclcpp/executor_options.hpp:20[m[K,
[2.206s]                  from [01m[K/opt/ros/humble/include/rclcpp/rclcpp/executor.hpp:37[m[K,
[2.206s]                  from [01m[K/opt/ros/humble/include/rclcpp/rclcpp/executors/multi_threaded_executor.hpp:25[m[K,
[2.206s]                  from [01m[K/opt/ros/humble/include/rclcpp/rclcpp/executors.hpp:21[m[K,
[2.206s]                  from [01m[K/opt/ros/humble/include/rclcpp/rclcpp/rclcpp.hpp:155[m[K,
[2.206s]                  from [01m[K/home/david/yolocpp_ws/src/seg_sub/src/seg_sub_yolo.cpp:1[m[K:
[2.206s] [01m[K/home/david/yolocpp_ws/src/seg_sub/src/seg_sub_yolo.cpp:832:37:[m[K [01;31m[Kerror: [m[Kinvalid use of â€˜[01m[Kthis[m[Kâ€™ in non-member function
[2.206s]   832 |                         RCLCPP_INFO([01;31m[Kthis[m[K->get_logger(), "  %-35s: No data yet.", metric_name.c_str());
[2.206s]       |                                     [01;31m[K^~~~[m[K
[2.206s] [01m[K/home/david/yolocpp_ws/src/seg_sub/src/seg_sub_yolo.cpp:832:37:[m[K [01;31m[Kerror: [m[Kinvalid use of â€˜[01m[Kthis[m[Kâ€™ in non-member function
[2.206s]   832 |                         RCLCPP_INFO([01;31m[Kthis[m[K->get_logger(), "  %-35s: No data yet.", metric_name.c_str());
[2.206s]       |                                     [01;31m[K^~~~[m[K
[2.206s] In file included from [01m[K/opt/ros/humble/include/rclcpp/rclcpp/client.hpp:40[m[K,
[2.206s]                  from [01m[K/opt/ros/humble/include/rclcpp/rclcpp/callback_group.hpp:24[m[K,
[2.206s]                  from [01m[K/opt/ros/humble/include/rclcpp/rclcpp/any_executable.hpp:20[m[K,
[2.206s]                  from [01m[K/opt/ros/humble/include/rclcpp/rclcpp/memory_strategy.hpp:25[m[K,
[2.206s]                  from [01m[K/opt/ros/humble/include/rclcpp/rclcpp/memory_strategies.hpp:18[m[K,
[2.206s]                  from [01m[K/opt/ros/humble/include/rclcpp/rclcpp/executor_options.hpp:20[m[K,
[2.206s]                  from [01m[K/opt/ros/humble/include/rclcpp/rclcpp/executor.hpp:37[m[K,
[2.206s]                  from [01m[K/opt/ros/humble/include/rclcpp/rclcpp/executors/multi_threaded_executor.hpp:25[m[K,
[2.206s]                  from [01m[K/opt/ros/humble/include/rclcpp/rclcpp/executors.hpp:21[m[K,
[2.206s]                  from [01m[K/opt/ros/humble/include/rclcpp/rclcpp/rclcpp.hpp:155[m[K,
[2.206s]                  from [01m[K/home/david/yolocpp_ws/src/seg_sub/src/seg_sub_yolo.cpp:1[m[K:
[2.206s] [01m[K/home/david/yolocpp_ws/src/seg_sub/src/seg_sub_yolo.cpp:836:25:[m[K [01;31m[Kerror: [m[Kinvalid use of â€˜[01m[Kthis[m[Kâ€™ in non-member function
[2.206s]   836 |             RCLCPP_INFO([01;31m[Kthis[m[K->get_logger(),
[2.206s]       |                         [01;31m[K^~~~[m[K
[2.206s] [01m[K/home/david/yolocpp_ws/src/seg_sub/src/seg_sub_yolo.cpp:836:25:[m[K [01;31m[Kerror: [m[Kinvalid use of â€˜[01m[Kthis[m[Kâ€™ in non-member function
[2.206s] [01m[K/home/david/yolocpp_ws/src/seg_sub/src/seg_sub_yolo.cpp:836:13:[m[K [01;31m[Kerror: [m[Ktemplate argument 1 is invalid
[2.206s]   836 |             [01;31m[KRCLCPP_INFO[m[K(this->get_logger(),
[2.206s]       |             [01;31m[K^~~~~~~~~~~[m[K
[2.206s] [01m[K/home/david/yolocpp_ws/src/seg_sub/src/seg_sub_yolo.cpp:836:13:[m[K [01;31m[Kerror: [m[Ktemplate argument 1 is invalid
[2.206s]   836 |             [01;31m[KRCLCPP_INFO[m[K(this->get_logger(),
[2.206s]       |             [01;31m[K^~~~~~~~~~~[m[K
[2.206s] [01m[K/home/david/yolocpp_ws/src/seg_sub/src/seg_sub_yolo.cpp:836:13:[m[K [01;31m[Kerror: [m[Ktemplate argument 1 is invalid
[2.206s]   836 |             [01;31m[KRCLCPP_INFO[m[K(this->get_logger(),
[2.206s]       |             [01;31m[K^~~~~~~~~~~[m[K
[2.206s] In file included from [01m[K/opt/ros/humble/include/rclcpp/rclcpp/logging.hpp:24[m[K,
[2.206s]                  from [01m[K/opt/ros/humble/include/rclcpp/rclcpp/client.hpp:40[m[K,
[2.206s]                  from [01m[K/opt/ros/humble/include/rclcpp/rclcpp/callback_group.hpp:24[m[K,
[2.206s]                  from [01m[K/opt/ros/humble/include/rclcpp/rclcpp/any_executable.hpp:20[m[K,
[2.206s]                  from [01m[K/opt/ros/humble/include/rclcpp/rclcpp/memory_strategy.hpp:25[m[K,
[2.206s]                  from [01m[K/opt/ros/humble/include/rclcpp/rclcpp/memory_strategies.hpp:18[m[K,
[2.206s]                  from [01m[K/opt/ros/humble/include/rclcpp/rclcpp/executor_options.hpp:20[m[K,
[2.206s]                  from [01m[K/opt/ros/humble/include/rclcpp/rclcpp/executor.hpp:37[m[K,
[2.206s]                  from [01m[K/opt/ros/humble/include/rclcpp/rclcpp/executors/multi_threaded_executor.hpp:25[m[K,
[2.206s]                  from [01m[K/opt/ros/humble/include/rclcpp/rclcpp/executors.hpp:21[m[K,
[2.206s]                  from [01m[K/opt/ros/humble/include/rclcpp/rclcpp/rclcpp.hpp:155[m[K,
[2.206s]                  from [01m[K/home/david/yolocpp_ws/src/seg_sub/src/seg_sub_yolo.cpp:1[m[K:
[2.206s] [01m[K/home/david/yolocpp_ws/src/seg_sub/src/seg_sub_yolo.cpp:836:25:[m[K [01;31m[Kerror: [m[Kinvalid use of â€˜[01m[Kthis[m[Kâ€™ in non-member function
[2.206s]   836 |             RCLCPP_INFO([01;31m[Kthis[m[K->get_logger(),
[2.206s]       |                         [01;31m[K^~~~[m[K
[2.206s] [01m[K/home/david/yolocpp_ws/src/seg_sub/src/seg_sub_yolo.cpp:836:25:[m[K [01;31m[Kerror: [m[Kinvalid use of â€˜[01m[Kthis[m[Kâ€™ in non-member function
[2.206s]   836 |             RCLCPP_INFO([01;31m[Kthis[m[K->get_logger(),
[2.206s]       |                         [01;31m[K^~~~[m[K
[2.206s] In file included from [01m[K/opt/ros/humble/include/rclcpp/rclcpp/client.hpp:40[m[K,
[2.207s]                  from [01m[K/opt/ros/humble/include/rclcpp/rclcpp/callback_group.hpp:24[m[K,
[2.207s]                  from [01m[K/opt/ros/humble/include/rclcpp/rclcpp/any_executable.hpp:20[m[K,
[2.207s]                  from [01m[K/opt/ros/humble/include/rclcpp/rclcpp/memory_strategy.hpp:25[m[K,
[2.207s]                  from [01m[K/opt/ros/humble/include/rclcpp/rclcpp/memory_strategies.hpp:18[m[K,
[2.207s]                  from [01m[K/opt/ros/humble/include/rclcpp/rclcpp/executor_options.hpp:20[m[K,
[2.207s]                  from [01m[K/opt/ros/humble/include/rclcpp/rclcpp/executor.hpp:37[m[K,
[2.207s]                  from [01m[K/opt/ros/humble/include/rclcpp/rclcpp/executors/multi_threaded_executor.hpp:25[m[K,
[2.207s]                  from [01m[K/opt/ros/humble/include/rclcpp/rclcpp/executors.hpp:21[m[K,
[2.207s]                  from [01m[K/opt/ros/humble/include/rclcpp/rclcpp/rclcpp.hpp:155[m[K,
[2.207s]                  from [01m[K/home/david/yolocpp_ws/src/seg_sub/src/seg_sub_yolo.cpp:1[m[K:
[2.207s] [01m[K/home/david/yolocpp_ws/src/seg_sub/src/seg_sub_yolo.cpp:839:21:[m[K [01;31m[Kerror: [m[Kinvalid use of â€˜[01m[Kthis[m[Kâ€™ in non-member function
[2.207s]   839 |         RCLCPP_INFO([01;31m[Kthis[m[K->get_logger(),
[2.207s]       |                     [01;31m[K^~~~[m[K
[2.207s] [01m[K/home/david/yolocpp_ws/src/seg_sub/src/seg_sub_yolo.cpp:839:21:[m[K [01;31m[Kerror: [m[Kinvalid use of â€˜[01m[Kthis[m[Kâ€™ in non-member function
[2.207s] [01m[K/home/david/yolocpp_ws/src/seg_sub/src/seg_sub_yolo.cpp:839:9:[m[K [01;31m[Kerror: [m[Ktemplate argument 1 is invalid
[2.207s]   839 |         [01;31m[KRCLCPP_INFO[m[K(this->get_logger(),
[2.207s]       |         [01;31m[K^~~~~~~~~~~[m[K
[2.207s] [01m[K/home/david/yolocpp_ws/src/seg_sub/src/seg_sub_yolo.cpp:839:9:[m[K [01;31m[Kerror: [m[Ktemplate argument 1 is invalid
[2.207s]   839 |         [01;31m[KRCLCPP_INFO[m[K(this->get_logger(),
[2.207s]       |         [01;31m[K^~~~~~~~~~~[m[K
[2.207s] [01m[K/home/david/yolocpp_ws/src/seg_sub/src/seg_sub_yolo.cpp:839:9:[m[K [01;31m[Kerror: [m[Ktemplate argument 1 is invalid
[2.207s]   839 |         [01;31m[KRCLCPP_INFO[m[K(this->get_logger(),
[2.207s]       |         [01;31m[K^~~~~~~~~~~[m[K
[2.207s] In file included from [01m[K/opt/ros/humble/include/rclcpp/rclcpp/logging.hpp:24[m[K,
[2.207s]                  from [01m[K/opt/ros/humble/include/rclcpp/rclcpp/client.hpp:40[m[K,
[2.207s]                  from [01m[K/opt/ros/humble/include/rclcpp/rclcpp/callback_group.hpp:24[m[K,
[2.207s]                  from [01m[K/opt/ros/humble/include/rclcpp/rclcpp/any_executable.hpp:20[m[K,
[2.207s]                  from [01m[K/opt/ros/humble/include/rclcpp/rclcpp/memory_strategy.hpp:25[m[K,
[2.207s]                  from [01m[K/opt/ros/humble/include/rclcpp/rclcpp/memory_strategies.hpp:18[m[K,
[2.207s]                  from [01m[K/opt/ros/humble/include/rclcpp/rclcpp/executor_options.hpp:20[m[K,
[2.207s]                  from [01m[K/opt/ros/humble/include/rclcpp/rclcpp/executor.hpp:37[m[K,
[2.207s]                  from [01m[K/opt/ros/humble/include/rclcpp/rclcpp/executors/multi_threaded_executor.hpp:25[m[K,
[2.207s]                  from [01m[K/opt/ros/humble/include/rclcpp/rclcpp/executors.hpp:21[m[K,
[2.207s]                  from [01m[K/opt/ros/humble/include/rclcpp/rclcpp/rclcpp.hpp:155[m[K,
[2.207s]                  from [01m[K/home/david/yolocpp_ws/src/seg_sub/src/seg_sub_yolo.cpp:1[m[K:
[2.207s] [01m[K/home/david/yolocpp_ws/src/seg_sub/src/seg_sub_yolo.cpp:839:21:[m[K [01;31m[Kerror: [m[Kinvalid use of â€˜[01m[Kthis[m[Kâ€™ in non-member function
[2.207s]   839 |         RCLCPP_INFO([01;31m[Kthis[m[K->get_logger(),
[2.207s]       |                     [01;31m[K^~~~[m[K
[2.207s] [01m[K/home/david/yolocpp_ws/src/seg_sub/src/seg_sub_yolo.cpp:839:21:[m[K [01;31m[Kerror: [m[Kinvalid use of â€˜[01m[Kthis[m[Kâ€™ in non-member function
[2.207s]   839 |         RCLCPP_INFO([01;31m[Kthis[m[K->get_logger(),
[2.207s]       |                     [01;31m[K^~~~[m[K
[2.208s] [01m[K/home/david/yolocpp_ws/src/seg_sub/src/seg_sub_yolo.cpp:[m[K In function â€˜[01m[Kcv::Mat create_colored_mask(const cv::Mat&, const std::vector<float>&, const std::vector<unsigned char, std::allocator<unsigned char> >&, const string&)[m[Kâ€™:
[2.208s] [01m[K/home/david/yolocpp_ws/src/seg_sub/src/seg_sub_yolo.cpp:851:13:[m[K [01;31m[Kerror: [m[Kâ€˜[01m[Kclass_colors_[m[Kâ€™ was not declared in this scope
[2.208s]   851 |         if ([01;31m[Kclass_colors_[m[K.empty())
[2.208s]       |             [01;31m[K^~~~~~~~~~~~~[m[K
[2.208s] In file included from [01m[K/opt/ros/humble/include/rclcpp/rclcpp/client.hpp:40[m[K,
[2.208s]                  from [01m[K/opt/ros/humble/include/rclcpp/rclcpp/callback_group.hpp:24[m[K,
[2.208s]                  from [01m[K/opt/ros/humble/include/rclcpp/rclcpp/any_executable.hpp:20[m[K,
[2.208s]                  from [01m[K/opt/ros/humble/include/rclcpp/rclcpp/memory_strategy.hpp:25[m[K,
[2.208s]                  from [01m[K/opt/ros/humble/include/rclcpp/rclcpp/memory_strategies.hpp:18[m[K,
[2.208s]                  from [01m[K/opt/ros/humble/include/rclcpp/rclcpp/executor_options.hpp:20[m[K,
[2.208s]                  from [01m[K/opt/ros/humble/include/rclcpp/rclcpp/executor.hpp:37[m[K,
[2.208s]                  from [01m[K/opt/ros/humble/include/rclcpp/rclcpp/executors/multi_threaded_executor.hpp:25[m[K,
[2.208s]                  from [01m[K/opt/ros/humble/include/rclcpp/rclcpp/executors.hpp:21[m[K,
[2.208s]                  from [01m[K/opt/ros/humble/include/rclcpp/rclcpp/rclcpp.hpp:155[m[K,
[2.208s]                  from [01m[K/home/david/yolocpp_ws/src/seg_sub/src/seg_sub_yolo.cpp:1[m[K:
[2.208s] [01m[K/home/david/yolocpp_ws/src/seg_sub/src/seg_sub_yolo.cpp:853:30:[m[K [01;31m[Kerror: [m[Kinvalid use of â€˜[01m[Kthis[m[Kâ€™ in non-member function
[2.208s]   853 |             RCLCPP_WARN_ONCE([01;31m[Kthis[m[K->get_logger(), "[%s] Color palette is empty. Cannot color frame.", camera_id.c_str());
[2.208s]       |                              [01;31m[K^~~~[m[K
[2.208s] [01m[K/home/david/yolocpp_ws/src/seg_sub/src/seg_sub_yolo.cpp:853:30:[m[K [01;31m[Kerror: [m[Kinvalid use of â€˜[01m[Kthis[m[Kâ€™ in non-member function
[2.208s] [01m[K/home/david/yolocpp_ws/src/seg_sub/src/seg_sub_yolo.cpp:853:13:[m[K [01;31m[Kerror: [m[Ktemplate argument 1 is invalid
[2.208s]   853 |             [01;31m[KRCLCPP_WARN_ONCE[m[K(this->get_logger(), "[%s] Color palette is empty. Cannot color frame.", camera_id.c_str());
[2.208s]       |             [01;31m[K^~~~~~~~~~~~~~~~[m[K
[2.209s] [01m[K/home/david/yolocpp_ws/src/seg_sub/src/seg_sub_yolo.cpp:853:13:[m[K [01;31m[Kerror: [m[Ktemplate argument 1 is invalid
[2.209s]   853 |             [01;31m[KRCLCPP_WARN_ONCE[m[K(this->get_logger(), "[%s] Color palette is empty. Cannot color frame.", camera_id.c_str());
[2.209s]       |             [01;31m[K^~~~~~~~~~~~~~~~[m[K
[2.209s] [01m[K/home/david/yolocpp_ws/src/seg_sub/src/seg_sub_yolo.cpp:853:13:[m[K [01;31m[Kerror: [m[Ktemplate argument 1 is invalid
[2.209s]   853 |             [01;31m[KRCLCPP_WARN_ONCE[m[K(this->get_logger(), "[%s] Color palette is empty. Cannot color frame.", camera_id.c_str());
[2.209s]       |             [01;31m[K^~~~~~~~~~~~~~~~[m[K
[2.209s] In file included from [01m[K/opt/ros/humble/include/rclcpp/rclcpp/logging.hpp:24[m[K,
[2.209s]                  from [01m[K/opt/ros/humble/include/rclcpp/rclcpp/client.hpp:40[m[K,
[2.209s]                  from [01m[K/opt/ros/humble/include/rclcpp/rclcpp/callback_group.hpp:24[m[K,
[2.209s]                  from [01m[K/opt/ros/humble/include/rclcpp/rclcpp/any_executable.hpp:20[m[K,
[2.209s]                  from [01m[K/opt/ros/humble/include/rclcpp/rclcpp/memory_strategy.hpp:25[m[K,
[2.209s]                  from [01m[K/opt/ros/humble/include/rclcpp/rclcpp/memory_strategies.hpp:18[m[K,
[2.209s]                  from [01m[K/opt/ros/humble/include/rclcpp/rclcpp/executor_options.hpp:20[m[K,
[2.209s]                  from [01m[K/opt/ros/humble/include/rclcpp/rclcpp/executor.hpp:37[m[K,
[2.209s]                  from [01m[K/opt/ros/humble/include/rclcpp/rclcpp/executors/multi_threaded_executor.hpp:25[m[K,
[2.209s]                  from [01m[K/opt/ros/humble/include/rclcpp/rclcpp/executors.hpp:21[m[K,
[2.209s]                  from [01m[K/opt/ros/humble/include/rclcpp/rclcpp/rclcpp.hpp:155[m[K,
[2.209s]                  from [01m[K/home/david/yolocpp_ws/src/seg_sub/src/seg_sub_yolo.cpp:1[m[K:
[2.209s] [01m[K/home/david/yolocpp_ws/src/seg_sub/src/seg_sub_yolo.cpp:853:30:[m[K [01;31m[Kerror: [m[Kinvalid use of â€˜[01m[Kthis[m[Kâ€™ in non-member function
[2.209s]   853 |             RCLCPP_WARN_ONCE([01;31m[Kthis[m[K->get_logger(), "[%s] Color palette is empty. Cannot color frame.", camera_id.c_str());
[2.209s]       |                              [01;31m[K^~~~[m[K
[2.209s] [01m[K/home/david/yolocpp_ws/src/seg_sub/src/seg_sub_yolo.cpp:853:30:[m[K [01;31m[Kerror: [m[Kinvalid use of â€˜[01m[Kthis[m[Kâ€™ in non-member function
[2.209s]   853 |             RCLCPP_WARN_ONCE([01;31m[Kthis[m[K->get_logger(), "[%s] Color palette is empty. Cannot color frame.", camera_id.c_str());
[2.209s]       |                              [01;31m[K^~~~[m[K
[2.209s] In file included from [01m[K/opt/ros/humble/include/rclcpp/rclcpp/client.hpp:40[m[K,
[2.209s]                  from [01m[K/opt/ros/humble/include/rclcpp/rclcpp/callback_group.hpp:24[m[K,
[2.209s]                  from [01m[K/opt/ros/humble/include/rclcpp/rclcpp/any_executable.hpp:20[m[K,
[2.209s]                  from [01m[K/opt/ros/humble/include/rclcpp/rclcpp/memory_strategy.hpp:25[m[K,
[2.209s]                  from [01m[K/opt/ros/humble/include/rclcpp/rclcpp/memory_strategies.hpp:18[m[K,
[2.209s]                  from [01m[K/opt/ros/humble/include/rclcpp/rclcpp/executor_options.hpp:20[m[K,
[2.209s]                  from [01m[K/opt/ros/humble/include/rclcpp/rclcpp/executor.hpp:37[m[K,
[2.209s]                  from [01m[K/opt/ros/humble/include/rclcpp/rclcpp/executors/multi_threaded_executor.hpp:25[m[K,
[2.209s]                  from [01m[K/opt/ros/humble/include/rclcpp/rclcpp/executors.hpp:21[m[K,
[2.209s]                  from [01m[K/opt/ros/humble/include/rclcpp/rclcpp/rclcpp.hpp:155[m[K,
[2.209s]                  from [01m[K/home/david/yolocpp_ws/src/seg_sub/src/seg_sub_yolo.cpp:1[m[K:
[2.209s] [01m[K/home/david/yolocpp_ws/src/seg_sub/src/seg_sub_yolo.cpp:874:43:[m[K [01;31m[Kerror: [m[Kinvalid use of â€˜[01m[Kthis[m[Kâ€™ in non-member function
[2.209s]   874 |                         RCLCPP_ERROR_ONCE([01;31m[Kthis[m[K->get_logger(), "[%s] Unexpected mask type", camera_id.c_str());
[2.209s]       |                                           [01;31m[K^~~~[m[K
[2.209s] [01m[K/home/david/yolocpp_ws/src/seg_sub/src/seg_sub_yolo.cpp:874:43:[m[K [01;31m[Kerror: [m[Kinvalid use of â€˜[01m[Kthis[m[Kâ€™ in non-member function
[2.209s] [01m[K/home/david/yolocpp_ws/src/seg_sub/src/seg_sub_yolo.cpp:874:25:[m[K [01;31m[Kerror: [m[Ktemplate argument 1 is invalid
[2.209s]   874 |                         [01;31m[KRCLCPP_ERROR_ONCE[m[K(this->get_logger(), "[%s] Unexpected mask type", camera_id.c_str());
[2.209s]       |                         [01;31m[K^~~~~~~~~~~~~~~~~[m[K
[2.209s] [01m[K/home/david/yolocpp_ws/src/seg_sub/src/seg_sub_yolo.cpp:874:25:[m[K [01;31m[Kerror: [m[Ktemplate argument 1 is invalid
[2.209s]   874 |                         [01;31m[KRCLCPP_ERROR_ONCE[m[K(this->get_logger(), "[%s] Unexpected mask type", camera_id.c_str());
[2.209s]       |                         [01;31m[K^~~~~~~~~~~~~~~~~[m[K
[2.209s] [01m[K/home/david/yolocpp_ws/src/seg_sub/src/seg_sub_yolo.cpp:874:25:[m[K [01;31m[Kerror: [m[Ktemplate argument 1 is invalid
[2.209s]   874 |                         [01;31m[KRCLCPP_ERROR_ONCE[m[K(this->get_logger(), "[%s] Unexpected mask type", camera_id.c_str());
[2.209s]       |                         [01;31m[K^~~~~~~~~~~~~~~~~[m[K
[2.209s] In file included from [01m[K/opt/ros/humble/include/rclcpp/rclcpp/logging.hpp:24[m[K,
[2.209s]                  from [01m[K/opt/ros/humble/include/rclcpp/rclcpp/client.hpp:40[m[K,
[2.209s]                  from [01m[K/opt/ros/humble/include/rclcpp/rclcpp/callback_group.hpp:24[m[K,
[2.209s]                  from [01m[K/opt/ros/humble/include/rclcpp/rclcpp/any_executable.hpp:20[m[K,
[2.209s]                  from [01m[K/opt/ros/humble/include/rclcpp/rclcpp/memory_strategy.hpp:25[m[K,
[2.209s]                  from [01m[K/opt/ros/humble/include/rclcpp/rclcpp/memory_strategies.hpp:18[m[K,
[2.209s]                  from [01m[K/opt/ros/humble/include/rclcpp/rclcpp/executor_options.hpp:20[m[K,
[2.209s]                  from [01m[K/opt/ros/humble/include/rclcpp/rclcpp/executor.hpp:37[m[K,
[2.210s]                  from [01m[K/opt/ros/humble/include/rclcpp/rclcpp/executors/multi_threaded_executor.hpp:25[m[K,
[2.210s]                  from [01m[K/opt/ros/humble/include/rclcpp/rclcpp/executors.hpp:21[m[K,
[2.210s]                  from [01m[K/opt/ros/humble/include/rclcpp/rclcpp/rclcpp.hpp:155[m[K,
[2.210s]                  from [01m[K/home/david/yolocpp_ws/src/seg_sub/src/seg_sub_yolo.cpp:1[m[K:
[2.210s] [01m[K/home/david/yolocpp_ws/src/seg_sub/src/seg_sub_yolo.cpp:874:43:[m[K [01;31m[Kerror: [m[Kinvalid use of â€˜[01m[Kthis[m[Kâ€™ in non-member function
[2.210s]   874 |                         RCLCPP_ERROR_ONCE([01;31m[Kthis[m[K->get_logger(), "[%s] Unexpected mask type", camera_id.c_str());
[2.210s]       |                                           [01;31m[K^~~~[m[K
[2.210s] [01m[K/home/david/yolocpp_ws/src/seg_sub/src/seg_sub_yolo.cpp:874:43:[m[K [01;31m[Kerror: [m[Kinvalid use of â€˜[01m[Kthis[m[Kâ€™ in non-member function
[2.210s]   874 |                         RCLCPP_ERROR_ONCE([01;31m[Kthis[m[K->get_logger(), "[%s] Unexpected mask type", camera_id.c_str());
[2.210s]       |                                           [01;31m[K^~~~[m[K
[2.212s] [01m[K/home/david/yolocpp_ws/src/seg_sub/src/seg_sub_yolo.cpp:885:49:[m[K [01;31m[Kerror: [m[Kâ€˜[01m[Kclass_colors_[m[Kâ€™ was not declared in this scope; did you mean â€˜[01m[Kbase_color[m[Kâ€™?
[2.212s]   885 |                         cv::Scalar base_color = [01;31m[Kclass_colors_[m[K[class_id % class_colors_.size()];
[2.212s]       |                                                 [01;31m[K^~~~~~~~~~~~~[m[K
[2.212s]       |                                                 [32m[Kbase_color[m[K
[2.215s] [01m[K/home/david/yolocpp_ws/src/seg_sub/src/seg_sub_yolo.cpp:886:50:[m[K [01;31m[Kerror: [m[Kâ€˜[01m[KgetRandomTone[m[Kâ€™ was not declared in this scope
[2.215s]   886 |                         cv::Scalar toned_color = [01;31m[KgetRandomTone[m[K(base_color, instance_id_from_mask);
[2.215s]       |                                                  [01;31m[K^~~~~~~~~~~~~[m[K
[2.216s] [01m[K/home/david/yolocpp_ws/src/seg_sub/src/seg_sub_yolo.cpp:846:94:[m[K [01;35m[Kwarning: [m[Kunused parameter â€˜[01m[Kscores[m[Kâ€™ [[01;35m[K]8;;https://gcc.gnu.org/onlinedocs/gcc/Warning-Options.html#index-Wunused-parameter-Wunused-parameter]8;;[m[K]
[2.216s]   846 | Mat create_colored_mask(const cv::Mat& instance_id_mask, [01;35m[Kconst std::vector<float_t>& scores[m[K, const std::vector<uint8_t>& classes, const std::string &camera_id)
[2.216s]       |                                                          [01;35m[K~~~~~~~~~~~~~~~~~~~~~~~~~~~~^~~~~~[m[K
[2.216s] 
[2.237s] [01m[K/home/david/yolocpp_ws/src/seg_sub/src/seg_sub_yolo.cpp:[m[K At global scope:
[2.237s] [01m[K/home/david/yolocpp_ws/src/seg_sub/src/seg_sub_yolo.cpp:977:1:[m[K [01;31m[Kerror: [m[Kexpected declaration before â€˜[01m[K}[m[Kâ€™ token
[2.237s]   977 | [01;31m[K}[m[K;
[2.237s]       | [01;31m[K^[m[K
[3.494s] gmake[2]: *** [CMakeFiles/seg_sub_yolo_node.dir/build.make:76: CMakeFiles/seg_sub_yolo_node.dir/src/seg_sub_yolo.cpp.o] Error 1
[3.494s] gmake[1]: *** [CMakeFiles/Makefile2:167: CMakeFiles/seg_sub_yolo_node.dir/all] Error 2
[3.494s] gmake: *** [Makefile:146: all] Error 2
[3.497s] Invoked command in '/home/david/yolocpp_ws/build/seg_sub' returned '2': AMENT_PREFIX_PATH=/home/david/yolocpp_ws/install/yolo_custom_interfaces:${AMENT_PREFIX_PATH} CMAKE_PREFIX_PATH=/home/david/yolocpp_ws/install/yolo_custom_interfaces:/opt/ros/humble LD_LIBRARY_PATH=/home/david/yolocpp_ws/install/yolo_custom_interfaces/lib:/usr/local/cuda-12.9/lib64:/usr/local/cuda-12.9/lib64:/opt/pylon/lib:/opt/ros/humble/opt/rviz_ogre_vendor/lib:/opt/ros/humble/lib/x86_64-linux-gnu:/opt/ros/humble/lib:/usr/local/cuda/lib64:/usr/local/cuda-11.2/lib64:/usr/local/cuda-11.2/lib64:/home/david/onnxruntime-linux-x64-gpu-1.22.0/lib PROMPT_COMMAND=echo -n \[$(date +%H:%M:%S)\]\ PYTHONPATH=/home/david/yolocpp_ws/install/yolo_custom_interfaces/local/lib/python3.10/dist-packages:${PYTHONPATH} /home/david/.local/bin/cmake --build /home/david/yolocpp_ws/build/seg_sub -- -j32 -l32
