[  2%] Built target tensorrt_yolo__cpp
[  9%] Built target tensorrt_yolo__rosidl_generator_c
[ 29%] Built target deploy
[ 29%] Built target ament_cmake_python_copy_tensorrt_yolo
[ 36%] Built target tensorrt_yolo__rosidl_typesupport_introspection_cpp
[ 46%] Built target tensorrt_yolo__rosidl_typesupport_cpp
[ 51%] Built target tensorrt_yolo__rosidl_typesupport_fastrtps_cpp
[ 58%] Built target tensorrt_yolo__rosidl_typesupport_introspection_c
[ 65%] Built target tensorrt_yolo__rosidl_typesupport_c
[ 73%] Built target tensorrt_yolo__rosidl_typesupport_fastrtps_c
[ 73%] Built target tensorrt_yolo
[ 75%] [32mBuilding CXX object CMakeFiles/segment_node.dir/src/segment_node.cpp.o[0m
[ 78%] Built target tensorrt_yolo__py
[ 82%] Built target tensorrt_yolo__rosidl_generator_py
[ 97%] Built target tensorrt_yolo__rosidl_typesupport_introspection_c__pyext
[ 97%] Built target tensorrt_yolo__rosidl_typesupport_fastrtps_c__pyext
[ 97%] Built target tensorrt_yolo__rosidl_typesupport_c__pyext
running egg_info
writing tensorrt_yolo.egg-info/PKG-INFO
writing dependency_links to tensorrt_yolo.egg-info/dependency_links.txt
writing top-level names to tensorrt_yolo.egg-info/top_level.txt
reading manifest file 'tensorrt_yolo.egg-info/SOURCES.txt'
writing manifest file 'tensorrt_yolo.egg-info/SOURCES.txt'
[ 97%] Built target ament_cmake_python_build_tensorrt_yolo_egg
[01m[K/home/david/yolocpp_ws/src/TensorRT-YOLO/src/segment_node.cpp:143:21:[m[K [01;31m[Kerror: [m[Kâ€˜[01m[Kdeploy[m[Kâ€™ was not declared in this scope
  143 |     std::unique_ptr<[01;31m[Kdeploy[m[K::SegmentModel> model_;
      |                     [01;31m[K^~~~~~[m[K
[01m[K/home/david/yolocpp_ws/src/TensorRT-YOLO/src/segment_node.cpp:143:41:[m[K [01;31m[Kerror: [m[Ktemplate argument 1 is invalid
  143 |     std::unique_ptr<deploy::SegmentModel[01;31m[K>[m[K model_;
      |                                         [01;31m[K^[m[K
[01m[K/home/david/yolocpp_ws/src/TensorRT-YOLO/src/segment_node.cpp:143:41:[m[K [01;31m[Kerror: [m[Ktemplate argument 2 is invalid
[01m[K/home/david/yolocpp_ws/src/TensorRT-YOLO/src/segment_node.cpp:186:35:[m[K [01;31m[Kerror: [m[Kâ€˜[01m[Kdeploy[m[Kâ€™ does not name a type
  186 |     cv::Mat generateSegMask(const [01;31m[Kdeploy[m[K::SegmentRes &result, const cv::Size &orig_size, double scale_up_factor)
      |                                   [01;31m[K^~~~~~[m[K
[01m[K/home/david/yolocpp_ws/src/TensorRT-YOLO/src/segment_node.cpp:186:54:[m[K [01;31m[Kerror: [m[Kexpected unqualified-id before â€˜[01m[K&[m[Kâ€™ token
  186 |     cv::Mat generateSegMask(const deploy::SegmentRes [01;31m[K&[m[Kresult, const cv::Size &orig_size, double scale_up_factor)
      |                                                      [01;31m[K^[m[K
[01m[K/home/david/yolocpp_ws/src/TensorRT-YOLO/src/segment_node.cpp:186:53:[m[K [01;31m[Kerror: [m[Kexpected â€˜[01m[K)[m[Kâ€™ before â€˜[01m[K&[m[Kâ€™ token
  186 |     cv::Mat generateSegMask[34m[K([m[Kconst deploy::SegmentRes[01;31m[K [m[K[32m[K&[m[Kresult, const cv::Size &orig_size, double scale_up_factor)
      |                            [34m[K~[m[K                        [01;31m[K^[m[K[32m[K~[m[K
      |                                                     [32m[K)[m[K
[01m[K/home/david/yolocpp_ws/src/TensorRT-YOLO/src/segment_node.cpp:186:54:[m[K [01;31m[Kerror: [m[Kexpected â€˜[01m[K;[m[Kâ€™ at end of member declaration
  186 |     cv::Mat generateSegMask(const deploy::SegmentRes [01;31m[K&[m[Kresult, const cv::Size &orig_size, double scale_up_factor)
      |                                                      [01;31m[K^[m[K
      |                                                       [32m[K;[m[K
[01m[K/home/david/yolocpp_ws/src/TensorRT-YOLO/src/segment_node.cpp:186:55:[m[K [01;31m[Kerror: [m[Kâ€˜[01m[Kresult[m[Kâ€™ does not name a type
  186 |     cv::Mat generateSegMask(const deploy::SegmentRes &[01;31m[Kresult[m[K, const cv::Size &orig_size, double scale_up_factor)
      |                                                       [01;31m[K^~~~~~[m[K
[01m[K/home/david/yolocpp_ws/src/TensorRT-YOLO/src/segment_node.cpp:[m[K In constructor â€˜[01m[KYoloBatchNode::YoloBatchNode()[m[Kâ€™:
[01m[K/home/david/yolocpp_ws/src/TensorRT-YOLO/src/segment_node.cpp:70:45:[m[K [01;31m[Kerror: [m[Kinvalid conversion from â€˜[01m[Kunsigned char**[m[Kâ€™ to â€˜[01m[Kvoid**[m[Kâ€™ [[01;31m[K]8;;https://gcc.gnu.org/onlinedocs/gcc/Warning-Options.html#index-fpermissive-fpermissive]8;;[m[K]
   70 |             cudaError_t err = cudaHostAlloc([01;31m[K&h_pinned_input_buffer_[m[K, total_pinned_input_bytes_, cudaHostAllocDefault);
      |                                             [01;31m[K^~~~~~~~~~~~~~~~~~~~~~~[m[K
      |                                             [01;31m[K|[m[K
      |                                             [01;31m[Kunsigned char**[m[K
In file included from [01m[K/home/david/yolocpp_ws/src/TensorRT-YOLO/src/segment_node.cpp:20[m[K:
[01m[K/usr/local/cuda-12.9/include/cuda_runtime_api.h:5781:60:[m[K [01;36m[Knote: [m[K  initializing argument 1 of â€˜[01m[KcudaError_t cudaHostAlloc(void**, size_t, unsigned int)[m[Kâ€™
 5781 | extern __host__ cudaError_t CUDARTAPI cudaHostAlloc([01;36m[Kvoid **pHost[m[K, size_t size, unsigned int flags);
      |                                                     [01;36m[K~~~~~~~^~~~~[m[K
[01m[K/home/david/yolocpp_ws/src/TensorRT-YOLO/src/segment_node.cpp:85:9:[m[K [01;31m[Kerror: [m[Kâ€˜[01m[Kdeploy[m[Kâ€™ has not been declared
   85 |         [01;31m[Kdeploy[m[K::InferOption option;
      |         [01;31m[K^~~~~~[m[K
[01m[K/home/david/yolocpp_ws/src/TensorRT-YOLO/src/segment_node.cpp:86:9:[m[K [01;31m[Kerror: [m[Kâ€˜[01m[Koption[m[Kâ€™ was not declared in this scope; did you mean â€˜[01m[Koptind[m[Kâ€™?
   86 |         [01;31m[Koption[m[K.enableSwapRB();
      |         [01;31m[K^~~~~~[m[K
      |         [32m[Koptind[m[K
[01m[K/home/david/yolocpp_ws/src/TensorRT-YOLO/src/segment_node.cpp:89:39:[m[K [01;31m[Kerror: [m[Kâ€˜[01m[Kdeploy[m[Kâ€™ was not declared in this scope
   89 |             model_ = std::make_unique<[01;31m[Kdeploy[m[K::SegmentModel>(engine_path, option);
      |                                       [01;31m[K^~~~~~[m[K
[01m[K/home/david/yolocpp_ws/src/TensorRT-YOLO/src/segment_node.cpp:89:27:[m[K [01;31m[Kerror: [m[Kparse error in template argument list
   89 |             model_ = std::[01;31m[Kmake_unique<deploy::SegmentModel>[m[K(engine_path, option);
      |                           [01;31m[K^~~~~~~~~~~~~~~~~~~~~~~~~~~~~~~~~[m[K
[01m[K/home/david/yolocpp_ws/src/TensorRT-YOLO/src/segment_node.cpp:[m[K In member function â€˜[01m[Kvoid YoloBatchNode::processBatch()[m[Kâ€™:
[01m[K/home/david/yolocpp_ws/src/TensorRT-YOLO/src/segment_node.cpp:216:21:[m[K [01;31m[Kerror: [m[Kâ€˜[01m[Kdeploy[m[Kâ€™ was not declared in this scope
  216 |         std::vector<[01;31m[Kdeploy[m[K::Image> img_batch;
      |                     [01;31m[K^~~~~~[m[K
[01m[K/home/david/yolocpp_ws/src/TensorRT-YOLO/src/segment_node.cpp:216:34:[m[K [01;31m[Kerror: [m[Ktemplate argument 1 is invalid
  216 |         std::vector<deploy::Image[01;31m[K>[m[K img_batch;
      |                                  [01;31m[K^[m[K
[01m[K/home/david/yolocpp_ws/src/TensorRT-YOLO/src/segment_node.cpp:216:34:[m[K [01;31m[Kerror: [m[Ktemplate argument 2 is invalid
[01m[K/home/david/yolocpp_ws/src/TensorRT-YOLO/src/segment_node.cpp:244:31:[m[K [01;31m[Kerror: [m[Krequest for member â€˜[01m[Kemplace_back[m[Kâ€™ in â€˜[01m[Kimg_batch[m[Kâ€™, which is of non-class type â€˜[01m[Kint[m[Kâ€™
  244 |                     img_batch.[01;31m[Kemplace_back[m[K(current_pinned_ptr, resized_img.cols, resized_img.rows);
      |                               [01;31m[K^~~~~~~~~~~~[m[K
[01m[K/home/david/yolocpp_ws/src/TensorRT-YOLO/src/segment_node.cpp:248:31:[m[K [01;31m[Kerror: [m[Krequest for member â€˜[01m[Kemplace_back[m[Kâ€™ in â€˜[01m[Kimg_batch[m[Kâ€™, which is of non-class type â€˜[01m[Kint[m[Kâ€™
  248 |                     img_batch.[01;31m[Kemplace_back[m[K(resized_img.data, resized_img.cols, resized_img.rows); // Fallback
      |                               [01;31m[K^~~~~~~~~~~~[m[K
[01m[K/home/david/yolocpp_ws/src/TensorRT-YOLO/src/segment_node.cpp:252:27:[m[K [01;31m[Kerror: [m[Krequest for member â€˜[01m[Kemplace_back[m[Kâ€™ in â€˜[01m[Kimg_batch[m[Kâ€™, which is of non-class type â€˜[01m[Kint[m[Kâ€™
  252 |                 img_batch.[01;31m[Kemplace_back[m[K(resized_img.data, resized_img.cols, resized_img.rows);
      |                           [01;31m[K^~~~~~~~~~~~[m[K
[01m[K/home/david/yolocpp_ws/src/TensorRT-YOLO/src/segment_node.cpp:260:39:[m[K [01;31m[Kerror: [m[Ktemplate argument 2 is invalid
  260 |         std::vector<deploy::SegmentRes[01;31m[K>[m[K results = model_->predict(img_batch);
      |                                       [01;31m[K^[m[K
[01m[K/home/david/yolocpp_ws/src/TensorRT-YOLO/src/segment_node.cpp:260:57:[m[K [01;31m[Kerror: [m[Kbase operand of â€˜[01m[K->[m[Kâ€™ is not a pointer
  260 |         std::vector<deploy::SegmentRes> results = model_[01;31m[K->[m[Kpredict(img_batch);
      |                                                         [01;31m[K^~[m[K
[01m[K/home/david/yolocpp_ws/src/TensorRT-YOLO/src/segment_node.cpp:267:40:[m[K [01;31m[Kerror: [m[Krequest for member â€˜[01m[Ksize[m[Kâ€™ in â€˜[01m[Kresults[m[Kâ€™, which is of non-class type â€˜[01m[Kint[m[Kâ€™
  267 |         for (size_t i = 0; i < results.[01;31m[Ksize[m[K() && i < 3; ++i) {
      |                                        [01;31m[K^~~~[m[K
[01m[K/home/david/yolocpp_ws/src/TensorRT-YOLO/src/segment_node.cpp:269:55:[m[K [01;31m[Kerror: [m[Kinvalid types â€˜[01m[Kint[size_t {aka long unsigned int}][m[Kâ€™ for array subscript
  269 |             cv::Mat seg_mask = generateSegMask(results[01;31m[K[[m[Ki], orig_sizes[i], scale_up_factor);
      |                                                       [01;31m[K^[m[K
[01m[K/home/david/yolocpp_ws/src/TensorRT-YOLO/src/segment_node.cpp:283:25:[m[K [01;31m[Kerror: [m[Kinvalid types â€˜[01m[Kint[size_t {aka long unsigned int}][m[Kâ€™ for array subscript
  283 |             if (!results[01;31m[K[[m[Ki].boxes.empty() && (results[i].num > 0)) {
      |                         [01;31m[K^[m[K
[01m[K/home/david/yolocpp_ws/src/TensorRT-YOLO/src/segment_node.cpp:283:54:[m[K [01;31m[Kerror: [m[Kinvalid types â€˜[01m[Kint[size_t {aka long unsigned int}][m[Kâ€™ for array subscript
  283 |             if (!results[i].boxes.empty() && (results[01;31m[K[[m[Ki].num > 0)) {
      |                                                      [01;31m[K^[m[K
gmake[2]: *** [CMakeFiles/segment_node.dir/build.make:76: CMakeFiles/segment_node.dir/src/segment_node.cpp.o] Error 1
gmake[1]: *** [CMakeFiles/Makefile2:210: CMakeFiles/segment_node.dir/all] Error 2
gmake: *** [Makefile:146: all] Error 2
