[ 50%] Built target node
[ 75%] [32mBuilding CXX object CMakeFiles/PylonCameraNode.dir/src/main.cpp.o[0m
[01m[K/home/david/yolocpp_ws/src/pylon_instant_camera-ros2/src/main.cpp:[m[K In member function â€˜[01m[Kvoid pylon_instant_camera::PylonCameraNode::grab_and_publish()[m[Kâ€™:
[01m[K/home/david/yolocpp_ws/src/pylon_instant_camera-ros2/src/main.cpp:224:25:[m[K [01;31m[Kerror: [m[Kâ€˜[01m[Kusing _header_type = struct std_msgs::msg::Header_<std::allocator<void> >[m[Kâ€™ {aka â€˜[01m[Kstruct std_msgs::msg::Header_<std::allocator<void> >[m[Kâ€™} has no member named â€˜[01m[Kseq[m[Kâ€™
  224 |         img_msg->header.[01;31m[Kseq[m[K = image_sequence_counter_++; // Asignar e incrementar el contador de secuencia
      |                         [01;31m[K^~~[m[K
gmake[2]: *** [CMakeFiles/PylonCameraNode.dir/build.make:76: CMakeFiles/PylonCameraNode.dir/src/main.cpp.o] Error 1
gmake[1]: *** [CMakeFiles/Makefile2:139: CMakeFiles/PylonCameraNode.dir/all] Error 2
gmake: *** [Makefile:146: all] Error 2
