[0.007s] Invoking command in '/home/david/yolocpp_ws/build/tensorrt_yolo': CMAKE_PREFIX_PATH=/home/david/yolocpp_ws/install/yolo_custom_interfaces:/home/david/yolocpp_ws/install/zoe_bringup:/home/david/yolocpp_ws/install/yolocpp:/home/david/yolocpp_ws/install/tensorrt_yolo:/home/david/yolocpp_ws/install/seg_sub:/home/david/yolocpp_ws/install/pylon_instant_camera:/home/david/yolocpp_ws/install/image_directory_publisher:/home/david/yolocpp_ws/install/bboxes_ex_msgs:/opt/ros/humble LD_LIBRARY_PATH=/home/david/yolocpp_ws/install/yolo_custom_interfaces/lib:/home/david/yolocpp_ws/install/pylon_instant_camera/lib:/home/david/yolocpp_ws/install/image_directory_publisher/lib:/home/david/yolocpp_ws/install/bboxes_ex_msgs/lib:/opt/pylon/lib:/opt/ros/humble/opt/rviz_ogre_vendor/lib:/opt/ros/humble/lib/x86_64-linux-gnu:/opt/ros/humble/lib:/usr/local/cuda/lib64:/usr/local/cuda-11.2/lib64:/usr/local/cuda-11.2/lib64:/home/david/onnxruntime-linux-x64-gpu-1.22.0/lib PROMPT_COMMAND=echo -n \[$(date +%H:%M:%S)\]\ /home/david/.local/bin/cmake --build /home/david/yolocpp_ws/build/tensorrt_yolo -- -j32 -l32
[0.046s] [ 14%] Built target chrono
[0.047s] [ 71%] Built target deploy
[0.060s] [ 85%] Built target segment_node_3P
[0.062s] [ 92%] [32mBuilding CXX object CMakeFiles/segment_node.dir/src/segment_node.cpp.o[0m
[1.384s] In file included from [01m[K/home/david/yolocpp_ws/src/TensorRT-YOLO/include/deploy/infer/backend.hpp:19[m[K,
[1.384s]                  from [01m[K/home/david/yolocpp_ws/src/TensorRT-YOLO/include/deploy/model.hpp:17[m[K,
[1.384s]                  from [01m[K/home/david/yolocpp_ws/src/TensorRT-YOLO/src/segment_node.cpp:21[m[K:
[1.384s] [01m[K/home/david/yolocpp_ws/src/TensorRT-YOLO/include/deploy/core/buffer.hpp:[m[K In constructor â€˜[01m[Kdeploy::DeviceBuffer::DeviceBuffer()[m[Kâ€™:
[1.384s] [01m[K/home/david/yolocpp_ws/src/TensorRT-YOLO/include/deploy/core/buffer.hpp:103:12:[m[K [01;35m[Kwarning: [m[Kâ€˜[01m[Kdeploy::DeviceBuffer::size_[m[Kâ€™ will be initialized after [[01;35m[K]8;;https://gcc.gnu.org/onlinedocs/gcc/Warning-Options.html#index-Wreorder-Wreorder]8;;[m[K]
[1.384s]   103 |     size_t [01;35m[Ksize_[m[K;    // < å†…å­˜å¤§å°
[1.384s]       |            [01;35m[K^~~~~[m[K
[1.384s] [01m[K/home/david/yolocpp_ws/src/TensorRT-YOLO/include/deploy/core/buffer.hpp:102:12:[m[K [01;35m[Kwarning: [m[K  â€˜[01m[Kvoid* deploy::DeviceBuffer::device_[m[Kâ€™ [[01;35m[K]8;;https://gcc.gnu.org/onlinedocs/gcc/Warning-Options.html#index-Wreorder-Wreorder]8;;[m[K]
[1.384s]   102 |     void*  [01;35m[Kdevice_[m[K;  // < è®¾å¤‡å†…å­˜æŒ‡é’ˆ
[1.384s]       |            [01;35m[K^~~~~~~[m[K
[1.384s] [01m[K/home/david/yolocpp_ws/src/TensorRT-YOLO/include/deploy/core/buffer.hpp:86:5:[m[K [01;35m[Kwarning: [m[K  when initialized here [[01;35m[K]8;;https://gcc.gnu.org/onlinedocs/gcc/Warning-Options.html#index-Wreorder-Wreorder]8;;[m[K]
[1.384s]    86 |     [01;35m[KDeviceBuffer[m[K() : size_(0), device_(nullptr) {}
[1.384s]       |     [01;35m[K^~~~~~~~~~~~[m[K
[1.384s] [01m[K/home/david/yolocpp_ws/src/TensorRT-YOLO/include/deploy/core/buffer.hpp:[m[K In constructor â€˜[01m[Kdeploy::DiscreteBuffer::DiscreteBuffer()[m[Kâ€™:
[1.384s] [01m[K/home/david/yolocpp_ws/src/TensorRT-YOLO/include/deploy/core/buffer.hpp:130:12:[m[K [01;35m[Kwarning: [m[Kâ€˜[01m[Kdeploy::DiscreteBuffer::size_[m[Kâ€™ will be initialized after [[01;35m[K]8;;https://gcc.gnu.org/onlinedocs/gcc/Warning-Options.html#index-Wreorder-Wreorder]8;;[m[K]
[1.384s]   130 |     size_t [01;35m[Ksize_[m[K;    // < å†…å­˜å¤§å°
[1.384s]       |            [01;35m[K^~~~~[m[K
[1.384s] [01m[K/home/david/yolocpp_ws/src/TensorRT-YOLO/include/deploy/core/buffer.hpp:128:12:[m[K [01;35m[Kwarning: [m[K  â€˜[01m[Kvoid* deploy::DiscreteBuffer::host_[m[Kâ€™ [[01;35m[K]8;;https://gcc.gnu.org/onlinedocs/gcc/Warning-Options.html#index-Wreorder-Wreorder]8;;[m[K]
[1.384s]   128 |     void*  [01;35m[Khost_[m[K;    // < ä¸»æœºå†…å­˜æŒ‡é’ˆ
[1.384s]       |            [01;35m[K^~~~~[m[K
[1.384s] [01m[K/home/david/yolocpp_ws/src/TensorRT-YOLO/include/deploy/core/buffer.hpp:112:5:[m[K [01;35m[Kwarning: [m[K  when initialized here [[01;35m[K]8;;https://gcc.gnu.org/onlinedocs/gcc/Warning-Options.html#index-Wreorder-Wreorder]8;;[m[K]
[1.384s]   112 |     [01;35m[KDiscreteBuffer[m[K() : size_(0), host_(nullptr), device_(nullptr) {}
[1.384s]       |     [01;35m[K^~~~~~~~~~~~~~[m[K
[1.384s] [01m[K/home/david/yolocpp_ws/src/TensorRT-YOLO/include/deploy/core/buffer.hpp:[m[K In constructor â€˜[01m[Kdeploy::UnifiedBuffer::UnifiedBuffer()[m[Kâ€™:
[1.384s] [01m[K/home/david/yolocpp_ws/src/TensorRT-YOLO/include/deploy/core/buffer.hpp:157:12:[m[K [01;35m[Kwarning: [m[Kâ€˜[01m[Kdeploy::UnifiedBuffer::size_[m[Kâ€™ will be initialized after [[01;35m[K]8;;https://gcc.gnu.org/onlinedocs/gcc/Warning-Options.html#index-Wreorder-Wreorder]8;;[m[K]
[1.384s]   157 |     size_t [01;35m[Ksize_[m[K;    // < å†…å­˜å¤§å°
[1.384s]       |            [01;35m[K^~~~~[m[K
[1.384s] [01m[K/home/david/yolocpp_ws/src/TensorRT-YOLO/include/deploy/core/buffer.hpp:155:12:[m[K [01;35m[Kwarning: [m[K  â€˜[01m[Kvoid* deploy::UnifiedBuffer::host_[m[Kâ€™ [[01;35m[K]8;;https://gcc.gnu.org/onlinedocs/gcc/Warning-Options.html#index-Wreorder-Wreorder]8;;[m[K]
[1.384s]   155 |     void*  [01;35m[Khost_[m[K;    // < ä¸»æœºå†…å­˜æŒ‡é’ˆ
[1.384s]       |            [01;35m[K^~~~~[m[K
[1.384s] [01m[K/home/david/yolocpp_ws/src/TensorRT-YOLO/include/deploy/core/buffer.hpp:139:5:[m[K [01;35m[Kwarning: [m[K  when initialized here [[01;35m[K]8;;https://gcc.gnu.org/onlinedocs/gcc/Warning-Options.html#index-Wreorder-Wreorder]8;;[m[K]
[1.384s]   139 |     [01;35m[KUnifiedBuffer[m[K() : size_(0), host_(nullptr), device_(nullptr) {}
[1.384s]       |     [01;35m[K^~~~~~~~~~~~~[m[K
[1.385s] [01m[K/home/david/yolocpp_ws/src/TensorRT-YOLO/include/deploy/core/buffer.hpp:[m[K In constructor â€˜[01m[Kdeploy::MappedBuffer::MappedBuffer()[m[Kâ€™:
[1.385s] [01m[K/home/david/yolocpp_ws/src/TensorRT-YOLO/include/deploy/core/buffer.hpp:184:12:[m[K [01;35m[Kwarning: [m[Kâ€˜[01m[Kdeploy::MappedBuffer::size_[m[Kâ€™ will be initialized after [[01;35m[K]8;;https://gcc.gnu.org/onlinedocs/gcc/Warning-Options.html#index-Wreorder-Wreorder]8;;[m[K]
[1.385s]   184 |     size_t [01;35m[Ksize_[m[K;    // < å†…å­˜å¤§å°
[1.385s]       |            [01;35m[K^~~~~[m[K
[1.385s] [01m[K/home/david/yolocpp_ws/src/TensorRT-YOLO/include/deploy/core/buffer.hpp:182:12:[m[K [01;35m[Kwarning: [m[K  â€˜[01m[Kvoid* deploy::MappedBuffer::host_[m[Kâ€™ [[01;35m[K]8;;https://gcc.gnu.org/onlinedocs/gcc/Warning-Options.html#index-Wreorder-Wreorder]8;;[m[K]
[1.385s]   182 |     void*  [01;35m[Khost_[m[K;    // < ä¸»æœºå†…å­˜æŒ‡é’ˆ
[1.385s]       |            [01;35m[K^~~~~[m[K
[1.385s] [01m[K/home/david/yolocpp_ws/src/TensorRT-YOLO/include/deploy/core/buffer.hpp:166:5:[m[K [01;35m[Kwarning: [m[K  when initialized here [[01;35m[K]8;;https://gcc.gnu.org/onlinedocs/gcc/Warning-Options.html#index-Wreorder-Wreorder]8;;[m[K]
[1.385s]   166 |     [01;35m[KMappedBuffer[m[K() : size_(0), host_(nullptr), device_(nullptr) {}
[1.385s]       |     [01;35m[K^~~~~~~~~~~~[m[K
[1.387s] [01m[K/home/david/yolocpp_ws/src/TensorRT-YOLO/include/deploy/core/buffer.hpp:[m[K In constructor â€˜[01m[Kdeploy::TensorInfo::TensorInfo(std::string, const Dims&, nvinfer1::DataType, bool, deploy::BufferType)[m[Kâ€™:
[1.387s] [01m[K/home/david/yolocpp_ws/src/TensorRT-YOLO/include/deploy/core/buffer.hpp:224:33:[m[K [01;35m[Kwarning: [m[Kâ€˜[01m[Kdeploy::TensorInfo::shape[m[Kâ€™ will be initialized after [[01;35m[K]8;;https://gcc.gnu.org/onlinedocs/gcc/Warning-Options.html#index-Wreorder-Wreorder]8;;[m[K]
[1.387s]   224 |     nvinfer1::Dims              [01;35m[Kshape[m[K;   // < å¼ é‡å½¢çŠ¶
[1.387s]       |                                 [01;35m[K^~~~~[m[K
[1.387s] [01m[K/home/david/yolocpp_ws/src/TensorRT-YOLO/include/deploy/core/buffer.hpp:219:24:[m[K [01;35m[Kwarning: [m[K  â€˜[01m[Knvinfer1::DataType deploy::TensorInfo::dtype_[m[Kâ€™ [[01;35m[K]8;;https://gcc.gnu.org/onlinedocs/gcc/Warning-Options.html#index-Wreorder-Wreorder]8;;[m[K]
[1.387s]   219 |     nvinfer1::DataType [01;35m[Kdtype_[m[K;           // < å¼ é‡æ•°æ®ç±»åž‹
[1.387s]       |                        [01;35m[K^~~~~~[m[K
[1.387s] [01m[K/home/david/yolocpp_ws/src/TensorRT-YOLO/include/deploy/core/buffer.hpp:236:5:[m[K [01;35m[Kwarning: [m[K  when initialized here [[01;35m[K]8;;https://gcc.gnu.org/onlinedocs/gcc/Warning-Options.html#index-Wreorder-Wreorder]8;;[m[K]
[1.387s]   236 |     [01;35m[KTensorInfo[m[K(const std::string name, const nvinfer1::Dims& shape, const nvinfer1::DataType dtype, const bool input, BufferType buffer_type)
[1.387s]       |     [01;35m[K^~~~~~~~~~[m[K
[1.463s] [01m[K/home/david/yolocpp_ws/src/TensorRT-YOLO/src/segment_node.cpp:[m[K At global scope:
[1.463s] [01m[K/home/david/yolocpp_ws/src/TensorRT-YOLO/src/segment_node.cpp:921:9:[m[K [01;31m[Kerror: [m[Knon-static data member declared with placeholder â€˜[01m[Kauto[m[Kâ€™
[1.463s]   921 |         [01;31m[Kauto[m[K t_post_loop_end = clock::now();
[1.463s]       |         [01;31m[K^~~~[m[K
[1.463s] [01m[K/home/david/yolocpp_ws/src/TensorRT-YOLO/src/segment_node.cpp:924:9:[m[K [01;31m[Kerror: [m[Kexpected unqualified-id before â€˜[01m[Kif[m[Kâ€™
[1.463s]   924 |         [01;31m[Kif[m[K (video_writers_initialized_) {
[1.463s]       |         [01;31m[K^~[m[K
[1.463s] [01m[K/home/david/yolocpp_ws/src/TensorRT-YOLO/src/segment_node.cpp:938:9:[m[K [01;31m[Kerror: [m[Knon-static data member declared with placeholder â€˜[01m[Kauto[m[Kâ€™
[1.463s]   938 |         [01;31m[Kauto[m[K dt_pre_ms = std::chrono::duration_cast<std::chrono::milliseconds>(t_pre_end - t_pre_start).count();
[1.463s]       |         [01;31m[K^~~~[m[K
[1.463s] [01m[K/home/david/yolocpp_ws/src/TensorRT-YOLO/src/segment_node.cpp:939:9:[m[K [01;31m[Kerror: [m[Knon-static data member declared with placeholder â€˜[01m[Kauto[m[Kâ€™
[1.463s]   939 |         [01;31m[Kauto[m[K dt_inf_ms = std::chrono::duration_cast<std::chrono::milliseconds>(t_inf_end - t_inf_start).count();
[1.463s]       |         [01;31m[K^~~~[m[K
[1.463s] [01m[K/home/david/yolocpp_ws/src/TensorRT-YOLO/src/segment_node.cpp:940:9:[m[K [01;31m[Kerror: [m[Knon-static data member declared with placeholder â€˜[01m[Kauto[m[Kâ€™
[1.463s]   940 |         [01;31m[Kauto[m[K dt_post_loop_ms = std::chrono::duration_cast<std::chrono::milliseconds>(t_post_loop_end - t_post_loop_start).count();
[1.463s]       |         [01;31m[K^~~~[m[K
[1.463s] [01m[K/home/david/yolocpp_ws/src/TensorRT-YOLO/src/segment_node.cpp:941:9:[m[K [01;31m[Kerror: [m[Knon-static data member declared with placeholder â€˜[01m[Kauto[m[Kâ€™
[1.463s]   941 |         [01;31m[Kauto[m[K dt_total_from_buffer_copy_ms = std::chrono::duration_cast<std::chrono::milliseconds>(t_post_loop_end - t_buffer_copy_start).count();
[1.463s]       |         [01;31m[K^~~~[m[K
[1.463s] In file included from [01m[K/opt/ros/humble/include/rclcpp/rclcpp/client.hpp:40[m[K,
[1.463s]                  from [01m[K/opt/ros/humble/include/rclcpp/rclcpp/callback_group.hpp:24[m[K,
[1.463s]                  from [01m[K/opt/ros/humble/include/rclcpp/rclcpp/any_executable.hpp:20[m[K,
[1.463s]                  from [01m[K/opt/ros/humble/include/rclcpp/rclcpp/memory_strategy.hpp:25[m[K,
[1.463s]                  from [01m[K/opt/ros/humble/include/rclcpp/rclcpp/memory_strategies.hpp:18[m[K,
[1.463s]                  from [01m[K/opt/ros/humble/include/rclcpp/rclcpp/executor_options.hpp:20[m[K,
[1.463s]                  from [01m[K/opt/ros/humble/include/rclcpp/rclcpp/executor.hpp:37[m[K,
[1.463s]                  from [01m[K/opt/ros/humble/include/rclcpp/rclcpp/executors/multi_threaded_executor.hpp:25[m[K,
[1.463s]                  from [01m[K/opt/ros/humble/include/rclcpp/rclcpp/executors.hpp:21[m[K,
[1.463s]                  from [01m[K/opt/ros/humble/include/rclcpp/rclcpp/rclcpp.hpp:155[m[K,
[1.463s]                  from [01m[K/home/david/yolocpp_ws/src/TensorRT-YOLO/src/segment_node.cpp:16[m[K:
[1.463s] [01m[K/home/david/yolocpp_ws/src/TensorRT-YOLO/src/segment_node.cpp:943:9:[m[K [01;31m[Kerror: [m[Kexpected unqualified-id before â€˜[01m[Kdo[m[Kâ€™
[1.463s]   943 |         [01;31m[KRCLCPP_INFO[m[K(this->get_logger(), "--- Batch Processing Summary ---");
[1.463s]       |         [01;31m[K^~~~~~~~~~~[m[K
[1.463s] [01m[K/home/david/yolocpp_ws/src/TensorRT-YOLO/src/segment_node.cpp:943:9:[m[K [01;31m[Kerror: [m[Kexpected unqualified-id before â€˜[01m[Kwhile[m[Kâ€™
[1.463s]   943 |         [01;31m[KRCLCPP_INFO[m[K(this->get_logger(), "--- Batch Processing Summary ---");
[1.463s]       |         [01;31m[K^~~~~~~~~~~[m[K
[1.463s] [01m[K/home/david/yolocpp_ws/src/TensorRT-YOLO/src/segment_node.cpp:944:9:[m[K [01;31m[Kerror: [m[Kexpected unqualified-id before â€˜[01m[Kdo[m[Kâ€™
[1.463s]   944 |         [01;31m[KRCLCPP_INFO[m[K(this->get_logger(), "  Buffer Copy   : %ld us", dt_buffer_copy_us);
[1.463s]       |         [01;31m[K^~~~~~~~~~~[m[K
[1.463s] [01m[K/home/david/yolocpp_ws/src/TensorRT-YOLO/src/segment_node.cpp:944:9:[m[K [01;31m[Kerror: [m[Kexpected unqualified-id before â€˜[01m[Kwhile[m[Kâ€™
[1.464s]   944 |         [01;31m[KRCLCPP_INFO[m[K(this->get_logger(), "  Buffer Copy   : %ld us", dt_buffer_copy_us);
[1.464s]       |         [01;31m[K^~~~~~~~~~~[m[K
[1.464s] [01m[K/home/david/yolocpp_ws/src/TensorRT-YOLO/src/segment_node.cpp:945:9:[m[K [01;31m[Kerror: [m[Kexpected unqualified-id before â€˜[01m[Kdo[m[Kâ€™
[1.464s]   945 |         [01;31m[KRCLCPP_INFO[m[K(this->get_logger(), "  Preprocessing : %ld ms", dt_pre_ms);
[1.464s]       |         [01;31m[K^~~~~~~~~~~[m[K
[1.464s] [01m[K/home/david/yolocpp_ws/src/TensorRT-YOLO/src/segment_node.cpp:945:9:[m[K [01;31m[Kerror: [m[Kexpected unqualified-id before â€˜[01m[Kwhile[m[Kâ€™
[1.464s]   945 |         [01;31m[KRCLCPP_INFO[m[K(this->get_logger(), "  Preprocessing : %ld ms", dt_pre_ms);
[1.464s]       |         [01;31m[K^~~~~~~~~~~[m[K
[1.464s] [01m[K/home/david/yolocpp_ws/src/TensorRT-YOLO/src/segment_node.cpp:946:9:[m[K [01;31m[Kerror: [m[Kexpected unqualified-id before â€˜[01m[Kdo[m[Kâ€™
[1.464s]   946 |         [01;31m[KRCLCPP_INFO[m[K(this->get_logger(), "  Inference     : %ld ms", dt_inf_ms);
[1.464s]       |         [01;31m[K^~~~~~~~~~~[m[K
[1.464s] [01m[K/home/david/yolocpp_ws/src/TensorRT-YOLO/src/segment_node.cpp:946:9:[m[K [01;31m[Kerror: [m[Kexpected unqualified-id before â€˜[01m[Kwhile[m[Kâ€™
[1.464s]   946 |         [01;31m[KRCLCPP_INFO[m[K(this->get_logger(), "  Inference     : %ld ms", dt_inf_ms);
[1.464s]       |         [01;31m[K^~~~~~~~~~~[m[K
[1.464s] [01m[K/home/david/yolocpp_ws/src/TensorRT-YOLO/src/segment_node.cpp:947:9:[m[K [01;31m[Kerror: [m[Kexpected unqualified-id before â€˜[01m[Kdo[m[Kâ€™
[1.464s]   947 |         [01;31m[KRCLCPP_INFO[m[K(this->get_logger(), "  Postproc. Loop: %ld ms (Total for 3 images' maskgen, msgcreate, publish)", dt_post_loop_ms);
[1.464s]       |         [01;31m[K^~~~~~~~~~~[m[K
[1.464s] [01m[K/home/david/yolocpp_ws/src/TensorRT-YOLO/src/segment_node.cpp:947:9:[m[K [01;31m[Kerror: [m[Kexpected unqualified-id before â€˜[01m[Kwhile[m[Kâ€™
[1.464s]   947 |         [01;31m[KRCLCPP_INFO[m[K(this->get_logger(), "  Postproc. Loop: %ld ms (Total for 3 images' maskgen, msgcreate, publish)", dt_post_loop_ms);
[1.464s]       |         [01;31m[K^~~~~~~~~~~[m[K
[1.464s] [01m[K/home/david/yolocpp_ws/src/TensorRT-YOLO/src/segment_node.cpp:948:9:[m[K [01;31m[Kerror: [m[Kexpected unqualified-id before â€˜[01m[Kfor[m[Kâ€™
[1.464s]   948 |         [01;31m[Kfor[m[K(size_t i=0; i<3; ++i) {
[1.464s]       |         [01;31m[K^~~[m[K
[1.464s] [01m[K/home/david/yolocpp_ws/src/TensorRT-YOLO/src/segment_node.cpp:948:25:[m[K [01;31m[Kerror: [m[Kâ€˜[01m[Ki[m[Kâ€™ does not name a type
[1.464s]   948 |         for(size_t i=0; [01;31m[Ki[m[K<3; ++i) {
[1.464s]       |                         [01;31m[K^[m[K
[1.464s] [01m[K/home/david/yolocpp_ws/src/TensorRT-YOLO/src/segment_node.cpp:948:30:[m[K [01;31m[Kerror: [m[Kexpected unqualified-id before â€˜[01m[K++[m[Kâ€™ token
[1.464s]   948 |         for(size_t i=0; i<3; [01;31m[K++[m[Ki) {
[1.464s]       |                              [01;31m[K^~[m[K
[1.464s] In file included from [01m[K/opt/ros/humble/include/rclcpp/rclcpp/client.hpp:40[m[K,
[1.464s]                  from [01m[K/opt/ros/humble/include/rclcpp/rclcpp/callback_group.hpp:24[m[K,
[1.464s]                  from [01m[K/opt/ros/humble/include/rclcpp/rclcpp/any_executable.hpp:20[m[K,
[1.464s]                  from [01m[K/opt/ros/humble/include/rclcpp/rclcpp/memory_strategy.hpp:25[m[K,
[1.464s]                  from [01m[K/opt/ros/humble/include/rclcpp/rclcpp/memory_strategies.hpp:18[m[K,
[1.464s]                  from [01m[K/opt/ros/humble/include/rclcpp/rclcpp/executor_options.hpp:20[m[K,
[1.464s]                  from [01m[K/opt/ros/humble/include/rclcpp/rclcpp/executor.hpp:37[m[K,
[1.464s]                  from [01m[K/opt/ros/humble/include/rclcpp/rclcpp/executors/multi_threaded_executor.hpp:25[m[K,
[1.464s]                  from [01m[K/opt/ros/humble/include/rclcpp/rclcpp/executors.hpp:21[m[K,
[1.464s]                  from [01m[K/opt/ros/humble/include/rclcpp/rclcpp/rclcpp.hpp:155[m[K,
[1.464s]                  from [01m[K/home/david/yolocpp_ws/src/TensorRT-YOLO/src/segment_node.cpp:16[m[K:
[1.464s] [01m[K/home/david/yolocpp_ws/src/TensorRT-YOLO/src/segment_node.cpp:955:9:[m[K [01;31m[Kerror: [m[Kexpected unqualified-id before â€˜[01m[Kdo[m[Kâ€™
[1.464s]   955 |         [01;31m[KRCLCPP_INFO[m[K(this->get_logger(), "  Total Batch Time (BufCopy+Pre+Inf+PostLoop): %ld ms", dt_total_from_buffer_copy_ms);
[1.464s]       |         [01;31m[K^~~~~~~~~~~[m[K
[1.464s] [01m[K/home/david/yolocpp_ws/src/TensorRT-YOLO/src/segment_node.cpp:955:9:[m[K [01;31m[Kerror: [m[Kexpected unqualified-id before â€˜[01m[Kwhile[m[Kâ€™
[1.464s]   955 |         [01;31m[KRCLCPP_INFO[m[K(this->get_logger(), "  Total Batch Time (BufCopy+Pre+Inf+PostLoop): %ld ms", dt_total_from_buffer_copy_ms);
[1.464s]       |         [01;31m[K^~~~~~~~~~~[m[K
[1.464s] [01m[K/home/david/yolocpp_ws/src/TensorRT-YOLO/src/segment_node.cpp:957:9:[m[K [01;31m[Kerror: [m[Knon-static data member declared with placeholder â€˜[01m[Kauto[m[Kâ€™
[1.464s]   957 |         [01;31m[Kauto[m[K current_batch_processed_time = clock::now();
[1.464s]       |         [01;31m[K^~~~[m[K
[1.464s] [01m[K/home/david/yolocpp_ws/src/TensorRT-YOLO/src/segment_node.cpp:958:9:[m[K [01;31m[Kerror: [m[Kexpected unqualified-id before â€˜[01m[Kif[m[Kâ€™
[1.464s]   958 |         [01;31m[Kif[m[K (YoloBatchNode::last_publish_time.time_since_epoch().count() != 0) {
[1.465s]       |         [01;31m[K^~[m[K
[1.465s] [01m[K/home/david/yolocpp_ws/src/TensorRT-YOLO/src/segment_node.cpp:965:24:[m[K [01;31m[Kerror: [m[Kinvalid use of incomplete type â€˜[01m[Kclass YoloBatchNode[m[Kâ€™
[1.465s]   965 |         YoloBatchNode::[01;31m[Klast_publish_time[m[K = current_batch_processed_time;
[1.465s]       |                        [01;31m[K^~~~~~~~~~~~~~~~~[m[K
[1.465s] [01m[K/home/david/yolocpp_ws/src/TensorRT-YOLO/src/segment_node.cpp:39:7:[m[K [01;36m[Knote: [m[Kdefinition of â€˜[01m[Kclass YoloBatchNode[m[Kâ€™ is not complete until the closing brace
[1.465s]    39 | class [01;36m[KYoloBatchNode[m[K : public rclcpp::Node
[1.465s]       |       [01;36m[K^~~~~~~~~~~~~[m[K
[1.465s] [01m[K/home/david/yolocpp_ws/src/TensorRT-YOLO/src/segment_node.cpp:225:50:[m[K [01;36m[Knote: [m[Kâ€˜[01m[KYoloBatchNode::last_publish_time[m[Kâ€™ declared here
[1.465s]   225 |   static std::chrono::steady_clock::time_point [01;36m[Klast_publish_time[m[K;
[1.465s]       |                                                [01;36m[K^~~~~~~~~~~~~~~~~[m[K
[1.465s] 
[1.465s] [01m[K/home/david/yolocpp_ws/src/TensorRT-YOLO/src/segment_node.cpp:1018:2:[m[K [01;31m[Kerror: [m[Kexpected â€˜[01m[K;[m[Kâ€™ after class definition
[1.465s]  1018 | }
[1.465s]       |  [01;31m[K^[m[K
[1.465s]       |  [32m[K;[m[K
[1.487s] [01m[K/home/david/yolocpp_ws/src/TensorRT-YOLO/src/segment_node.cpp:[m[K In member function â€˜[01m[Kvoid YoloBatchNode::imageCallback(sensor_msgs::msg::Image_<std::allocator<void> >::ConstSharedPtr, size_t)[m[Kâ€™:
[1.487s] [01m[K/home/david/yolocpp_ws/src/TensorRT-YOLO/src/segment_node.cpp:332:117:[m[K [01;31m[Kerror: [m[Kâ€˜[01m[Kcallback_entry_time[m[Kâ€™ was not declared in this scope
[1.487s]   332 | td::chrono::microseconds>(cv_bridge_end_time - [01;31m[Kcallback_entry_time[m[K).count();
[1.487s]       |                                                [01;31m[K^~~~~~~~~~~~~~~~~~~[m[K
[1.487s] 
[1.504s] [01m[K/home/david/yolocpp_ws/src/TensorRT-YOLO/src/segment_node.cpp:[m[K In member function â€˜[01m[Kvoid YoloBatchNode::modelProcessingLoop()[m[Kâ€™:
[1.504s] [01m[K/home/david/yolocpp_ws/src/TensorRT-YOLO/src/segment_node.cpp:679:25:[m[K [01;31m[Kerror: [m[Kâ€˜[01m[KinitializeVideoWriters[m[Kâ€™ was not declared in this scope
[1.504s]   679 |                         [01;31m[KinitializeVideoWriters[m[K();
[1.504s]       |                         [01;31m[K^~~~~~~~~~~~~~~~~~~~~~[m[K
[1.517s] [01m[K/home/david/yolocpp_ws/src/TensorRT-YOLO/src/segment_node.cpp:[m[K In member function â€˜[01m[Kvoid YoloBatchNode::processBatchSharedMemory(const std::array<cv::Mat, 3>&, const std::array<std_msgs::msg::Header_<std::allocator<void> >, 3>&, const std::array<timespec, 3>&, const std::array<timespec, 3>&)[m[Kâ€™:
[1.517s] [01m[K/home/david/yolocpp_ws/src/TensorRT-YOLO/src/segment_node.cpp:731:14:[m[K [01;35m[Kwarning: [m[Kunused variable â€˜[01m[Kdt_buffer_copy_us[m[Kâ€™ [[01;35m[K]8;;https://gcc.gnu.org/onlinedocs/gcc/Warning-Options.html#index-Wunused-variable-Wunused-variable]8;;[m[K]
[1.517s]   731 |         auto [01;35m[Kdt_buffer_copy_us[m[K = std::chrono::duration_cast<std::chrono::microseconds>(t_buffer_copy_end - t_buffer_copy_start).count();
[1.517s]       |              [01;35m[K^~~~~~~~~~~~~~~~~[m[K
[1.525s] [01m[K/home/david/yolocpp_ws/src/TensorRT-YOLO/src/segment_node.cpp:[m[K In function â€˜[01m[Kvoid initializeVideoWriters()[m[Kâ€™:
[1.525s] [01m[K/home/david/yolocpp_ws/src/TensorRT-YOLO/src/segment_node.cpp:1022:13:[m[K [01;31m[Kerror: [m[Kâ€˜[01m[Kvideo_writers_initialized_[m[Kâ€™ was not declared in this scope
[1.525s]  1022 |         if ([01;31m[Kvideo_writers_initialized_[m[K) return;
[1.525s]       |             [01;31m[K^~~~~~~~~~~~~~~~~~~~~~~~~~[m[K
[1.531s] [01m[K/home/david/yolocpp_ws/src/TensorRT-YOLO/src/segment_node.cpp:1024:29:[m[K [01;31m[Kerror: [m[Kâ€˜[01m[Kvideo_output_path_str_[m[Kâ€™ was not declared in this scope
[1.531s]  1024 |         fs::path output_dir([01;31m[Kvideo_output_path_str_[m[K);
[1.531s]       |                             [01;31m[K^~~~~~~~~~~~~~~~~~~~~~[m[K
[1.539s] [01m[K/home/david/yolocpp_ws/src/TensorRT-YOLO/src/segment_node.cpp:1026:13:[m[K [01;31m[Kerror: [m[Kâ€˜[01m[Kenable_inferred_video_writing_[m[Kâ€™ was not declared in this scope
[1.539s]  1026 |         if ([01;31m[Kenable_inferred_video_writing_[m[K) {
[1.539s]       |             [01;31m[K^~~~~~~~~~~~~~~~~~~~~~~~~~~~~~[m[K
[1.544s] [01m[K/home/david/yolocpp_ws/src/TensorRT-YOLO/src/segment_node.cpp:1027:62:[m[K [01;31m[Kerror: [m[Kâ€˜[01m[Kinferred_video_filename_[m[Kâ€™ was not declared in this scope; did you mean â€˜[01m[Kinferred_video_full_path[m[Kâ€™?
[1.544s]  1027 | ::path inferred_video_full_path = output_dir / [01;31m[Kinferred_video_filename_[m[K;
[1.544s]       |                                                [01;31m[K^~~~~~~~~~~~~~~~~~~~~~~~[m[K
[1.544s]       |                                                [32m[Kinferred_video_full_path[m[K
[1.544s] In file included from [01m[K/opt/ros/humble/include/rclcpp/rclcpp/client.hpp:40[m[K,
[1.544s]                  from [01m[K/opt/ros/humble/include/rclcpp/rclcpp/callback_group.hpp:24[m[K,
[1.544s]                  from [01m[K/opt/ros/humble/include/rclcpp/rclcpp/any_executable.hpp:20[m[K,
[1.544s]                  from [01m[K/opt/ros/humble/include/rclcpp/rclcpp/memory_strategy.hpp:25[m[K,
[1.544s]                  from [01m[K/opt/ros/humble/include/rclcpp/rclcpp/memory_strategies.hpp:18[m[K,
[1.544s]                  from [01m[K/opt/ros/humble/include/rclcpp/rclcpp/executor_options.hpp:20[m[K,
[1.544s]                  from [01m[K/opt/ros/humble/include/rclcpp/rclcpp/executor.hpp:37[m[K,
[1.544s]                  from [01m[K/opt/ros/humble/include/rclcpp/rclcpp/executors/multi_threaded_executor.hpp:25[m[K,
[1.544s]                  from [01m[K/opt/ros/humble/include/rclcpp/rclcpp/executors.hpp:21[m[K,
[1.544s]                  from [01m[K/opt/ros/humble/include/rclcpp/rclcpp/rclcpp.hpp:155[m[K,
[1.544s]                  from [01m[K/home/david/yolocpp_ws/src/TensorRT-YOLO/src/segment_node.cpp:16[m[K:
[1.544s] [01m[K/home/david/yolocpp_ws/src/TensorRT-YOLO/src/segment_node.cpp:1028:25:[m[K [01;31m[Kerror: [m[Kinvalid use of â€˜[01m[Kthis[m[Kâ€™ in non-member function
[1.544s]  1028 |             RCLCPP_INFO([01;31m[Kthis[m[K->get_logger(), "Initializing inferred video writer: %s", inferred_video_full_path.string().c_str());
[1.544s]       |                         [01;31m[K^~~~[m[K
[1.544s] [01m[K/home/david/yolocpp_ws/src/TensorRT-YOLO/src/segment_node.cpp:1028:25:[m[K [01;31m[Kerror: [m[Kinvalid use of â€˜[01m[Kthis[m[Kâ€™ in non-member function
[1.544s] [01m[K/home/david/yolocpp_ws/src/TensorRT-YOLO/src/segment_node.cpp:1028:13:[m[K [01;31m[Kerror: [m[Ktemplate argument 1 is invalid
[1.544s]  1028 |             [01;31m[KRCLCPP_INFO[m[K(this->get_logger(), "Initializing inferred video writer: %s", inferred_video_full_path.string().c_str());
[1.544s]       |             [01;31m[K^~~~~~~~~~~[m[K
[1.544s] [01m[K/home/david/yolocpp_ws/src/TensorRT-YOLO/src/segment_node.cpp:1028:13:[m[K [01;31m[Kerror: [m[Ktemplate argument 1 is invalid
[1.544s]  1028 |             [01;31m[KRCLCPP_INFO[m[K(this->get_logger(), "Initializing inferred video writer: %s", inferred_video_full_path.string().c_str());
[1.545s]       |             [01;31m[K^~~~~~~~~~~[m[K
[1.545s] [01m[K/home/david/yolocpp_ws/src/TensorRT-YOLO/src/segment_node.cpp:1028:13:[m[K [01;31m[Kerror: [m[Ktemplate argument 1 is invalid
[1.545s]  1028 |             [01;31m[KRCLCPP_INFO[m[K(this->get_logger(), "Initializing inferred video writer: %s", inferred_video_full_path.string().c_str());
[1.545s]       |             [01;31m[K^~~~~~~~~~~[m[K
[1.545s] In file included from [01m[K/opt/ros/humble/include/rclcpp/rclcpp/logging.hpp:24[m[K,
[1.545s]                  from [01m[K/opt/ros/humble/include/rclcpp/rclcpp/client.hpp:40[m[K,
[1.545s]                  from [01m[K/opt/ros/humble/include/rclcpp/rclcpp/callback_group.hpp:24[m[K,
[1.545s]                  from [01m[K/opt/ros/humble/include/rclcpp/rclcpp/any_executable.hpp:20[m[K,
[1.545s]                  from [01m[K/opt/ros/humble/include/rclcpp/rclcpp/memory_strategy.hpp:25[m[K,
[1.545s]                  from [01m[K/opt/ros/humble/include/rclcpp/rclcpp/memory_strategies.hpp:18[m[K,
[1.545s]                  from [01m[K/opt/ros/humble/include/rclcpp/rclcpp/executor_options.hpp:20[m[K,
[1.545s]                  from [01m[K/opt/ros/humble/include/rclcpp/rclcpp/executor.hpp:37[m[K,
[1.545s]                  from [01m[K/opt/ros/humble/include/rclcpp/rclcpp/executors/multi_threaded_executor.hpp:25[m[K,
[1.545s]                  from [01m[K/opt/ros/humble/include/rclcpp/rclcpp/executors.hpp:21[m[K,
[1.545s]                  from [01m[K/opt/ros/humble/include/rclcpp/rclcpp/rclcpp.hpp:155[m[K,
[1.545s]                  from [01m[K/home/david/yolocpp_ws/src/TensorRT-YOLO/src/segment_node.cpp:16[m[K:
[1.545s] [01m[K/home/david/yolocpp_ws/src/TensorRT-YOLO/src/segment_node.cpp:1028:25:[m[K [01;31m[Kerror: [m[Kinvalid use of â€˜[01m[Kthis[m[Kâ€™ in non-member function
[1.545s]  1028 |             RCLCPP_INFO([01;31m[Kthis[m[K->get_logger(), "Initializing inferred video writer: %s", inferred_video_full_path.string().c_str());
[1.545s]       |                         [01;31m[K^~~~[m[K
[1.545s] [01m[K/home/david/yolocpp_ws/src/TensorRT-YOLO/src/segment_node.cpp:1028:25:[m[K [01;31m[Kerror: [m[Kinvalid use of â€˜[01m[Kthis[m[Kâ€™ in non-member function
[1.545s]  1028 |             RCLCPP_INFO([01;31m[Kthis[m[K->get_logger(), "Initializing inferred video writer: %s", inferred_video_full_path.string().c_str());
[1.545s]       |                         [01;31m[K^~~~[m[K
[1.550s] [01m[K/home/david/yolocpp_ws/src/TensorRT-YOLO/src/segment_node.cpp:1029:18:[m[K [01;31m[Kerror: [m[Kâ€˜[01m[Kvideo_writer_inferred_[m[Kâ€™ was not declared in this scope
[1.550s]  1029 |             if (![01;31m[Kvideo_writer_inferred_[m[K.open(inferred_video_full_path.string(), cv::VideoWriter::fourcc('M','J','P','G'), video_fps_, video_frame_size_, true)) {
[1.550s]       |                  [01;31m[K^~~~~~~~~~~~~~~~~~~~~~[m[K
[1.554s] [01m[K/home/david/yolocpp_ws/src/TensorRT-YOLO/src/segment_node.cpp:1029:123:[m[K [01;31m[Kerror: [m[Kâ€˜[01m[Kvideo_fps_[m[Kâ€™ was not declared in this scope
[1.554s]  1029 | g(), cv::VideoWriter::fourcc('M','J','P','G'), [01;31m[Kvideo_fps_[m[K, video_frame_size_, true)) {
[1.554s]       |                                                [01;31m[K^~~~~~~~~~[m[K
[1.554s] 
[1.559s] [01m[K/home/david/yolocpp_ws/src/TensorRT-YOLO/src/segment_node.cpp:1029:135:[m[K [01;31m[Kerror: [m[Kâ€˜[01m[Kvideo_frame_size_[m[Kâ€™ was not declared in this scope
[1.559s]  1029 | eoWriter::fourcc('M','J','P','G'), video_fps_, [01;31m[Kvideo_frame_size_[m[K, true)) {
[1.559s]       |                                                [01;31m[K^~~~~~~~~~~~~~~~~[m[K
[1.559s] 
[1.559s] In file included from [01m[K/opt/ros/humble/include/rclcpp/rclcpp/client.hpp:40[m[K,
[1.559s]                  from [01m[K/opt/ros/humble/include/rclcpp/rclcpp/callback_group.hpp:24[m[K,
[1.559s]                  from [01m[K/opt/ros/humble/include/rclcpp/rclcpp/any_executable.hpp:20[m[K,
[1.559s]                  from [01m[K/opt/ros/humble/include/rclcpp/rclcpp/memory_strategy.hpp:25[m[K,
[1.559s]                  from [01m[K/opt/ros/humble/include/rclcpp/rclcpp/memory_strategies.hpp:18[m[K,
[1.559s]                  from [01m[K/opt/ros/humble/include/rclcpp/rclcpp/executor_options.hpp:20[m[K,
[1.559s]                  from [01m[K/opt/ros/humble/include/rclcpp/rclcpp/executor.hpp:37[m[K,
[1.559s]                  from [01m[K/opt/ros/humble/include/rclcpp/rclcpp/executors/multi_threaded_executor.hpp:25[m[K,
[1.559s]                  from [01m[K/opt/ros/humble/include/rclcpp/rclcpp/executors.hpp:21[m[K,
[1.559s]                  from [01m[K/opt/ros/humble/include/rclcpp/rclcpp/rclcpp.hpp:155[m[K,
[1.559s]                  from [01m[K/home/david/yolocpp_ws/src/TensorRT-YOLO/src/segment_node.cpp:16[m[K:
[1.559s] [01m[K/home/david/yolocpp_ws/src/TensorRT-YOLO/src/segment_node.cpp:1030:30:[m[K [01;31m[Kerror: [m[Kinvalid use of â€˜[01m[Kthis[m[Kâ€™ in non-member function
[1.559s]  1030 |                 RCLCPP_ERROR([01;31m[Kthis[m[K->get_logger(), "Failed to open video writer for inferred images. Disabling.");
[1.559s]       |                              [01;31m[K^~~~[m[K
[1.559s] [01m[K/home/david/yolocpp_ws/src/TensorRT-YOLO/src/segment_node.cpp:1030:30:[m[K [01;31m[Kerror: [m[Kinvalid use of â€˜[01m[Kthis[m[Kâ€™ in non-member function
[1.559s] [01m[K/home/david/yolocpp_ws/src/TensorRT-YOLO/src/segment_node.cpp:1030:17:[m[K [01;31m[Kerror: [m[Ktemplate argument 1 is invalid
[1.559s]  1030 |                 [01;31m[KRCLCPP_ERROR[m[K(this->get_logger(), "Failed to open video writer for inferred images. Disabling.");
[1.559s]       |                 [01;31m[K^~~~~~~~~~~~[m[K
[1.559s] [01m[K/home/david/yolocpp_ws/src/TensorRT-YOLO/src/segment_node.cpp:1030:17:[m[K [01;31m[Kerror: [m[Ktemplate argument 1 is invalid
[1.559s]  1030 |                 [01;31m[KRCLCPP_ERROR[m[K(this->get_logger(), "Failed to open video writer for inferred images. Disabling.");
[1.559s]       |                 [01;31m[K^~~~~~~~~~~~[m[K
[1.559s] [01m[K/home/david/yolocpp_ws/src/TensorRT-YOLO/src/segment_node.cpp:1030:17:[m[K [01;31m[Kerror: [m[Ktemplate argument 1 is invalid
[1.559s]  1030 |                 [01;31m[KRCLCPP_ERROR[m[K(this->get_logger(), "Failed to open video writer for inferred images. Disabling.");
[1.559s]       |                 [01;31m[K^~~~~~~~~~~~[m[K
[1.559s] In file included from [01m[K/opt/ros/humble/include/rclcpp/rclcpp/logging.hpp:24[m[K,
[1.559s]                  from [01m[K/opt/ros/humble/include/rclcpp/rclcpp/client.hpp:40[m[K,
[1.559s]                  from [01m[K/opt/ros/humble/include/rclcpp/rclcpp/callback_group.hpp:24[m[K,
[1.559s]                  from [01m[K/opt/ros/humble/include/rclcpp/rclcpp/any_executable.hpp:20[m[K,
[1.559s]                  from [01m[K/opt/ros/humble/include/rclcpp/rclcpp/memory_strategy.hpp:25[m[K,
[1.559s]                  from [01m[K/opt/ros/humble/include/rclcpp/rclcpp/memory_strategies.hpp:18[m[K,
[1.559s]                  from [01m[K/opt/ros/humble/include/rclcpp/rclcpp/executor_options.hpp:20[m[K,
[1.559s]                  from [01m[K/opt/ros/humble/include/rclcpp/rclcpp/executor.hpp:37[m[K,
[1.559s]                  from [01m[K/opt/ros/humble/include/rclcpp/rclcpp/executors/multi_threaded_executor.hpp:25[m[K,
[1.559s]                  from [01m[K/opt/ros/humble/include/rclcpp/rclcpp/executors.hpp:21[m[K,
[1.559s]                  from [01m[K/opt/ros/humble/include/rclcpp/rclcpp/rclcpp.hpp:155[m[K,
[1.559s]                  from [01m[K/home/david/yolocpp_ws/src/TensorRT-YOLO/src/segment_node.cpp:16[m[K:
[1.559s] [01m[K/home/david/yolocpp_ws/src/TensorRT-YOLO/src/segment_node.cpp:1030:30:[m[K [01;31m[Kerror: [m[Kinvalid use of â€˜[01m[Kthis[m[Kâ€™ in non-member function
[1.559s]  1030 |                 RCLCPP_ERROR([01;31m[Kthis[m[K->get_logger(), "Failed to open video writer for inferred images. Disabling.");
[1.559s]       |                              [01;31m[K^~~~[m[K
[1.559s] [01m[K/home/david/yolocpp_ws/src/TensorRT-YOLO/src/segment_node.cpp:1030:30:[m[K [01;31m[Kerror: [m[Kinvalid use of â€˜[01m[Kthis[m[Kâ€™ in non-member function
[1.559s]  1030 |                 RCLCPP_ERROR([01;31m[Kthis[m[K->get_logger(), "Failed to open video writer for inferred images. Disabling.");
[1.559s]       |                              [01;31m[K^~~~[m[K
[1.566s] [01m[K/home/david/yolocpp_ws/src/TensorRT-YOLO/src/segment_node.cpp:1035:13:[m[K [01;31m[Kerror: [m[Kâ€˜[01m[Kenable_mask_video_writing_[m[Kâ€™ was not declared in this scope
[1.566s]  1035 |         if ([01;31m[Kenable_mask_video_writing_[m[K) {
[1.566s]       |             [01;31m[K^~~~~~~~~~~~~~~~~~~~~~~~~~[m[K
[1.571s] [01m[K/home/david/yolocpp_ws/src/TensorRT-YOLO/src/segment_node.cpp:1036:58:[m[K [01;31m[Kerror: [m[Kâ€˜[01m[Kmask_video_filename_[m[Kâ€™ was not declared in this scope
[1.571s]  1036 |   fs::path mask_video_full_path = output_dir / [01;31m[Kmask_video_filename_[m[K;
[1.571s]       |                                                [01;31m[K^~~~~~~~~~~~~~~~~~~~[m[K
[1.571s] 
[1.571s] In file included from [01m[K/opt/ros/humble/include/rclcpp/rclcpp/client.hpp:40[m[K,
[1.571s]                  from [01m[K/opt/ros/humble/include/rclcpp/rclcpp/callback_group.hpp:24[m[K,
[1.571s]                  from [01m[K/opt/ros/humble/include/rclcpp/rclcpp/any_executable.hpp:20[m[K,
[1.571s]                  from [01m[K/opt/ros/humble/include/rclcpp/rclcpp/memory_strategy.hpp:25[m[K,
[1.571s]                  from [01m[K/opt/ros/humble/include/rclcpp/rclcpp/memory_strategies.hpp:18[m[K,
[1.571s]                  from [01m[K/opt/ros/humble/include/rclcpp/rclcpp/executor_options.hpp:20[m[K,
[1.571s]                  from [01m[K/opt/ros/humble/include/rclcpp/rclcpp/executor.hpp:37[m[K,
[1.571s]                  from [01m[K/opt/ros/humble/include/rclcpp/rclcpp/executors/multi_threaded_executor.hpp:25[m[K,
[1.571s]                  from [01m[K/opt/ros/humble/include/rclcpp/rclcpp/executors.hpp:21[m[K,
[1.571s]                  from [01m[K/opt/ros/humble/include/rclcpp/rclcpp/rclcpp.hpp:155[m[K,
[1.571s]                  from [01m[K/home/david/yolocpp_ws/src/TensorRT-YOLO/src/segment_node.cpp:16[m[K:
[1.571s] [01m[K/home/david/yolocpp_ws/src/TensorRT-YOLO/src/segment_node.cpp:1037:25:[m[K [01;31m[Kerror: [m[Kinvalid use of â€˜[01m[Kthis[m[Kâ€™ in non-member function
[1.571s]  1037 |             RCLCPP_INFO([01;31m[Kthis[m[K->get_logger(), "Initializing mask video writer: %s", mask_video_full_path.string().c_str());
[1.571s]       |                         [01;31m[K^~~~[m[K
[1.571s] [01m[K/home/david/yolocpp_ws/src/TensorRT-YOLO/src/segment_node.cpp:1037:25:[m[K [01;31m[Kerror: [m[Kinvalid use of â€˜[01m[Kthis[m[Kâ€™ in non-member function
[1.571s] [01m[K/home/david/yolocpp_ws/src/TensorRT-YOLO/src/segment_node.cpp:1037:13:[m[K [01;31m[Kerror: [m[Ktemplate argument 1 is invalid
[1.571s]  1037 |             [01;31m[KRCLCPP_INFO[m[K(this->get_logger(), "Initializing mask video writer: %s", mask_video_full_path.string().c_str());
[1.571s]       |             [01;31m[K^~~~~~~~~~~[m[K
[1.571s] [01m[K/home/david/yolocpp_ws/src/TensorRT-YOLO/src/segment_node.cpp:1037:13:[m[K [01;31m[Kerror: [m[Ktemplate argument 1 is invalid
[1.571s]  1037 |             [01;31m[KRCLCPP_INFO[m[K(this->get_logger(), "Initializing mask video writer: %s", mask_video_full_path.string().c_str());
[1.571s]       |             [01;31m[K^~~~~~~~~~~[m[K
[1.571s] [01m[K/home/david/yolocpp_ws/src/TensorRT-YOLO/src/segment_node.cpp:1037:13:[m[K [01;31m[Kerror: [m[Ktemplate argument 1 is invalid
[1.571s]  1037 |             [01;31m[KRCLCPP_INFO[m[K(this->get_logger(), "Initializing mask video writer: %s", mask_video_full_path.string().c_str());
[1.571s]       |             [01;31m[K^~~~~~~~~~~[m[K
[1.571s] In file included from [01m[K/opt/ros/humble/include/rclcpp/rclcpp/logging.hpp:24[m[K,
[1.571s]                  from [01m[K/opt/ros/humble/include/rclcpp/rclcpp/client.hpp:40[m[K,
[1.571s]                  from [01m[K/opt/ros/humble/include/rclcpp/rclcpp/callback_group.hpp:24[m[K,
[1.571s]                  from [01m[K/opt/ros/humble/include/rclcpp/rclcpp/any_executable.hpp:20[m[K,
[1.571s]                  from [01m[K/opt/ros/humble/include/rclcpp/rclcpp/memory_strategy.hpp:25[m[K,
[1.571s]                  from [01m[K/opt/ros/humble/include/rclcpp/rclcpp/memory_strategies.hpp:18[m[K,
[1.571s]                  from [01m[K/opt/ros/humble/include/rclcpp/rclcpp/executor_options.hpp:20[m[K,
[1.571s]                  from [01m[K/opt/ros/humble/include/rclcpp/rclcpp/executor.hpp:37[m[K,
[1.571s]                  from [01m[K/opt/ros/humble/include/rclcpp/rclcpp/executors/multi_threaded_executor.hpp:25[m[K,
[1.571s]                  from [01m[K/opt/ros/humble/include/rclcpp/rclcpp/executors.hpp:21[m[K,
[1.571s]                  from [01m[K/opt/ros/humble/include/rclcpp/rclcpp/rclcpp.hpp:155[m[K,
[1.571s]                  from [01m[K/home/david/yolocpp_ws/src/TensorRT-YOLO/src/segment_node.cpp:16[m[K:
[1.571s] [01m[K/home/david/yolocpp_ws/src/TensorRT-YOLO/src/segment_node.cpp:1037:25:[m[K [01;31m[Kerror: [m[Kinvalid use of â€˜[01m[Kthis[m[Kâ€™ in non-member function
[1.572s]  1037 |             RCLCPP_INFO([01;31m[Kthis[m[K->get_logger(), "Initializing mask video writer: %s", mask_video_full_path.string().c_str());
[1.572s]       |                         [01;31m[K^~~~[m[K
[1.572s] [01m[K/home/david/yolocpp_ws/src/TensorRT-YOLO/src/segment_node.cpp:1037:25:[m[K [01;31m[Kerror: [m[Kinvalid use of â€˜[01m[Kthis[m[Kâ€™ in non-member function
[1.572s]  1037 |             RCLCPP_INFO([01;31m[Kthis[m[K->get_logger(), "Initializing mask video writer: %s", mask_video_full_path.string().c_str());
[1.572s]       |                         [01;31m[K^~~~[m[K
[1.578s] [01m[K/home/david/yolocpp_ws/src/TensorRT-YOLO/src/segment_node.cpp:1038:18:[m[K [01;31m[Kerror: [m[Kâ€˜[01m[Kvideo_writer_instance_mask_[m[Kâ€™ was not declared in this scope
[1.578s]  1038 |             if (![01;31m[Kvideo_writer_instance_mask_[m[K.open(mask_video_full_path.string(), cv::VideoWriter::fourcc('M','J','P','G'), video_fps_, video_frame_size_, true)) {
[1.578s]       |                  [01;31m[K^~~~~~~~~~~~~~~~~~~~~~~~~~~[m[K
[1.581s] [01m[K/home/david/yolocpp_ws/src/TensorRT-YOLO/src/segment_node.cpp:1038:124:[m[K [01;31m[Kerror: [m[Kâ€˜[01m[Kvideo_fps_[m[Kâ€™ was not declared in this scope
[1.581s]  1038 | g(), cv::VideoWriter::fourcc('M','J','P','G'), [01;31m[Kvideo_fps_[m[K, video_frame_size_, true)) {
[1.581s]       |                                                [01;31m[K^~~~~~~~~~[m[K
[1.581s] 
[1.586s] [01m[K/home/david/yolocpp_ws/src/TensorRT-YOLO/src/segment_node.cpp:1038:136:[m[K [01;31m[Kerror: [m[Kâ€˜[01m[Kvideo_frame_size_[m[Kâ€™ was not declared in this scope
[1.586s]  1038 | eoWriter::fourcc('M','J','P','G'), video_fps_, [01;31m[Kvideo_frame_size_[m[K, true)) {
[1.586s]       |                                                [01;31m[K^~~~~~~~~~~~~~~~~[m[K
[1.586s] 
[1.586s] In file included from [01m[K/opt/ros/humble/include/rclcpp/rclcpp/client.hpp:40[m[K,
[1.586s]                  from [01m[K/opt/ros/humble/include/rclcpp/rclcpp/callback_group.hpp:24[m[K,
[1.586s]                  from [01m[K/opt/ros/humble/include/rclcpp/rclcpp/any_executable.hpp:20[m[K,
[1.586s]                  from [01m[K/opt/ros/humble/include/rclcpp/rclcpp/memory_strategy.hpp:25[m[K,
[1.586s]                  from [01m[K/opt/ros/humble/include/rclcpp/rclcpp/memory_strategies.hpp:18[m[K,
[1.586s]                  from [01m[K/opt/ros/humble/include/rclcpp/rclcpp/executor_options.hpp:20[m[K,
[1.586s]                  from [01m[K/opt/ros/humble/include/rclcpp/rclcpp/executor.hpp:37[m[K,
[1.586s]                  from [01m[K/opt/ros/humble/include/rclcpp/rclcpp/executors/multi_threaded_executor.hpp:25[m[K,
[1.586s]                  from [01m[K/opt/ros/humble/include/rclcpp/rclcpp/executors.hpp:21[m[K,
[1.586s]                  from [01m[K/opt/ros/humble/include/rclcpp/rclcpp/rclcpp.hpp:155[m[K,
[1.586s]                  from [01m[K/home/david/yolocpp_ws/src/TensorRT-YOLO/src/segment_node.cpp:16[m[K:
[1.586s] [01m[K/home/david/yolocpp_ws/src/TensorRT-YOLO/src/segment_node.cpp:1039:30:[m[K [01;31m[Kerror: [m[Kinvalid use of â€˜[01m[Kthis[m[Kâ€™ in non-member function
[1.586s]  1039 |                 RCLCPP_ERROR([01;31m[Kthis[m[K->get_logger(), "Failed to open video writer for instance masks. Disabling.");
[1.586s]       |                              [01;31m[K^~~~[m[K
[1.586s] [01m[K/home/david/yolocpp_ws/src/TensorRT-YOLO/src/segment_node.cpp:1039:30:[m[K [01;31m[Kerror: [m[Kinvalid use of â€˜[01m[Kthis[m[Kâ€™ in non-member function
[1.586s] [01m[K/home/david/yolocpp_ws/src/TensorRT-YOLO/src/segment_node.cpp:1039:17:[m[K [01;31m[Kerror: [m[Ktemplate argument 1 is invalid
[1.586s]  1039 |                 [01;31m[KRCLCPP_ERROR[m[K(this->get_logger(), "Failed to open video writer for instance masks. Disabling.");
[1.586s]       |                 [01;31m[K^~~~~~~~~~~~[m[K
[1.586s] [01m[K/home/david/yolocpp_ws/src/TensorRT-YOLO/src/segment_node.cpp:1039:17:[m[K [01;31m[Kerror: [m[Ktemplate argument 1 is invalid
[1.586s]  1039 |                 [01;31m[KRCLCPP_ERROR[m[K(this->get_logger(), "Failed to open video writer for instance masks. Disabling.");
[1.586s]       |                 [01;31m[K^~~~~~~~~~~~[m[K
[1.586s] [01m[K/home/david/yolocpp_ws/src/TensorRT-YOLO/src/segment_node.cpp:1039:17:[m[K [01;31m[Kerror: [m[Ktemplate argument 1 is invalid
[1.586s]  1039 |                 [01;31m[KRCLCPP_ERROR[m[K(this->get_logger(), "Failed to open video writer for instance masks. Disabling.");
[1.586s]       |                 [01;31m[K^~~~~~~~~~~~[m[K
[1.586s] In file included from [01m[K/opt/ros/humble/include/rclcpp/rclcpp/logging.hpp:24[m[K,
[1.586s]                  from [01m[K/opt/ros/humble/include/rclcpp/rclcpp/client.hpp:40[m[K,
[1.586s]                  from [01m[K/opt/ros/humble/include/rclcpp/rclcpp/callback_group.hpp:24[m[K,
[1.586s]                  from [01m[K/opt/ros/humble/include/rclcpp/rclcpp/any_executable.hpp:20[m[K,
[1.586s]                  from [01m[K/opt/ros/humble/include/rclcpp/rclcpp/memory_strategy.hpp:25[m[K,
[1.586s]                  from [01m[K/opt/ros/humble/include/rclcpp/rclcpp/memory_strategies.hpp:18[m[K,
[1.586s]                  from [01m[K/opt/ros/humble/include/rclcpp/rclcpp/executor_options.hpp:20[m[K,
[1.586s]                  from [01m[K/opt/ros/humble/include/rclcpp/rclcpp/executor.hpp:37[m[K,
[1.586s]                  from [01m[K/opt/ros/humble/include/rclcpp/rclcpp/executors/multi_threaded_executor.hpp:25[m[K,
[1.586s]                  from [01m[K/opt/ros/humble/include/rclcpp/rclcpp/executors.hpp:21[m[K,
[1.586s]                  from [01m[K/opt/ros/humble/include/rclcpp/rclcpp/rclcpp.hpp:155[m[K,
[1.586s]                  from [01m[K/home/david/yolocpp_ws/src/TensorRT-YOLO/src/segment_node.cpp:16[m[K:
[1.586s] [01m[K/home/david/yolocpp_ws/src/TensorRT-YOLO/src/segment_node.cpp:1039:30:[m[K [01;31m[Kerror: [m[Kinvalid use of â€˜[01m[Kthis[m[Kâ€™ in non-member function
[1.586s]  1039 |                 RCLCPP_ERROR([01;31m[Kthis[m[K->get_logger(), "Failed to open video writer for instance masks. Disabling.");
[1.586s]       |                              [01;31m[K^~~~[m[K
[1.586s] [01m[K/home/david/yolocpp_ws/src/TensorRT-YOLO/src/segment_node.cpp:1039:30:[m[K [01;31m[Kerror: [m[Kinvalid use of â€˜[01m[Kthis[m[Kâ€™ in non-member function
[1.586s]  1039 |                 RCLCPP_ERROR([01;31m[Kthis[m[K->get_logger(), "Failed to open video writer for instance masks. Disabling.");
[1.587s]       |                              [01;31m[K^~~~[m[K
[1.593s] [01m[K/home/david/yolocpp_ws/src/TensorRT-YOLO/src/segment_node.cpp:1043:9:[m[K [01;31m[Kerror: [m[Kâ€˜[01m[Kvideo_writers_initialized_[m[Kâ€™ was not declared in this scope
[1.593s]  1043 |         [01;31m[Kvideo_writers_initialized_[m[K = true;
[1.593s]       |         [01;31m[K^~~~~~~~~~~~~~~~~~~~~~~~~~[m[K
[1.597s] [01m[K/home/david/yolocpp_ws/src/TensorRT-YOLO/src/segment_node.cpp:[m[K In function â€˜[01m[Kvoid writeInferredImagesToVideo(const std::array<cv::Mat, 3>&, const std::vector<deploy::SegmentRes, std::allocator<deploy::SegmentRes> >&, const std::array<cv::Mat, 3>&, const std::array<cv::Size_<int>, 3>&, const Size&)[m[Kâ€™:
[1.597s] [01m[K/home/david/yolocpp_ws/src/TensorRT-YOLO/src/segment_node.cpp:1078:13:[m[K [01;31m[Kerror: [m[Kâ€˜[01m[Kclass_colors_[m[Kâ€™ was not declared in this scope
[1.597s]  1078 |         if ([01;31m[Kclass_colors_[m[K.empty()) {
[1.597s]       |             [01;31m[K^~~~~~~~~~~~~[m[K
[1.597s] In file included from [01m[K/opt/ros/humble/include/rclcpp/rclcpp/client.hpp:40[m[K,
[1.597s]                  from [01m[K/opt/ros/humble/include/rclcpp/rclcpp/callback_group.hpp:24[m[K,
[1.597s]                  from [01m[K/opt/ros/humble/include/rclcpp/rclcpp/any_executable.hpp:20[m[K,
[1.597s]                  from [01m[K/opt/ros/humble/include/rclcpp/rclcpp/memory_strategy.hpp:25[m[K,
[1.597s]                  from [01m[K/opt/ros/humble/include/rclcpp/rclcpp/memory_strategies.hpp:18[m[K,
[1.597s]                  from [01m[K/opt/ros/humble/include/rclcpp/rclcpp/executor_options.hpp:20[m[K,
[1.597s]                  from [01m[K/opt/ros/humble/include/rclcpp/rclcpp/executor.hpp:37[m[K,
[1.597s]                  from [01m[K/opt/ros/humble/include/rclcpp/rclcpp/executors/multi_threaded_executor.hpp:25[m[K,
[1.597s]                  from [01m[K/opt/ros/humble/include/rclcpp/rclcpp/executors.hpp:21[m[K,
[1.597s]                  from [01m[K/opt/ros/humble/include/rclcpp/rclcpp/rclcpp.hpp:155[m[K,
[1.597s]                  from [01m[K/home/david/yolocpp_ws/src/TensorRT-YOLO/src/segment_node.cpp:16[m[K:
[1.597s] [01m[K/home/david/yolocpp_ws/src/TensorRT-YOLO/src/segment_node.cpp:1079:30:[m[K [01;31m[Kerror: [m[Kinvalid use of â€˜[01m[Kthis[m[Kâ€™ in non-member function
[1.597s]  1079 |             RCLCPP_WARN_ONCE([01;31m[Kthis[m[K->get_logger(), "Class colors vector is empty. Cannot color inferred images for video.");
[1.597s]       |                              [01;31m[K^~~~[m[K
[1.597s] [01m[K/home/david/yolocpp_ws/src/TensorRT-YOLO/src/segment_node.cpp:1079:30:[m[K [01;31m[Kerror: [m[Kinvalid use of â€˜[01m[Kthis[m[Kâ€™ in non-member function
[1.597s] [01m[K/home/david/yolocpp_ws/src/TensorRT-YOLO/src/segment_node.cpp:1079:13:[m[K [01;31m[Kerror: [m[Ktemplate argument 1 is invalid
[1.597s]  1079 |             [01;31m[KRCLCPP_WARN_ONCE[m[K(this->get_logger(), "Class colors vector is empty. Cannot color inferred images for video.");
[1.597s]       |             [01;31m[K^~~~~~~~~~~~~~~~[m[K
[1.597s] [01m[K/home/david/yolocpp_ws/src/TensorRT-YOLO/src/segment_node.cpp:1079:13:[m[K [01;31m[Kerror: [m[Ktemplate argument 1 is invalid
[1.597s]  1079 |             [01;31m[KRCLCPP_WARN_ONCE[m[K(this->get_logger(), "Class colors vector is empty. Cannot color inferred images for video.");
[1.597s]       |             [01;31m[K^~~~~~~~~~~~~~~~[m[K
[1.597s] [01m[K/home/david/yolocpp_ws/src/TensorRT-YOLO/src/segment_node.cpp:1079:13:[m[K [01;31m[Kerror: [m[Ktemplate argument 1 is invalid
[1.597s]  1079 |             [01;31m[KRCLCPP_WARN_ONCE[m[K(this->get_logger(), "Class colors vector is empty. Cannot color inferred images for video.");
[1.597s]       |             [01;31m[K^~~~~~~~~~~~~~~~[m[K
[1.597s] In file included from [01m[K/opt/ros/humble/include/rclcpp/rclcpp/logging.hpp:24[m[K,
[1.597s]                  from [01m[K/opt/ros/humble/include/rclcpp/rclcpp/client.hpp:40[m[K,
[1.597s]                  from [01m[K/opt/ros/humble/include/rclcpp/rclcpp/callback_group.hpp:24[m[K,
[1.597s]                  from [01m[K/opt/ros/humble/include/rclcpp/rclcpp/any_executable.hpp:20[m[K,
[1.597s]                  from [01m[K/opt/ros/humble/include/rclcpp/rclcpp/memory_strategy.hpp:25[m[K,
[1.598s]                  from [01m[K/opt/ros/humble/include/rclcpp/rclcpp/memory_strategies.hpp:18[m[K,
[1.598s]                  from [01m[K/opt/ros/humble/include/rclcpp/rclcpp/executor_options.hpp:20[m[K,
[1.598s]                  from [01m[K/opt/ros/humble/include/rclcpp/rclcpp/executor.hpp:37[m[K,
[1.598s]                  from [01m[K/opt/ros/humble/include/rclcpp/rclcpp/executors/multi_threaded_executor.hpp:25[m[K,
[1.598s]                  from [01m[K/opt/ros/humble/include/rclcpp/rclcpp/executors.hpp:21[m[K,
[1.598s]                  from [01m[K/opt/ros/humble/include/rclcpp/rclcpp/rclcpp.hpp:155[m[K,
[1.598s]                  from [01m[K/home/david/yolocpp_ws/src/TensorRT-YOLO/src/segment_node.cpp:16[m[K:
[1.598s] [01m[K/home/david/yolocpp_ws/src/TensorRT-YOLO/src/segment_node.cpp:1079:30:[m[K [01;31m[Kerror: [m[Kinvalid use of â€˜[01m[Kthis[m[Kâ€™ in non-member function
[1.598s]  1079 |             RCLCPP_WARN_ONCE([01;31m[Kthis[m[K->get_logger(), "Class colors vector is empty. Cannot color inferred images for video.");
[1.598s]       |                              [01;31m[K^~~~[m[K
[1.598s] [01m[K/home/david/yolocpp_ws/src/TensorRT-YOLO/src/segment_node.cpp:1079:30:[m[K [01;31m[Kerror: [m[Kinvalid use of â€˜[01m[Kthis[m[Kâ€™ in non-member function
[1.598s]  1079 |             RCLCPP_WARN_ONCE([01;31m[Kthis[m[K->get_logger(), "Class colors vector is empty. Cannot color inferred images for video.");
[1.598s]       |                              [01;31m[K^~~~[m[K
[1.598s] In file included from [01m[K/opt/ros/humble/include/rclcpp/rclcpp/client.hpp:40[m[K,
[1.598s]                  from [01m[K/opt/ros/humble/include/rclcpp/rclcpp/callback_group.hpp:24[m[K,
[1.598s]                  from [01m[K/opt/ros/humble/include/rclcpp/rclcpp/any_executable.hpp:20[m[K,
[1.598s]                  from [01m[K/opt/ros/humble/include/rclcpp/rclcpp/memory_strategy.hpp:25[m[K,
[1.598s]                  from [01m[K/opt/ros/humble/include/rclcpp/rclcpp/memory_strategies.hpp:18[m[K,
[1.598s]                  from [01m[K/opt/ros/humble/include/rclcpp/rclcpp/executor_options.hpp:20[m[K,
[1.598s]                  from [01m[K/opt/ros/humble/include/rclcpp/rclcpp/executor.hpp:37[m[K,
[1.598s]                  from [01m[K/opt/ros/humble/include/rclcpp/rclcpp/executors/multi_threaded_executor.hpp:25[m[K,
[1.598s]                  from [01m[K/opt/ros/humble/include/rclcpp/rclcpp/executors.hpp:21[m[K,
[1.598s]                  from [01m[K/opt/ros/humble/include/rclcpp/rclcpp/rclcpp.hpp:155[m[K,
[1.598s]                  from [01m[K/home/david/yolocpp_ws/src/TensorRT-YOLO/src/segment_node.cpp:16[m[K:
[1.598s] [01m[K/home/david/yolocpp_ws/src/TensorRT-YOLO/src/segment_node.cpp:1092:29:[m[K [01;31m[Kerror: [m[Kinvalid use of â€˜[01m[Kthis[m[Kâ€™ in non-member function
[1.598s]  1092 |                 RCLCPP_WARN([01;31m[Kthis[m[K->get_logger(), "Missing data for image %zu in writeInferredImagesToVideo. Using black frame.", i);
[1.598s]       |                             [01;31m[K^~~~[m[K
[1.598s] [01m[K/home/david/yolocpp_ws/src/TensorRT-YOLO/src/segment_node.cpp:1092:29:[m[K [01;31m[Kerror: [m[Kinvalid use of â€˜[01m[Kthis[m[Kâ€™ in non-member function
[1.598s] [01m[K/home/david/yolocpp_ws/src/TensorRT-YOLO/src/segment_node.cpp:1092:17:[m[K [01;31m[Kerror: [m[Ktemplate argument 1 is invalid
[1.598s]  1092 |                 [01;31m[KRCLCPP_WARN[m[K(this->get_logger(), "Missing data for image %zu in writeInferredImagesToVideo. Using black frame.", i);
[1.598s]       |                 [01;31m[K^~~~~~~~~~~[m[K
[1.598s] [01m[K/home/david/yolocpp_ws/src/TensorRT-YOLO/src/segment_node.cpp:1092:17:[m[K [01;31m[Kerror: [m[Ktemplate argument 1 is invalid
[1.598s]  1092 |                 [01;31m[KRCLCPP_WARN[m[K(this->get_logger(), "Missing data for image %zu in writeInferredImagesToVideo. Using black frame.", i);
[1.598s]       |                 [01;31m[K^~~~~~~~~~~[m[K
[1.598s] [01m[K/home/david/yolocpp_ws/src/TensorRT-YOLO/src/segment_node.cpp:1092:17:[m[K [01;31m[Kerror: [m[Ktemplate argument 1 is invalid
[1.598s]  1092 |                 [01;31m[KRCLCPP_WARN[m[K(this->get_logger(), "Missing data for image %zu in writeInferredImagesToVideo. Using black frame.", i);
[1.598s]       |                 [01;31m[K^~~~~~~~~~~[m[K
[1.598s] In file included from [01m[K/opt/ros/humble/include/rclcpp/rclcpp/logging.hpp:24[m[K,
[1.598s]                  from [01m[K/opt/ros/humble/include/rclcpp/rclcpp/client.hpp:40[m[K,
[1.598s]                  from [01m[K/opt/ros/humble/include/rclcpp/rclcpp/callback_group.hpp:24[m[K,
[1.598s]                  from [01m[K/opt/ros/humble/include/rclcpp/rclcpp/any_executable.hpp:20[m[K,
[1.598s]                  from [01m[K/opt/ros/humble/include/rclcpp/rclcpp/memory_strategy.hpp:25[m[K,
[1.598s]                  from [01m[K/opt/ros/humble/include/rclcpp/rclcpp/memory_strategies.hpp:18[m[K,
[1.598s]                  from [01m[K/opt/ros/humble/include/rclcpp/rclcpp/executor_options.hpp:20[m[K,
[1.598s]                  from [01m[K/opt/ros/humble/include/rclcpp/rclcpp/executor.hpp:37[m[K,
[1.598s]                  from [01m[K/opt/ros/humble/include/rclcpp/rclcpp/executors/multi_threaded_executor.hpp:25[m[K,
[1.598s]                  from [01m[K/opt/ros/humble/include/rclcpp/rclcpp/executors.hpp:21[m[K,
[1.598s]                  from [01m[K/opt/ros/humble/include/rclcpp/rclcpp/rclcpp.hpp:155[m[K,
[1.598s]                  from [01m[K/home/david/yolocpp_ws/src/TensorRT-YOLO/src/segment_node.cpp:16[m[K:
[1.598s] [01m[K/home/david/yolocpp_ws/src/TensorRT-YOLO/src/segment_node.cpp:1092:29:[m[K [01;31m[Kerror: [m[Kinvalid use of â€˜[01m[Kthis[m[Kâ€™ in non-member function
[1.598s]  1092 |                 RCLCPP_WARN([01;31m[Kthis[m[K->get_logger(), "Missing data for image %zu in writeInferredImagesToVideo. Using black frame.", i);
[1.598s]       |                             [01;31m[K^~~~[m[K
[1.598s] [01m[K/home/david/yolocpp_ws/src/TensorRT-YOLO/src/segment_node.cpp:1092:29:[m[K [01;31m[Kerror: [m[Kinvalid use of â€˜[01m[Kthis[m[Kâ€™ in non-member function
[1.599s]  1092 |                 RCLCPP_WARN([01;31m[Kthis[m[K->get_logger(), "Missing data for image %zu in writeInferredImagesToVideo. Using black frame.", i);
[1.599s]       |                             [01;31m[K^~~~[m[K
[1.602s] [01m[K/home/david/yolocpp_ws/src/TensorRT-YOLO/src/segment_node.cpp:1093:59:[m[K [01;31m[Kerror: [m[Kâ€˜[01m[Kvideo_frame_size_[m[Kâ€™ was not declared in this scope
[1.602s]  1093 |      frames_to_stitch.push_back(cv::Mat::zeros([01;31m[Kvideo_frame_size_[m[K.height, video_frame_size_.width / 3, CV_8UC3));
[1.602s]       |                                                [01;31m[K^~~~~~~~~~~~~~~~~[m[K
[1.602s] 
[1.603s] In file included from [01m[K/opt/ros/humble/include/rclcpp/rclcpp/client.hpp:40[m[K,
[1.603s]                  from [01m[K/opt/ros/humble/include/rclcpp/rclcpp/callback_group.hpp:24[m[K,
[1.603s]                  from [01m[K/opt/ros/humble/include/rclcpp/rclcpp/any_executable.hpp:20[m[K,
[1.603s]                  from [01m[K/opt/ros/humble/include/rclcpp/rclcpp/memory_strategy.hpp:25[m[K,
[1.603s]                  from [01m[K/opt/ros/humble/include/rclcpp/rclcpp/memory_strategies.hpp:18[m[K,
[1.603s]                  from [01m[K/opt/ros/humble/include/rclcpp/rclcpp/executor_options.hpp:20[m[K,
[1.603s]                  from [01m[K/opt/ros/humble/include/rclcpp/rclcpp/executor.hpp:37[m[K,
[1.603s]                  from [01m[K/opt/ros/humble/include/rclcpp/rclcpp/executors/multi_threaded_executor.hpp:25[m[K,
[1.603s]                  from [01m[K/opt/ros/humble/include/rclcpp/rclcpp/executors.hpp:21[m[K,
[1.603s]                  from [01m[K/opt/ros/humble/include/rclcpp/rclcpp/rclcpp.hpp:155[m[K,
[1.603s]                  from [01m[K/home/david/yolocpp_ws/src/TensorRT-YOLO/src/segment_node.cpp:16[m[K:
[1.603s] [01m[K/home/david/yolocpp_ws/src/TensorRT-YOLO/src/segment_node.cpp:1098:30:[m[K [01;31m[Kerror: [m[Kinvalid use of â€˜[01m[Kthis[m[Kâ€™ in non-member function
[1.603s]  1098 |                 RCLCPP_ERROR([01;31m[Kthis[m[K->get_logger(), "Image %zu: Mismatch between original image size (%dx%d) and instance_id_mask size (%dx%d). Skipping coloring.",
[1.603s]       |                              [01;31m[K^~~~[m[K
[1.603s] [01m[K/home/david/yolocpp_ws/src/TensorRT-YOLO/src/segment_node.cpp:1098:30:[m[K [01;31m[Kerror: [m[Kinvalid use of â€˜[01m[Kthis[m[Kâ€™ in non-member function
[1.603s] [01m[K/home/david/yolocpp_ws/src/TensorRT-YOLO/src/segment_node.cpp:1098:17:[m[K [01;31m[Kerror: [m[Ktemplate argument 1 is invalid
[1.603s]  1098 |                 [01;31m[KRCLCPP_ERROR[m[K(this->get_logger(), "Image %zu: Mismatch between original image size (%dx%d) and instance_id_mask size (%dx%d). Skipping coloring.",
[1.603s]       |                 [01;31m[K^~~~~~~~~~~~[m[K
[1.603s] [01m[K/home/david/yolocpp_ws/src/TensorRT-YOLO/src/segment_node.cpp:1098:17:[m[K [01;31m[Kerror: [m[Ktemplate argument 1 is invalid
[1.603s]  1098 |                 [01;31m[KRCLCPP_ERROR[m[K(this->get_logger(), "Image %zu: Mismatch between original image size (%dx%d) and instance_id_mask size (%dx%d). Skipping coloring.",
[1.603s]       |                 [01;31m[K^~~~~~~~~~~~[m[K
[1.603s] [01m[K/home/david/yolocpp_ws/src/TensorRT-YOLO/src/segment_node.cpp:1098:17:[m[K [01;31m[Kerror: [m[Ktemplate argument 1 is invalid
[1.603s]  1098 |                 [01;31m[KRCLCPP_ERROR[m[K(this->get_logger(), "Image %zu: Mismatch between original image size (%dx%d) and instance_id_mask size (%dx%d). Skipping coloring.",
[1.603s]       |                 [01;31m[K^~~~~~~~~~~~[m[K
[1.603s] In file included from [01m[K/opt/ros/humble/include/rclcpp/rclcpp/logging.hpp:24[m[K,
[1.603s]                  from [01m[K/opt/ros/humble/include/rclcpp/rclcpp/client.hpp:40[m[K,
[1.603s]                  from [01m[K/opt/ros/humble/include/rclcpp/rclcpp/callback_group.hpp:24[m[K,
[1.603s]                  from [01m[K/opt/ros/humble/include/rclcpp/rclcpp/any_executable.hpp:20[m[K,
[1.603s]                  from [01m[K/opt/ros/humble/include/rclcpp/rclcpp/memory_strategy.hpp:25[m[K,
[1.603s]                  from [01m[K/opt/ros/humble/include/rclcpp/rclcpp/memory_strategies.hpp:18[m[K,
[1.603s]                  from [01m[K/opt/ros/humble/include/rclcpp/rclcpp/executor_options.hpp:20[m[K,
[1.603s]                  from [01m[K/opt/ros/humble/include/rclcpp/rclcpp/executor.hpp:37[m[K,
[1.603s]                  from [01m[K/opt/ros/humble/include/rclcpp/rclcpp/executors/multi_threaded_executor.hpp:25[m[K,
[1.603s]                  from [01m[K/opt/ros/humble/include/rclcpp/rclcpp/executors.hpp:21[m[K,
[1.603s]                  from [01m[K/opt/ros/humble/include/rclcpp/rclcpp/rclcpp.hpp:155[m[K,
[1.603s]                  from [01m[K/home/david/yolocpp_ws/src/TensorRT-YOLO/src/segment_node.cpp:16[m[K:
[1.603s] [01m[K/home/david/yolocpp_ws/src/TensorRT-YOLO/src/segment_node.cpp:1098:30:[m[K [01;31m[Kerror: [m[Kinvalid use of â€˜[01m[Kthis[m[Kâ€™ in non-member function
[1.603s]  1098 |                 RCLCPP_ERROR([01;31m[Kthis[m[K->get_logger(), "Image %zu: Mismatch between original image size (%dx%d) and instance_id_mask size (%dx%d). Skipping coloring.",
[1.603s]       |                              [01;31m[K^~~~[m[K
[1.603s] [01m[K/home/david/yolocpp_ws/src/TensorRT-YOLO/src/segment_node.cpp:1098:30:[m[K [01;31m[Kerror: [m[Kinvalid use of â€˜[01m[Kthis[m[Kâ€™ in non-member function
[1.603s]  1098 |                 RCLCPP_ERROR([01;31m[Kthis[m[K->get_logger(), "Image %zu: Mismatch between original image size (%dx%d) and instance_id_mask size (%dx%d). Skipping coloring.",
[1.603s]       |                              [01;31m[K^~~~[m[K
[1.608s] [01m[K/home/david/yolocpp_ws/src/TensorRT-YOLO/src/segment_node.cpp:1102:57:[m[K [01;31m[Kerror: [m[Kâ€˜[01m[Kvideo_frame_size_[m[Kâ€™ was not declared in this scope
[1.608s]  1102 |        if (display_image_resized_error.rows != [01;31m[Kvideo_frame_size_[m[K.height || display_image_resized_error.cols != video_frame_size_.width / 3) {
[1.608s]       |                                                [01;31m[K^~~~~~~~~~~~~~~~~[m[K
[1.608s] 
[1.612s] [01m[K/home/david/yolocpp_ws/src/TensorRT-YOLO/src/segment_node.cpp:1123:47:[m[K [01;31m[Kerror: [m[Kâ€˜[01m[Kclass_colors_[m[Kâ€™ was not declared in this scope
[1.612s]  1123 |                 cv::Scalar base_class_color = [01;31m[Kclass_colors_[m[K[class_id % class_colors_.size()];
[1.612s]       |                                               [01;31m[K^~~~~~~~~~~~~[m[K
[1.615s] [01m[K/home/david/yolocpp_ws/src/TensorRT-YOLO/src/segment_node.cpp:1130:21:[m[K [01;31m[Kerror: [m[Kâ€˜[01m[Kmask_encoding_[m[Kâ€™ was not declared in this scope
[1.615s]  1130 |                 if ([01;31m[Kmask_encoding_[m[K == "mono16") {
[1.615s]       |                     [01;31m[K^~~~~~~~~~~~~~[m[K
[1.620s] [01m[K/home/david/yolocpp_ws/src/TensorRT-YOLO/src/segment_node.cpp:1158:39:[m[K [01;31m[Kerror: [m[Kâ€˜[01m[Kvideo_frame_size_[m[Kâ€™ was not declared in this scope
[1.620s]  1158 |             if (display_image.rows != [01;31m[Kvideo_frame_size_[m[K.height || display_image.cols != video_frame_size_.width / 3) {
[1.620s]       |                                       [01;31m[K^~~~~~~~~~~~~~~~~[m[K
[1.627s] [01m[K/home/david/yolocpp_ws/src/TensorRT-YOLO/src/segment_node.cpp:1167:44:[m[K [01;31m[Kerror: [m[Kâ€˜[01m[Kvideo_writer_inferred_[m[Kâ€™ was not declared in this scope
[1.627s]  1167 |             if (!combined_frame.empty() && [01;31m[Kvideo_writer_inferred_[m[K.isOpened()) {
[1.627s]       |                                            [01;31m[K^~~~~~~~~~~~~~~~~~~~~~[m[K
[1.627s] In file included from [01m[K/opt/ros/humble/include/rclcpp/rclcpp/client.hpp:40[m[K,
[1.627s]                  from [01m[K/opt/ros/humble/include/rclcpp/rclcpp/callback_group.hpp:24[m[K,
[1.627s]                  from [01m[K/opt/ros/humble/include/rclcpp/rclcpp/any_executable.hpp:20[m[K,
[1.627s]                  from [01m[K/opt/ros/humble/include/rclcpp/rclcpp/memory_strategy.hpp:25[m[K,
[1.627s]                  from [01m[K/opt/ros/humble/include/rclcpp/rclcpp/memory_strategies.hpp:18[m[K,
[1.627s]                  from [01m[K/opt/ros/humble/include/rclcpp/rclcpp/executor_options.hpp:20[m[K,
[1.627s]                  from [01m[K/opt/ros/humble/include/rclcpp/rclcpp/executor.hpp:37[m[K,
[1.627s]                  from [01m[K/opt/ros/humble/include/rclcpp/rclcpp/executors/multi_threaded_executor.hpp:25[m[K,
[1.627s]                  from [01m[K/opt/ros/humble/include/rclcpp/rclcpp/executors.hpp:21[m[K,
[1.627s]                  from [01m[K/opt/ros/humble/include/rclcpp/rclcpp/rclcpp.hpp:155[m[K,
[1.627s]                  from [01m[K/home/david/yolocpp_ws/src/TensorRT-YOLO/src/segment_node.cpp:16[m[K:
[1.627s] [01m[K/home/david/yolocpp_ws/src/TensorRT-YOLO/src/segment_node.cpp:1171:25:[m[K [01;31m[Kerror: [m[Kinvalid use of â€˜[01m[Kthis[m[Kâ€™ in non-member function
[1.627s]  1171 |             RCLCPP_WARN([01;31m[Kthis[m[K->get_logger(), "Could not prepare 3 frames for inferred video. Skipping frame.");
[1.627s]       |                         [01;31m[K^~~~[m[K
[1.627s] [01m[K/home/david/yolocpp_ws/src/TensorRT-YOLO/src/segment_node.cpp:1171:25:[m[K [01;31m[Kerror: [m[Kinvalid use of â€˜[01m[Kthis[m[Kâ€™ in non-member function
[1.627s] [01m[K/home/david/yolocpp_ws/src/TensorRT-YOLO/src/segment_node.cpp:1171:13:[m[K [01;31m[Kerror: [m[Ktemplate argument 1 is invalid
[1.627s]  1171 |             [01;31m[KRCLCPP_WARN[m[K(this->get_logger(), "Could not prepare 3 frames for inferred video. Skipping frame.");
[1.627s]       |             [01;31m[K^~~~~~~~~~~[m[K
[1.627s] [01m[K/home/david/yolocpp_ws/src/TensorRT-YOLO/src/segment_node.cpp:1171:13:[m[K [01;31m[Kerror: [m[Ktemplate argument 1 is invalid
[1.627s]  1171 |             [01;31m[KRCLCPP_WARN[m[K(this->get_logger(), "Could not prepare 3 frames for inferred video. Skipping frame.");
[1.627s]       |             [01;31m[K^~~~~~~~~~~[m[K
[1.627s] [01m[K/home/david/yolocpp_ws/src/TensorRT-YOLO/src/segment_node.cpp:1171:13:[m[K [01;31m[Kerror: [m[Ktemplate argument 1 is invalid
[1.627s]  1171 |             [01;31m[KRCLCPP_WARN[m[K(this->get_logger(), "Could not prepare 3 frames for inferred video. Skipping frame.");
[1.627s]       |             [01;31m[K^~~~~~~~~~~[m[K
[1.627s] In file included from [01m[K/opt/ros/humble/include/rclcpp/rclcpp/logging.hpp:24[m[K,
[1.627s]                  from [01m[K/opt/ros/humble/include/rclcpp/rclcpp/client.hpp:40[m[K,
[1.627s]                  from [01m[K/opt/ros/humble/include/rclcpp/rclcpp/callback_group.hpp:24[m[K,
[1.627s]                  from [01m[K/opt/ros/humble/include/rclcpp/rclcpp/any_executable.hpp:20[m[K,
[1.627s]                  from [01m[K/opt/ros/humble/include/rclcpp/rclcpp/memory_strategy.hpp:25[m[K,
[1.627s]                  from [01m[K/opt/ros/humble/include/rclcpp/rclcpp/memory_strategies.hpp:18[m[K,
[1.627s]                  from [01m[K/opt/ros/humble/include/rclcpp/rclcpp/executor_options.hpp:20[m[K,
[1.627s]                  from [01m[K/opt/ros/humble/include/rclcpp/rclcpp/executor.hpp:37[m[K,
[1.627s]                  from [01m[K/opt/ros/humble/include/rclcpp/rclcpp/executors/multi_threaded_executor.hpp:25[m[K,
[1.627s]                  from [01m[K/opt/ros/humble/include/rclcpp/rclcpp/executors.hpp:21[m[K,
[1.627s]                  from [01m[K/opt/ros/humble/include/rclcpp/rclcpp/rclcpp.hpp:155[m[K,
[1.627s]                  from [01m[K/home/david/yolocpp_ws/src/TensorRT-YOLO/src/segment_node.cpp:16[m[K:
[1.627s] [01m[K/home/david/yolocpp_ws/src/TensorRT-YOLO/src/segment_node.cpp:1171:25:[m[K [01;31m[Kerror: [m[Kinvalid use of â€˜[01m[Kthis[m[Kâ€™ in non-member function
[1.627s]  1171 |             RCLCPP_WARN([01;31m[Kthis[m[K->get_logger(), "Could not prepare 3 frames for inferred video. Skipping frame.");
[1.627s]       |                         [01;31m[K^~~~[m[K
[1.627s] [01m[K/home/david/yolocpp_ws/src/TensorRT-YOLO/src/segment_node.cpp:1171:25:[m[K [01;31m[Kerror: [m[Kinvalid use of â€˜[01m[Kthis[m[Kâ€™ in non-member function
[1.627s]  1171 |             RCLCPP_WARN([01;31m[Kthis[m[K->get_logger(), "Could not prepare 3 frames for inferred video. Skipping frame.");
[1.627s]       |                         [01;31m[K^~~~[m[K
[1.627s] [01m[K/home/david/yolocpp_ws/src/TensorRT-YOLO/src/segment_node.cpp:1074:25:[m[K [01;35m[Kwarning: [m[Kunused parameter â€˜[01m[Knetwork_input_size[m[Kâ€™ [[01;35m[K]8;;https://gcc.gnu.org/onlinedocs/gcc/Warning-Options.html#index-Wunused-parameter-Wunused-parameter]8;;[m[K]
[1.627s]  1074 |         [01;35m[Kconst cv::Size& network_input_size[m[K) // network_input_size es net_input_size de generateInstanceIdMaskROI
[1.627s]       |         [01;35m[K~~~~~~~~~~~~~~~~^~~~~~~~~~~~~~~~~~[m[K
[1.631s] [01m[K/home/david/yolocpp_ws/src/TensorRT-YOLO/src/segment_node.cpp:[m[K In function â€˜[01m[Kvoid writeInstanceMasksToVideo(const std::array<cv::Mat, 3>&, const std::vector<deploy::SegmentRes, std::allocator<deploy::SegmentRes> >&, const std::array<cv::Size_<int>, 3>&)[m[Kâ€™:
[1.631s] [01m[K/home/david/yolocpp_ws/src/TensorRT-YOLO/src/segment_node.cpp:1180:13:[m[K [01;31m[Kerror: [m[Kâ€˜[01m[Kclass_colors_[m[Kâ€™ was not declared in this scope
[1.631s]  1180 |         if ([01;31m[Kclass_colors_[m[K.empty()) {
[1.631s]       |             [01;31m[K^~~~~~~~~~~~~[m[K
[1.631s] In file included from [01m[K/opt/ros/humble/include/rclcpp/rclcpp/client.hpp:40[m[K,
[1.631s]                  from [01m[K/opt/ros/humble/include/rclcpp/rclcpp/callback_group.hpp:24[m[K,
[1.631s]                  from [01m[K/opt/ros/humble/include/rclcpp/rclcpp/any_executable.hpp:20[m[K,
[1.631s]                  from [01m[K/opt/ros/humble/include/rclcpp/rclcpp/memory_strategy.hpp:25[m[K,
[1.631s]                  from [01m[K/opt/ros/humble/include/rclcpp/rclcpp/memory_strategies.hpp:18[m[K,
[1.631s]                  from [01m[K/opt/ros/humble/include/rclcpp/rclcpp/executor_options.hpp:20[m[K,
[1.631s]                  from [01m[K/opt/ros/humble/include/rclcpp/rclcpp/executor.hpp:37[m[K,
[1.631s]                  from [01m[K/opt/ros/humble/include/rclcpp/rclcpp/executors/multi_threaded_executor.hpp:25[m[K,
[1.631s]                  from [01m[K/opt/ros/humble/include/rclcpp/rclcpp/executors.hpp:21[m[K,
[1.631s]                  from [01m[K/opt/ros/humble/include/rclcpp/rclcpp/rclcpp.hpp:155[m[K,
[1.631s]                  from [01m[K/home/david/yolocpp_ws/src/TensorRT-YOLO/src/segment_node.cpp:16[m[K:
[1.631s] [01m[K/home/david/yolocpp_ws/src/TensorRT-YOLO/src/segment_node.cpp:1181:30:[m[K [01;31m[Kerror: [m[Kinvalid use of â€˜[01m[Kthis[m[Kâ€™ in non-member function
[1.631s]  1181 |             RCLCPP_WARN_ONCE([01;31m[Kthis[m[K->get_logger(), "Class colors vector is empty. Cannot color instance masks for video.");
[1.631s]       |                              [01;31m[K^~~~[m[K
[1.631s] [01m[K/home/david/yolocpp_ws/src/TensorRT-YOLO/src/segment_node.cpp:1181:30:[m[K [01;31m[Kerror: [m[Kinvalid use of â€˜[01m[Kthis[m[Kâ€™ in non-member function
[1.631s] [01m[K/home/david/yolocpp_ws/src/TensorRT-YOLO/src/segment_node.cpp:1181:13:[m[K [01;31m[Kerror: [m[Ktemplate argument 1 is invalid
[1.631s]  1181 |             [01;31m[KRCLCPP_WARN_ONCE[m[K(this->get_logger(), "Class colors vector is empty. Cannot color instance masks for video.");
[1.631s]       |             [01;31m[K^~~~~~~~~~~~~~~~[m[K
[1.631s] [01m[K/home/david/yolocpp_ws/src/TensorRT-YOLO/src/segment_node.cpp:1181:13:[m[K [01;31m[Kerror: [m[Ktemplate argument 1 is invalid
[1.631s]  1181 |             [01;31m[KRCLCPP_WARN_ONCE[m[K(this->get_logger(), "Class colors vector is empty. Cannot color instance masks for video.");
[1.631s]       |             [01;31m[K^~~~~~~~~~~~~~~~[m[K
[1.631s] [01m[K/home/david/yolocpp_ws/src/TensorRT-YOLO/src/segment_node.cpp:1181:13:[m[K [01;31m[Kerror: [m[Ktemplate argument 1 is invalid
[1.631s]  1181 |             [01;31m[KRCLCPP_WARN_ONCE[m[K(this->get_logger(), "Class colors vector is empty. Cannot color instance masks for video.");
[1.631s]       |             [01;31m[K^~~~~~~~~~~~~~~~[m[K
[1.632s] In file included from [01m[K/opt/ros/humble/include/rclcpp/rclcpp/logging.hpp:24[m[K,
[1.632s]                  from [01m[K/opt/ros/humble/include/rclcpp/rclcpp/client.hpp:40[m[K,
[1.632s]                  from [01m[K/opt/ros/humble/include/rclcpp/rclcpp/callback_group.hpp:24[m[K,
[1.632s]                  from [01m[K/opt/ros/humble/include/rclcpp/rclcpp/any_executable.hpp:20[m[K,
[1.632s]                  from [01m[K/opt/ros/humble/include/rclcpp/rclcpp/memory_strategy.hpp:25[m[K,
[1.632s]                  from [01m[K/opt/ros/humble/include/rclcpp/rclcpp/memory_strategies.hpp:18[m[K,
[1.632s]                  from [01m[K/opt/ros/humble/include/rclcpp/rclcpp/executor_options.hpp:20[m[K,
[1.632s]                  from [01m[K/opt/ros/humble/include/rclcpp/rclcpp/executor.hpp:37[m[K,
[1.632s]                  from [01m[K/opt/ros/humble/include/rclcpp/rclcpp/executors/multi_threaded_executor.hpp:25[m[K,
[1.632s]                  from [01m[K/opt/ros/humble/include/rclcpp/rclcpp/executors.hpp:21[m[K,
[1.632s]                  from [01m[K/opt/ros/humble/include/rclcpp/rclcpp/rclcpp.hpp:155[m[K,
[1.632s]                  from [01m[K/home/david/yolocpp_ws/src/TensorRT-YOLO/src/segment_node.cpp:16[m[K:
[1.632s] [01m[K/home/david/yolocpp_ws/src/TensorRT-YOLO/src/segment_node.cpp:1181:30:[m[K [01;31m[Kerror: [m[Kinvalid use of â€˜[01m[Kthis[m[Kâ€™ in non-member function
[1.632s]  1181 |             RCLCPP_WARN_ONCE([01;31m[Kthis[m[K->get_logger(), "Class colors vector is empty. Cannot color instance masks for video.");
[1.632s]       |                              [01;31m[K^~~~[m[K
[1.632s] [01m[K/home/david/yolocpp_ws/src/TensorRT-YOLO/src/segment_node.cpp:1181:30:[m[K [01;31m[Kerror: [m[Kinvalid use of â€˜[01m[Kthis[m[Kâ€™ in non-member function
[1.632s]  1181 |             RCLCPP_WARN_ONCE([01;31m[Kthis[m[K->get_logger(), "Class colors vector is empty. Cannot color instance masks for video.");
[1.632s]       |                              [01;31m[K^~~~[m[K
[1.632s] In file included from [01m[K/opt/ros/humble/include/rclcpp/rclcpp/client.hpp:40[m[K,
[1.632s]                  from [01m[K/opt/ros/humble/include/rclcpp/rclcpp/callback_group.hpp:24[m[K,
[1.632s]                  from [01m[K/opt/ros/humble/include/rclcpp/rclcpp/any_executable.hpp:20[m[K,
[1.632s]                  from [01m[K/opt/ros/humble/include/rclcpp/rclcpp/memory_strategy.hpp:25[m[K,
[1.632s]                  from [01m[K/opt/ros/humble/include/rclcpp/rclcpp/memory_strategies.hpp:18[m[K,
[1.632s]                  from [01m[K/opt/ros/humble/include/rclcpp/rclcpp/executor_options.hpp:20[m[K,
[1.632s]                  from [01m[K/opt/ros/humble/include/rclcpp/rclcpp/executor.hpp:37[m[K,
[1.632s]                  from [01m[K/opt/ros/humble/include/rclcpp/rclcpp/executors/multi_threaded_executor.hpp:25[m[K,
[1.632s]                  from [01m[K/opt/ros/humble/include/rclcpp/rclcpp/executors.hpp:21[m[K,
[1.632s]                  from [01m[K/opt/ros/humble/include/rclcpp/rclcpp/rclcpp.hpp:155[m[K,
[1.632s]                  from [01m[K/home/david/yolocpp_ws/src/TensorRT-YOLO/src/segment_node.cpp:16[m[K:
[1.632s] [01m[K/home/david/yolocpp_ws/src/TensorRT-YOLO/src/segment_node.cpp:1190:29:[m[K [01;31m[Kerror: [m[Kinvalid use of â€˜[01m[Kthis[m[Kâ€™ in non-member function
[1.632s]  1190 |                 RCLCPP_WARN([01;31m[Kthis[m[K->get_logger(), "Missing data for image %zu in writeInstanceMasksToVideo. Using black frame.", i);
[1.632s]       |                             [01;31m[K^~~~[m[K
[1.632s] [01m[K/home/david/yolocpp_ws/src/TensorRT-YOLO/src/segment_node.cpp:1190:29:[m[K [01;31m[Kerror: [m[Kinvalid use of â€˜[01m[Kthis[m[Kâ€™ in non-member function
[1.632s] [01m[K/home/david/yolocpp_ws/src/TensorRT-YOLO/src/segment_node.cpp:1190:17:[m[K [01;31m[Kerror: [m[Ktemplate argument 1 is invalid
[1.632s]  1190 |                 [01;31m[KRCLCPP_WARN[m[K(this->get_logger(), "Missing data for image %zu in writeInstanceMasksToVideo. Using black frame.", i);
[1.632s]       |                 [01;31m[K^~~~~~~~~~~[m[K
[1.632s] [01m[K/home/david/yolocpp_ws/src/TensorRT-YOLO/src/segment_node.cpp:1190:17:[m[K [01;31m[Kerror: [m[Ktemplate argument 1 is invalid
[1.632s]  1190 |                 [01;31m[KRCLCPP_WARN[m[K(this->get_logger(), "Missing data for image %zu in writeInstanceMasksToVideo. Using black frame.", i);
[1.632s]       |                 [01;31m[K^~~~~~~~~~~[m[K
[1.632s] [01m[K/home/david/yolocpp_ws/src/TensorRT-YOLO/src/segment_node.cpp:1190:17:[m[K [01;31m[Kerror: [m[Ktemplate argument 1 is invalid
[1.632s]  1190 |                 [01;31m[KRCLCPP_WARN[m[K(this->get_logger(), "Missing data for image %zu in writeInstanceMasksToVideo. Using black frame.", i);
[1.632s]       |                 [01;31m[K^~~~~~~~~~~[m[K
[1.632s] In file included from [01m[K/opt/ros/humble/include/rclcpp/rclcpp/logging.hpp:24[m[K,
[1.632s]                  from [01m[K/opt/ros/humble/include/rclcpp/rclcpp/client.hpp:40[m[K,
[1.632s]                  from [01m[K/opt/ros/humble/include/rclcpp/rclcpp/callback_group.hpp:24[m[K,
[1.632s]                  from [01m[K/opt/ros/humble/include/rclcpp/rclcpp/any_executable.hpp:20[m[K,
[1.632s]                  from [01m[K/opt/ros/humble/include/rclcpp/rclcpp/memory_strategy.hpp:25[m[K,
[1.632s]                  from [01m[K/opt/ros/humble/include/rclcpp/rclcpp/memory_strategies.hpp:18[m[K,
[1.632s]                  from [01m[K/opt/ros/humble/include/rclcpp/rclcpp/executor_options.hpp:20[m[K,
[1.632s]                  from [01m[K/opt/ros/humble/include/rclcpp/rclcpp/executor.hpp:37[m[K,
[1.632s]                  from [01m[K/opt/ros/humble/include/rclcpp/rclcpp/executors/multi_threaded_executor.hpp:25[m[K,
[1.632s]                  from [01m[K/opt/ros/humble/include/rclcpp/rclcpp/executors.hpp:21[m[K,
[1.632s]                  from [01m[K/opt/ros/humble/include/rclcpp/rclcpp/rclcpp.hpp:155[m[K,
[1.632s]                  from [01m[K/home/david/yolocpp_ws/src/TensorRT-YOLO/src/segment_node.cpp:16[m[K:
[1.632s] [01m[K/home/david/yolocpp_ws/src/TensorRT-YOLO/src/segment_node.cpp:1190:29:[m[K [01;31m[Kerror: [m[Kinvalid use of â€˜[01m[Kthis[m[Kâ€™ in non-member function
[1.633s]  1190 |                 RCLCPP_WARN([01;31m[Kthis[m[K->get_logger(), "Missing data for image %zu in writeInstanceMasksToVideo. Using black frame.", i);
[1.633s]       |                             [01;31m[K^~~~[m[K
[1.633s] [01m[K/home/david/yolocpp_ws/src/TensorRT-YOLO/src/segment_node.cpp:1190:29:[m[K [01;31m[Kerror: [m[Kinvalid use of â€˜[01m[Kthis[m[Kâ€™ in non-member function
[1.633s]  1190 |                 RCLCPP_WARN([01;31m[Kthis[m[K->get_logger(), "Missing data for image %zu in writeInstanceMasksToVideo. Using black frame.", i);
[1.633s]       |                             [01;31m[K^~~~[m[K
[1.636s] [01m[K/home/david/yolocpp_ws/src/TensorRT-YOLO/src/segment_node.cpp:1191:66:[m[K [01;31m[Kerror: [m[Kâ€˜[01m[Kvideo_frame_size_[m[Kâ€™ was not declared in this scope
[1.636s]  1191 | lored_masks_to_stitch.push_back(cv::Mat::zeros([01;31m[Kvideo_frame_size_[m[K.height, video_frame_size_.width / 3, CV_8UC3));
[1.636s]       |                                                [01;31m[K^~~~~~~~~~~~~~~~~[m[K
[1.636s] 
[1.636s] In file included from [01m[K/opt/ros/humble/include/rclcpp/rclcpp/client.hpp:40[m[K,
[1.636s]                  from [01m[K/opt/ros/humble/include/rclcpp/rclcpp/callback_group.hpp:24[m[K,
[1.636s]                  from [01m[K/opt/ros/humble/include/rclcpp/rclcpp/any_executable.hpp:20[m[K,
[1.636s]                  from [01m[K/opt/ros/humble/include/rclcpp/rclcpp/memory_strategy.hpp:25[m[K,
[1.636s]                  from [01m[K/opt/ros/humble/include/rclcpp/rclcpp/memory_strategies.hpp:18[m[K,
[1.636s]                  from [01m[K/opt/ros/humble/include/rclcpp/rclcpp/executor_options.hpp:20[m[K,
[1.636s]                  from [01m[K/opt/ros/humble/include/rclcpp/rclcpp/executor.hpp:37[m[K,
[1.636s]                  from [01m[K/opt/ros/humble/include/rclcpp/rclcpp/executors/multi_threaded_executor.hpp:25[m[K,
[1.636s]                  from [01m[K/opt/ros/humble/include/rclcpp/rclcpp/executors.hpp:21[m[K,
[1.636s]                  from [01m[K/opt/ros/humble/include/rclcpp/rclcpp/rclcpp.hpp:155[m[K,
[1.636s]                  from [01m[K/home/david/yolocpp_ws/src/TensorRT-YOLO/src/segment_node.cpp:16[m[K:
[1.637s] [01m[K/home/david/yolocpp_ws/src/TensorRT-YOLO/src/segment_node.cpp:1201:31:[m[K [01;31m[Kerror: [m[Kinvalid use of â€˜[01m[Kthis[m[Kâ€™ in non-member function
[1.637s]  1201 |                  RCLCPP_ERROR([01;31m[Kthis[m[K->get_logger(), "writeInstanceMasksToVideo: original_sizes[%zu] is invalid. Using black frame.", i);
[1.637s]       |                               [01;31m[K^~~~[m[K
[1.637s] [01m[K/home/david/yolocpp_ws/src/TensorRT-YOLO/src/segment_node.cpp:1201:31:[m[K [01;31m[Kerror: [m[Kinvalid use of â€˜[01m[Kthis[m[Kâ€™ in non-member function
[1.637s] [01m[K/home/david/yolocpp_ws/src/TensorRT-YOLO/src/segment_node.cpp:1201:18:[m[K [01;31m[Kerror: [m[Ktemplate argument 1 is invalid
[1.637s]  1201 |                  [01;31m[KRCLCPP_ERROR[m[K(this->get_logger(), "writeInstanceMasksToVideo: original_sizes[%zu] is invalid. Using black frame.", i);
[1.637s]       |                  [01;31m[K^~~~~~~~~~~~[m[K
[1.637s] [01m[K/home/david/yolocpp_ws/src/TensorRT-YOLO/src/segment_node.cpp:1201:18:[m[K [01;31m[Kerror: [m[Ktemplate argument 1 is invalid
[1.637s]  1201 |                  [01;31m[KRCLCPP_ERROR[m[K(this->get_logger(), "writeInstanceMasksToVideo: original_sizes[%zu] is invalid. Using black frame.", i);
[1.637s]       |                  [01;31m[K^~~~~~~~~~~~[m[K
[1.637s] [01m[K/home/david/yolocpp_ws/src/TensorRT-YOLO/src/segment_node.cpp:1201:18:[m[K [01;31m[Kerror: [m[Ktemplate argument 1 is invalid
[1.637s]  1201 |                  [01;31m[KRCLCPP_ERROR[m[K(this->get_logger(), "writeInstanceMasksToVideo: original_sizes[%zu] is invalid. Using black frame.", i);
[1.637s]       |                  [01;31m[K^~~~~~~~~~~~[m[K
[1.637s] In file included from [01m[K/opt/ros/humble/include/rclcpp/rclcpp/logging.hpp:24[m[K,
[1.637s]                  from [01m[K/opt/ros/humble/include/rclcpp/rclcpp/client.hpp:40[m[K,
[1.637s]                  from [01m[K/opt/ros/humble/include/rclcpp/rclcpp/callback_group.hpp:24[m[K,
[1.637s]                  from [01m[K/opt/ros/humble/include/rclcpp/rclcpp/any_executable.hpp:20[m[K,
[1.637s]                  from [01m[K/opt/ros/humble/include/rclcpp/rclcpp/memory_strategy.hpp:25[m[K,
[1.637s]                  from [01m[K/opt/ros/humble/include/rclcpp/rclcpp/memory_strategies.hpp:18[m[K,
[1.637s]                  from [01m[K/opt/ros/humble/include/rclcpp/rclcpp/executor_options.hpp:20[m[K,
[1.637s]                  from [01m[K/opt/ros/humble/include/rclcpp/rclcpp/executor.hpp:37[m[K,
[1.637s]                  from [01m[K/opt/ros/humble/include/rclcpp/rclcpp/executors/multi_threaded_executor.hpp:25[m[K,
[1.637s]                  from [01m[K/opt/ros/humble/include/rclcpp/rclcpp/executors.hpp:21[m[K,
[1.637s]                  from [01m[K/opt/ros/humble/include/rclcpp/rclcpp/rclcpp.hpp:155[m[K,
[1.637s]                  from [01m[K/home/david/yolocpp_ws/src/TensorRT-YOLO/src/segment_node.cpp:16[m[K:
[1.637s] [01m[K/home/david/yolocpp_ws/src/TensorRT-YOLO/src/segment_node.cpp:1201:31:[m[K [01;31m[Kerror: [m[Kinvalid use of â€˜[01m[Kthis[m[Kâ€™ in non-member function
[1.637s]  1201 |                  RCLCPP_ERROR([01;31m[Kthis[m[K->get_logger(), "writeInstanceMasksToVideo: original_sizes[%zu] is invalid. Using black frame.", i);
[1.637s]       |                               [01;31m[K^~~~[m[K
[1.637s] [01m[K/home/david/yolocpp_ws/src/TensorRT-YOLO/src/segment_node.cpp:1201:31:[m[K [01;31m[Kerror: [m[Kinvalid use of â€˜[01m[Kthis[m[Kâ€™ in non-member function
[1.637s]  1201 |                  RCLCPP_ERROR([01;31m[Kthis[m[K->get_logger(), "writeInstanceMasksToVideo: original_sizes[%zu] is invalid. Using black frame.", i);
[1.637s]       |                               [01;31m[K^~~~[m[K
[1.641s] [01m[K/home/david/yolocpp_ws/src/TensorRT-YOLO/src/segment_node.cpp:1202:67:[m[K [01;31m[Kerror: [m[Kâ€˜[01m[Kvideo_frame_size_[m[Kâ€™ was not declared in this scope
[1.641s]  1202 | lored_masks_to_stitch.push_back(cv::Mat::zeros([01;31m[Kvideo_frame_size_[m[K.height, video_frame_size_.width / 3, CV_8UC3));
[1.641s]       |                                                [01;31m[K^~~~~~~~~~~~~~~~~[m[K
[1.641s] 
[1.645s] [01m[K/home/david/yolocpp_ws/src/TensorRT-YOLO/src/segment_node.cpp:1213:25:[m[K [01;31m[Kerror: [m[Kâ€˜[01m[Kmask_encoding_[m[Kâ€™ was not declared in this scope
[1.645s]  1213 |                     if ([01;31m[Kmask_encoding_[m[K == "mono16") {
[1.645s]       |                         [01;31m[K^~~~~~~~~~~~~~[m[K
[1.649s] [01m[K/home/david/yolocpp_ws/src/TensorRT-YOLO/src/segment_node.cpp:1226:53:[m[K [01;31m[Kerror: [m[Kâ€˜[01m[Kclass_colors_[m[Kâ€™ was not declared in this scope; did you mean â€˜[01m[Kbase_color[m[Kâ€™?
[1.649s]  1226 |                        cv::Scalar base_color = [01;31m[Kclass_colors_[m[K[class_id % class_colors_.size()];
[1.649s]       |                                                [01;31m[K^~~~~~~~~~~~~[m[K
[1.649s]       |                                                [32m[Kbase_color[m[K
[1.654s] [01m[K/home/david/yolocpp_ws/src/TensorRT-YOLO/src/segment_node.cpp:1235:46:[m[K [01;31m[Kerror: [m[Kâ€˜[01m[Kvideo_frame_size_[m[Kâ€™ was not declared in this scope
[1.654s]  1235 |             if (colored_mask_display.rows != [01;31m[Kvideo_frame_size_[m[K.height || colored_mask_display.cols != video_frame_size_.width / 3) {
[1.654s]       |                                              [01;31m[K^~~~~~~~~~~~~~~~~[m[K
[1.661s] [01m[K/home/david/yolocpp_ws/src/TensorRT-YOLO/src/segment_node.cpp:1244:57:[m[K [01;31m[Kerror: [m[Kâ€˜[01m[Kvideo_writer_instance_mask_[m[Kâ€™ was not declared in this scope
[1.661s]  1244 |    if (!combined_colored_mask_frame.empty() && [01;31m[Kvideo_writer_instance_mask_[m[K.isOpened()) {
[1.661s]       |                                                [01;31m[K^~~~~~~~~~~~~~~~~~~~~~~~~~~[m[K
[1.661s] 
[1.661s] In file included from [01m[K/opt/ros/humble/include/rclcpp/rclcpp/client.hpp:40[m[K,
[1.661s]                  from [01m[K/opt/ros/humble/include/rclcpp/rclcpp/callback_group.hpp:24[m[K,
[1.661s]                  from [01m[K/opt/ros/humble/include/rclcpp/rclcpp/any_executable.hpp:20[m[K,
[1.661s]                  from [01m[K/opt/ros/humble/include/rclcpp/rclcpp/memory_strategy.hpp:25[m[K,
[1.661s]                  from [01m[K/opt/ros/humble/include/rclcpp/rclcpp/memory_strategies.hpp:18[m[K,
[1.661s]                  from [01m[K/opt/ros/humble/include/rclcpp/rclcpp/executor_options.hpp:20[m[K,
[1.661s]                  from [01m[K/opt/ros/humble/include/rclcpp/rclcpp/executor.hpp:37[m[K,
[1.661s]                  from [01m[K/opt/ros/humble/include/rclcpp/rclcpp/executors/multi_threaded_executor.hpp:25[m[K,
[1.661s]                  from [01m[K/opt/ros/humble/include/rclcpp/rclcpp/executors.hpp:21[m[K,
[1.661s]                  from [01m[K/opt/ros/humble/include/rclcpp/rclcpp/rclcpp.hpp:155[m[K,
[1.661s]                  from [01m[K/home/david/yolocpp_ws/src/TensorRT-YOLO/src/segment_node.cpp:16[m[K:
[1.661s] [01m[K/home/david/yolocpp_ws/src/TensorRT-YOLO/src/segment_node.cpp:1248:25:[m[K [01;31m[Kerror: [m[Kinvalid use of â€˜[01m[Kthis[m[Kâ€™ in non-member function
[1.661s]  1248 |             RCLCPP_WARN([01;31m[Kthis[m[K->get_logger(), "Could not prepare 3 frames for mask video. Skipping frame.");
[1.661s]       |                         [01;31m[K^~~~[m[K
[1.661s] [01m[K/home/david/yolocpp_ws/src/TensorRT-YOLO/src/segment_node.cpp:1248:25:[m[K [01;31m[Kerror: [m[Kinvalid use of â€˜[01m[Kthis[m[Kâ€™ in non-member function
[1.661s] [01m[K/home/david/yolocpp_ws/src/TensorRT-YOLO/src/segment_node.cpp:1248:13:[m[K [01;31m[Kerror: [m[Ktemplate argument 1 is invalid
[1.661s]  1248 |             [01;31m[KRCLCPP_WARN[m[K(this->get_logger(), "Could not prepare 3 frames for mask video. Skipping frame.");
[1.661s]       |             [01;31m[K^~~~~~~~~~~[m[K
[1.661s] [01m[K/home/david/yolocpp_ws/src/TensorRT-YOLO/src/segment_node.cpp:1248:13:[m[K [01;31m[Kerror: [m[Ktemplate argument 1 is invalid
[1.661s]  1248 |             [01;31m[KRCLCPP_WARN[m[K(this->get_logger(), "Could not prepare 3 frames for mask video. Skipping frame.");
[1.661s]       |             [01;31m[K^~~~~~~~~~~[m[K
[1.661s] [01m[K/home/david/yolocpp_ws/src/TensorRT-YOLO/src/segment_node.cpp:1248:13:[m[K [01;31m[Kerror: [m[Ktemplate argument 1 is invalid
[1.661s]  1248 |             [01;31m[KRCLCPP_WARN[m[K(this->get_logger(), "Could not prepare 3 frames for mask video. Skipping frame.");
[1.661s]       |             [01;31m[K^~~~~~~~~~~[m[K
[1.661s] In file included from [01m[K/opt/ros/humble/include/rclcpp/rclcpp/logging.hpp:24[m[K,
[1.661s]                  from [01m[K/opt/ros/humble/include/rclcpp/rclcpp/client.hpp:40[m[K,
[1.661s]                  from [01m[K/opt/ros/humble/include/rclcpp/rclcpp/callback_group.hpp:24[m[K,
[1.661s]                  from [01m[K/opt/ros/humble/include/rclcpp/rclcpp/any_executable.hpp:20[m[K,
[1.661s]                  from [01m[K/opt/ros/humble/include/rclcpp/rclcpp/memory_strategy.hpp:25[m[K,
[1.661s]                  from [01m[K/opt/ros/humble/include/rclcpp/rclcpp/memory_strategies.hpp:18[m[K,
[1.661s]                  from [01m[K/opt/ros/humble/include/rclcpp/rclcpp/executor_options.hpp:20[m[K,
[1.661s]                  from [01m[K/opt/ros/humble/include/rclcpp/rclcpp/executor.hpp:37[m[K,
[1.662s]                  from [01m[K/opt/ros/humble/include/rclcpp/rclcpp/executors/multi_threaded_executor.hpp:25[m[K,
[1.662s]                  from [01m[K/opt/ros/humble/include/rclcpp/rclcpp/executors.hpp:21[m[K,
[1.662s]                  from [01m[K/opt/ros/humble/include/rclcpp/rclcpp/rclcpp.hpp:155[m[K,
[1.662s]                  from [01m[K/home/david/yolocpp_ws/src/TensorRT-YOLO/src/segment_node.cpp:16[m[K:
[1.662s] [01m[K/home/david/yolocpp_ws/src/TensorRT-YOLO/src/segment_node.cpp:1248:25:[m[K [01;31m[Kerror: [m[Kinvalid use of â€˜[01m[Kthis[m[Kâ€™ in non-member function
[1.662s]  1248 |             RCLCPP_WARN([01;31m[Kthis[m[K->get_logger(), "Could not prepare 3 frames for mask video. Skipping frame.");
[1.662s]       |                         [01;31m[K^~~~[m[K
[1.662s] [01m[K/home/david/yolocpp_ws/src/TensorRT-YOLO/src/segment_node.cpp:1248:25:[m[K [01;31m[Kerror: [m[Kinvalid use of â€˜[01m[Kthis[m[Kâ€™ in non-member function
[1.662s]  1248 |             RCLCPP_WARN([01;31m[Kthis[m[K->get_logger(), "Could not prepare 3 frames for mask video. Skipping frame.");
[1.662s]       |                         [01;31m[K^~~~[m[K
[1.662s] [01m[K/home/david/yolocpp_ws/src/TensorRT-YOLO/src/segment_node.cpp:[m[K At global scope:
[1.662s] [01m[K/home/david/yolocpp_ws/src/TensorRT-YOLO/src/segment_node.cpp:1251:1:[m[K [01;31m[Kerror: [m[Kexpected declaration before â€˜[01m[K}[m[Kâ€™ token
[1.662s]  1251 | [01;31m[K}[m[K;
[1.662s]       | [01;31m[K^[m[K
[2.418s] gmake[2]: *** [CMakeFiles/segment_node.dir/build.make:76: CMakeFiles/segment_node.dir/src/segment_node.cpp.o] Error 1
[2.418s] gmake[1]: *** [CMakeFiles/Makefile2:196: CMakeFiles/segment_node.dir/all] Error 2
[2.418s] gmake: *** [Makefile:146: all] Error 2
[2.422s] Invoked command in '/home/david/yolocpp_ws/build/tensorrt_yolo' returned '2': CMAKE_PREFIX_PATH=/home/david/yolocpp_ws/install/yolo_custom_interfaces:/home/david/yolocpp_ws/install/zoe_bringup:/home/david/yolocpp_ws/install/yolocpp:/home/david/yolocpp_ws/install/tensorrt_yolo:/home/david/yolocpp_ws/install/seg_sub:/home/david/yolocpp_ws/install/pylon_instant_camera:/home/david/yolocpp_ws/install/image_directory_publisher:/home/david/yolocpp_ws/install/bboxes_ex_msgs:/opt/ros/humble LD_LIBRARY_PATH=/home/david/yolocpp_ws/install/yolo_custom_interfaces/lib:/home/david/yolocpp_ws/install/pylon_instant_camera/lib:/home/david/yolocpp_ws/install/image_directory_publisher/lib:/home/david/yolocpp_ws/install/bboxes_ex_msgs/lib:/opt/pylon/lib:/opt/ros/humble/opt/rviz_ogre_vendor/lib:/opt/ros/humble/lib/x86_64-linux-gnu:/opt/ros/humble/lib:/usr/local/cuda/lib64:/usr/local/cuda-11.2/lib64:/usr/local/cuda-11.2/lib64:/home/david/onnxruntime-linux-x64-gpu-1.22.0/lib PROMPT_COMMAND=echo -n \[$(date +%H:%M:%S)\]\ /home/david/.local/bin/cmake --build /home/david/yolocpp_ws/build/tensorrt_yolo -- -j32 -l32
